2019-11-18T18:40:01.112844 - LSRG[TQBR]
#   Total      Size       Bid       Ask      Size     Total
        0                                                 0 
       50        50    770.80    771.20         2         2
       54         4    770.40    771.80        14        16
       59         5    770.20    772.00      3657      3673
      633       574    770.00    772.20       113      3786
     1905      1272    769.80    772.40        85      3871
     1935        30    769.60    772.60       610      4481
     2560       625    769.40    772.80       142      4623
     2563         3    769.20    773.00       155      4778
     2646        83    769.00    773.20        50      4828
     2716        70    768.80    773.60      2680      7508
     5264      2548    768.60    773.80       730      8238
     5767       503    768.40    774.00      1957     10195
     6811      1044    768.00    774.40      3483     13678
     9196      2385    767.80    774.60       252     13930
    10158       962    767.60    774.80         1     13931
    10162         4    767.40    775.00        66     13997
    10418       256    767.00    775.20        16     14013
    10428        10    766.80    775.40        50     14063
    10434         6    766.00    775.60         6     14069
    10435         1    765.60    775.80         2     14071
{OPENPERIODPRICE=770.200000, CLSTATE=0.000000, PRICEMAX=963.400000, ENDTIME=95946.000000, STEPPRICET=0.000000, PREVPRICE=770.200000, OPTIONBASE=0.000000, starttime=95000.000000, MIN_CURR_LAST=771.000000, ISSUESIZE=103030215.000000, STEPPRICECL=0.000000, PRICEMIN=576.600000, PREVLOTSIZE=0.000000, MARKETPRICETODAY=0.000000, BUYBACKPRICE=0.000000, MARKETPRICE2=0.000000, CLPRICE=0.000000, PREVSETTLEPRICE=0.000000, THEORPRICE=0.000000, plannedtime=95000.000000, MARKETPRICE=772.400000, WAPRICE=771.400000, ICHANGE=0.000000, OFFERDEPTH=2.000000, PRIMARYDIST=0.000000, LASTVALUE=0.000000, BGONP=0.000000, NEGVALTODAY=0.000000, STARTTIME=95000.000000, LOW=770.000000, BASEPRICE=0.000000, IOPEN=0.000000, LCURRENTPRICE=771.000000, MONSTARTTIME=0.000000, QUOTEBASIS=0.000000, BUYBACKDATE=0.000000, LCLOSEPRICE=0.000000, NEXTCOUPON=0.000000, MONENDTIME=0.000000, HIGHVAL=0.000000, ADMITTEDQUOTE=0.000000, OFFER=771.200000, YIELDATPREVWAPRICE=0.000000, VALTODAY=41756402.000000, SETTLEPRICE=0.000000, PCHANGE=0.000000, LOTSIZE=1.000000, LOWOFFER=754.600000, ISPERCENT=0.000000, YIELD=0.000000, VOLTODAY=54130.000000, endtime=95946.000000, MAXOUTVOLUME=0.000000, OPEN=770.200000, CROSSRATE=0.000000, CURRENTVALUE=0.000000, NUMCONTRACTS=0.000000, PREVADMITTEDQUOT=770.200000, COUPONVALUE=0.000000, BIDDEPTH=50.000000, LASTBID=770.800000, DURATION=0.000000, LOWVAL=0.000000, imbalance=0.000000, HIGH=776.200000, YIELDATWAPRICE=0.000000, STEPPRICEPRCL=0.000000, OFFERDEPTHT=47298.000000, VALUE=59367.000000, marketvolb=0.000000, PERCENTRATE=0.000000, MIN_CURR_LAST_TI=183800.000000, auctvalue=3851.000000, EXPDATE=0.000000, LASTOFFER=771.200000, QTY=77.000000, COUPONPERIOD=0.000000, CHANGETIME=0.000000, CURSTEPPRICE=0.000000, marketvols=0.000000, SELLDEPO=0.000000, EVNSTARTTIME=0.000000, LOTSIZECHANGEDAT=0.000000, NUMTRADES=1865.000000, CLOSEPRICE=0.000000, HIGHBID=852.000000, FACEVALUE=0.000000, PRICEMVTLIMITT1=0.000000, PRICEMVTLIMIT=0.000000, LOPENPRICE=0.000000, LAST=771.000000, BUYPROFIT=0.000000, SELLPROFIT=0.000000, VOLATILITY=0.000000, CLOSETIME=0.000000, PREVWAPRICE=772.400000, PREVLEGALCLOSEPR=770.200000, BUYDEPO=0.000000, TRADECHANGE=0.000000, LASTTOPREVSTLPRC=0.000000, BIDDEPTHT=102715.000000, auctvolume=5.000000, PREVDATE=20191115.000000, ACCRUEDINT=0.000000, NUMOFFERS=362.000000, CHANGE=0.800000, STRIKE=0.000000, EVNENDTIME=0.000000, BID=770.800000, auctnumtrades=2.000000, TRADINGSTATUS=1.000000, LASTCHANGE=0.100000, CHNGCLOSE=0.000000, REALVMPRICE=0.000000, CLOSEYIELD=0.000000, TIME=183955.000000, MARG=0.000000, AUCTPRICE=770.200000, STEPPRICE=0.000000, NUMBIDS=655.000000, SETTLECODE=8.000000, OPENVAL=0.000000, OPTIONTYPE=0.000000, BGOP=0.000000, NEGNUMTRADES=0.000000, PRICEMINUSPREVWAPRICE=0.000000, CHNGOPEN=0.000000}
2019-11-18T18:40:02.367532 - LSRG[TQBR]
#   Total      Size       Bid       Ask      Size     Total
        0                                                 0 
        4         4    770.40    771.20         2         2
        9         5    770.20    771.80        14        16
      533       524    770.00    772.00      3657      3673
     1805      1272    769.80    772.20       113      3786
     1835        30    769.60    772.40        85      3871
     2460       625    769.40    772.60       610      4481
     2463         3    769.20    772.80       142      4623
     2546        83    769.00    773.00       155      4778
     2616        70    768.80    773.60      2680      7458
     5164      2548    768.60    773.80       730      8188
     5667       503    768.40    774.00      1957     10145
     6711      1044    768.00    774.40      3483     13628
     9096      2385    767.80    774.60       252     13880
    10058       962    767.60    774.80         1     13881
    10062         4    767.40    775.00        66     13947
    10318       256    767.00    775.20        16     13963
    10328        10    766.80    775.40        50     14013
    10334         6    766.00    775.60         6     14019
    10335         1    765.60    775.80         2     14021
    10355        20    765.20    776.00       169     14190
{OPENPERIODPRICE=770.200000, CLSTATE=0.000000, PRICEMAX=963.400000, ENDTIME=95946.000000, STEPPRICET=0.000000, PREVPRICE=770.200000, OPTIONBASE=0.000000, starttime=95000.000000, MIN_CURR_LAST=771.000000, ISSUESIZE=103030215.000000, STEPPRICECL=0.000000, PRICEMIN=576.600000, PREVLOTSIZE=0.000000, MARKETPRICETODAY=0.000000, BUYBACKPRICE=0.000000, MARKETPRICE2=0.000000, CLPRICE=0.000000, PREVSETTLEPRICE=0.000000, THEORPRICE=0.000000, plannedtime=95000.000000, MARKETPRICE=772.400000, WAPRICE=771.400000, ICHANGE=0.000000, OFFERDEPTH=2.000000, PRIMARYDIST=0.000000, LASTVALUE=0.000000, BGONP=0.000000, NEGVALTODAY=0.000000, STARTTIME=95000.000000, LOW=770.000000, BASEPRICE=0.000000, IOPEN=0.000000, LCURRENTPRICE=771.000000, MONSTARTTIME=0.000000, QUOTEBASIS=0.000000, BUYBACKDATE=0.000000, LCLOSEPRICE=0.000000, NEXTCOUPON=0.000000, MONENDTIME=0.000000, HIGHVAL=0.000000, ADMITTEDQUOTE=0.000000, OFFER=771.200000, YIELDATPREVWAPRICE=0.000000, VALTODAY=41756402.000000, SETTLEPRICE=0.000000, PCHANGE=0.000000, LOTSIZE=1.000000, LOWOFFER=754.600000, ISPERCENT=0.000000, YIELD=0.000000, VOLTODAY=54130.000000, endtime=95946.000000, MAXOUTVOLUME=0.000000, OPEN=770.200000, CROSSRATE=0.000000, CURRENTVALUE=0.000000, NUMCONTRACTS=0.000000, PREVADMITTEDQUOT=770.200000, COUPONVALUE=0.000000, BIDDEPTH=4.000000, LASTBID=770.800000, DURATION=0.000000, LOWVAL=0.000000, imbalance=0.000000, HIGH=776.200000, YIELDATWAPRICE=0.000000, STEPPRICEPRCL=0.000000, OFFERDEPTHT=47169.000000, VALUE=59367.000000, marketvolb=0.000000, PERCENTRATE=0.000000, MIN_CURR_LAST_TI=183800.000000, auctvalue=3851.000000, EXPDATE=0.000000, LASTOFFER=771.200000, QTY=77.000000, COUPONPERIOD=0.000000, CHANGETIME=0.000000, CURSTEPPRICE=0.000000, marketvols=0.000000, SELLDEPO=0.000000, EVNSTARTTIME=0.000000, LOTSIZECHANGEDAT=0.000000, NUMTRADES=1865.000000, CLOSEPRICE=0.000000, HIGHBID=852.000000, FACEVALUE=0.000000, PRICEMVTLIMITT1=0.000000, PRICEMVTLIMIT=0.000000, LOPENPRICE=0.000000, LAST=771.000000, BUYPROFIT=0.000000, SELLPROFIT=0.000000, VOLATILITY=0.000000, CLOSETIME=0.000000, PREVWAPRICE=772.400000, PREVLEGALCLOSEPR=770.200000, BUYDEPO=0.000000, TRADECHANGE=0.000000, LASTTOPREVSTLPRC=0.000000, BIDDEPTHT=102547.000000, auctvolume=5.000000, PREVDATE=20191115.000000, ACCRUEDINT=0.000000, NUMOFFERS=359.000000, CHANGE=0.800000, STRIKE=0.000000, EVNENDTIME=0.000000, BID=770.400000, auctnumtrades=2.000000, TRADINGSTATUS=0.000000, LASTCHANGE=0.100000, CHNGCLOSE=0.000000, REALVMPRICE=0.000000, CLOSEYIELD=0.000000, TIME=183955.000000, MARG=0.000000, AUCTPRICE=770.200000, STEPPRICE=0.000000, NUMBIDS=651.000000, SETTLECODE=8.000000, OPENVAL=0.000000, OPTIONTYPE=0.000000, BGOP=0.000000, NEGNUMTRADES=0.000000, PRICEMINUSPREVWAPRICE=0.000000, CHNGOPEN=0.000000}
2019-11-18T18:40:04.481594 - LSRG[TQBR]
#   Total      Size       Bid       Ask      Size     Total
        0                                                 0 
        4         4    770.40    771.20         2         2
        9         5    770.20    771.80        14        16
       10         1    770.00    772.00      3555      3571
     1282      1272    769.80    772.20       113      3684
     1312        30    769.60    772.40        85      3769
     1338        26    769.40    772.80       142      3911
     1341         3    769.20    773.00       155      4066
     1424        83    769.00    773.60      2569      6635
     1494        70    768.80    773.80       200      6835
     4042      2548    768.60    774.00      1957      8792
     5086      1044    768.00    774.40      3483     12275
     7471      2385    767.80    774.60       252     12527
     8433       962    767.60    774.80         1     12528
     8437         4    767.40    775.00        66     12594
     8693       256    767.00    775.20        16     12610
     8703        10    766.80    775.40        50     12660
     8709         6    766.00    775.60         6     12666
     8710         1    765.60    775.80         2     12668
     8730        20    765.20    776.00       169     12837
     9000       270    765.00    776.20         2     12839
{OPENPERIODPRICE=770.200000, CLSTATE=0.000000, PRICEMAX=963.400000, ENDTIME=95946.000000, STEPPRICET=0.000000, PREVPRICE=770.200000, OPTIONBASE=0.000000, starttime=95000.000000, MIN_CURR_LAST=771.000000, ISSUESIZE=103030215.000000, STEPPRICECL=0.000000, PRICEMIN=576.600000, PREVLOTSIZE=0.000000, MARKETPRICETODAY=0.000000, BUYBACKPRICE=0.000000, MARKETPRICE2=0.000000, CLPRICE=0.000000, PREVSETTLEPRICE=0.000000, THEORPRICE=0.000000, plannedtime=95000.000000, MARKETPRICE=772.400000, WAPRICE=771.400000, ICHANGE=0.000000, OFFERDEPTH=2.000000, PRIMARYDIST=0.000000, LASTVALUE=0.000000, BGONP=0.000000, NEGVALTODAY=0.000000, STARTTIME=95000.000000, LOW=770.000000, BASEPRICE=0.000000, IOPEN=0.000000, LCURRENTPRICE=771.000000, MONSTARTTIME=0.000000, QUOTEBASIS=0.000000, BUYBACKDATE=0.000000, LCLOSEPRICE=0.000000, NEXTCOUPON=0.000000, MONENDTIME=0.000000, HIGHVAL=0.000000, ADMITTEDQUOTE=0.000000, OFFER=771.200000, YIELDATPREVWAPRICE=0.000000, VALTODAY=41756402.000000, SETTLEPRICE=0.000000, PCHANGE=0.000000, LOTSIZE=1.000000, LOWOFFER=754.600000, ISPERCENT=0.000000, YIELD=0.000000, VOLTODAY=54130.000000, endtime=95946.000000, MAXOUTVOLUME=0.000000, OPEN=770.200000, CROSSRATE=0.000000, CURRENTVALUE=0.000000, NUMCONTRACTS=0.000000, PREVADMITTEDQUOT=770.200000, COUPONVALUE=0.000000, BIDDEPTH=4.000000, LASTBID=770.800000, DURATION=0.000000, LOWVAL=0.000000, imbalance=0.000000, HIGH=776.200000, YIELDATWAPRICE=0.000000, STEPPRICEPRCL=0.000000, OFFERDEPTHT=47169.000000, VALUE=59367.000000, marketvolb=0.000000, PERCENTRATE=0.000000, MIN_CURR_LAST_TI=183800.000000, auctvalue=3851.000000, EXPDATE=0.000000, LASTOFFER=771.200000, QTY=77.000000, COUPONPERIOD=0.000000, CHANGETIME=0.000000, CURSTEPPRICE=0.000000, marketvols=0.000000, SELLDEPO=0.000000, EVNSTARTTIME=0.000000, LOTSIZECHANGEDAT=0.000000, NUMTRADES=1865.000000, CLOSEPRICE=0.000000, HIGHBID=852.000000, FACEVALUE=0.000000, PRICEMVTLIMITT1=0.000000, PRICEMVTLIMIT=0.000000, LOPENPRICE=0.000000, LAST=771.000000, BUYPROFIT=0.000000, SELLPROFIT=0.000000, VOLATILITY=0.000000, CLOSETIME=0.000000, PREVWAPRICE=772.400000, PREVLEGALCLOSEPR=770.200000, BUYDEPO=0.000000, TRADECHANGE=0.000000, LASTTOPREVSTLPRC=0.000000, BIDDEPTHT=102547.000000, auctvolume=5.000000, PREVDATE=20191115.000000, ACCRUEDINT=0.000000, NUMOFFERS=359.000000, CHANGE=0.800000, STRIKE=0.000000, EVNENDTIME=0.000000, BID=770.400000, auctnumtrades=2.000000, TRADINGSTATUS=4.000000, LASTCHANGE=0.100000, CHNGCLOSE=0.000000, REALVMPRICE=0.000000, CLOSEYIELD=0.000000, TIME=183955.000000, MARG=0.000000, AUCTPRICE=771.000000, STEPPRICE=0.000000, NUMBIDS=651.000000, SETTLECODE=8.000000, OPENVAL=0.000000, OPTIONTYPE=0.000000, BGOP=0.000000, NEGNUMTRADES=0.000000, PRICEMINUSPREVWAPRICE=0.000000, CHNGOPEN=0.000000}
2019-11-18T18:40:05.976907 - LSRG[TQBR]
#   Total      Size       Bid       Ask      Size     Total
        0                                                 0 
        2         2    770.80    771.20         2         2
        6         4    770.40    771.80        14        16
       11         5    770.20    772.00      3555      3571
       12         1    770.00    772.20       113      3684
     1284      1272    769.80    772.40        85      3769
     1314        30    769.60    772.80       142      3911
     1340        26    769.40    773.00       155      4066
     1343         3    769.20    773.60      2569      6635
     1426        83    769.00    773.80       200      6835
     1496        70    768.80    774.00      1957      8792
     4044      2548    768.60    774.40      3483     12275
     5088      1044    768.00    774.60       252     12527
     7473      2385    767.80    774.80         1     12528
     8435       962    767.60    775.00        66     12594
     8439         4    767.40    775.20        16     12610
     8695       256    767.00    775.40        50     12660
     8705        10    766.80    775.60         6     12666
     8711         6    766.00    775.80         2     12668
     8712         1    765.60    776.00       169     12837
     8732        20    765.20    776.20         2     12839
{OPENPERIODPRICE=770.200000, CLSTATE=0.000000, PRICEMAX=963.400000, ENDTIME=95946.000000, STEPPRICET=0.000000, PREVPRICE=770.200000, OPTIONBASE=0.000000, starttime=95000.000000, MIN_CURR_LAST=771.000000, ISSUESIZE=103030215.000000, STEPPRICECL=0.000000, PRICEMIN=576.600000, PREVLOTSIZE=0.000000, MARKETPRICETODAY=0.000000, BUYBACKPRICE=0.000000, MARKETPRICE2=0.000000, CLPRICE=0.000000, PREVSETTLEPRICE=0.000000, THEORPRICE=0.000000, plannedtime=95000.000000, MARKETPRICE=772.400000, WAPRICE=771.400000, ICHANGE=0.000000, OFFERDEPTH=2.000000, PRIMARYDIST=0.000000, LASTVALUE=0.000000, BGONP=0.000000, NEGVALTODAY=0.000000, STARTTIME=95000.000000, LOW=770.000000, BASEPRICE=0.000000, IOPEN=0.000000, LCURRENTPRICE=771.000000, MONSTARTTIME=0.000000, QUOTEBASIS=0.000000, BUYBACKDATE=0.000000, LCLOSEPRICE=0.000000, NEXTCOUPON=0.000000, MONENDTIME=0.000000, HIGHVAL=0.000000, ADMITTEDQUOTE=0.000000, OFFER=771.200000, YIELDATPREVWAPRICE=0.000000, VALTODAY=41756402.000000, SETTLEPRICE=0.000000, PCHANGE=0.000000, LOTSIZE=1.000000, LOWOFFER=754.600000, ISPERCENT=0.000000, YIELD=0.000000, VOLTODAY=54130.000000, endtime=95946.000000, MAXOUTVOLUME=0.000000, OPEN=770.200000, CROSSRATE=0.000000, CURRENTVALUE=0.000000, NUMCONTRACTS=0.000000, PREVADMITTEDQUOT=770.200000, COUPONVALUE=0.000000, BIDDEPTH=2.000000, LASTBID=770.800000, DURATION=0.000000, LOWVAL=0.000000, imbalance=0.000000, HIGH=776.200000, YIELDATWAPRICE=0.000000, STEPPRICEPRCL=0.000000, OFFERDEPTHT=27625.000000, VALUE=59367.000000, marketvolb=0.000000, PERCENTRATE=0.000000, MIN_CURR_LAST_TI=183800.000000, auctvalue=3851.000000, EXPDATE=0.000000, LASTOFFER=771.200000, QTY=77.000000, COUPONPERIOD=0.000000, CHANGETIME=0.000000, CURSTEPPRICE=0.000000, marketvols=0.000000, SELLDEPO=0.000000, EVNSTARTTIME=0.000000, LOTSIZECHANGEDAT=0.000000, NUMTRADES=1865.000000, CLOSEPRICE=0.000000, HIGHBID=852.000000, FACEVALUE=0.000000, PRICEMVTLIMITT1=0.000000, PRICEMVTLIMIT=0.000000, LOPENPRICE=0.000000, LAST=771.000000, BUYPROFIT=0.000000, SELLPROFIT=0.000000, VOLATILITY=0.000000, CLOSETIME=0.000000, PREVWAPRICE=772.400000, PREVLEGALCLOSEPR=770.200000, BUYDEPO=0.000000, TRADECHANGE=0.000000, LASTTOPREVSTLPRC=0.000000, BIDDEPTHT=54301.000000, auctvolume=5.000000, PREVDATE=20191115.000000, ACCRUEDINT=0.000000, NUMOFFERS=245.000000, CHANGE=0.800000, STRIKE=0.000000, EVNENDTIME=0.000000, BID=770.800000, auctnumtrades=2.000000, TRADINGSTATUS=4.000000, LASTCHANGE=0.100000, CHNGCLOSE=0.000000, REALVMPRICE=0.000000, CLOSEYIELD=0.000000, TIME=183955.000000, MARG=0.000000, AUCTPRICE=771.000000, STEPPRICE=0.000000, NUMBIDS=187.000000, SETTLECODE=8.000000, OPENVAL=0.000000, OPTIONTYPE=0.000000, BGOP=0.000000, NEGNUMTRADES=0.000000, PRICEMINUSPREVWAPRICE=0.000000, CHNGOPEN=0.000000}
2019-11-18T18:40:13.197381 - LSRG[TQBR]
#   Total      Size       Bid       Ask      Size     Total
        0                                                 0 
        2         2    770.80    771.20         2         2
        6         4    770.40    771.80        14        16
       11         5    770.20    772.00      1921      1937
       12         1    770.00    772.20       113      2050
       23        11    769.80    772.40        85      2135
       53        30    769.60    772.80       142      2277
       79        26    769.40    773.00       155      2432
       82         3    769.20    773.60      2569      5001
      165        83    769.00    773.80       200      5201
      235        70    768.80    774.00      1957      7158
     2783      2548    768.60    774.40      3483     10641
     3827      1044    768.00    774.60       252     10893
     6212      2385    767.80    774.80         1     10894
     7174       962    767.60    775.00        66     10960
     7178         4    767.40    775.20        16     10976
     7434       256    767.00    775.40        50     11026
     7444        10    766.80    775.60         6     11032
     7450         6    766.00    775.80         2     11034
     7451         1    765.60    776.00       169     11203
     7471        20    765.20    776.20         2     11205
{OPENPERIODPRICE=770.200000, CLSTATE=0.000000, PRICEMAX=963.400000, ENDTIME=0.000000, STEPPRICET=0.000000, PREVPRICE=770.200000, OPTIONBASE=0.000000, starttime=184001.000000, MIN_CURR_LAST=771.000000, ISSUESIZE=103030215.000000, STEPPRICECL=0.000000, PRICEMIN=576.600000, PREVLOTSIZE=0.000000, MARKETPRICETODAY=0.000000, BUYBACKPRICE=0.000000, MARKETPRICE2=0.000000, CLPRICE=0.000000, PREVSETTLEPRICE=0.000000, THEORPRICE=0.000000, plannedtime=184001.000000, MARKETPRICE=772.400000, WAPRICE=771.400000, ICHANGE=0.000000, OFFERDEPTH=2.000000, PRIMARYDIST=0.000000, LASTVALUE=0.000000, BGONP=0.000000, NEGVALTODAY=0.000000, STARTTIME=184001.000000, LOW=770.000000, BASEPRICE=0.000000, IOPEN=0.000000, LCURRENTPRICE=771.000000, MONSTARTTIME=0.000000, QUOTEBASIS=0.000000, BUYBACKDATE=0.000000, LCLOSEPRICE=0.000000, NEXTCOUPON=0.000000, MONENDTIME=0.000000, HIGHVAL=0.000000, ADMITTEDQUOTE=0.000000, OFFER=771.200000, YIELDATPREVWAPRICE=0.000000, VALTODAY=41756402.000000, SETTLEPRICE=0.000000, PCHANGE=0.000000, LOTSIZE=1.000000, LOWOFFER=754.600000, ISPERCENT=0.000000, YIELD=0.000000, VOLTODAY=54130.000000, endtime=0.000000, MAXOUTVOLUME=0.000000, OPEN=770.200000, CROSSRATE=0.000000, CURRENTVALUE=0.000000, NUMCONTRACTS=0.000000, PREVADMITTEDQUOT=770.200000, COUPONVALUE=0.000000, BIDDEPTH=2.000000, LASTBID=770.800000, DURATION=0.000000, LOWVAL=0.000000, imbalance=0.000000, HIGH=776.200000, YIELDATWAPRICE=0.000000, STEPPRICEPRCL=0.000000, OFFERDEPTHT=27625.000000, VALUE=59367.000000, marketvolb=0.000000, PERCENTRATE=0.000000, MIN_CURR_LAST_TI=183800.000000, auctvalue=0.000000, EXPDATE=0.000000, LASTOFFER=771.200000, QTY=77.000000, COUPONPERIOD=0.000000, CHANGETIME=0.000000, CURSTEPPRICE=0.000000, marketvols=0.000000, SELLDEPO=0.000000, EVNSTARTTIME=0.000000, LOTSIZECHANGEDAT=0.000000, NUMTRADES=1865.000000, CLOSEPRICE=0.000000, HIGHBID=852.000000, FACEVALUE=0.000000, PRICEMVTLIMITT1=0.000000, PRICEMVTLIMIT=0.000000, LOPENPRICE=0.000000, LAST=771.000000, BUYPROFIT=0.000000, SELLPROFIT=0.000000, VOLATILITY=0.000000, CLOSETIME=0.000000, PREVWAPRICE=772.400000, PREVLEGALCLOSEPR=770.200000, BUYDEPO=0.000000, TRADECHANGE=0.000000, LASTTOPREVSTLPRC=0.000000, BIDDEPTHT=54303.000000, auctvolume=0.000000, PREVDATE=20191115.000000, ACCRUEDINT=0.000000, NUMOFFERS=245.000000, CHANGE=0.800000, STRIKE=0.000000, EVNENDTIME=0.000000, BID=770.800000, auctnumtrades=0.000000, TRADINGSTATUS=4.000000, LASTCHANGE=0.100000, CHNGCLOSE=0.000000, REALVMPRICE=0.000000, CLOSEYIELD=0.000000, TIME=183955.000000, MARG=0.000000, AUCTPRICE=771.000000, STEPPRICE=0.000000, NUMBIDS=188.000000, SETTLECODE=8.000000, OPENVAL=0.000000, OPTIONTYPE=0.000000, BGOP=0.000000, NEGNUMTRADES=0.000000, PRICEMINUSPREVWAPRICE=0.000000, CHNGOPEN=0.000000}
2019-11-18T18:40:24.265324 - LSRG[TQBR]
#   Total      Size       Bid       Ask      Size     Total
        0                                                 0 
        2         2    770.80    771.20         2         2
        6         4    770.40    771.80        14        16
       11         5    770.20    772.00      1921      1937
       12         1    770.00    772.20       113      2050
       23        11    769.80    772.40        85      2135
       53        30    769.60    772.80       142      2277
       79        26    769.40    773.00       155      2432
       82         3    769.20    773.60        80      2512
      165        83    769.00    773.80       200      2712
      235        70    768.80    774.00      1957      4669
      251        16    768.60    774.40      3483      8152
     1295      1044    768.00    774.60       252      8404
     3680      2385    767.80    774.80         1      8405
     4642       962    767.60    775.00        66      8471
     4646         4    767.40    775.20        16      8487
     4902       256    767.00    775.40        50      8537
     4912        10    766.80    775.60         6      8543
     4918         6    766.00    775.80         2      8545
     4919         1    765.60    776.00       169      8714
     4939        20    765.20    776.20         2      8716
{OPENPERIODPRICE=770.200000, CLSTATE=0.000000, PRICEMAX=963.400000, ENDTIME=0.000000, STEPPRICET=0.000000, PREVPRICE=770.200000, OPTIONBASE=0.000000, starttime=184001.000000, MIN_CURR_LAST=771.000000, ISSUESIZE=103030215.000000, STEPPRICECL=0.000000, PRICEMIN=576.600000, PREVLOTSIZE=0.000000, MARKETPRICETODAY=0.000000, BUYBACKPRICE=0.000000, MARKETPRICE2=0.000000, CLPRICE=0.000000, PREVSETTLEPRICE=0.000000, THEORPRICE=0.000000, plannedtime=184001.000000, MARKETPRICE=772.400000, WAPRICE=771.400000, ICHANGE=0.000000, OFFERDEPTH=2.000000, PRIMARYDIST=0.000000, LASTVALUE=0.000000, BGONP=0.000000, NEGVALTODAY=0.000000, STARTTIME=184001.000000, LOW=770.000000, BASEPRICE=0.000000, IOPEN=0.000000, LCURRENTPRICE=771.000000, MONSTARTTIME=0.000000, QUOTEBASIS=0.000000, BUYBACKDATE=0.000000, LCLOSEPRICE=0.000000, NEXTCOUPON=0.000000, MONENDTIME=0.000000, HIGHVAL=0.000000, ADMITTEDQUOTE=0.000000, OFFER=771.200000, YIELDATPREVWAPRICE=0.000000, VALTODAY=41756402.000000, SETTLEPRICE=0.000000, PCHANGE=0.000000, LOTSIZE=1.000000, LOWOFFER=754.600000, ISPERCENT=0.000000, YIELD=0.000000, VOLTODAY=54130.000000, endtime=0.000000, MAXOUTVOLUME=0.000000, OPEN=770.200000, CROSSRATE=0.000000, CURRENTVALUE=0.000000, NUMCONTRACTS=0.000000, PREVADMITTEDQUOT=770.200000, COUPONVALUE=0.000000, BIDDEPTH=2.000000, LASTBID=770.800000, DURATION=0.000000, LOWVAL=0.000000, imbalance=0.000000, HIGH=776.200000, YIELDATWAPRICE=0.000000, STEPPRICEPRCL=0.000000, OFFERDEPTHT=25991.000000, VALUE=59367.000000, marketvolb=0.000000, PERCENTRATE=0.000000, MIN_CURR_LAST_TI=183800.000000, auctvalue=0.000000, EXPDATE=0.000000, LASTOFFER=771.200000, QTY=77.000000, COUPONPERIOD=0.000000, CHANGETIME=0.000000, CURSTEPPRICE=0.000000, marketvols=0.000000, SELLDEPO=0.000000, EVNSTARTTIME=0.000000, LOTSIZECHANGEDAT=0.000000, NUMTRADES=1865.000000, CLOSEPRICE=0.000000, HIGHBID=852.000000, FACEVALUE=0.000000, PRICEMVTLIMITT1=0.000000, PRICEMVTLIMIT=0.000000, LOPENPRICE=0.000000, LAST=771.000000, BUYPROFIT=0.000000, SELLPROFIT=0.000000, VOLATILITY=0.000000, CLOSETIME=0.000000, PREVWAPRICE=772.400000, PREVLEGALCLOSEPR=770.200000, BUYDEPO=0.000000, TRADECHANGE=0.000000, LASTTOPREVSTLPRC=0.000000, BIDDEPTHT=53042.000000, auctvolume=0.000000, PREVDATE=20191115.000000, ACCRUEDINT=0.000000, NUMOFFERS=244.000000, CHANGE=0.800000, STRIKE=0.000000, EVNENDTIME=0.000000, BID=770.800000, auctnumtrades=0.000000, TRADINGSTATUS=4.000000, LASTCHANGE=0.100000, CHNGCLOSE=0.000000, REALVMPRICE=0.000000, CLOSEYIELD=0.000000, TIME=183955.000000, MARG=0.000000, AUCTPRICE=771.000000, STEPPRICE=0.000000, NUMBIDS=187.000000, SETTLECODE=8.000000, OPENVAL=0.000000, OPTIONTYPE=0.000000, BGOP=0.000000, NEGNUMTRADES=0.000000, PRICEMINUSPREVWAPRICE=0.000000, CHNGOPEN=0.000000}
2019-11-18T18:40:25.184176 - LSRG[TQBR]
#   Total      Size       Bid       Ask      Size     Total
        0                                                 0 
        2         2    770.80    771.20         2         2
        6         4    770.40    771.80        14        16
       11         5    770.20    772.00      1921      1937
       12         1    770.00    772.20       113      2050
       23        11    769.80    772.40        85      2135
       53        30    769.60    772.80       142      2277
       79        26    769.40    773.00       155      2432
       82         3    769.20    773.60        80      2512
      165        83    769.00    773.80       200      2712
      235        70    768.80    774.00      1957      4669
      251        16    768.60    774.40       962      5631
     1295      1044    768.00    774.60       252      5883
     1305        10    767.80    774.80         1      5884
     2267       962    767.60    775.00        66      5950
     2271         4    767.40    775.20        16      5966
     2527       256    767.00    775.40        50      6016
     2537        10    766.80    775.60         6      6022
     2543         6    766.00    775.80         2      6024
     2544         1    765.60    776.00       169      6193
     2564        20    765.20    776.20         2      6195
{OPENPERIODPRICE=770.200000, CLSTATE=0.000000, PRICEMAX=963.400000, ENDTIME=0.000000, STEPPRICET=0.000000, PREVPRICE=770.200000, OPTIONBASE=0.000000, starttime=184001.000000, MIN_CURR_LAST=771.000000, ISSUESIZE=103030215.000000, STEPPRICECL=0.000000, PRICEMIN=576.600000, PREVLOTSIZE=0.000000, MARKETPRICETODAY=0.000000, BUYBACKPRICE=0.000000, MARKETPRICE2=0.000000, CLPRICE=0.000000, PREVSETTLEPRICE=0.000000, THEORPRICE=0.000000, plannedtime=184001.000000, MARKETPRICE=772.400000, WAPRICE=771.400000, ICHANGE=0.000000, OFFERDEPTH=2.000000, PRIMARYDIST=0.000000, LASTVALUE=0.000000, BGONP=0.000000, NEGVALTODAY=0.000000, STARTTIME=184001.000000, LOW=770.000000, BASEPRICE=0.000000, IOPEN=0.000000, LCURRENTPRICE=771.000000, MONSTARTTIME=0.000000, QUOTEBASIS=0.000000, BUYBACKDATE=0.000000, LCLOSEPRICE=0.000000, NEXTCOUPON=0.000000, MONENDTIME=0.000000, HIGHVAL=0.000000, ADMITTEDQUOTE=0.000000, OFFER=771.200000, YIELDATPREVWAPRICE=0.000000, VALTODAY=41756402.000000, SETTLEPRICE=0.000000, PCHANGE=0.000000, LOTSIZE=1.000000, LOWOFFER=754.600000, ISPERCENT=0.000000, YIELD=0.000000, VOLTODAY=54130.000000, endtime=0.000000, MAXOUTVOLUME=0.000000, OPEN=770.200000, CROSSRATE=0.000000, CURRENTVALUE=0.000000, NUMCONTRACTS=0.000000, PREVADMITTEDQUOT=770.200000, COUPONVALUE=0.000000, BIDDEPTH=2.000000, LASTBID=770.800000, DURATION=0.000000, LOWVAL=0.000000, imbalance=0.000000, HIGH=776.200000, YIELDATWAPRICE=0.000000, STEPPRICEPRCL=0.000000, OFFERDEPTHT=25991.000000, VALUE=59367.000000, marketvolb=0.000000, PERCENTRATE=0.000000, MIN_CURR_LAST_TI=183800.000000, auctvalue=0.000000, EXPDATE=0.000000, LASTOFFER=771.200000, QTY=77.000000, COUPONPERIOD=0.000000, CHANGETIME=0.000000, CURSTEPPRICE=0.000000, marketvols=0.000000, SELLDEPO=0.000000, EVNSTARTTIME=0.000000, LOTSIZECHANGEDAT=0.000000, NUMTRADES=1865.000000, CLOSEPRICE=0.000000, HIGHBID=852.000000, FACEVALUE=0.000000, PRICEMVTLIMITT1=0.000000, PRICEMVTLIMIT=0.000000, LOPENPRICE=0.000000, LAST=771.000000, BUYPROFIT=0.000000, SELLPROFIT=0.000000, VOLATILITY=0.000000, CLOSETIME=0.000000, PREVWAPRICE=772.400000, PREVLEGALCLOSEPR=770.200000, BUYDEPO=0.000000, TRADECHANGE=0.000000, LASTTOPREVSTLPRC=0.000000, BIDDEPTHT=53042.000000, auctvolume=0.000000, PREVDATE=20191115.000000, ACCRUEDINT=0.000000, NUMOFFERS=244.000000, CHANGE=0.800000, STRIKE=0.000000, EVNENDTIME=0.000000, BID=770.800000, auctnumtrades=0.000000, TRADINGSTATUS=4.000000, LASTCHANGE=0.100000, CHNGCLOSE=0.000000, REALVMPRICE=0.000000, CLOSEYIELD=0.000000, TIME=183955.000000, MARG=0.000000, AUCTPRICE=771.000000, STEPPRICE=0.000000, NUMBIDS=187.000000, SETTLECODE=8.000000, OPENVAL=0.000000, OPTIONTYPE=0.000000, BGOP=0.000000, NEGNUMTRADES=0.000000, PRICEMINUSPREVWAPRICE=0.000000, CHNGOPEN=0.000000}
2019-11-18T18:40:27.188944 - LSRG[TQBR]
#   Total      Size       Bid       Ask      Size     Total
        0                                                 0 
        2         2    770.80    771.20         2         2
        6         4    770.40    771.80        14        16
       11         5    770.20    772.00      1921      1937
       12         1    770.00    772.20       113      2050
       23        11    769.80    772.40        85      2135
       53        30    769.60    772.80       142      2277
       79        26    769.40    773.00       155      2432
       82         3    769.20    773.60        80      2512
      165        83    769.00    773.80       200      2712
      235        70    768.80    774.00      1957      4669
      251        16    768.60    774.40       962      5631
     1295      1044    768.00    774.60         2      5633
     1305        10    767.80    774.80         1      5634
     2267       962    767.60    775.00        66      5700
     2271         4    767.40    775.20        16      5716
     2277         6    767.00    775.40        50      5766
     2287        10    766.80    775.60         6      5772
     2293         6    766.00    775.80         2      5774
     2294         1    765.60    776.00       169      5943
     2314        20    765.20    776.20         2      5945
{OPENPERIODPRICE=770.200000, CLSTATE=0.000000, PRICEMAX=963.400000, ENDTIME=0.000000, STEPPRICET=0.000000, PREVPRICE=770.200000, OPTIONBASE=0.000000, starttime=184001.000000, MIN_CURR_LAST=771.000000, ISSUESIZE=103030215.000000, STEPPRICECL=0.000000, PRICEMIN=576.600000, PREVLOTSIZE=0.000000, MARKETPRICETODAY=0.000000, BUYBACKPRICE=0.000000, MARKETPRICE2=0.000000, CLPRICE=0.000000, PREVSETTLEPRICE=0.000000, THEORPRICE=0.000000, plannedtime=184001.000000, MARKETPRICE=772.400000, WAPRICE=771.400000, ICHANGE=0.000000, OFFERDEPTH=2.000000, PRIMARYDIST=0.000000, LASTVALUE=0.000000, BGONP=0.000000, NEGVALTODAY=0.000000, STARTTIME=184001.000000, LOW=770.000000, BASEPRICE=0.000000, IOPEN=0.000000, LCURRENTPRICE=771.000000, MONSTARTTIME=0.000000, QUOTEBASIS=0.000000, BUYBACKDATE=0.000000, LCLOSEPRICE=0.000000, NEXTCOUPON=0.000000, MONENDTIME=0.000000, HIGHVAL=0.000000, ADMITTEDQUOTE=0.000000, OFFER=771.200000, YIELDATPREVWAPRICE=0.000000, VALTODAY=41756402.000000, SETTLEPRICE=0.000000, PCHANGE=0.000000, LOTSIZE=1.000000, LOWOFFER=754.600000, ISPERCENT=0.000000, YIELD=0.000000, VOLTODAY=54130.000000, endtime=0.000000, MAXOUTVOLUME=0.000000, OPEN=770.200000, CROSSRATE=0.000000, CURRENTVALUE=0.000000, NUMCONTRACTS=0.000000, PREVADMITTEDQUOT=770.200000, COUPONVALUE=0.000000, BIDDEPTH=2.000000, LASTBID=770.800000, DURATION=0.000000, LOWVAL=0.000000, imbalance=0.000000, HIGH=776.200000, YIELDATWAPRICE=0.000000, STEPPRICEPRCL=0.000000, OFFERDEPTHT=20981.000000, VALUE=59367.000000, marketvolb=0.000000, PERCENTRATE=0.000000, MIN_CURR_LAST_TI=183800.000000, auctvalue=0.000000, EXPDATE=0.000000, LASTOFFER=771.200000, QTY=77.000000, COUPONPERIOD=0.000000, CHANGETIME=0.000000, CURSTEPPRICE=0.000000, marketvols=0.000000, SELLDEPO=0.000000, EVNSTARTTIME=0.000000, LOTSIZECHANGEDAT=0.000000, NUMTRADES=1865.000000, CLOSEPRICE=0.000000, HIGHBID=852.000000, FACEVALUE=0.000000, PRICEMVTLIMITT1=0.000000, PRICEMVTLIMIT=0.000000, LOPENPRICE=0.000000, LAST=771.000000, BUYPROFIT=0.000000, SELLPROFIT=0.000000, VOLATILITY=0.000000, CLOSETIME=0.000000, PREVWAPRICE=772.400000, PREVLEGALCLOSEPR=770.200000, BUYDEPO=0.000000, TRADECHANGE=0.000000, LASTTOPREVSTLPRC=0.000000, BIDDEPTHT=48135.000000, auctvolume=0.000000, PREVDATE=20191115.000000, ACCRUEDINT=0.000000, NUMOFFERS=242.000000, CHANGE=0.800000, STRIKE=0.000000, EVNENDTIME=0.000000, BID=770.800000, auctnumtrades=0.000000, TRADINGSTATUS=4.000000, LASTCHANGE=0.100000, CHNGCLOSE=0.000000, REALVMPRICE=0.000000, CLOSEYIELD=0.000000, TIME=183955.000000, MARG=0.000000, AUCTPRICE=771.000000, STEPPRICE=0.000000, NUMBIDS=185.000000, SETTLECODE=8.000000, OPENVAL=0.000000, OPTIONTYPE=0.000000, BGOP=0.000000, NEGNUMTRADES=0.000000, PRICEMINUSPREVWAPRICE=0.000000, CHNGOPEN=0.000000}
2019-11-18T18:40:31.286188 - LSRG[TQBR]
#   Total      Size       Bid       Ask      Size     Total
        0                                                 0 
        2         2    770.80    771.00        87        87
        6         4    770.40    771.20         2        89
       11         5    770.20    771.80        14       103
       12         1    770.00    772.00      1921      2024
       23        11    769.80    772.20       113      2137
       53        30    769.60    772.40        85      2222
       79        26    769.40    772.80       142      2364
       82         3    769.20    773.00       155      2519
      165        83    769.00    773.60        80      2599
      235        70    768.80    773.80       200      2799
      251        16    768.60    774.00      1957      4756
     1295      1044    768.00    774.40       962      5718
     1305        10    767.80    774.60         2      5720
     2267       962    767.60    774.80         1      5721
     2271         4    767.40    775.00        66      5787
     2277         6    767.00    775.20        16      5803
     2287        10    766.80    775.40        50      5853
     2293         6    766.00    775.60         6      5859
     2294         1    765.60    775.80         2      5861
     2314        20    765.20    776.00       169      6030
{OPENPERIODPRICE=770.200000, CLSTATE=0.000000, PRICEMAX=963.400000, ENDTIME=0.000000, STEPPRICET=0.000000, PREVPRICE=770.200000, OPTIONBASE=0.000000, starttime=184001.000000, MIN_CURR_LAST=771.000000, ISSUESIZE=103030215.000000, STEPPRICECL=0.000000, PRICEMIN=576.600000, PREVLOTSIZE=0.000000, MARKETPRICETODAY=0.000000, BUYBACKPRICE=0.000000, MARKETPRICE2=0.000000, CLPRICE=0.000000, PREVSETTLEPRICE=0.000000, THEORPRICE=0.000000, plannedtime=184001.000000, MARKETPRICE=772.400000, WAPRICE=771.400000, ICHANGE=0.000000, OFFERDEPTH=87.000000, PRIMARYDIST=0.000000, LASTVALUE=0.000000, BGONP=0.000000, NEGVALTODAY=0.000000, STARTTIME=184001.000000, LOW=770.000000, BASEPRICE=0.000000, IOPEN=0.000000, LCURRENTPRICE=771.000000, MONSTARTTIME=0.000000, QUOTEBASIS=0.000000, BUYBACKDATE=0.000000, LCLOSEPRICE=0.000000, NEXTCOUPON=0.000000, MONENDTIME=0.000000, HIGHVAL=0.000000, ADMITTEDQUOTE=0.000000, OFFER=771.000000, YIELDATPREVWAPRICE=0.000000, VALTODAY=41756402.000000, SETTLEPRICE=0.000000, PCHANGE=0.000000, LOTSIZE=1.000000, LOWOFFER=754.600000, ISPERCENT=0.000000, YIELD=0.000000, VOLTODAY=54130.000000, endtime=0.000000, MAXOUTVOLUME=0.000000, OPEN=770.200000, CROSSRATE=0.000000, CURRENTVALUE=0.000000, NUMCONTRACTS=0.000000, PREVADMITTEDQUOT=770.200000, COUPONVALUE=0.000000, BIDDEPTH=2.000000, LASTBID=770.800000, DURATION=0.000000, LOWVAL=0.000000, imbalance=0.000000, HIGH=776.200000, YIELDATWAPRICE=0.000000, STEPPRICEPRCL=0.000000, OFFERDEPTHT=20231.000000, VALUE=59367.000000, marketvolb=0.000000, PERCENTRATE=0.000000, MIN_CURR_LAST_TI=183800.000000, auctvalue=0.000000, EXPDATE=0.000000, LASTOFFER=771.200000, QTY=77.000000, COUPONPERIOD=0.000000, CHANGETIME=0.000000, CURSTEPPRICE=0.000000, marketvols=0.000000, SELLDEPO=0.000000, EVNSTARTTIME=0.000000, LOTSIZECHANGEDAT=0.000000, NUMTRADES=1865.000000, CLOSEPRICE=0.000000, HIGHBID=852.000000, FACEVALUE=0.000000, PRICEMVTLIMITT1=0.000000, PRICEMVTLIMIT=0.000000, LOPENPRICE=0.000000, LAST=771.000000, BUYPROFIT=0.000000, SELLPROFIT=0.000000, VOLATILITY=0.000000, CLOSETIME=0.000000, PREVWAPRICE=772.400000, PREVLEGALCLOSEPR=770.200000, BUYDEPO=0.000000, TRADECHANGE=0.000000, LASTTOPREVSTLPRC=0.000000, BIDDEPTHT=47385.000000, auctvolume=0.000000, PREVDATE=20191115.000000, ACCRUEDINT=0.000000, NUMOFFERS=239.000000, CHANGE=0.800000, STRIKE=0.000000, EVNENDTIME=0.000000, BID=770.800000, auctnumtrades=0.000000, TRADINGSTATUS=4.000000, LASTCHANGE=0.100000, CHNGCLOSE=0.000000, REALVMPRICE=0.000000, CLOSEYIELD=0.000000, TIME=183955.000000, MARG=0.000000, AUCTPRICE=771.000000, STEPPRICE=0.000000, NUMBIDS=182.000000, SETTLECODE=8.000000, OPENVAL=0.000000, OPTIONTYPE=0.000000, BGOP=0.000000, NEGNUMTRADES=0.000000, PRICEMINUSPREVWAPRICE=0.000000, CHNGOPEN=0.000000}
2019-11-18T18:41:02.106459 - LSRG[TQBR]
#   Total      Size       Bid       Ask      Size     Total
        0                                                 0 
        2         2    770.80    771.00        87        87
        6         4    770.40    771.20         2        89
       11         5    770.20    771.80        14       103
       12         1    770.00    772.00      1921      2024
       23        11    769.80    772.20       113      2137
       53        30    769.60    772.40        85      2222
       79        26    769.40    772.80       142      2364
       82         3    769.20    773.00       155      2519
      165        83    769.00    773.60        80      2599
      235        70    768.80    773.80       200      2799
      251        16    768.60    774.00      1957      4756
     1295      1044    768.00    774.40       962      5718
     1305        10    767.80    774.60         2      5720
     2267       962    767.60    774.80         1      5721
     2271         4    767.40    775.00        66      5787
     2277         6    767.00    775.20        16      5803
     2417       140    766.80    775.40        50      5853
     2423         6    766.00    775.60         6      5859
     2424         1    765.60    775.80         2      5861
     2444        20    765.20    776.00       297      6158
{OPENPERIODPRICE=770.200000, CLSTATE=0.000000, PRICEMAX=963.400000, ENDTIME=0.000000, STEPPRICET=0.000000, PREVPRICE=770.200000, OPTIONBASE=0.000000, starttime=184001.000000, MIN_CURR_LAST=771.000000, ISSUESIZE=103030215.000000, STEPPRICECL=0.000000, PRICEMIN=576.600000, PREVLOTSIZE=0.000000, MARKETPRICETODAY=0.000000, BUYBACKPRICE=0.000000, MARKETPRICE2=0.000000, CLPRICE=0.000000, PREVSETTLEPRICE=0.000000, THEORPRICE=0.000000, plannedtime=184001.000000, MARKETPRICE=772.400000, WAPRICE=771.400000, ICHANGE=0.000000, OFFERDEPTH=87.000000, PRIMARYDIST=0.000000, LASTVALUE=0.000000, BGONP=0.000000, NEGVALTODAY=0.000000, STARTTIME=184001.000000, LOW=770.000000, BASEPRICE=0.000000, IOPEN=0.000000, LCURRENTPRICE=771.000000, MONSTARTTIME=0.000000, QUOTEBASIS=0.000000, BUYBACKDATE=0.000000, LCLOSEPRICE=0.000000, NEXTCOUPON=0.000000, MONENDTIME=0.000000, HIGHVAL=0.000000, ADMITTEDQUOTE=0.000000, OFFER=771.000000, YIELDATPREVWAPRICE=0.000000, VALTODAY=41756402.000000, SETTLEPRICE=0.000000, PCHANGE=0.000000, LOTSIZE=1.000000, LOWOFFER=754.600000, ISPERCENT=0.000000, YIELD=0.000000, VOLTODAY=54130.000000, endtime=0.000000, MAXOUTVOLUME=0.000000, OPEN=770.200000, CROSSRATE=0.000000, CURRENTVALUE=0.000000, NUMCONTRACTS=0.000000, PREVADMITTEDQUOT=770.200000, COUPONVALUE=0.000000, BIDDEPTH=2.000000, LASTBID=770.800000, DURATION=0.000000, LOWVAL=0.000000, imbalance=0.000000, HIGH=776.200000, YIELDATWAPRICE=0.000000, STEPPRICEPRCL=0.000000, OFFERDEPTHT=20318.000000, VALUE=59367.000000, marketvolb=0.000000, PERCENTRATE=0.000000, MIN_CURR_LAST_TI=183800.000000, auctvalue=0.000000, EXPDATE=0.000000, LASTOFFER=771.200000, QTY=77.000000, COUPONPERIOD=0.000000, CHANGETIME=0.000000, CURSTEPPRICE=0.000000, marketvols=0.000000, SELLDEPO=0.000000, EVNSTARTTIME=0.000000, LOTSIZECHANGEDAT=0.000000, NUMTRADES=1865.000000, CLOSEPRICE=0.000000, HIGHBID=852.000000, FACEVALUE=0.000000, PRICEMVTLIMITT1=0.000000, PRICEMVTLIMIT=0.000000, LOPENPRICE=0.000000, LAST=771.000000, BUYPROFIT=0.000000, SELLPROFIT=0.000000, VOLATILITY=0.000000, CLOSETIME=0.000000, PREVWAPRICE=772.400000, PREVLEGALCLOSEPR=770.200000, BUYDEPO=0.000000, TRADECHANGE=0.000000, LASTTOPREVSTLPRC=0.000000, BIDDEPTHT=47385.000000, auctvolume=0.000000, PREVDATE=20191115.000000, ACCRUEDINT=0.000000, NUMOFFERS=240.000000, CHANGE=0.800000, STRIKE=0.000000, EVNENDTIME=0.000000, BID=770.800000, auctnumtrades=0.000000, TRADINGSTATUS=4.000000, LASTCHANGE=0.100000, CHNGCLOSE=0.000000, REALVMPRICE=0.000000, CLOSEYIELD=0.000000, TIME=183955.000000, MARG=0.000000, AUCTPRICE=771.000000, STEPPRICE=0.000000, NUMBIDS=182.000000, SETTLECODE=8.000000, OPENVAL=0.000000, OPTIONTYPE=0.000000, BGOP=0.000000, NEGNUMTRADES=0.000000, PRICEMINUSPREVWAPRICE=0.000000, CHNGOPEN=0.000000}
2019-11-18T18:41:32.294078 - LSRG[TQBR]
#   Total      Size       Bid       Ask      Size     Total
        0                                                 0 
        2         2    770.80    771.00        87        87
        6         4    770.40    771.20         2        89
       11         5    770.20    771.80        14       103
       12         1    770.00    772.00      1921      2024
       23        11    769.80    772.20       113      2137
       53        30    769.60    772.40        85      2222
       79        26    769.40    772.80       142      2364
       82         3    769.20    773.00       155      2519
      165        83    769.00    773.60        80      2599
      235        70    768.80    773.80       200      2799
      251        16    768.60    774.00      1957      4756
     1295      1044    768.00    774.40       962      5718
     1305        10    767.80    774.60         2      5720
     2267       962    767.60    774.80       501      6221
     2271         4    767.40    775.00        66      6287
     2771       500    767.20    775.20        16      6303
     2777         6    767.00    775.40        50      6353
     2917       140    766.80    775.60         6      6359
     2923         6    766.00    775.80         2      6361
     2924         1    765.60    776.00       297      6658
{OPENPERIODPRICE=770.200000, CLSTATE=0.000000, PRICEMAX=963.400000, ENDTIME=0.000000, STEPPRICET=0.000000, PREVPRICE=770.200000, OPTIONBASE=0.000000, starttime=184001.000000, MIN_CURR_LAST=771.000000, ISSUESIZE=103030215.000000, STEPPRICECL=0.000000, PRICEMIN=576.600000, PREVLOTSIZE=0.000000, MARKETPRICETODAY=0.000000, BUYBACKPRICE=0.000000, MARKETPRICE2=0.000000, CLPRICE=0.000000, PREVSETTLEPRICE=0.000000, THEORPRICE=0.000000, plannedtime=184001.000000, MARKETPRICE=772.400000, WAPRICE=771.400000, ICHANGE=0.000000, OFFERDEPTH=87.000000, PRIMARYDIST=0.000000, LASTVALUE=0.000000, BGONP=0.000000, NEGVALTODAY=0.000000, STARTTIME=184001.000000, LOW=770.000000, BASEPRICE=0.000000, IOPEN=0.000000, LCURRENTPRICE=771.000000, MONSTARTTIME=0.000000, QUOTEBASIS=0.000000, BUYBACKDATE=0.000000, LCLOSEPRICE=0.000000, NEXTCOUPON=0.000000, MONENDTIME=0.000000, HIGHVAL=0.000000, ADMITTEDQUOTE=0.000000, OFFER=771.000000, YIELDATPREVWAPRICE=0.000000, VALTODAY=41756402.000000, SETTLEPRICE=0.000000, PCHANGE=0.000000, LOTSIZE=1.000000, LOWOFFER=754.600000, ISPERCENT=0.000000, YIELD=0.000000, VOLTODAY=54130.000000, endtime=0.000000, MAXOUTVOLUME=0.000000, OPEN=770.200000, CROSSRATE=0.000000, CURRENTVALUE=0.000000, NUMCONTRACTS=0.000000, PREVADMITTEDQUOT=770.200000, COUPONVALUE=0.000000, BIDDEPTH=2.000000, LASTBID=770.800000, DURATION=0.000000, LOWVAL=0.000000, imbalance=0.000000, HIGH=776.200000, YIELDATWAPRICE=0.000000, STEPPRICEPRCL=0.000000, OFFERDEPTHT=20574.000000, VALUE=59367.000000, marketvolb=0.000000, PERCENTRATE=0.000000, MIN_CURR_LAST_TI=183800.000000, auctvalue=0.000000, EXPDATE=0.000000, LASTOFFER=771.200000, QTY=77.000000, COUPONPERIOD=0.000000, CHANGETIME=0.000000, CURSTEPPRICE=0.000000, marketvols=0.000000, SELLDEPO=0.000000, EVNSTARTTIME=0.000000, LOTSIZECHANGEDAT=0.000000, NUMTRADES=1865.000000, CLOSEPRICE=0.000000, HIGHBID=852.000000, FACEVALUE=0.000000, PRICEMVTLIMITT1=0.000000, PRICEMVTLIMIT=0.000000, LOPENPRICE=0.000000, LAST=771.000000, BUYPROFIT=0.000000, SELLPROFIT=0.000000, VOLATILITY=0.000000, CLOSETIME=0.000000, PREVWAPRICE=772.400000, PREVLEGALCLOSEPR=770.200000, BUYDEPO=0.000000, TRADECHANGE=0.000000, LASTTOPREVSTLPRC=0.000000, BIDDEPTHT=47491.000000, auctvolume=0.000000, PREVDATE=20191115.000000, ACCRUEDINT=0.000000, NUMOFFERS=242.000000, CHANGE=0.800000, STRIKE=0.000000, EVNENDTIME=0.000000, BID=770.800000, auctnumtrades=0.000000, TRADINGSTATUS=4.000000, LASTCHANGE=0.100000, CHNGCLOSE=0.000000, REALVMPRICE=0.000000, CLOSEYIELD=0.000000, TIME=183955.000000, MARG=0.000000, AUCTPRICE=771.000000, STEPPRICE=0.000000, NUMBIDS=183.000000, SETTLECODE=8.000000, OPENVAL=0.000000, OPTIONTYPE=0.000000, BGOP=0.000000, NEGNUMTRADES=0.000000, PRICEMINUSPREVWAPRICE=0.000000, CHNGOPEN=0.000000}
2019-11-18T18:41:43.310968 - LSRG[TQBR]
#   Total      Size       Bid       Ask      Size     Total
        0                                                 0 
        2         2    770.80    771.00      3087      3087
        6         4    770.40    771.20         2      3089
       11         5    770.20    771.80        14      3103
       12         1    770.00    772.00      1921      5024
       23        11    769.80    772.20       113      5137
       53        30    769.60    772.40        85      5222
       79        26    769.40    772.80       142      5364
       82         3    769.20    773.00       155      5519
      165        83    769.00    773.60        80      5599
      235        70    768.80    773.80       200      5799
      251        16    768.60    774.00      1957      7756
     1295      1044    768.00    774.40       962      8718
     1305        10    767.80    774.60         2      8720
     2267       962    767.60    774.80       501      9221
     2271         4    767.40    775.00        66      9287
     2771       500    767.20    775.20        16      9303
     2777         6    767.00    775.40        50      9353
     2917       140    766.80    775.60         6      9359
     2923         6    766.00    775.80         2      9361
     2924         1    765.60    776.00       297      9658
{OPENPERIODPRICE=770.200000, CLSTATE=0.000000, PRICEMAX=963.400000, ENDTIME=0.000000, STEPPRICET=0.000000, PREVPRICE=770.200000, OPTIONBASE=0.000000, starttime=184001.000000, MIN_CURR_LAST=771.000000, ISSUESIZE=103030215.000000, STEPPRICECL=0.000000, PRICEMIN=576.600000, PREVLOTSIZE=0.000000, MARKETPRICETODAY=0.000000, BUYBACKPRICE=0.000000, MARKETPRICE2=0.000000, CLPRICE=0.000000, PREVSETTLEPRICE=0.000000, THEORPRICE=0.000000, plannedtime=184001.000000, MARKETPRICE=772.400000, WAPRICE=771.400000, ICHANGE=0.000000, OFFERDEPTH=3087.000000, PRIMARYDIST=0.000000, LASTVALUE=0.000000, BGONP=0.000000, NEGVALTODAY=0.000000, STARTTIME=184001.000000, LOW=770.000000, BASEPRICE=0.000000, IOPEN=0.000000, LCURRENTPRICE=771.000000, MONSTARTTIME=0.000000, QUOTEBASIS=0.000000, BUYBACKDATE=0.000000, LCLOSEPRICE=0.000000, NEXTCOUPON=0.000000, MONENDTIME=0.000000, HIGHVAL=0.000000, ADMITTEDQUOTE=0.000000, OFFER=771.000000, YIELDATPREVWAPRICE=0.000000, VALTODAY=41756402.000000, SETTLEPRICE=0.000000, PCHANGE=0.000000, LOTSIZE=1.000000, LOWOFFER=754.600000, ISPERCENT=0.000000, YIELD=0.000000, VOLTODAY=54130.000000, endtime=0.000000, MAXOUTVOLUME=0.000000, OPEN=770.200000, CROSSRATE=0.000000, CURRENTVALUE=0.000000, NUMCONTRACTS=0.000000, PREVADMITTEDQUOT=770.200000, COUPONVALUE=0.000000, BIDDEPTH=2.000000, LASTBID=770.800000, DURATION=0.000000, LOWVAL=0.000000, imbalance=0.000000, HIGH=776.200000, YIELDATWAPRICE=0.000000, STEPPRICEPRCL=0.000000, OFFERDEPTHT=21574.000000, VALUE=59367.000000, marketvolb=0.000000, PERCENTRATE=0.000000, MIN_CURR_LAST_TI=183800.000000, auctvalue=0.000000, EXPDATE=0.000000, LASTOFFER=771.200000, QTY=77.000000, COUPONPERIOD=0.000000, CHANGETIME=0.000000, CURSTEPPRICE=0.000000, marketvols=0.000000, SELLDEPO=0.000000, EVNSTARTTIME=0.000000, LOTSIZECHANGEDAT=0.000000, NUMTRADES=1865.000000, CLOSEPRICE=0.000000, HIGHBID=852.000000, FACEVALUE=0.000000, PRICEMVTLIMITT1=0.000000, PRICEMVTLIMIT=0.000000, LOPENPRICE=0.000000, LAST=771.000000, BUYPROFIT=0.000000, SELLPROFIT=0.000000, VOLATILITY=0.000000, CLOSETIME=0.000000, PREVWAPRICE=772.400000, PREVLEGALCLOSEPR=770.200000, BUYDEPO=0.000000, TRADECHANGE=0.000000, LASTTOPREVSTLPRC=0.000000, BIDDEPTHT=48491.000000, auctvolume=0.000000, PREVDATE=20191115.000000, ACCRUEDINT=0.000000, NUMOFFERS=244.000000, CHANGE=0.800000, STRIKE=0.000000, EVNENDTIME=0.000000, BID=770.800000, auctnumtrades=0.000000, TRADINGSTATUS=4.000000, LASTCHANGE=0.100000, CHNGCLOSE=0.000000, REALVMPRICE=0.000000, CLOSEYIELD=0.000000, TIME=183955.000000, MARG=0.000000, AUCTPRICE=771.000000, STEPPRICE=0.000000, NUMBIDS=185.000000, SETTLECODE=8.000000, OPENVAL=0.000000, OPTIONTYPE=0.000000, BGOP=0.000000, NEGNUMTRADES=0.000000, PRICEMINUSPREVWAPRICE=0.000000, CHNGOPEN=0.000000}
2019-11-18T18:42:41.000702 - LSRG[TQBR]
#   Total      Size       Bid       Ask      Size     Total
        0                                                 0 
        2         2    770.80    771.00      3087      3087
        6         4    770.40    771.20         2      3089
       11         5    770.20    771.80        14      3103
     5012      5001    770.00    772.00      1921      5024
     5023        11    769.80    772.20       113      5137
     5053        30    769.60    772.40        85      5222
     5079        26    769.40    772.80       142      5364
     5082         3    769.20    773.00       155      5519
     5165        83    769.00    773.60        80      5599
     5235        70    768.80    773.80       200      5799
     5251        16    768.60    774.00      1957      7756
     6295      1044    768.00    774.40       962      8718
     6305        10    767.80    774.60         2      8720
     7267       962    767.60    774.80       501      9221
     7271         4    767.40    775.00        66      9287
     7771       500    767.20    775.20        16      9303
     7777         6    767.00    775.40        50      9353
     7917       140    766.80    775.60         6      9359
     7923         6    766.00    775.80         2      9361
     7924         1    765.60    776.00       297      9658
{OPENPERIODPRICE=770.200000, CLSTATE=0.000000, PRICEMAX=963.400000, ENDTIME=0.000000, STEPPRICET=0.000000, PREVPRICE=770.200000, OPTIONBASE=0.000000, starttime=184001.000000, MIN_CURR_LAST=771.000000, ISSUESIZE=103030215.000000, STEPPRICECL=0.000000, PRICEMIN=576.600000, PREVLOTSIZE=0.000000, MARKETPRICETODAY=0.000000, BUYBACKPRICE=0.000000, MARKETPRICE2=0.000000, CLPRICE=0.000000, PREVSETTLEPRICE=0.000000, THEORPRICE=0.000000, plannedtime=184001.000000, MARKETPRICE=772.400000, WAPRICE=771.400000, ICHANGE=0.000000, OFFERDEPTH=3087.000000, PRIMARYDIST=0.000000, LASTVALUE=0.000000, BGONP=0.000000, NEGVALTODAY=0.000000, STARTTIME=184001.000000, LOW=770.000000, BASEPRICE=0.000000, IOPEN=0.000000, LCURRENTPRICE=771.000000, MONSTARTTIME=0.000000, QUOTEBASIS=0.000000, BUYBACKDATE=0.000000, LCLOSEPRICE=0.000000, NEXTCOUPON=0.000000, MONENDTIME=0.000000, HIGHVAL=0.000000, ADMITTEDQUOTE=0.000000, OFFER=771.000000, YIELDATPREVWAPRICE=0.000000, VALTODAY=41756402.000000, SETTLEPRICE=0.000000, PCHANGE=0.000000, LOTSIZE=1.000000, LOWOFFER=754.600000, ISPERCENT=0.000000, YIELD=0.000000, VOLTODAY=54130.000000, endtime=0.000000, MAXOUTVOLUME=0.000000, OPEN=770.200000, CROSSRATE=0.000000, CURRENTVALUE=0.000000, NUMCONTRACTS=0.000000, PREVADMITTEDQUOT=770.200000, COUPONVALUE=0.000000, BIDDEPTH=2.000000, LASTBID=770.800000, DURATION=0.000000, LOWVAL=0.000000, imbalance=0.000000, HIGH=776.200000, YIELDATWAPRICE=0.000000, STEPPRICEPRCL=0.000000, OFFERDEPTHT=24574.000000, VALUE=59367.000000, marketvolb=0.000000, PERCENTRATE=0.000000, MIN_CURR_LAST_TI=183800.000000, auctvalue=0.000000, EXPDATE=0.000000, LASTOFFER=771.200000, QTY=77.000000, COUPONPERIOD=0.000000, CHANGETIME=0.000000, CURSTEPPRICE=0.000000, marketvols=0.000000, SELLDEPO=0.000000, EVNSTARTTIME=0.000000, LOTSIZECHANGEDAT=0.000000, NUMTRADES=1865.000000, CLOSEPRICE=0.000000, HIGHBID=852.000000, FACEVALUE=0.000000, PRICEMVTLIMITT1=0.000000, PRICEMVTLIMIT=0.000000, LOPENPRICE=0.000000, LAST=771.000000, BUYPROFIT=0.000000, SELLPROFIT=0.000000, VOLATILITY=0.000000, CLOSETIME=0.000000, PREVWAPRICE=772.400000, PREVLEGALCLOSEPR=770.200000, BUYDEPO=0.000000, TRADECHANGE=0.000000, LASTTOPREVSTLPRC=0.000000, BIDDEPTHT=48491.000000, auctvolume=0.000000, PREVDATE=20191115.000000, ACCRUEDINT=0.000000, NUMOFFERS=245.000000, CHANGE=0.800000, STRIKE=0.000000, EVNENDTIME=0.000000, BID=770.800000, auctnumtrades=0.000000, TRADINGSTATUS=4.000000, LASTCHANGE=0.100000, CHNGCLOSE=0.000000, REALVMPRICE=0.000000, CLOSEYIELD=0.000000, TIME=183955.000000, MARG=0.000000, AUCTPRICE=771.000000, STEPPRICE=0.000000, NUMBIDS=185.000000, SETTLECODE=8.000000, OPENVAL=0.000000, OPTIONTYPE=0.000000, BGOP=0.000000, NEGNUMTRADES=0.000000, PRICEMINUSPREVWAPRICE=0.000000, CHNGOPEN=0.000000}
2019-11-18T18:42:53.828827 - LSRG[TQBR]
#   Total      Size       Bid       Ask      Size     Total
        0                                                 0 
        2         2    770.80    770.80        80        80
        6         4    770.40    771.00      3087      3167
       11         5    770.20    771.20         2      3169
     5012      5001    770.00    771.80        14      3183
     5023        11    769.80    772.00      1921      5104
     5053        30    769.60    772.20       113      5217
     5079        26    769.40    772.40        85      5302
     5082         3    769.20    772.80       142      5444
     5165        83    769.00    773.00       155      5599
     5235        70    768.80    773.60        80      5679
     5251        16    768.60    773.80       200      5879
     6295      1044    768.00    774.00      1957      7836
     6305        10    767.80    774.40       962      8798
     7267       962    767.60    774.60         2      8800
     7271         4    767.40    774.80       501      9301
     7771       500    767.20    775.00        66      9367
     7777         6    767.00    775.20        16      9383
     7917       140    766.80    775.40        50      9433
     7923         6    766.00    775.60         6      9439
     7924         1    765.60    775.80         2      9441
Calculation info: Price    770.80; Imbalance: -78; Total bids: 2, Total asks: 80; 
               Field               SERVER               TOP-20
    AuctionPrice,RUB               771.00              770.80
       AuctionVolume                    0                   2
       LastPrice,RUB               771.00              771.00
          MarketBids                    0                   0
          MarketAsks                    0                   0
         Imbalance,%                                 -3900.00
        MarketBids:%                  NaN               0.000
        MarketAsks:%                  NaN               0.000
      TotalValue:RUB                0.000            1541.600
  AuctionPriceDiff,%                0.000              -0.026
{OPENPERIODPRICE=770.200000, CLSTATE=0.000000, PRICEMAX=963.400000, ENDTIME=0.000000, STEPPRICET=0.000000, PREVPRICE=770.200000, OPTIONBASE=0.000000, starttime=184001.000000, MIN_CURR_LAST=771.000000, ISSUESIZE=103030215.000000, STEPPRICECL=0.000000, PRICEMIN=576.600000, PREVLOTSIZE=0.000000, MARKETPRICETODAY=0.000000, BUYBACKPRICE=0.000000, MARKETPRICE2=0.000000, CLPRICE=0.000000, PREVSETTLEPRICE=0.000000, THEORPRICE=0.000000, plannedtime=184001.000000, MARKETPRICE=772.400000, WAPRICE=771.400000, ICHANGE=0.000000, OFFERDEPTH=3087.000000, PRIMARYDIST=0.000000, LASTVALUE=0.000000, BGONP=0.000000, NEGVALTODAY=0.000000, STARTTIME=184001.000000, LOW=770.000000, BASEPRICE=0.000000, IOPEN=0.000000, LCURRENTPRICE=771.000000, MONSTARTTIME=0.000000, QUOTEBASIS=0.000000, BUYBACKDATE=0.000000, LCLOSEPRICE=0.000000, NEXTCOUPON=0.000000, MONENDTIME=0.000000, HIGHVAL=0.000000, ADMITTEDQUOTE=0.000000, OFFER=771.000000, YIELDATPREVWAPRICE=0.000000, VALTODAY=41756402.000000, SETTLEPRICE=0.000000, PCHANGE=0.000000, LOTSIZE=1.000000, LOWOFFER=754.600000, ISPERCENT=0.000000, YIELD=0.000000, VOLTODAY=54130.000000, endtime=0.000000, MAXOUTVOLUME=0.000000, OPEN=770.200000, CROSSRATE=0.000000, CURRENTVALUE=0.000000, NUMCONTRACTS=0.000000, PREVADMITTEDQUOT=770.200000, COUPONVALUE=0.000000, BIDDEPTH=2.000000, LASTBID=770.800000, DURATION=0.000000, LOWVAL=0.000000, imbalance=0.000000, HIGH=776.200000, YIELDATWAPRICE=0.000000, STEPPRICEPRCL=0.000000, OFFERDEPTHT=24574.000000, VALUE=59367.000000, marketvolb=0.000000, PERCENTRATE=0.000000, MIN_CURR_LAST_TI=183800.000000, auctvalue=0.000000, EXPDATE=0.000000, LASTOFFER=771.200000, QTY=77.000000, COUPONPERIOD=0.000000, CHANGETIME=0.000000, CURSTEPPRICE=0.000000, marketvols=0.000000, SELLDEPO=0.000000, EVNSTARTTIME=0.000000, LOTSIZECHANGEDAT=0.000000, NUMTRADES=1865.000000, CLOSEPRICE=0.000000, HIGHBID=852.000000, FACEVALUE=0.000000, PRICEMVTLIMITT1=0.000000, PRICEMVTLIMIT=0.000000, LOPENPRICE=0.000000, LAST=771.000000, BUYPROFIT=0.000000, SELLPROFIT=0.000000, VOLATILITY=0.000000, CLOSETIME=0.000000, PREVWAPRICE=772.400000, PREVLEGALCLOSEPR=770.200000, BUYDEPO=0.000000, TRADECHANGE=0.000000, LASTTOPREVSTLPRC=0.000000, BIDDEPTHT=53491.000000, auctvolume=0.000000, PREVDATE=20191115.000000, ACCRUEDINT=0.000000, NUMOFFERS=245.000000, CHANGE=0.800000, STRIKE=0.000000, EVNENDTIME=0.000000, BID=770.800000, auctnumtrades=0.000000, TRADINGSTATUS=4.000000, LASTCHANGE=0.100000, CHNGCLOSE=0.000000, REALVMPRICE=0.000000, CLOSEYIELD=0.000000, TIME=183955.000000, MARG=0.000000, AUCTPRICE=771.000000, STEPPRICE=0.000000, NUMBIDS=186.000000, SETTLECODE=8.000000, OPENVAL=0.000000, OPTIONTYPE=0.000000, BGOP=0.000000, NEGNUMTRADES=0.000000, PRICEMINUSPREVWAPRICE=0.000000, CHNGOPEN=0.000000}
2019-11-18T18:43:41.656952 - LSRG[TQBR]
#   Total      Size       Bid       Ask      Size     Total
        0                                                 0 
        2         2    770.80    771.00      3087      3087
        6         4    770.40    771.20         2      3089
       11         5    770.20    771.80        14      3103
     5012      5001    770.00    772.00      1921      5024
     5023        11    769.80    772.20       113      5137
     5053        30    769.60    772.40        85      5222
     5079        26    769.40    772.80       142      5364
     5082         3    769.20    773.00       155      5519
     5165        83    769.00    773.60        80      5599
     5235        70    768.80    773.80       200      5799
     5251        16    768.60    774.00      1957      7756
     6295      1044    768.00    774.40       962      8718
     6305        10    767.80    774.60         2      8720
     7267       962    767.60    774.80       501      9221
     7271         4    767.40    775.00        66      9287
     7771       500    767.20    775.20        16      9303
     7777         6    767.00    775.40        50      9353
     7917       140    766.80    775.60         6      9359
     7923         6    766.00    775.80         2      9361
     7924         1    765.60    776.00       297      9658
{OPENPERIODPRICE=770.200000, CLSTATE=0.000000, PRICEMAX=963.400000, ENDTIME=0.000000, STEPPRICET=0.000000, PREVPRICE=770.200000, OPTIONBASE=0.000000, starttime=184001.000000, MIN_CURR_LAST=771.000000, ISSUESIZE=103030215.000000, STEPPRICECL=0.000000, PRICEMIN=576.600000, PREVLOTSIZE=0.000000, MARKETPRICETODAY=0.000000, BUYBACKPRICE=0.000000, MARKETPRICE2=0.000000, CLPRICE=0.000000, PREVSETTLEPRICE=0.000000, THEORPRICE=0.000000, plannedtime=184001.000000, MARKETPRICE=772.400000, WAPRICE=771.400000, ICHANGE=0.000000, OFFERDEPTH=80.000000, PRIMARYDIST=0.000000, LASTVALUE=0.000000, BGONP=0.000000, NEGVALTODAY=0.000000, STARTTIME=184001.000000, LOW=770.000000, BASEPRICE=0.000000, IOPEN=0.000000, LCURRENTPRICE=771.000000, MONSTARTTIME=0.000000, QUOTEBASIS=0.000000, BUYBACKDATE=0.000000, LCLOSEPRICE=0.000000, NEXTCOUPON=0.000000, MONENDTIME=0.000000, HIGHVAL=0.000000, ADMITTEDQUOTE=0.000000, OFFER=770.800000, YIELDATPREVWAPRICE=0.000000, VALTODAY=41756402.000000, SETTLEPRICE=0.000000, PCHANGE=0.000000, LOTSIZE=1.000000, LOWOFFER=754.600000, ISPERCENT=0.000000, YIELD=0.000000, VOLTODAY=54130.000000, endtime=0.000000, MAXOUTVOLUME=0.000000, OPEN=770.200000, CROSSRATE=0.000000, CURRENTVALUE=0.000000, NUMCONTRACTS=0.000000, PREVADMITTEDQUOT=770.200000, COUPONVALUE=0.000000, BIDDEPTH=2.000000, LASTBID=770.800000, DURATION=0.000000, LOWVAL=0.000000, imbalance=0.000000, HIGH=776.200000, YIELDATWAPRICE=0.000000, STEPPRICEPRCL=0.000000, OFFERDEPTHT=24654.000000, VALUE=59367.000000, marketvolb=0.000000, PERCENTRATE=0.000000, MIN_CURR_LAST_TI=183800.000000, auctvalue=1541.600000, EXPDATE=0.000000, LASTOFFER=771.200000, QTY=77.000000, COUPONPERIOD=0.000000, CHANGETIME=0.000000, CURSTEPPRICE=0.000000, marketvols=0.000000, SELLDEPO=0.000000, EVNSTARTTIME=0.000000, LOTSIZECHANGEDAT=0.000000, NUMTRADES=1865.000000, CLOSEPRICE=0.000000, HIGHBID=852.000000, FACEVALUE=0.000000, PRICEMVTLIMITT1=0.000000, PRICEMVTLIMIT=0.000000, LOPENPRICE=0.000000, LAST=771.000000, BUYPROFIT=0.000000, SELLPROFIT=0.000000, VOLATILITY=0.000000, CLOSETIME=0.000000, PREVWAPRICE=772.400000, PREVLEGALCLOSEPR=770.200000, BUYDEPO=0.000000, TRADECHANGE=0.000000, LASTTOPREVSTLPRC=0.000000, BIDDEPTHT=53491.000000, auctvolume=2.000000, PREVDATE=20191115.000000, ACCRUEDINT=0.000000, NUMOFFERS=246.000000, CHANGE=0.800000, STRIKE=0.000000, EVNENDTIME=0.000000, BID=770.800000, auctnumtrades=0.000000, TRADINGSTATUS=4.000000, LASTCHANGE=0.100000, CHNGCLOSE=0.000000, REALVMPRICE=0.000000, CLOSEYIELD=0.000000, TIME=183955.000000, MARG=0.000000, AUCTPRICE=770.800000, STEPPRICE=0.000000, NUMBIDS=186.000000, SETTLECODE=8.000000, OPENVAL=0.000000, OPTIONTYPE=0.000000, BGOP=0.000000, NEGNUMTRADES=0.000000, PRICEMINUSPREVWAPRICE=0.000000, CHNGOPEN=0.000000}
2019-11-18T18:44:44.094452 - LSRG[TQBR]
#   Total      Size       Bid       Ask      Size     Total
        0                                                80 
       82         2    770.80    755.60         1        81
       86         4    770.40    771.00      3087      3168
       91         5    770.20    771.20         2      3170
     5092      5001    770.00    771.80        14      3184
     5103        11    769.80    772.00      1921      5105
     5133        30    769.60    772.20       113      5218
     5159        26    769.40    772.40        85      5303
     5162         3    769.20    772.80       142      5445
     5245        83    769.00    773.00       155      5600
     5315        70    768.80    773.60        80      5680
     5331        16    768.60    773.80       200      5880
     6375      1044    768.00    774.00      1957      7837
     6385        10    767.80    774.40       962      8799
     7347       962    767.60    774.60         2      8801
     7351         4    767.40    774.80       501      9302
     7851       500    767.20    775.00        66      9368
     7857         6    767.00    775.20        16      9384
     7997       140    766.80    775.40        50      9434
     8003         6    766.00    775.60         6      9440
     8004         1    765.60    775.80         2      9442
Calculation info: Price    770.80; Imbalance: 1; Total bids: 82, Total asks: 81; 
               Field               SERVER               TOP-20
    AuctionPrice,RUB               770.00              770.80
       AuctionVolume                   81                  81
       LastPrice,RUB               771.00              771.00
          MarketBids                    0                   0
          MarketAsks                   80                  80
         Imbalance,%                                     1.23
        MarketBids:%                0.000               0.000
        MarketAsks:%               98.765              98.765
      TotalValue:RUB            62370.000           62434.800
  AuctionPriceDiff,%               -0.130              -0.026
{OPENPERIODPRICE=770.200000, CLSTATE=0.000000, PRICEMAX=963.400000, ENDTIME=0.000000, STEPPRICET=0.000000, PREVPRICE=770.200000, OPTIONBASE=0.000000, starttime=184001.000000, MIN_CURR_LAST=771.000000, ISSUESIZE=103030215.000000, STEPPRICECL=0.000000, PRICEMIN=576.600000, PREVLOTSIZE=0.000000, MARKETPRICETODAY=0.000000, BUYBACKPRICE=0.000000, MARKETPRICE2=0.000000, CLPRICE=0.000000, PREVSETTLEPRICE=0.000000, THEORPRICE=0.000000, plannedtime=184001.000000, MARKETPRICE=772.400000, WAPRICE=771.400000, ICHANGE=0.000000, OFFERDEPTH=81.000000, PRIMARYDIST=0.000000, LASTVALUE=0.000000, BGONP=0.000000, NEGVALTODAY=0.000000, STARTTIME=184001.000000, LOW=770.000000, BASEPRICE=0.000000, IOPEN=0.000000, LCURRENTPRICE=771.000000, MONSTARTTIME=0.000000, QUOTEBASIS=0.000000, BUYBACKDATE=0.000000, LCLOSEPRICE=0.000000, NEXTCOUPON=0.000000, MONENDTIME=0.000000, HIGHVAL=0.000000, ADMITTEDQUOTE=0.000000, OFFER=755.600000, YIELDATPREVWAPRICE=0.000000, VALTODAY=41756402.000000, SETTLEPRICE=0.000000, PCHANGE=0.000000, LOTSIZE=1.000000, LOWOFFER=754.600000, ISPERCENT=0.000000, YIELD=0.000000, VOLTODAY=54130.000000, endtime=0.000000, MAXOUTVOLUME=0.000000, OPEN=770.200000, CROSSRATE=0.000000, CURRENTVALUE=0.000000, NUMCONTRACTS=0.000000, PREVADMITTEDQUOT=770.200000, COUPONVALUE=0.000000, BIDDEPTH=2.000000, LASTBID=770.800000, DURATION=0.000000, LOWVAL=0.000000, imbalance=0.000000, HIGH=776.200000, YIELDATWAPRICE=0.000000, STEPPRICEPRCL=0.000000, OFFERDEPTHT=24654.000000, VALUE=59367.000000, marketvolb=0.000000, PERCENTRATE=0.000000, MIN_CURR_LAST_TI=183800.000000, auctvalue=62370.000000, EXPDATE=0.000000, LASTOFFER=771.200000, QTY=77.000000, COUPONPERIOD=0.000000, CHANGETIME=0.000000, CURSTEPPRICE=0.000000, marketvols=80.000000, SELLDEPO=0.000000, EVNSTARTTIME=0.000000, LOTSIZECHANGEDAT=0.000000, NUMTRADES=1865.000000, CLOSEPRICE=0.000000, HIGHBID=852.000000, FACEVALUE=0.000000, PRICEMVTLIMITT1=0.000000, PRICEMVTLIMIT=0.000000, LOPENPRICE=0.000000, LAST=771.000000, BUYPROFIT=0.000000, SELLPROFIT=0.000000, VOLATILITY=0.000000, CLOSETIME=0.000000, PREVWAPRICE=772.400000, PREVLEGALCLOSEPR=770.200000, BUYDEPO=0.000000, TRADECHANGE=0.000000, LASTTOPREVSTLPRC=0.000000, BIDDEPTHT=53481.000000, auctvolume=81.000000, PREVDATE=20191115.000000, ACCRUEDINT=0.000000, NUMOFFERS=246.000000, CHANGE=0.800000, STRIKE=0.000000, EVNENDTIME=0.000000, BID=770.800000, auctnumtrades=0.000000, TRADINGSTATUS=4.000000, LASTCHANGE=0.100000, CHNGCLOSE=0.000000, REALVMPRICE=0.000000, CLOSEYIELD=0.000000, TIME=183955.000000, MARG=0.000000, AUCTPRICE=770.000000, STEPPRICE=0.000000, NUMBIDS=185.000000, SETTLECODE=8.000000, OPENVAL=0.000000, OPTIONTYPE=0.000000, BGOP=0.000000, NEGNUMTRADES=0.000000, PRICEMINUSPREVWAPRICE=0.000000, CHNGOPEN=0.000000}
2019-11-18T18:44:46.813202 - LSRG[TQBR]
#   Total      Size       Bid       Ask      Size     Total
        0                                                80 
       82         2    770.80    755.60         1        81
       86         4    770.40    771.00      3090      3171
       91         5    770.20    771.20         2      3173
     5092      5001    770.00    771.80        14      3187
     5103        11    769.80    772.00      1921      5108
     5133        30    769.60    772.20       113      5221
     5159        26    769.40    772.40        85      5306
     5162         3    769.20    772.80       142      5448
     5245        83    769.00    773.00       155      5603
     5315        70    768.80    773.60        80      5683
     5331        16    768.60    773.80       200      5883
     6375      1044    768.00    774.00      1957      7840
     6385        10    767.80    774.40       962      8802
     7347       962    767.60    774.60         2      8804
     7351         4    767.40    774.80       501      9305
     7851       500    767.20    775.00        66      9371
     7857         6    767.00    775.20        16      9387
     7997       140    766.80    775.40        50      9437
     8003         6    766.00    775.60         6      9443
     8004         1    765.60    775.80         2      9445
Calculation info: Price    770.80; Imbalance: 1; Total bids: 82, Total asks: 81; 
               Field               SERVER               TOP-20
    AuctionPrice,RUB               770.00              770.80
       AuctionVolume                   81                  81
       LastPrice,RUB               771.00              771.00
          MarketBids                    0                   0
          MarketAsks                   80                  80
         Imbalance,%                                     1.23
        MarketBids:%                0.000               0.000
        MarketAsks:%               98.765              98.765
      TotalValue:RUB            62370.000           62434.800
  AuctionPriceDiff,%               -0.130              -0.026
{OPENPERIODPRICE=770.200000, CLSTATE=0.000000, PRICEMAX=963.400000, ENDTIME=0.000000, STEPPRICET=0.000000, PREVPRICE=770.200000, OPTIONBASE=0.000000, starttime=184001.000000, MIN_CURR_LAST=771.000000, ISSUESIZE=103030215.000000, STEPPRICECL=0.000000, PRICEMIN=576.600000, PREVLOTSIZE=0.000000, MARKETPRICETODAY=0.000000, BUYBACKPRICE=0.000000, MARKETPRICE2=0.000000, CLPRICE=0.000000, PREVSETTLEPRICE=0.000000, THEORPRICE=0.000000, plannedtime=184001.000000, MARKETPRICE=772.400000, WAPRICE=771.400000, ICHANGE=0.000000, OFFERDEPTH=81.000000, PRIMARYDIST=0.000000, LASTVALUE=0.000000, BGONP=0.000000, NEGVALTODAY=0.000000, STARTTIME=184001.000000, LOW=770.000000, BASEPRICE=0.000000, IOPEN=0.000000, LCURRENTPRICE=771.000000, MONSTARTTIME=0.000000, QUOTEBASIS=0.000000, BUYBACKDATE=0.000000, LCLOSEPRICE=0.000000, NEXTCOUPON=0.000000, MONENDTIME=0.000000, HIGHVAL=0.000000, ADMITTEDQUOTE=0.000000, OFFER=755.600000, YIELDATPREVWAPRICE=0.000000, VALTODAY=41756402.000000, SETTLEPRICE=0.000000, PCHANGE=0.000000, LOTSIZE=1.000000, LOWOFFER=754.600000, ISPERCENT=0.000000, YIELD=0.000000, VOLTODAY=54130.000000, endtime=0.000000, MAXOUTVOLUME=0.000000, OPEN=770.200000, CROSSRATE=0.000000, CURRENTVALUE=0.000000, NUMCONTRACTS=0.000000, PREVADMITTEDQUOT=770.200000, COUPONVALUE=0.000000, BIDDEPTH=2.000000, LASTBID=770.800000, DURATION=0.000000, LOWVAL=0.000000, imbalance=0.000000, HIGH=776.200000, YIELDATWAPRICE=0.000000, STEPPRICEPRCL=0.000000, OFFERDEPTHT=24655.000000, VALUE=59367.000000, marketvolb=0.000000, PERCENTRATE=0.000000, MIN_CURR_LAST_TI=183800.000000, auctvalue=62370.000000, EXPDATE=0.000000, LASTOFFER=771.200000, QTY=77.000000, COUPONPERIOD=0.000000, CHANGETIME=0.000000, CURSTEPPRICE=0.000000, marketvols=80.000000, SELLDEPO=0.000000, EVNSTARTTIME=0.000000, LOTSIZECHANGEDAT=0.000000, NUMTRADES=1865.000000, CLOSEPRICE=0.000000, HIGHBID=852.000000, FACEVALUE=0.000000, PRICEMVTLIMITT1=0.000000, PRICEMVTLIMIT=0.000000, LOPENPRICE=0.000000, LAST=771.000000, BUYPROFIT=0.000000, SELLPROFIT=0.000000, VOLATILITY=0.000000, CLOSETIME=0.000000, PREVWAPRICE=772.400000, PREVLEGALCLOSEPR=770.200000, BUYDEPO=0.000000, TRADECHANGE=0.000000, LASTTOPREVSTLPRC=0.000000, BIDDEPTHT=53481.000000, auctvolume=81.000000, PREVDATE=20191115.000000, ACCRUEDINT=0.000000, NUMOFFERS=247.000000, CHANGE=0.800000, STRIKE=0.000000, EVNENDTIME=0.000000, BID=770.800000, auctnumtrades=0.000000, TRADINGSTATUS=4.000000, LASTCHANGE=0.100000, CHNGCLOSE=0.000000, REALVMPRICE=0.000000, CLOSEYIELD=0.000000, TIME=183955.000000, MARG=0.000000, AUCTPRICE=770.000000, STEPPRICE=0.000000, NUMBIDS=185.000000, SETTLECODE=8.000000, OPENVAL=0.000000, OPTIONTYPE=0.000000, BGOP=0.000000, NEGNUMTRADES=0.000000, PRICEMINUSPREVWAPRICE=0.000000, CHNGOPEN=0.000000}
2019-11-18T18:45:10.203827 - LSRG[TQBR]
#   Total      Size       Bid       Ask      Size     Total
        0                                                80 
       82         2    770.80    755.60         1        81
       86         4    770.40    770.00      5000      5081
       91         5    770.20    771.00        90      5171
     5092      5001    770.00    771.20         2      5173
     5103        11    769.80    771.80        14      5187
     5133        30    769.60    772.00      1921      7108
     5159        26    769.40    772.20       113      7221
     5162         3    769.20    772.40        85      7306
     5245        83    769.00    772.80       142      7448
     5315        70    768.80    773.00       155      7603
     5331        16    768.60    773.60        80      7683
     6375      1044    768.00    773.80       200      7883
     6385        10    767.80    774.00      1957      9840
     7347       962    767.60    774.40       962     10802
     7351         4    767.40    774.60         2     10804
     7851       500    767.20    774.80       501     11305
     7857         6    767.00    775.00        66     11371
     7997       140    766.80    775.20        16     11387
     8003         6    766.00    775.40        50     11437
     8004         1    765.60    775.60         6     11443
Calculation info: Price    770.00; Imbalance: 11; Total bids: 5092, Total asks: 5081; 
               Field               SERVER               TOP-20
    AuctionPrice,RUB               770.00              770.00
       AuctionVolume                 5012                5081
       LastPrice,RUB               771.00              771.00
          MarketBids                    0                   0
          MarketAsks                   80                  80
         Imbalance,%                                     0.22
        MarketBids:%                0.000               0.000
        MarketAsks:%                1.596               1.574
      TotalValue:RUB          3859240.000         3912370.000
  AuctionPriceDiff,%               -0.130              -0.130
Matched calculation!
{OPENPERIODPRICE=770.200000, CLSTATE=0.000000, PRICEMAX=963.400000, ENDTIME=0.000000, STEPPRICET=0.000000, PREVPRICE=770.200000, OPTIONBASE=0.000000, starttime=184001.000000, MIN_CURR_LAST=771.000000, ISSUESIZE=103030215.000000, STEPPRICECL=0.000000, PRICEMIN=576.600000, PREVLOTSIZE=0.000000, MARKETPRICETODAY=0.000000, BUYBACKPRICE=0.000000, MARKETPRICE2=0.000000, CLPRICE=0.000000, PREVSETTLEPRICE=0.000000, THEORPRICE=0.000000, plannedtime=184001.000000, MARKETPRICE=772.400000, WAPRICE=771.400000, ICHANGE=0.000000, OFFERDEPTH=81.000000, PRIMARYDIST=0.000000, LASTVALUE=0.000000, BGONP=0.000000, NEGVALTODAY=0.000000, STARTTIME=184001.000000, LOW=770.000000, BASEPRICE=0.000000, IOPEN=0.000000, LCURRENTPRICE=771.000000, MONSTARTTIME=0.000000, QUOTEBASIS=0.000000, BUYBACKDATE=0.000000, LCLOSEPRICE=0.000000, NEXTCOUPON=0.000000, MONENDTIME=0.000000, HIGHVAL=0.000000, ADMITTEDQUOTE=0.000000, OFFER=755.600000, YIELDATPREVWAPRICE=0.000000, VALTODAY=41756402.000000, SETTLEPRICE=0.000000, PCHANGE=0.000000, LOTSIZE=1.000000, LOWOFFER=754.600000, ISPERCENT=0.000000, YIELD=0.000000, VOLTODAY=54130.000000, endtime=0.000000, MAXOUTVOLUME=0.000000, OPEN=770.200000, CROSSRATE=0.000000, CURRENTVALUE=0.000000, NUMCONTRACTS=0.000000, PREVADMITTEDQUOT=770.200000, COUPONVALUE=0.000000, BIDDEPTH=2.000000, LASTBID=770.800000, DURATION=0.000000, LOWVAL=0.000000, imbalance=0.000000, HIGH=776.200000, YIELDATWAPRICE=0.000000, STEPPRICEPRCL=0.000000, OFFERDEPTHT=26658.000000, VALUE=59367.000000, marketvolb=0.000000, PERCENTRATE=0.000000, MIN_CURR_LAST_TI=183800.000000, auctvalue=3859240.000000, EXPDATE=0.000000, LASTOFFER=771.200000, QTY=77.000000, COUPONPERIOD=0.000000, CHANGETIME=0.000000, CURSTEPPRICE=0.000000, marketvols=80.000000, SELLDEPO=0.000000, EVNSTARTTIME=0.000000, LOTSIZECHANGEDAT=0.000000, NUMTRADES=1865.000000, CLOSEPRICE=0.000000, HIGHBID=852.000000, FACEVALUE=0.000000, PRICEMVTLIMITT1=0.000000, PRICEMVTLIMIT=0.000000, LOPENPRICE=0.000000, LAST=771.000000, BUYPROFIT=0.000000, SELLPROFIT=0.000000, VOLATILITY=0.000000, CLOSETIME=0.000000, PREVWAPRICE=772.400000, PREVLEGALCLOSEPR=770.200000, BUYDEPO=0.000000, TRADECHANGE=0.000000, LASTTOPREVSTLPRC=0.000000, BIDDEPTHT=53481.000000, auctvolume=5012.000000, PREVDATE=20191115.000000, ACCRUEDINT=0.000000, NUMOFFERS=248.000000, CHANGE=0.800000, STRIKE=0.000000, EVNENDTIME=0.000000, BID=770.800000, auctnumtrades=0.000000, TRADINGSTATUS=4.000000, LASTCHANGE=0.100000, CHNGCLOSE=0.000000, REALVMPRICE=0.000000, CLOSEYIELD=0.000000, TIME=183955.000000, MARG=0.000000, AUCTPRICE=770.000000, STEPPRICE=0.000000, NUMBIDS=185.000000, SETTLECODE=8.000000, OPENVAL=0.000000, OPTIONTYPE=0.000000, BGOP=0.000000, NEGNUMTRADES=0.000000, PRICEMINUSPREVWAPRICE=0.000000, CHNGOPEN=0.000000}
2019-11-18T18:45:30.172577 - LSRG[TQBR]
#   Total      Size       Bid       Ask      Size     Total
        0                                                 0 
                                  770.00        69        69
{OPENPERIODPRICE=770.200000, CLSTATE=0.000000, PRICEMAX=963.400000, ENDTIME=0.000000, STEPPRICET=0.000000, PREVPRICE=770.200000, OPTIONBASE=0.000000, starttime=184525.000000, MIN_CURR_LAST=771.000000, ISSUESIZE=103030215.000000, STEPPRICECL=0.000000, PRICEMIN=576.600000, PREVLOTSIZE=0.000000, MARKETPRICETODAY=0.000000, BUYBACKPRICE=0.000000, MARKETPRICE2=0.000000, CLPRICE=0.000000, PREVSETTLEPRICE=0.000000, THEORPRICE=0.000000, plannedtime=184525.000000, MARKETPRICE=772.400000, WAPRICE=771.400000, ICHANGE=0.000000, OFFERDEPTH=69.000000, PRIMARYDIST=0.000000, LASTVALUE=0.000000, BGONP=0.000000, NEGVALTODAY=0.000000, STARTTIME=184525.000000, LOW=770.000000, BASEPRICE=0.000000, IOPEN=0.000000, LCURRENTPRICE=771.000000, MONSTARTTIME=0.000000, QUOTEBASIS=0.000000, BUYBACKDATE=0.000000, LCLOSEPRICE=0.000000, NEXTCOUPON=0.000000, MONENDTIME=0.000000, HIGHVAL=0.000000, ADMITTEDQUOTE=0.000000, OFFER=770.000000, YIELDATPREVWAPRICE=0.000000, VALTODAY=45615642.000000, SETTLEPRICE=0.000000, PCHANGE=0.000000, LOTSIZE=1.000000, LOWOFFER=754.600000, ISPERCENT=0.000000, YIELD=0.000000, VOLTODAY=59142.000000, endtime=0.000000, MAXOUTVOLUME=0.000000, OPEN=770.200000, CROSSRATE=0.000000, CURRENTVALUE=0.000000, NUMCONTRACTS=0.000000, PREVADMITTEDQUOT=770.200000, COUPONVALUE=0.000000, BIDDEPTH=0.000000, LASTBID=770.800000, DURATION=0.000000, LOWVAL=0.000000, imbalance=0.000000, HIGH=776.200000, YIELDATWAPRICE=0.000000, STEPPRICEPRCL=0.000000, OFFERDEPTHT=26658.000000, VALUE=3796870.000000, marketvolb=0.000000, PERCENTRATE=0.000000, MIN_CURR_LAST_TI=183800.000000, auctvalue=0.000000, EXPDATE=0.000000, LASTOFFER=771.200000, QTY=4931.000000, COUPONPERIOD=0.000000, CHANGETIME=0.000000, CURSTEPPRICE=0.000000, marketvols=0.000000, SELLDEPO=0.000000, EVNSTARTTIME=0.000000, LOTSIZECHANGEDAT=0.000000, NUMTRADES=1873.000000, CLOSEPRICE=0.000000, HIGHBID=852.000000, FACEVALUE=0.000000, PRICEMVTLIMITT1=0.000000, PRICEMVTLIMIT=0.000000, LOPENPRICE=0.000000, LAST=770.000000, BUYPROFIT=0.000000, SELLPROFIT=0.000000, VOLATILITY=0.000000, CLOSETIME=0.000000, PREVWAPRICE=772.400000, PREVLEGALCLOSEPR=770.200000, BUYDEPO=0.000000, TRADECHANGE=0.000000, LASTTOPREVSTLPRC=0.000000, BIDDEPTHT=53481.000000, auctvolume=0.000000, PREVDATE=20191115.000000, ACCRUEDINT=0.000000, NUMOFFERS=248.000000, CHANGE=-0.200000, STRIKE=0.000000, EVNENDTIME=0.000000, BID=0.000000, auctnumtrades=0.000000, TRADINGSTATUS=5.000000, LASTCHANGE=-0.030000, CHNGCLOSE=0.000000, REALVMPRICE=0.000000, CLOSEYIELD=0.000000, TIME=184525.000000, MARG=0.000000, AUCTPRICE=770.000000, STEPPRICE=0.000000, NUMBIDS=185.000000, SETTLECODE=8.000000, OPENVAL=0.000000, OPTIONTYPE=0.000000, BGOP=0.000000, NEGNUMTRADES=0.000000, PRICEMINUSPREVWAPRICE=0.000000, CHNGOPEN=0.000000}
2019-11-18T18:45:34.672577 - LSRG[TQBR]
#   Total      Size       Bid       Ask      Size     Total
        0                                                 0 
     4931      4931    770.00                                
{OPENPERIODPRICE=770.200000, CLSTATE=0.000000, PRICEMAX=963.400000, ENDTIME=0.000000, STEPPRICET=0.000000, PREVPRICE=770.200000, OPTIONBASE=0.000000, starttime=184525.000000, MIN_CURR_LAST=771.000000, ISSUESIZE=103030215.000000, STEPPRICECL=0.000000, PRICEMIN=576.600000, PREVLOTSIZE=0.000000, MARKETPRICETODAY=0.000000, BUYBACKPRICE=0.000000, MARKETPRICE2=0.000000, CLPRICE=0.000000, PREVSETTLEPRICE=0.000000, THEORPRICE=0.000000, plannedtime=184525.000000, MARKETPRICE=772.400000, WAPRICE=771.400000, ICHANGE=0.000000, OFFERDEPTH=0.000000, PRIMARYDIST=0.000000, LASTVALUE=0.000000, BGONP=0.000000, NEGVALTODAY=0.000000, STARTTIME=184525.000000, LOW=770.000000, BASEPRICE=0.000000, IOPEN=0.000000, LCURRENTPRICE=771.000000, MONSTARTTIME=0.000000, QUOTEBASIS=0.000000, BUYBACKDATE=0.000000, LCLOSEPRICE=0.000000, NEXTCOUPON=0.000000, MONENDTIME=0.000000, HIGHVAL=0.000000, ADMITTEDQUOTE=0.000000, OFFER=0.000000, YIELDATPREVWAPRICE=0.000000, VALTODAY=45668772.000000, SETTLEPRICE=0.000000, PCHANGE=0.000000, LOTSIZE=1.000000, LOWOFFER=754.600000, ISPERCENT=0.000000, YIELD=0.000000, VOLTODAY=59211.000000, endtime=0.000000, MAXOUTVOLUME=0.000000, OPEN=770.200000, CROSSRATE=0.000000, CURRENTVALUE=0.000000, NUMCONTRACTS=0.000000, PREVADMITTEDQUOT=770.200000, COUPONVALUE=0.000000, BIDDEPTH=4931.000000, LASTBID=770.800000, DURATION=0.000000, LOWVAL=0.000000, imbalance=0.000000, HIGH=776.200000, YIELDATWAPRICE=0.000000, STEPPRICEPRCL=0.000000, OFFERDEPTHT=69.000000, VALUE=53130.000000, marketvolb=0.000000, PERCENTRATE=0.000000, MIN_CURR_LAST_TI=183800.000000, auctvalue=0.000000, EXPDATE=0.000000, LASTOFFER=771.200000, QTY=69.000000, COUPONPERIOD=0.000000, CHANGETIME=0.000000, CURSTEPPRICE=0.000000, marketvols=0.000000, SELLDEPO=0.000000, EVNSTARTTIME=0.000000, LOTSIZECHANGEDAT=0.000000, NUMTRADES=1874.000000, CLOSEPRICE=0.000000, HIGHBID=852.000000, FACEVALUE=0.000000, PRICEMVTLIMITT1=0.000000, PRICEMVTLIMIT=0.000000, LOPENPRICE=0.000000, LAST=770.000000, BUYPROFIT=0.000000, SELLPROFIT=0.000000, VOLATILITY=0.000000, CLOSETIME=0.000000, PREVWAPRICE=772.400000, PREVLEGALCLOSEPR=770.200000, BUYDEPO=0.000000, TRADECHANGE=0.000000, LASTTOPREVSTLPRC=0.000000, BIDDEPTHT=0.000000, auctvolume=0.000000, PREVDATE=20191115.000000, ACCRUEDINT=0.000000, NUMOFFERS=1.000000, CHANGE=-0.200000, STRIKE=0.000000, EVNENDTIME=0.000000, BID=770.000000, auctnumtrades=0.000000, TRADINGSTATUS=5.000000, LASTCHANGE=-0.030000, CHNGCLOSE=0.000000, REALVMPRICE=0.000000, CLOSEYIELD=0.000000, TIME=184530.000000, MARG=0.000000, AUCTPRICE=770.000000, STEPPRICE=0.000000, NUMBIDS=0.000000, SETTLECODE=8.000000, OPENVAL=0.000000, OPTIONTYPE=0.000000, BGOP=0.000000, NEGNUMTRADES=0.000000, PRICEMINUSPREVWAPRICE=0.000000, CHNGOPEN=0.000000}
2019-11-18T18:45:46.828827 - LSRG[TQBR]
#   Total      Size       Bid       Ask      Size     Total
        0                                                 0 
                                  770.00        69        69
{OPENPERIODPRICE=770.200000, CLSTATE=0.000000, PRICEMAX=963.400000, ENDTIME=0.000000, STEPPRICET=0.000000, PREVPRICE=770.200000, OPTIONBASE=0.000000, starttime=184525.000000, MIN_CURR_LAST=771.000000, ISSUESIZE=103030215.000000, STEPPRICECL=0.000000, PRICEMIN=576.600000, PREVLOTSIZE=0.000000, MARKETPRICETODAY=0.000000, BUYBACKPRICE=0.000000, MARKETPRICE2=0.000000, CLPRICE=0.000000, PREVSETTLEPRICE=0.000000, THEORPRICE=0.000000, plannedtime=184525.000000, MARKETPRICE=772.400000, WAPRICE=771.200000, ICHANGE=0.000000, OFFERDEPTH=69.000000, PRIMARYDIST=0.000000, LASTVALUE=0.000000, BGONP=0.000000, NEGVALTODAY=0.000000, STARTTIME=184525.000000, LOW=770.000000, BASEPRICE=0.000000, IOPEN=0.000000, LCURRENTPRICE=771.000000, MONSTARTTIME=0.000000, QUOTEBASIS=0.000000, BUYBACKDATE=0.000000, LCLOSEPRICE=0.000000, NEXTCOUPON=0.000000, MONENDTIME=0.000000, HIGHVAL=0.000000, ADMITTEDQUOTE=0.000000, OFFER=770.000000, YIELDATPREVWAPRICE=0.000000, VALTODAY=49465642.000000, SETTLEPRICE=0.000000, PCHANGE=0.000000, LOTSIZE=1.000000, LOWOFFER=754.600000, ISPERCENT=0.000000, YIELD=0.000000, VOLTODAY=64142.000000, endtime=0.000000, MAXOUTVOLUME=0.000000, OPEN=770.200000, CROSSRATE=0.000000, CURRENTVALUE=0.000000, NUMCONTRACTS=0.000000, PREVADMITTEDQUOT=770.200000, COUPONVALUE=0.000000, BIDDEPTH=0.000000, LASTBID=770.800000, DURATION=0.000000, LOWVAL=0.000000, imbalance=0.000000, HIGH=776.200000, YIELDATWAPRICE=0.000000, STEPPRICEPRCL=0.000000, OFFERDEPTHT=0.000000, VALUE=3796870.000000, marketvolb=0.000000, PERCENTRATE=0.000000, MIN_CURR_LAST_TI=183800.000000, auctvalue=3850000.000000, EXPDATE=0.000000, LASTOFFER=771.200000, QTY=4931.000000, COUPONPERIOD=0.000000, CHANGETIME=0.000000, CURSTEPPRICE=0.000000, marketvols=0.000000, SELLDEPO=0.000000, EVNSTARTTIME=0.000000, LOTSIZECHANGEDAT=0.000000, NUMTRADES=1875.000000, CLOSEPRICE=0.000000, HIGHBID=852.000000, FACEVALUE=0.000000, PRICEMVTLIMITT1=0.000000, PRICEMVTLIMIT=0.000000, LOPENPRICE=0.000000, LAST=770.000000, BUYPROFIT=0.000000, SELLPROFIT=0.000000, VOLATILITY=0.000000, CLOSETIME=0.000000, PREVWAPRICE=772.400000, PREVLEGALCLOSEPR=770.200000, BUYDEPO=0.000000, TRADECHANGE=0.000000, LASTTOPREVSTLPRC=0.000000, BIDDEPTHT=4931.000000, auctvolume=5000.000000, PREVDATE=20191115.000000, ACCRUEDINT=0.000000, NUMOFFERS=0.000000, CHANGE=-0.200000, STRIKE=0.000000, EVNENDTIME=0.000000, BID=0.000000, auctnumtrades=2.000000, TRADINGSTATUS=5.000000, LASTCHANGE=-0.030000, CHNGCLOSE=0.000000, REALVMPRICE=0.000000, CLOSEYIELD=0.000000, TIME=184546.000000, MARG=0.000000, AUCTPRICE=770.000000, STEPPRICE=0.000000, NUMBIDS=1.000000, SETTLECODE=8.000000, OPENVAL=0.000000, OPTIONTYPE=0.000000, BGOP=0.000000, NEGNUMTRADES=0.000000, PRICEMINUSPREVWAPRICE=0.000000, CHNGOPEN=0.000000}
2019-11-18T18:47:10.281952 - LSRG[TQBR]
#   Total      Size       Bid       Ask      Size     Total
        0                                                 0 
     4931      4931    770.00                                
{OPENPERIODPRICE=770.200000, CLSTATE=0.000000, PRICEMAX=963.400000, ENDTIME=0.000000, STEPPRICET=0.000000, PREVPRICE=770.200000, OPTIONBASE=0.000000, starttime=184525.000000, MIN_CURR_LAST=770.000000, ISSUESIZE=103030215.000000, STEPPRICECL=0.000000, PRICEMIN=576.600000, PREVLOTSIZE=0.000000, MARKETPRICETODAY=0.000000, BUYBACKPRICE=0.000000, MARKETPRICE2=0.000000, CLPRICE=0.000000, PREVSETTLEPRICE=0.000000, THEORPRICE=0.000000, plannedtime=184525.000000, MARKETPRICE=772.400000, WAPRICE=771.200000, ICHANGE=0.000000, OFFERDEPTH=0.000000, PRIMARYDIST=0.000000, LASTVALUE=0.000000, BGONP=0.000000, NEGVALTODAY=0.000000, STARTTIME=184525.000000, LOW=770.000000, BASEPRICE=0.000000, IOPEN=0.000000, LCURRENTPRICE=770.000000, MONSTARTTIME=0.000000, QUOTEBASIS=0.000000, BUYBACKDATE=0.000000, LCLOSEPRICE=0.000000, NEXTCOUPON=0.000000, MONENDTIME=0.000000, HIGHVAL=0.000000, ADMITTEDQUOTE=0.000000, OFFER=0.000000, YIELDATPREVWAPRICE=0.000000, VALTODAY=49518772.000000, SETTLEPRICE=0.000000, PCHANGE=0.000000, LOTSIZE=1.000000, LOWOFFER=754.600000, ISPERCENT=0.000000, YIELD=0.000000, VOLTODAY=64211.000000, endtime=0.000000, MAXOUTVOLUME=0.000000, OPEN=770.200000, CROSSRATE=0.000000, CURRENTVALUE=0.000000, NUMCONTRACTS=0.000000, PREVADMITTEDQUOT=770.200000, COUPONVALUE=0.000000, BIDDEPTH=4931.000000, LASTBID=770.800000, DURATION=0.000000, LOWVAL=0.000000, imbalance=0.000000, HIGH=776.200000, YIELDATWAPRICE=0.000000, STEPPRICEPRCL=0.000000, OFFERDEPTHT=69.000000, VALUE=53130.000000, marketvolb=0.000000, PERCENTRATE=0.000000, MIN_CURR_LAST_TI=184600.000000, auctvalue=3903130.000000, EXPDATE=0.000000, LASTOFFER=771.200000, QTY=69.000000, COUPONPERIOD=0.000000, CHANGETIME=0.000000, CURSTEPPRICE=0.000000, marketvols=0.000000, SELLDEPO=0.000000, EVNSTARTTIME=0.000000, LOTSIZECHANGEDAT=0.000000, NUMTRADES=1876.000000, CLOSEPRICE=0.000000, HIGHBID=852.000000, FACEVALUE=0.000000, PRICEMVTLIMITT1=0.000000, PRICEMVTLIMIT=0.000000, LOPENPRICE=0.000000, LAST=770.000000, BUYPROFIT=0.000000, SELLPROFIT=0.000000, VOLATILITY=0.000000, CLOSETIME=0.000000, PREVWAPRICE=772.400000, PREVLEGALCLOSEPR=770.200000, BUYDEPO=0.000000, TRADECHANGE=0.000000, LASTTOPREVSTLPRC=0.000000, BIDDEPTHT=0.000000, auctvolume=5069.000000, PREVDATE=20191115.000000, ACCRUEDINT=0.000000, NUMOFFERS=1.000000, CHANGE=-0.200000, STRIKE=0.000000, EVNENDTIME=0.000000, BID=770.000000, auctnumtrades=3.000000, TRADINGSTATUS=5.000000, LASTCHANGE=-0.030000, CHNGCLOSE=0.000000, REALVMPRICE=0.000000, CLOSEYIELD=0.000000, TIME=184710.000000, MARG=0.000000, AUCTPRICE=770.000000, STEPPRICE=0.000000, NUMBIDS=0.000000, SETTLECODE=8.000000, OPENVAL=0.000000, OPTIONTYPE=0.000000, BGOP=0.000000, NEGNUMTRADES=0.000000, PRICEMINUSPREVWAPRICE=0.000000, CHNGOPEN=0.000000}
2019-11-18T18:47:37.625702 - LSRG[TQBR]
#   Total      Size       Bid       Ask      Size     Total
        0                                                 0 
     2259      2259    770.00                                
{OPENPERIODPRICE=770.200000, CLSTATE=0.000000, PRICEMAX=963.400000, ENDTIME=0.000000, STEPPRICET=0.000000, PREVPRICE=770.200000, OPTIONBASE=0.000000, starttime=184525.000000, MIN_CURR_LAST=770.000000, ISSUESIZE=103030215.000000, STEPPRICECL=0.000000, PRICEMIN=576.600000, PREVLOTSIZE=0.000000, MARKETPRICETODAY=0.000000, BUYBACKPRICE=0.000000, MARKETPRICE2=0.000000, CLPRICE=0.000000, PREVSETTLEPRICE=0.000000, THEORPRICE=0.000000, plannedtime=184525.000000, MARKETPRICE=772.400000, WAPRICE=771.200000, ICHANGE=0.000000, OFFERDEPTH=0.000000, PRIMARYDIST=0.000000, LASTVALUE=0.000000, BGONP=0.000000, NEGVALTODAY=0.000000, STARTTIME=184525.000000, LOW=770.000000, BASEPRICE=0.000000, IOPEN=0.000000, LCURRENTPRICE=770.000000, MONSTARTTIME=0.000000, QUOTEBASIS=0.000000, BUYBACKDATE=0.000000, LCLOSEPRICE=0.000000, NEXTCOUPON=0.000000, MONENDTIME=0.000000, HIGHVAL=0.000000, ADMITTEDQUOTE=0.000000, OFFER=0.000000, YIELDATPREVWAPRICE=0.000000, VALTODAY=51576212.000000, SETTLEPRICE=0.000000, PCHANGE=0.000000, LOTSIZE=1.000000, LOWOFFER=754.600000, ISPERCENT=0.000000, YIELD=0.000000, VOLTODAY=66883.000000, endtime=0.000000, MAXOUTVOLUME=0.000000, OPEN=770.200000, CROSSRATE=0.000000, CURRENTVALUE=0.000000, NUMCONTRACTS=0.000000, PREVADMITTEDQUOT=770.200000, COUPONVALUE=0.000000, BIDDEPTH=2259.000000, LASTBID=770.800000, DURATION=0.000000, LOWVAL=0.000000, imbalance=0.000000, HIGH=776.200000, YIELDATWAPRICE=0.000000, STEPPRICEPRCL=0.000000, OFFERDEPTHT=0.000000, VALUE=2057440.000000, marketvolb=0.000000, PERCENTRATE=0.000000, MIN_CURR_LAST_TI=184600.000000, auctvalue=5960570.000000, EXPDATE=0.000000, LASTOFFER=771.200000, QTY=2672.000000, COUPONPERIOD=0.000000, CHANGETIME=0.000000, CURSTEPPRICE=0.000000, marketvols=0.000000, SELLDEPO=0.000000, EVNSTARTTIME=0.000000, LOTSIZECHANGEDAT=0.000000, NUMTRADES=1877.000000, CLOSEPRICE=0.000000, HIGHBID=852.000000, FACEVALUE=0.000000, PRICEMVTLIMITT1=0.000000, PRICEMVTLIMIT=0.000000, LOPENPRICE=0.000000, LAST=770.000000, BUYPROFIT=0.000000, SELLPROFIT=0.000000, VOLATILITY=0.000000, CLOSETIME=0.000000, PREVWAPRICE=772.400000, PREVLEGALCLOSEPR=770.200000, BUYDEPO=0.000000, TRADECHANGE=0.000000, LASTTOPREVSTLPRC=0.000000, BIDDEPTHT=4931.000000, auctvolume=7741.000000, PREVDATE=20191115.000000, ACCRUEDINT=0.000000, NUMOFFERS=0.000000, CHANGE=-0.200000, STRIKE=0.000000, EVNENDTIME=0.000000, BID=770.000000, auctnumtrades=4.000000, TRADINGSTATUS=5.000000, LASTCHANGE=-0.030000, CHNGCLOSE=0.000000, REALVMPRICE=0.000000, CLOSEYIELD=0.000000, TIME=184737.000000, MARG=0.000000, AUCTPRICE=770.000000, STEPPRICE=0.000000, NUMBIDS=1.000000, SETTLECODE=8.000000, OPENVAL=0.000000, OPTIONTYPE=0.000000, BGOP=0.000000, NEGNUMTRADES=0.000000, PRICEMINUSPREVWAPRICE=0.000000, CHNGOPEN=0.000000}
2019-11-18T18:47:55.922577 - LSRG[TQBR]
#   Total      Size       Bid       Ask      Size     Total
        0                                                 0 
     7259      7259    770.00                                
{OPENPERIODPRICE=770.200000, CLSTATE=0.000000, PRICEMAX=963.400000, ENDTIME=0.000000, STEPPRICET=0.000000, PREVPRICE=770.200000, OPTIONBASE=0.000000, starttime=184525.000000, MIN_CURR_LAST=770.000000, ISSUESIZE=103030215.000000, STEPPRICECL=0.000000, PRICEMIN=576.600000, PREVLOTSIZE=0.000000, MARKETPRICETODAY=0.000000, BUYBACKPRICE=0.000000, MARKETPRICE2=0.000000, CLPRICE=0.000000, PREVSETTLEPRICE=0.000000, THEORPRICE=0.000000, plannedtime=184525.000000, MARKETPRICE=772.400000, WAPRICE=771.200000, ICHANGE=0.000000, OFFERDEPTH=0.000000, PRIMARYDIST=0.000000, LASTVALUE=0.000000, BGONP=0.000000, NEGVALTODAY=0.000000, STARTTIME=184525.000000, LOW=770.000000, BASEPRICE=0.000000, IOPEN=0.000000, LCURRENTPRICE=770.000000, MONSTARTTIME=0.000000, QUOTEBASIS=0.000000, BUYBACKDATE=0.000000, LCLOSEPRICE=0.000000, NEXTCOUPON=0.000000, MONENDTIME=0.000000, HIGHVAL=0.000000, ADMITTEDQUOTE=0.000000, OFFER=0.000000, YIELDATPREVWAPRICE=0.000000, VALTODAY=51576212.000000, SETTLEPRICE=0.000000, PCHANGE=0.000000, LOTSIZE=1.000000, LOWOFFER=754.600000, ISPERCENT=0.000000, YIELD=0.000000, VOLTODAY=66883.000000, endtime=0.000000, MAXOUTVOLUME=0.000000, OPEN=770.200000, CROSSRATE=0.000000, CURRENTVALUE=0.000000, NUMCONTRACTS=0.000000, PREVADMITTEDQUOT=770.200000, COUPONVALUE=0.000000, BIDDEPTH=7259.000000, LASTBID=770.800000, DURATION=0.000000, LOWVAL=0.000000, imbalance=0.000000, HIGH=776.200000, YIELDATWAPRICE=0.000000, STEPPRICEPRCL=0.000000, OFFERDEPTHT=0.000000, VALUE=2057440.000000, marketvolb=0.000000, PERCENTRATE=0.000000, MIN_CURR_LAST_TI=184600.000000, auctvalue=5960570.000000, EXPDATE=0.000000, LASTOFFER=771.200000, QTY=2672.000000, COUPONPERIOD=0.000000, CHANGETIME=0.000000, CURSTEPPRICE=0.000000, marketvols=0.000000, SELLDEPO=0.000000, EVNSTARTTIME=0.000000, LOTSIZECHANGEDAT=0.000000, NUMTRADES=1877.000000, CLOSEPRICE=0.000000, HIGHBID=852.000000, FACEVALUE=0.000000, PRICEMVTLIMITT1=0.000000, PRICEMVTLIMIT=0.000000, LOPENPRICE=0.000000, LAST=770.000000, BUYPROFIT=0.000000, SELLPROFIT=0.000000, VOLATILITY=0.000000, CLOSETIME=0.000000, PREVWAPRICE=772.400000, PREVLEGALCLOSEPR=770.200000, BUYDEPO=0.000000, TRADECHANGE=0.000000, LASTTOPREVSTLPRC=0.000000, BIDDEPTHT=7259.000000, auctvolume=7741.000000, PREVDATE=20191115.000000, ACCRUEDINT=0.000000, NUMOFFERS=0.000000, CHANGE=-0.200000, STRIKE=0.000000, EVNENDTIME=0.000000, BID=770.000000, auctnumtrades=4.000000, TRADINGSTATUS=5.000000, LASTCHANGE=-0.030000, CHNGCLOSE=0.000000, REALVMPRICE=0.000000, CLOSEYIELD=0.000000, TIME=184737.000000, MARG=0.000000, AUCTPRICE=770.000000, STEPPRICE=0.000000, NUMBIDS=2.000000, SETTLECODE=8.000000, OPENVAL=0.000000, OPTIONTYPE=0.000000, BGOP=0.000000, NEGNUMTRADES=0.000000, PRICEMINUSPREVWAPRICE=0.000000, CHNGOPEN=0.000000}
2019-11-18T18:48:44.097382 - LSRG[TQBR]
#   Total      Size       Bid       Ask      Size     Total
        0                                                 0 
     7260      7260    770.00                                
{OPENPERIODPRICE=770.200000, CLSTATE=0.000000, PRICEMAX=963.400000, ENDTIME=0.000000, STEPPRICET=0.000000, PREVPRICE=770.200000, OPTIONBASE=0.000000, starttime=184525.000000, MIN_CURR_LAST=770.000000, ISSUESIZE=103030215.000000, STEPPRICECL=0.000000, PRICEMIN=576.600000, PREVLOTSIZE=0.000000, MARKETPRICETODAY=0.000000, BUYBACKPRICE=0.000000, MARKETPRICE2=0.000000, CLPRICE=0.000000, PREVSETTLEPRICE=0.000000, THEORPRICE=0.000000, plannedtime=184525.000000, MARKETPRICE=772.400000, WAPRICE=771.200000, ICHANGE=0.000000, OFFERDEPTH=0.000000, PRIMARYDIST=0.000000, LASTVALUE=0.000000, BGONP=0.000000, NEGVALTODAY=0.000000, STARTTIME=184525.000000, LOW=770.000000, BASEPRICE=0.000000, IOPEN=0.000000, LCURRENTPRICE=770.000000, MONSTARTTIME=0.000000, QUOTEBASIS=0.000000, BUYBACKDATE=0.000000, LCLOSEPRICE=0.000000, NEXTCOUPON=0.000000, MONENDTIME=0.000000, HIGHVAL=0.000000, ADMITTEDQUOTE=0.000000, OFFER=0.000000, YIELDATPREVWAPRICE=0.000000, VALTODAY=51576212.000000, SETTLEPRICE=0.000000, PCHANGE=0.000000, LOTSIZE=1.000000, LOWOFFER=754.600000, ISPERCENT=0.000000, YIELD=0.000000, VOLTODAY=66883.000000, endtime=0.000000, MAXOUTVOLUME=0.000000, OPEN=770.200000, CROSSRATE=0.000000, CURRENTVALUE=0.000000, NUMCONTRACTS=0.000000, PREVADMITTEDQUOT=770.200000, COUPONVALUE=0.000000, BIDDEPTH=7260.000000, LASTBID=770.800000, DURATION=0.000000, LOWVAL=0.000000, imbalance=0.000000, HIGH=776.200000, YIELDATWAPRICE=0.000000, STEPPRICEPRCL=0.000000, OFFERDEPTHT=0.000000, VALUE=2057440.000000, marketvolb=0.000000, PERCENTRATE=0.000000, MIN_CURR_LAST_TI=184600.000000, auctvalue=5960570.000000, EXPDATE=0.000000, LASTOFFER=771.200000, QTY=2672.000000, COUPONPERIOD=0.000000, CHANGETIME=0.000000, CURSTEPPRICE=0.000000, marketvols=0.000000, SELLDEPO=0.000000, EVNSTARTTIME=0.000000, LOTSIZECHANGEDAT=0.000000, NUMTRADES=1877.000000, CLOSEPRICE=0.000000, HIGHBID=852.000000, FACEVALUE=0.000000, PRICEMVTLIMITT1=0.000000, PRICEMVTLIMIT=0.000000, LOPENPRICE=0.000000, LAST=770.000000, BUYPROFIT=0.000000, SELLPROFIT=0.000000, VOLATILITY=0.000000, CLOSETIME=0.000000, PREVWAPRICE=772.400000, PREVLEGALCLOSEPR=770.200000, BUYDEPO=0.000000, TRADECHANGE=0.000000, LASTTOPREVSTLPRC=0.000000, BIDDEPTHT=7259.000000, auctvolume=7741.000000, PREVDATE=20191115.000000, ACCRUEDINT=0.000000, NUMOFFERS=0.000000, CHANGE=-0.200000, STRIKE=0.000000, EVNENDTIME=0.000000, BID=770.000000, auctnumtrades=4.000000, TRADINGSTATUS=5.000000, LASTCHANGE=-0.030000, CHNGCLOSE=0.000000, REALVMPRICE=0.000000, CLOSEYIELD=0.000000, TIME=184737.000000, MARG=0.000000, AUCTPRICE=770.000000, STEPPRICE=0.000000, NUMBIDS=2.000000, SETTLECODE=8.000000, OPENVAL=0.000000, OPTIONTYPE=0.000000, BGOP=0.000000, NEGNUMTRADES=0.000000, PRICEMINUSPREVWAPRICE=0.000000, CHNGOPEN=0.000000}
