2019-11-18T18:40:01.301907 - RSTIP[TQBR]
#   Total      Size       Bid       Ask      Size     Total
        0                                                 0 
       19        19      1.45      1.45        24        24
       22         3      1.45      1.46        77       101
      173       151      1.45      1.46         8       109
      318       145      1.45      1.46        14       123
      344        26      1.45      1.46        55       178
      855       511      1.45      1.46        63       241
      856         1      1.44      1.46        90       331
      887        31      1.44      1.46        69       400
     1008       121      1.44      1.46        81       481
     1199       191      1.44      1.46       301       782
     1201         2      1.44      1.46         7       789
     1205         4      1.44      1.47        65       854
     1220        15      1.44      1.47        36       890
     1224         4      1.44      1.47        18       908
     1235        11      1.44      1.47        66       974
     1335       100      1.43      1.47       716      1690
     1347        12      1.43      1.47        45      1735
     1350         3      1.43      1.47        50      1785
     1391        41      1.43      1.47         3      1788
     1483        92      1.43      1.48       111      1899
{OPENPERIODPRICE=0.000000, CLSTATE=0.000000, PRICEMAX=1.808000, ENDTIME=95957.000000, STEPPRICET=0.000000, PREVPRICE=1.446000, OPTIONBASE=0.000000, starttime=95000.000000, MIN_CURR_LAST=1.452000, ISSUESIZE=2075149384.000000, STEPPRICECL=0.000000, PRICEMIN=1.083000, PREVLOTSIZE=0.000000, MARKETPRICETODAY=0.000000, BUYBACKPRICE=0.000000, MARKETPRICE2=0.000000, CLPRICE=0.000000, PREVSETTLEPRICE=0.000000, THEORPRICE=0.000000, plannedtime=95000.000000, MARKETPRICE=1.448000, WAPRICE=1.454000, ICHANGE=0.000000, OFFERDEPTH=24.000000, PRIMARYDIST=0.000000, LASTVALUE=0.000000, BGONP=0.000000, NEGVALTODAY=0.000000, STARTTIME=95000.000000, LOW=1.448000, BASEPRICE=0.000000, IOPEN=0.000000, LCURRENTPRICE=1.452000, MONSTARTTIME=0.000000, QUOTEBASIS=0.000000, BUYBACKDATE=0.000000, LCLOSEPRICE=0.000000, NEXTCOUPON=0.000000, MONENDTIME=0.000000, HIGHVAL=0.000000, ADMITTEDQUOTE=0.000000, OFFER=1.454000, YIELDATPREVWAPRICE=0.000000, VALTODAY=2789368.000000, SETTLEPRICE=0.000000, PCHANGE=0.000000, LOTSIZE=1000.000000, LOWOFFER=1.426000, ISPERCENT=0.000000, YIELD=0.000000, VOLTODAY=1918000.000000, endtime=95957.000000, MAXOUTVOLUME=0.000000, OPEN=1.448000, CROSSRATE=0.000000, CURRENTVALUE=0.000000, NUMCONTRACTS=0.000000, PREVADMITTEDQUOT=1.446000, COUPONVALUE=0.000000, BIDDEPTH=19.000000, LASTBID=1.450000, DURATION=0.000000, LOWVAL=0.000000, imbalance=0.000000, HIGH=1.460000, YIELDATWAPRICE=0.000000, STEPPRICEPRCL=0.000000, OFFERDEPTHT=9877.000000, VALUE=1454.000000, marketvolb=0.000000, PERCENTRATE=0.000000, MIN_CURR_LAST_TI=183700.000000, auctvalue=0.000000, EXPDATE=0.000000, LASTOFFER=1.454000, QTY=1.000000, COUPONPERIOD=0.000000, CHANGETIME=0.000000, CURSTEPPRICE=0.000000, marketvols=0.000000, SELLDEPO=0.000000, EVNSTARTTIME=0.000000, LOTSIZECHANGEDAT=0.000000, NUMTRADES=385.000000, CLOSEPRICE=0.000000, HIGHBID=1.500000, FACEVALUE=0.000000, PRICEMVTLIMITT1=0.000000, PRICEMVTLIMIT=0.000000, LOPENPRICE=0.000000, LAST=1.454000, BUYPROFIT=0.000000, SELLPROFIT=0.000000, VOLATILITY=0.000000, CLOSETIME=0.000000, PREVWAPRICE=1.448000, PREVLEGALCLOSEPR=1.446000, BUYDEPO=0.000000, TRADECHANGE=0.000000, LASTTOPREVSTLPRC=0.000000, BIDDEPTHT=7766.000000, auctvolume=0.000000, PREVDATE=20191115.000000, ACCRUEDINT=0.000000, NUMOFFERS=321.000000, CHANGE=0.008000, STRIKE=0.000000, EVNENDTIME=0.000000, BID=1.450000, auctnumtrades=0.000000, TRADINGSTATUS=1.000000, LASTCHANGE=0.550000, CHNGCLOSE=0.000000, REALVMPRICE=0.000000, CLOSEYIELD=0.000000, TIME=183631.000000, MARG=0.000000, AUCTPRICE=0.000000, STEPPRICE=0.000000, NUMBIDS=227.000000, SETTLECODE=8.000000, OPENVAL=0.000000, OPTIONTYPE=0.000000, BGOP=0.000000, NEGNUMTRADES=0.000000, PRICEMINUSPREVWAPRICE=0.000000, CHNGOPEN=0.000000}
2019-11-18T18:40:09.156594 - RSTIP[TQBR]
#   Total      Size       Bid       Ask      Size     Total
        0                                                 0 
       19        19      1.45      1.45        24        24
       22         3      1.45      1.46        77       101
      173       151      1.45      1.46         8       109
      318       145      1.45      1.46        14       123
      344        26      1.45      1.46        55       178
      855       511      1.45      1.46        63       241
      856         1      1.44      1.46        90       331
      887        31      1.44      1.46        69       400
     1008       121      1.44      1.46        81       481
     1198       190      1.44      1.46       301       782
     1200         2      1.44      1.46         7       789
     1204         4      1.44      1.47        65       854
     1219        15      1.44      1.47        36       890
     1223         4      1.44      1.47        18       908
     1234        11      1.44      1.47        66       974
     1334       100      1.43      1.47       716      1690
     1346        12      1.43      1.47        45      1735
     1349         3      1.43      1.47        50      1785
     1390        41      1.43      1.47         3      1788
     1482        92      1.43      1.48       111      1899
{OPENPERIODPRICE=0.000000, CLSTATE=0.000000, PRICEMAX=1.808000, ENDTIME=95957.000000, STEPPRICET=0.000000, PREVPRICE=1.446000, OPTIONBASE=0.000000, starttime=95000.000000, MIN_CURR_LAST=1.452000, ISSUESIZE=2075149384.000000, STEPPRICECL=0.000000, PRICEMIN=1.083000, PREVLOTSIZE=0.000000, MARKETPRICETODAY=0.000000, BUYBACKPRICE=0.000000, MARKETPRICE2=0.000000, CLPRICE=0.000000, PREVSETTLEPRICE=0.000000, THEORPRICE=0.000000, plannedtime=95000.000000, MARKETPRICE=1.448000, WAPRICE=1.454000, ICHANGE=0.000000, OFFERDEPTH=24.000000, PRIMARYDIST=0.000000, LASTVALUE=0.000000, BGONP=0.000000, NEGVALTODAY=0.000000, STARTTIME=95000.000000, LOW=1.448000, BASEPRICE=0.000000, IOPEN=0.000000, LCURRENTPRICE=1.452000, MONSTARTTIME=0.000000, QUOTEBASIS=0.000000, BUYBACKDATE=0.000000, LCLOSEPRICE=0.000000, NEXTCOUPON=0.000000, MONENDTIME=0.000000, HIGHVAL=0.000000, ADMITTEDQUOTE=0.000000, OFFER=1.454000, YIELDATPREVWAPRICE=0.000000, VALTODAY=2789368.000000, SETTLEPRICE=0.000000, PCHANGE=0.000000, LOTSIZE=1000.000000, LOWOFFER=1.426000, ISPERCENT=0.000000, YIELD=0.000000, VOLTODAY=1918000.000000, endtime=95957.000000, MAXOUTVOLUME=0.000000, OPEN=1.448000, CROSSRATE=0.000000, CURRENTVALUE=0.000000, NUMCONTRACTS=0.000000, PREVADMITTEDQUOT=1.446000, COUPONVALUE=0.000000, BIDDEPTH=19.000000, LASTBID=1.450000, DURATION=0.000000, LOWVAL=0.000000, imbalance=0.000000, HIGH=1.460000, YIELDATWAPRICE=0.000000, STEPPRICEPRCL=0.000000, OFFERDEPTHT=4600.000000, VALUE=1454.000000, marketvolb=0.000000, PERCENTRATE=0.000000, MIN_CURR_LAST_TI=183700.000000, auctvalue=0.000000, EXPDATE=0.000000, LASTOFFER=1.454000, QTY=1.000000, COUPONPERIOD=0.000000, CHANGETIME=0.000000, CURSTEPPRICE=0.000000, marketvols=0.000000, SELLDEPO=0.000000, EVNSTARTTIME=0.000000, LOTSIZECHANGEDAT=0.000000, NUMTRADES=385.000000, CLOSEPRICE=0.000000, HIGHBID=1.500000, FACEVALUE=0.000000, PRICEMVTLIMITT1=0.000000, PRICEMVTLIMIT=0.000000, LOPENPRICE=0.000000, LAST=1.454000, BUYPROFIT=0.000000, SELLPROFIT=0.000000, VOLATILITY=0.000000, CLOSETIME=0.000000, PREVWAPRICE=1.448000, PREVLEGALCLOSEPR=1.446000, BUYDEPO=0.000000, TRADECHANGE=0.000000, LASTTOPREVSTLPRC=0.000000, BIDDEPTHT=2291.000000, auctvolume=0.000000, PREVDATE=20191115.000000, ACCRUEDINT=0.000000, NUMOFFERS=140.000000, CHANGE=0.008000, STRIKE=0.000000, EVNENDTIME=0.000000, BID=1.450000, auctnumtrades=0.000000, TRADINGSTATUS=4.000000, LASTCHANGE=0.550000, CHNGCLOSE=0.000000, REALVMPRICE=0.000000, CLOSEYIELD=0.000000, TIME=183631.000000, MARG=0.000000, AUCTPRICE=1.452000, STEPPRICE=0.000000, NUMBIDS=107.000000, SETTLECODE=8.000000, OPENVAL=0.000000, OPTIONTYPE=0.000000, BGOP=0.000000, NEGNUMTRADES=0.000000, PRICEMINUSPREVWAPRICE=0.000000, CHNGOPEN=0.000000}
2019-11-18T18:40:11.356594 - RSTIP[TQBR]
#   Total      Size       Bid       Ask      Size     Total
        0                                                 0 
       19        19      1.45      1.45        24        24
       22         3      1.45      1.46        77       101
      173       151      1.45      1.46         8       109
      318       145      1.45      1.46        14       123
      344        26      1.45      1.46        55       178
      855       511      1.45      1.46        63       241
      856         1      1.44      1.46        90       331
      887        31      1.44      1.46        69       400
     1008       121      1.44      1.46        81       481
     1198       190      1.44      1.46       301       782
     1200         2      1.44      1.46         7       789
     1204         4      1.44      1.47        65       854
     1219        15      1.44      1.47        36       890
     1223         4      1.44      1.47        18       908
     1234        11      1.44      1.47        66       974
     1334       100      1.43      1.47       716      1690
     1346        12      1.43      1.47        45      1735
     1349         3      1.43      1.47        50      1785
     1389        40      1.43      1.47         3      1788
     1481        92      1.43      1.48       111      1899
{OPENPERIODPRICE=0.000000, CLSTATE=0.000000, PRICEMAX=1.808000, ENDTIME=0.000000, STEPPRICET=0.000000, PREVPRICE=1.446000, OPTIONBASE=0.000000, starttime=184001.000000, MIN_CURR_LAST=1.452000, ISSUESIZE=2075149384.000000, STEPPRICECL=0.000000, PRICEMIN=1.083000, PREVLOTSIZE=0.000000, MARKETPRICETODAY=0.000000, BUYBACKPRICE=0.000000, MARKETPRICE2=0.000000, CLPRICE=0.000000, PREVSETTLEPRICE=0.000000, THEORPRICE=0.000000, plannedtime=184001.000000, MARKETPRICE=1.448000, WAPRICE=1.454000, ICHANGE=0.000000, OFFERDEPTH=24.000000, PRIMARYDIST=0.000000, LASTVALUE=0.000000, BGONP=0.000000, NEGVALTODAY=0.000000, STARTTIME=184001.000000, LOW=1.448000, BASEPRICE=0.000000, IOPEN=0.000000, LCURRENTPRICE=1.452000, MONSTARTTIME=0.000000, QUOTEBASIS=0.000000, BUYBACKDATE=0.000000, LCLOSEPRICE=0.000000, NEXTCOUPON=0.000000, MONENDTIME=0.000000, HIGHVAL=0.000000, ADMITTEDQUOTE=0.000000, OFFER=1.454000, YIELDATPREVWAPRICE=0.000000, VALTODAY=2789368.000000, SETTLEPRICE=0.000000, PCHANGE=0.000000, LOTSIZE=1000.000000, LOWOFFER=1.426000, ISPERCENT=0.000000, YIELD=0.000000, VOLTODAY=1918000.000000, endtime=0.000000, MAXOUTVOLUME=0.000000, OPEN=1.448000, CROSSRATE=0.000000, CURRENTVALUE=0.000000, NUMCONTRACTS=0.000000, PREVADMITTEDQUOT=1.446000, COUPONVALUE=0.000000, BIDDEPTH=19.000000, LASTBID=1.450000, DURATION=0.000000, LOWVAL=0.000000, imbalance=0.000000, HIGH=1.460000, YIELDATWAPRICE=0.000000, STEPPRICEPRCL=0.000000, OFFERDEPTHT=4600.000000, VALUE=1454.000000, marketvolb=0.000000, PERCENTRATE=0.000000, MIN_CURR_LAST_TI=183700.000000, auctvalue=0.000000, EXPDATE=0.000000, LASTOFFER=1.454000, QTY=1.000000, COUPONPERIOD=0.000000, CHANGETIME=0.000000, CURSTEPPRICE=0.000000, marketvols=0.000000, SELLDEPO=0.000000, EVNSTARTTIME=0.000000, LOTSIZECHANGEDAT=0.000000, NUMTRADES=385.000000, CLOSEPRICE=0.000000, HIGHBID=1.500000, FACEVALUE=0.000000, PRICEMVTLIMITT1=0.000000, PRICEMVTLIMIT=0.000000, LOPENPRICE=0.000000, LAST=1.454000, BUYPROFIT=0.000000, SELLPROFIT=0.000000, VOLATILITY=0.000000, CLOSETIME=0.000000, PREVWAPRICE=1.448000, PREVLEGALCLOSEPR=1.446000, BUYDEPO=0.000000, TRADECHANGE=0.000000, LASTTOPREVSTLPRC=0.000000, BIDDEPTHT=2291.000000, auctvolume=0.000000, PREVDATE=20191115.000000, ACCRUEDINT=0.000000, NUMOFFERS=140.000000, CHANGE=0.008000, STRIKE=0.000000, EVNENDTIME=0.000000, BID=1.450000, auctnumtrades=0.000000, TRADINGSTATUS=4.000000, LASTCHANGE=0.550000, CHNGCLOSE=0.000000, REALVMPRICE=0.000000, CLOSEYIELD=0.000000, TIME=183631.000000, MARG=0.000000, AUCTPRICE=1.452000, STEPPRICE=0.000000, NUMBIDS=107.000000, SETTLECODE=8.000000, OPENVAL=0.000000, OPTIONTYPE=0.000000, BGOP=0.000000, NEGNUMTRADES=0.000000, PRICEMINUSPREVWAPRICE=0.000000, CHNGOPEN=0.000000}
2019-11-18T18:40:23.903352 - RSTIP[TQBR]
#   Total      Size       Bid       Ask      Size     Total
        0                                                 0 
       19        19      1.45      1.45        24        24
       22         3      1.45      1.46        77       101
      173       151      1.45      1.46         8       109
      318       145      1.45      1.46        14       123
      344        26      1.45      1.46        55       178
      855       511      1.45      1.46        63       241
      856         1      1.44      1.46        90       331
      887        31      1.44      1.46        69       400
     1008       121      1.44      1.46        81       481
     1198       190      1.44      1.46       301       782
     1200         2      1.44      1.46         7       789
     1204         4      1.44      1.47        65       854
     1219        15      1.44      1.47        36       890
     1223         4      1.44      1.47        18       908
     1234        11      1.44      1.47        66       974
     1334       100      1.43      1.47       716      1690
     1346        12      1.43      1.47        44      1734
     1349         3      1.43      1.47        50      1784
     1389        40      1.43      1.47         3      1787
     1481        92      1.43      1.48       111      1898
{OPENPERIODPRICE=0.000000, CLSTATE=0.000000, PRICEMAX=1.808000, ENDTIME=0.000000, STEPPRICET=0.000000, PREVPRICE=1.446000, OPTIONBASE=0.000000, starttime=184001.000000, MIN_CURR_LAST=1.452000, ISSUESIZE=2075149384.000000, STEPPRICECL=0.000000, PRICEMIN=1.083000, PREVLOTSIZE=0.000000, MARKETPRICETODAY=0.000000, BUYBACKPRICE=0.000000, MARKETPRICE2=0.000000, CLPRICE=0.000000, PREVSETTLEPRICE=0.000000, THEORPRICE=0.000000, plannedtime=184001.000000, MARKETPRICE=1.448000, WAPRICE=1.454000, ICHANGE=0.000000, OFFERDEPTH=24.000000, PRIMARYDIST=0.000000, LASTVALUE=0.000000, BGONP=0.000000, NEGVALTODAY=0.000000, STARTTIME=184001.000000, LOW=1.448000, BASEPRICE=0.000000, IOPEN=0.000000, LCURRENTPRICE=1.452000, MONSTARTTIME=0.000000, QUOTEBASIS=0.000000, BUYBACKDATE=0.000000, LCLOSEPRICE=0.000000, NEXTCOUPON=0.000000, MONENDTIME=0.000000, HIGHVAL=0.000000, ADMITTEDQUOTE=0.000000, OFFER=1.454000, YIELDATPREVWAPRICE=0.000000, VALTODAY=2789368.000000, SETTLEPRICE=0.000000, PCHANGE=0.000000, LOTSIZE=1000.000000, LOWOFFER=1.426000, ISPERCENT=0.000000, YIELD=0.000000, VOLTODAY=1918000.000000, endtime=0.000000, MAXOUTVOLUME=0.000000, OPEN=1.448000, CROSSRATE=0.000000, CURRENTVALUE=0.000000, NUMCONTRACTS=0.000000, PREVADMITTEDQUOT=1.446000, COUPONVALUE=0.000000, BIDDEPTH=19.000000, LASTBID=1.450000, DURATION=0.000000, LOWVAL=0.000000, imbalance=0.000000, HIGH=1.460000, YIELDATWAPRICE=0.000000, STEPPRICEPRCL=0.000000, OFFERDEPTHT=4600.000000, VALUE=1454.000000, marketvolb=0.000000, PERCENTRATE=0.000000, MIN_CURR_LAST_TI=183700.000000, auctvalue=0.000000, EXPDATE=0.000000, LASTOFFER=1.454000, QTY=1.000000, COUPONPERIOD=0.000000, CHANGETIME=0.000000, CURSTEPPRICE=0.000000, marketvols=0.000000, SELLDEPO=0.000000, EVNSTARTTIME=0.000000, LOTSIZECHANGEDAT=0.000000, NUMTRADES=385.000000, CLOSEPRICE=0.000000, HIGHBID=1.500000, FACEVALUE=0.000000, PRICEMVTLIMITT1=0.000000, PRICEMVTLIMIT=0.000000, LOPENPRICE=0.000000, LAST=1.454000, BUYPROFIT=0.000000, SELLPROFIT=0.000000, VOLATILITY=0.000000, CLOSETIME=0.000000, PREVWAPRICE=1.448000, PREVLEGALCLOSEPR=1.446000, BUYDEPO=0.000000, TRADECHANGE=0.000000, LASTTOPREVSTLPRC=0.000000, BIDDEPTHT=2289.000000, auctvolume=0.000000, PREVDATE=20191115.000000, ACCRUEDINT=0.000000, NUMOFFERS=140.000000, CHANGE=0.008000, STRIKE=0.000000, EVNENDTIME=0.000000, BID=1.450000, auctnumtrades=0.000000, TRADINGSTATUS=4.000000, LASTCHANGE=0.550000, CHNGCLOSE=0.000000, REALVMPRICE=0.000000, CLOSEYIELD=0.000000, TIME=183631.000000, MARG=0.000000, AUCTPRICE=1.452000, STEPPRICE=0.000000, NUMBIDS=105.000000, SETTLECODE=8.000000, OPENVAL=0.000000, OPTIONTYPE=0.000000, BGOP=0.000000, NEGNUMTRADES=0.000000, PRICEMINUSPREVWAPRICE=0.000000, CHNGOPEN=0.000000}
2019-11-18T18:40:28.678598 - RSTIP[TQBR]
#   Total      Size       Bid       Ask      Size     Total
        0                                                 0 
       19        19      1.45      1.45        24        24
       22         3      1.45      1.46        77       101
      173       151      1.45      1.46         8       109
      318       145      1.45      1.46        14       123
      344        26      1.45      1.46        55       178
      855       511      1.45      1.46        63       241
      856         1      1.44      1.46        90       331
      887        31      1.44      1.46        69       400
     1008       121      1.44      1.46        81       481
     1198       190      1.44      1.46       301       782
     1200         2      1.44      1.46         7       789
     1204         4      1.44      1.47        65       854
     1219        15      1.44      1.47        36       890
     1223         4      1.44      1.47        18       908
     1233        10      1.44      1.47        66       974
     1333       100      1.43      1.47       716      1690
     1345        12      1.43      1.47        44      1734
     1348         3      1.43      1.47        50      1784
     1388        40      1.43      1.47         3      1787
     1480        92      1.43      1.48       111      1898
{OPENPERIODPRICE=0.000000, CLSTATE=0.000000, PRICEMAX=1.808000, ENDTIME=0.000000, STEPPRICET=0.000000, PREVPRICE=1.446000, OPTIONBASE=0.000000, starttime=184001.000000, MIN_CURR_LAST=1.452000, ISSUESIZE=2075149384.000000, STEPPRICECL=0.000000, PRICEMIN=1.083000, PREVLOTSIZE=0.000000, MARKETPRICETODAY=0.000000, BUYBACKPRICE=0.000000, MARKETPRICE2=0.000000, CLPRICE=0.000000, PREVSETTLEPRICE=0.000000, THEORPRICE=0.000000, plannedtime=184001.000000, MARKETPRICE=1.448000, WAPRICE=1.454000, ICHANGE=0.000000, OFFERDEPTH=24.000000, PRIMARYDIST=0.000000, LASTVALUE=0.000000, BGONP=0.000000, NEGVALTODAY=0.000000, STARTTIME=184001.000000, LOW=1.448000, BASEPRICE=0.000000, IOPEN=0.000000, LCURRENTPRICE=1.452000, MONSTARTTIME=0.000000, QUOTEBASIS=0.000000, BUYBACKDATE=0.000000, LCLOSEPRICE=0.000000, NEXTCOUPON=0.000000, MONENDTIME=0.000000, HIGHVAL=0.000000, ADMITTEDQUOTE=0.000000, OFFER=1.454000, YIELDATPREVWAPRICE=0.000000, VALTODAY=2789368.000000, SETTLEPRICE=0.000000, PCHANGE=0.000000, LOTSIZE=1000.000000, LOWOFFER=1.426000, ISPERCENT=0.000000, YIELD=0.000000, VOLTODAY=1918000.000000, endtime=0.000000, MAXOUTVOLUME=0.000000, OPEN=1.448000, CROSSRATE=0.000000, CURRENTVALUE=0.000000, NUMCONTRACTS=0.000000, PREVADMITTEDQUOT=1.446000, COUPONVALUE=0.000000, BIDDEPTH=19.000000, LASTBID=1.450000, DURATION=0.000000, LOWVAL=0.000000, imbalance=0.000000, HIGH=1.460000, YIELDATWAPRICE=0.000000, STEPPRICEPRCL=0.000000, OFFERDEPTHT=4599.000000, VALUE=1454.000000, marketvolb=0.000000, PERCENTRATE=0.000000, MIN_CURR_LAST_TI=183700.000000, auctvalue=0.000000, EXPDATE=0.000000, LASTOFFER=1.454000, QTY=1.000000, COUPONPERIOD=0.000000, CHANGETIME=0.000000, CURSTEPPRICE=0.000000, marketvols=0.000000, SELLDEPO=0.000000, EVNSTARTTIME=0.000000, LOTSIZECHANGEDAT=0.000000, NUMTRADES=385.000000, CLOSEPRICE=0.000000, HIGHBID=1.500000, FACEVALUE=0.000000, PRICEMVTLIMITT1=0.000000, PRICEMVTLIMIT=0.000000, LOPENPRICE=0.000000, LAST=1.454000, BUYPROFIT=0.000000, SELLPROFIT=0.000000, VOLATILITY=0.000000, CLOSETIME=0.000000, PREVWAPRICE=1.448000, PREVLEGALCLOSEPR=1.446000, BUYDEPO=0.000000, TRADECHANGE=0.000000, LASTTOPREVSTLPRC=0.000000, BIDDEPTHT=2288.000000, auctvolume=0.000000, PREVDATE=20191115.000000, ACCRUEDINT=0.000000, NUMOFFERS=139.000000, CHANGE=0.008000, STRIKE=0.000000, EVNENDTIME=0.000000, BID=1.450000, auctnumtrades=0.000000, TRADINGSTATUS=4.000000, LASTCHANGE=0.550000, CHNGCLOSE=0.000000, REALVMPRICE=0.000000, CLOSEYIELD=0.000000, TIME=183631.000000, MARG=0.000000, AUCTPRICE=1.452000, STEPPRICE=0.000000, NUMBIDS=104.000000, SETTLECODE=8.000000, OPENVAL=0.000000, OPTIONTYPE=0.000000, BGOP=0.000000, NEGNUMTRADES=0.000000, PRICEMINUSPREVWAPRICE=0.000000, CHNGOPEN=0.000000}
2019-11-18T18:40:29.611372 - RSTIP[TQBR]
#   Total      Size       Bid       Ask      Size     Total
        0                                                 0 
       19        19      1.45      1.45        24        24
       22         3      1.45      1.46        77       101
      173       151      1.45      1.46         8       109
      318       145      1.45      1.46        14       123
      344        26      1.45      1.46        55       178
      855       511      1.45      1.46        63       241
      886        31      1.44      1.46        90       331
     1007       121      1.44      1.46        69       400
     1197       190      1.44      1.46        81       481
     1199         2      1.44      1.46       301       782
     1203         4      1.44      1.46         7       789
     1218        15      1.44      1.47        65       854
     1222         4      1.44      1.47        36       890
     1232        10      1.44      1.47        18       908
     1332       100      1.43      1.47        66       974
     1344        12      1.43      1.47       716      1690
     1347         3      1.43      1.47        44      1734
     1387        40      1.43      1.47        50      1784
     1479        92      1.43      1.47         3      1787
     1487         8      1.43      1.48       111      1898
{OPENPERIODPRICE=0.000000, CLSTATE=0.000000, PRICEMAX=1.808000, ENDTIME=0.000000, STEPPRICET=0.000000, PREVPRICE=1.446000, OPTIONBASE=0.000000, starttime=184001.000000, MIN_CURR_LAST=1.452000, ISSUESIZE=2075149384.000000, STEPPRICECL=0.000000, PRICEMIN=1.083000, PREVLOTSIZE=0.000000, MARKETPRICETODAY=0.000000, BUYBACKPRICE=0.000000, MARKETPRICE2=0.000000, CLPRICE=0.000000, PREVSETTLEPRICE=0.000000, THEORPRICE=0.000000, plannedtime=184001.000000, MARKETPRICE=1.448000, WAPRICE=1.454000, ICHANGE=0.000000, OFFERDEPTH=24.000000, PRIMARYDIST=0.000000, LASTVALUE=0.000000, BGONP=0.000000, NEGVALTODAY=0.000000, STARTTIME=184001.000000, LOW=1.448000, BASEPRICE=0.000000, IOPEN=0.000000, LCURRENTPRICE=1.452000, MONSTARTTIME=0.000000, QUOTEBASIS=0.000000, BUYBACKDATE=0.000000, LCLOSEPRICE=0.000000, NEXTCOUPON=0.000000, MONENDTIME=0.000000, HIGHVAL=0.000000, ADMITTEDQUOTE=0.000000, OFFER=1.454000, YIELDATPREVWAPRICE=0.000000, VALTODAY=2789368.000000, SETTLEPRICE=0.000000, PCHANGE=0.000000, LOTSIZE=1000.000000, LOWOFFER=1.426000, ISPERCENT=0.000000, YIELD=0.000000, VOLTODAY=1918000.000000, endtime=0.000000, MAXOUTVOLUME=0.000000, OPEN=1.448000, CROSSRATE=0.000000, CURRENTVALUE=0.000000, NUMCONTRACTS=0.000000, PREVADMITTEDQUOT=1.446000, COUPONVALUE=0.000000, BIDDEPTH=19.000000, LASTBID=1.450000, DURATION=0.000000, LOWVAL=0.000000, imbalance=0.000000, HIGH=1.460000, YIELDATWAPRICE=0.000000, STEPPRICEPRCL=0.000000, OFFERDEPTHT=4599.000000, VALUE=1454.000000, marketvolb=0.000000, PERCENTRATE=0.000000, MIN_CURR_LAST_TI=183700.000000, auctvalue=0.000000, EXPDATE=0.000000, LASTOFFER=1.454000, QTY=1.000000, COUPONPERIOD=0.000000, CHANGETIME=0.000000, CURSTEPPRICE=0.000000, marketvols=0.000000, SELLDEPO=0.000000, EVNSTARTTIME=0.000000, LOTSIZECHANGEDAT=0.000000, NUMTRADES=385.000000, CLOSEPRICE=0.000000, HIGHBID=1.500000, FACEVALUE=0.000000, PRICEMVTLIMITT1=0.000000, PRICEMVTLIMIT=0.000000, LOPENPRICE=0.000000, LAST=1.454000, BUYPROFIT=0.000000, SELLPROFIT=0.000000, VOLATILITY=0.000000, CLOSETIME=0.000000, PREVWAPRICE=1.448000, PREVLEGALCLOSEPR=1.446000, BUYDEPO=0.000000, TRADECHANGE=0.000000, LASTTOPREVSTLPRC=0.000000, BIDDEPTHT=2288.000000, auctvolume=0.000000, PREVDATE=20191115.000000, ACCRUEDINT=0.000000, NUMOFFERS=139.000000, CHANGE=0.008000, STRIKE=0.000000, EVNENDTIME=0.000000, BID=1.450000, auctnumtrades=0.000000, TRADINGSTATUS=4.000000, LASTCHANGE=0.550000, CHNGCLOSE=0.000000, REALVMPRICE=0.000000, CLOSEYIELD=0.000000, TIME=183631.000000, MARG=0.000000, AUCTPRICE=1.452000, STEPPRICE=0.000000, NUMBIDS=104.000000, SETTLECODE=8.000000, OPENVAL=0.000000, OPTIONTYPE=0.000000, BGOP=0.000000, NEGNUMTRADES=0.000000, PRICEMINUSPREVWAPRICE=0.000000, CHNGOPEN=0.000000}
2019-11-18T18:40:59.045329 - RSTIP[TQBR]
#   Total      Size       Bid       Ask      Size     Total
        0                                                 0 
       19        19      1.45      1.45        24        24
       22         3      1.45      1.46        77       101
      173       151      1.45      1.46         8       109
      318       145      1.45      1.46        14       123
      344        26      1.45      1.46        55       178
      855       511      1.45      1.46        63       241
      886        31      1.44      1.46        90       331
     1007       121      1.44      1.46        69       400
     1197       190      1.44      1.46        80       480
     1199         2      1.44      1.46       301       781
     1203         4      1.44      1.46         7       788
     1218        15      1.44      1.47        65       853
     1222         4      1.44      1.47        36       889
     1232        10      1.44      1.47        18       907
     1332       100      1.43      1.47        66       973
     1344        12      1.43      1.47       716      1689
     1347         3      1.43      1.47        44      1733
     1387        40      1.43      1.47        50      1783
     1479        92      1.43      1.47         3      1786
     1487         8      1.43      1.48       111      1897
{OPENPERIODPRICE=0.000000, CLSTATE=0.000000, PRICEMAX=1.808000, ENDTIME=0.000000, STEPPRICET=0.000000, PREVPRICE=1.446000, OPTIONBASE=0.000000, starttime=184001.000000, MIN_CURR_LAST=1.452000, ISSUESIZE=2075149384.000000, STEPPRICECL=0.000000, PRICEMIN=1.083000, PREVLOTSIZE=0.000000, MARKETPRICETODAY=0.000000, BUYBACKPRICE=0.000000, MARKETPRICE2=0.000000, CLPRICE=0.000000, PREVSETTLEPRICE=0.000000, THEORPRICE=0.000000, plannedtime=184001.000000, MARKETPRICE=1.448000, WAPRICE=1.454000, ICHANGE=0.000000, OFFERDEPTH=24.000000, PRIMARYDIST=0.000000, LASTVALUE=0.000000, BGONP=0.000000, NEGVALTODAY=0.000000, STARTTIME=184001.000000, LOW=1.448000, BASEPRICE=0.000000, IOPEN=0.000000, LCURRENTPRICE=1.452000, MONSTARTTIME=0.000000, QUOTEBASIS=0.000000, BUYBACKDATE=0.000000, LCLOSEPRICE=0.000000, NEXTCOUPON=0.000000, MONENDTIME=0.000000, HIGHVAL=0.000000, ADMITTEDQUOTE=0.000000, OFFER=1.454000, YIELDATPREVWAPRICE=0.000000, VALTODAY=2789368.000000, SETTLEPRICE=0.000000, PCHANGE=0.000000, LOTSIZE=1000.000000, LOWOFFER=1.426000, ISPERCENT=0.000000, YIELD=0.000000, VOLTODAY=1918000.000000, endtime=0.000000, MAXOUTVOLUME=0.000000, OPEN=1.448000, CROSSRATE=0.000000, CURRENTVALUE=0.000000, NUMCONTRACTS=0.000000, PREVADMITTEDQUOT=1.446000, COUPONVALUE=0.000000, BIDDEPTH=19.000000, LASTBID=1.450000, DURATION=0.000000, LOWVAL=0.000000, imbalance=0.000000, HIGH=1.460000, YIELDATWAPRICE=0.000000, STEPPRICEPRCL=0.000000, OFFERDEPTHT=4598.000000, VALUE=1454.000000, marketvolb=0.000000, PERCENTRATE=0.000000, MIN_CURR_LAST_TI=183700.000000, auctvalue=0.000000, EXPDATE=0.000000, LASTOFFER=1.454000, QTY=1.000000, COUPONPERIOD=0.000000, CHANGETIME=0.000000, CURSTEPPRICE=0.000000, marketvols=0.000000, SELLDEPO=0.000000, EVNSTARTTIME=0.000000, LOTSIZECHANGEDAT=0.000000, NUMTRADES=385.000000, CLOSEPRICE=0.000000, HIGHBID=1.500000, FACEVALUE=0.000000, PRICEMVTLIMITT1=0.000000, PRICEMVTLIMIT=0.000000, LOPENPRICE=0.000000, LAST=1.454000, BUYPROFIT=0.000000, SELLPROFIT=0.000000, VOLATILITY=0.000000, CLOSETIME=0.000000, PREVWAPRICE=1.448000, PREVLEGALCLOSEPR=1.446000, BUYDEPO=0.000000, TRADECHANGE=0.000000, LASTTOPREVSTLPRC=0.000000, BIDDEPTHT=2286.000000, auctvolume=0.000000, PREVDATE=20191115.000000, ACCRUEDINT=0.000000, NUMOFFERS=138.000000, CHANGE=0.008000, STRIKE=0.000000, EVNENDTIME=0.000000, BID=1.450000, auctnumtrades=0.000000, TRADINGSTATUS=4.000000, LASTCHANGE=0.550000, CHNGCLOSE=0.000000, REALVMPRICE=0.000000, CLOSEYIELD=0.000000, TIME=183631.000000, MARG=0.000000, AUCTPRICE=1.452000, STEPPRICE=0.000000, NUMBIDS=102.000000, SETTLECODE=8.000000, OPENVAL=0.000000, OPTIONTYPE=0.000000, BGOP=0.000000, NEGNUMTRADES=0.000000, PRICEMINUSPREVWAPRICE=0.000000, CHNGOPEN=0.000000}
2019-11-18T18:41:07.403334 - RSTIP[TQBR]
#   Total      Size       Bid       Ask      Size     Total
        0                                                 0 
       19        19      1.45      1.45        24        24
       22         3      1.45      1.46        77       101
      173       151      1.45      1.46         8       109
      318       145      1.45      1.46        14       123
      344        26      1.45      1.46        55       178
      855       511      1.45      1.46        63       241
      886        31      1.44      1.46        90       331
     1007       121      1.44      1.46        69       400
     1197       190      1.44      1.46        80       480
     1199         2      1.44      1.46       301       781
     1203         4      1.44      1.46         7       788
     1218        15      1.44      1.47        65       853
     1222         4      1.44      1.47        35       888
     1232        10      1.44      1.47        18       906
     1332       100      1.43      1.47        66       972
     1344        12      1.43      1.47       716      1688
     1347         3      1.43      1.47        44      1732
     1387        40      1.43      1.47        50      1782
     1479        92      1.43      1.47         3      1785
     1487         8      1.43      1.48       111      1896
{OPENPERIODPRICE=0.000000, CLSTATE=0.000000, PRICEMAX=1.808000, ENDTIME=0.000000, STEPPRICET=0.000000, PREVPRICE=1.446000, OPTIONBASE=0.000000, starttime=184001.000000, MIN_CURR_LAST=1.452000, ISSUESIZE=2075149384.000000, STEPPRICECL=0.000000, PRICEMIN=1.083000, PREVLOTSIZE=0.000000, MARKETPRICETODAY=0.000000, BUYBACKPRICE=0.000000, MARKETPRICE2=0.000000, CLPRICE=0.000000, PREVSETTLEPRICE=0.000000, THEORPRICE=0.000000, plannedtime=184001.000000, MARKETPRICE=1.448000, WAPRICE=1.454000, ICHANGE=0.000000, OFFERDEPTH=24.000000, PRIMARYDIST=0.000000, LASTVALUE=0.000000, BGONP=0.000000, NEGVALTODAY=0.000000, STARTTIME=184001.000000, LOW=1.448000, BASEPRICE=0.000000, IOPEN=0.000000, LCURRENTPRICE=1.452000, MONSTARTTIME=0.000000, QUOTEBASIS=0.000000, BUYBACKDATE=0.000000, LCLOSEPRICE=0.000000, NEXTCOUPON=0.000000, MONENDTIME=0.000000, HIGHVAL=0.000000, ADMITTEDQUOTE=0.000000, OFFER=1.454000, YIELDATPREVWAPRICE=0.000000, VALTODAY=2789368.000000, SETTLEPRICE=0.000000, PCHANGE=0.000000, LOTSIZE=1000.000000, LOWOFFER=1.426000, ISPERCENT=0.000000, YIELD=0.000000, VOLTODAY=1918000.000000, endtime=0.000000, MAXOUTVOLUME=0.000000, OPEN=1.448000, CROSSRATE=0.000000, CURRENTVALUE=0.000000, NUMCONTRACTS=0.000000, PREVADMITTEDQUOT=1.446000, COUPONVALUE=0.000000, BIDDEPTH=19.000000, LASTBID=1.450000, DURATION=0.000000, LOWVAL=0.000000, imbalance=0.000000, HIGH=1.460000, YIELDATWAPRICE=0.000000, STEPPRICEPRCL=0.000000, OFFERDEPTHT=4597.000000, VALUE=1454.000000, marketvolb=0.000000, PERCENTRATE=0.000000, MIN_CURR_LAST_TI=183700.000000, auctvalue=0.000000, EXPDATE=0.000000, LASTOFFER=1.454000, QTY=1.000000, COUPONPERIOD=0.000000, CHANGETIME=0.000000, CURSTEPPRICE=0.000000, marketvols=0.000000, SELLDEPO=0.000000, EVNSTARTTIME=0.000000, LOTSIZECHANGEDAT=0.000000, NUMTRADES=385.000000, CLOSEPRICE=0.000000, HIGHBID=1.500000, FACEVALUE=0.000000, PRICEMVTLIMITT1=0.000000, PRICEMVTLIMIT=0.000000, LOPENPRICE=0.000000, LAST=1.454000, BUYPROFIT=0.000000, SELLPROFIT=0.000000, VOLATILITY=0.000000, CLOSETIME=0.000000, PREVWAPRICE=1.448000, PREVLEGALCLOSEPR=1.446000, BUYDEPO=0.000000, TRADECHANGE=0.000000, LASTTOPREVSTLPRC=0.000000, BIDDEPTHT=2286.000000, auctvolume=0.000000, PREVDATE=20191115.000000, ACCRUEDINT=0.000000, NUMOFFERS=137.000000, CHANGE=0.008000, STRIKE=0.000000, EVNENDTIME=0.000000, BID=1.450000, auctnumtrades=0.000000, TRADINGSTATUS=4.000000, LASTCHANGE=0.550000, CHNGCLOSE=0.000000, REALVMPRICE=0.000000, CLOSEYIELD=0.000000, TIME=183631.000000, MARG=0.000000, AUCTPRICE=1.452000, STEPPRICE=0.000000, NUMBIDS=102.000000, SETTLECODE=8.000000, OPENVAL=0.000000, OPTIONTYPE=0.000000, BGOP=0.000000, NEGNUMTRADES=0.000000, PRICEMINUSPREVWAPRICE=0.000000, CHNGOPEN=0.000000}
2019-11-18T18:41:09.903334 - RSTIP[TQBR]
#   Total      Size       Bid       Ask      Size     Total
        0                                                 0 
       19        19      1.45      1.45        24        24
       22         3      1.45      1.46         3        27
      173       151      1.45      1.46         8        35
      318       145      1.45      1.46        14        49
      344        26      1.45      1.46        55       104
      855       511      1.45      1.46        63       167
      886        31      1.44      1.46        90       257
     1007       121      1.44      1.46        69       326
     1197       190      1.44      1.46        80       406
     1199         2      1.44      1.46       301       707
     1203         4      1.44      1.46         7       714
     1218        15      1.44      1.47        65       779
     1222         4      1.44      1.47        35       814
     1232        10      1.44      1.47        18       832
     1332       100      1.43      1.47        66       898
     1344        12      1.43      1.47       716      1614
     1347         3      1.43      1.47        44      1658
     1387        40      1.43      1.47        50      1708
     1479        92      1.43      1.47         3      1711
     1487         8      1.43      1.48       111      1822
{OPENPERIODPRICE=0.000000, CLSTATE=0.000000, PRICEMAX=1.808000, ENDTIME=0.000000, STEPPRICET=0.000000, PREVPRICE=1.446000, OPTIONBASE=0.000000, starttime=184001.000000, MIN_CURR_LAST=1.452000, ISSUESIZE=2075149384.000000, STEPPRICECL=0.000000, PRICEMIN=1.083000, PREVLOTSIZE=0.000000, MARKETPRICETODAY=0.000000, BUYBACKPRICE=0.000000, MARKETPRICE2=0.000000, CLPRICE=0.000000, PREVSETTLEPRICE=0.000000, THEORPRICE=0.000000, plannedtime=184001.000000, MARKETPRICE=1.448000, WAPRICE=1.454000, ICHANGE=0.000000, OFFERDEPTH=24.000000, PRIMARYDIST=0.000000, LASTVALUE=0.000000, BGONP=0.000000, NEGVALTODAY=0.000000, STARTTIME=184001.000000, LOW=1.448000, BASEPRICE=0.000000, IOPEN=0.000000, LCURRENTPRICE=1.452000, MONSTARTTIME=0.000000, QUOTEBASIS=0.000000, BUYBACKDATE=0.000000, LCLOSEPRICE=0.000000, NEXTCOUPON=0.000000, MONENDTIME=0.000000, HIGHVAL=0.000000, ADMITTEDQUOTE=0.000000, OFFER=1.454000, YIELDATPREVWAPRICE=0.000000, VALTODAY=2789368.000000, SETTLEPRICE=0.000000, PCHANGE=0.000000, LOTSIZE=1000.000000, LOWOFFER=1.426000, ISPERCENT=0.000000, YIELD=0.000000, VOLTODAY=1918000.000000, endtime=0.000000, MAXOUTVOLUME=0.000000, OPEN=1.448000, CROSSRATE=0.000000, CURRENTVALUE=0.000000, NUMCONTRACTS=0.000000, PREVADMITTEDQUOT=1.446000, COUPONVALUE=0.000000, BIDDEPTH=19.000000, LASTBID=1.450000, DURATION=0.000000, LOWVAL=0.000000, imbalance=0.000000, HIGH=1.460000, YIELDATWAPRICE=0.000000, STEPPRICEPRCL=0.000000, OFFERDEPTHT=4596.000000, VALUE=1454.000000, marketvolb=0.000000, PERCENTRATE=0.000000, MIN_CURR_LAST_TI=183700.000000, auctvalue=0.000000, EXPDATE=0.000000, LASTOFFER=1.454000, QTY=1.000000, COUPONPERIOD=0.000000, CHANGETIME=0.000000, CURSTEPPRICE=0.000000, marketvols=0.000000, SELLDEPO=0.000000, EVNSTARTTIME=0.000000, LOTSIZECHANGEDAT=0.000000, NUMTRADES=385.000000, CLOSEPRICE=0.000000, HIGHBID=1.500000, FACEVALUE=0.000000, PRICEMVTLIMITT1=0.000000, PRICEMVTLIMIT=0.000000, LOPENPRICE=0.000000, LAST=1.454000, BUYPROFIT=0.000000, SELLPROFIT=0.000000, VOLATILITY=0.000000, CLOSETIME=0.000000, PREVWAPRICE=1.448000, PREVLEGALCLOSEPR=1.446000, BUYDEPO=0.000000, TRADECHANGE=0.000000, LASTTOPREVSTLPRC=0.000000, BIDDEPTHT=2286.000000, auctvolume=0.000000, PREVDATE=20191115.000000, ACCRUEDINT=0.000000, NUMOFFERS=136.000000, CHANGE=0.008000, STRIKE=0.000000, EVNENDTIME=0.000000, BID=1.450000, auctnumtrades=0.000000, TRADINGSTATUS=4.000000, LASTCHANGE=0.550000, CHNGCLOSE=0.000000, REALVMPRICE=0.000000, CLOSEYIELD=0.000000, TIME=183631.000000, MARG=0.000000, AUCTPRICE=1.452000, STEPPRICE=0.000000, NUMBIDS=102.000000, SETTLECODE=8.000000, OPENVAL=0.000000, OPTIONTYPE=0.000000, BGOP=0.000000, NEGNUMTRADES=0.000000, PRICEMINUSPREVWAPRICE=0.000000, CHNGOPEN=0.000000}
2019-11-18T18:41:10.793959 - RSTIP[TQBR]
#   Total      Size       Bid       Ask      Size     Total
        0                                                 0 
       19        19      1.45      1.45        24        24
       22         3      1.45      1.46         3        27
      173       151      1.45      1.46         7        34
      318       145      1.45      1.46        15        49
      344        26      1.45      1.46        55       104
      855       511      1.45      1.46        63       167
      886        31      1.44      1.46        90       257
     1007       121      1.44      1.46        69       326
     1197       190      1.44      1.46        80       406
     1199         2      1.44      1.46       301       707
     1203         4      1.44      1.46         7       714
     1218        15      1.44      1.47        65       779
     1222         4      1.44      1.47        35       814
     1232        10      1.44      1.47        18       832
     1332       100      1.43      1.47        66       898
     1344        12      1.43      1.47       716      1614
     1347         3      1.43      1.47        44      1658
     1387        40      1.43      1.47        50      1708
     1479        92      1.43      1.47         3      1711
     1487         8      1.43      1.48       111      1822
{OPENPERIODPRICE=0.000000, CLSTATE=0.000000, PRICEMAX=1.808000, ENDTIME=0.000000, STEPPRICET=0.000000, PREVPRICE=1.446000, OPTIONBASE=0.000000, starttime=184001.000000, MIN_CURR_LAST=1.452000, ISSUESIZE=2075149384.000000, STEPPRICECL=0.000000, PRICEMIN=1.083000, PREVLOTSIZE=0.000000, MARKETPRICETODAY=0.000000, BUYBACKPRICE=0.000000, MARKETPRICE2=0.000000, CLPRICE=0.000000, PREVSETTLEPRICE=0.000000, THEORPRICE=0.000000, plannedtime=184001.000000, MARKETPRICE=1.448000, WAPRICE=1.454000, ICHANGE=0.000000, OFFERDEPTH=24.000000, PRIMARYDIST=0.000000, LASTVALUE=0.000000, BGONP=0.000000, NEGVALTODAY=0.000000, STARTTIME=184001.000000, LOW=1.448000, BASEPRICE=0.000000, IOPEN=0.000000, LCURRENTPRICE=1.452000, MONSTARTTIME=0.000000, QUOTEBASIS=0.000000, BUYBACKDATE=0.000000, LCLOSEPRICE=0.000000, NEXTCOUPON=0.000000, MONENDTIME=0.000000, HIGHVAL=0.000000, ADMITTEDQUOTE=0.000000, OFFER=1.454000, YIELDATPREVWAPRICE=0.000000, VALTODAY=2789368.000000, SETTLEPRICE=0.000000, PCHANGE=0.000000, LOTSIZE=1000.000000, LOWOFFER=1.426000, ISPERCENT=0.000000, YIELD=0.000000, VOLTODAY=1918000.000000, endtime=0.000000, MAXOUTVOLUME=0.000000, OPEN=1.448000, CROSSRATE=0.000000, CURRENTVALUE=0.000000, NUMCONTRACTS=0.000000, PREVADMITTEDQUOT=1.446000, COUPONVALUE=0.000000, BIDDEPTH=19.000000, LASTBID=1.450000, DURATION=0.000000, LOWVAL=0.000000, imbalance=0.000000, HIGH=1.460000, YIELDATWAPRICE=0.000000, STEPPRICEPRCL=0.000000, OFFERDEPTHT=4596.000000, VALUE=1454.000000, marketvolb=0.000000, PERCENTRATE=0.000000, MIN_CURR_LAST_TI=183700.000000, auctvalue=0.000000, EXPDATE=0.000000, LASTOFFER=1.454000, QTY=1.000000, COUPONPERIOD=0.000000, CHANGETIME=0.000000, CURSTEPPRICE=0.000000, marketvols=0.000000, SELLDEPO=0.000000, EVNSTARTTIME=0.000000, LOTSIZECHANGEDAT=0.000000, NUMTRADES=385.000000, CLOSEPRICE=0.000000, HIGHBID=1.500000, FACEVALUE=0.000000, PRICEMVTLIMITT1=0.000000, PRICEMVTLIMIT=0.000000, LOPENPRICE=0.000000, LAST=1.454000, BUYPROFIT=0.000000, SELLPROFIT=0.000000, VOLATILITY=0.000000, CLOSETIME=0.000000, PREVWAPRICE=1.448000, PREVLEGALCLOSEPR=1.446000, BUYDEPO=0.000000, TRADECHANGE=0.000000, LASTTOPREVSTLPRC=0.000000, BIDDEPTHT=2286.000000, auctvolume=0.000000, PREVDATE=20191115.000000, ACCRUEDINT=0.000000, NUMOFFERS=136.000000, CHANGE=0.008000, STRIKE=0.000000, EVNENDTIME=0.000000, BID=1.450000, auctnumtrades=0.000000, TRADINGSTATUS=4.000000, LASTCHANGE=0.550000, CHNGCLOSE=0.000000, REALVMPRICE=0.000000, CLOSEYIELD=0.000000, TIME=183631.000000, MARG=0.000000, AUCTPRICE=1.452000, STEPPRICE=0.000000, NUMBIDS=102.000000, SETTLECODE=8.000000, OPENVAL=0.000000, OPTIONTYPE=0.000000, BGOP=0.000000, NEGNUMTRADES=0.000000, PRICEMINUSPREVWAPRICE=0.000000, CHNGOPEN=0.000000}
2019-11-18T18:45:58.110077 - RSTIP[TQBR]
#   Total      Size       Bid       Ask      Size     Total
        0                                                 0 
       19        19      1.45      1.45        24        24
       22         3      1.45      1.46         3        27
      173       151      1.45      1.46         7        34
      318       145      1.45      1.46        15        49
      342        24      1.45      1.46        55       104
      853       511      1.45      1.46        63       167
      884        31      1.44      1.46        90       257
     1005       121      1.44      1.46        69       326
     1195       190      1.44      1.46        80       406
     1197         2      1.44      1.46       301       707
     1201         4      1.44      1.46         7       714
     1216        15      1.44      1.47        65       779
     1220         4      1.44      1.47        35       814
     1230        10      1.44      1.47        18       832
     1330       100      1.43      1.47        66       898
     1342        12      1.43      1.47       716      1614
     1345         3      1.43      1.47        44      1658
     1385        40      1.43      1.47        50      1708
     1477        92      1.43      1.47         3      1711
     1485         8      1.43      1.48       111      1822
{OPENPERIODPRICE=0.000000, CLSTATE=0.000000, PRICEMAX=1.808000, ENDTIME=0.000000, STEPPRICET=0.000000, PREVPRICE=1.446000, OPTIONBASE=0.000000, starttime=184001.000000, MIN_CURR_LAST=1.452000, ISSUESIZE=2075149384.000000, STEPPRICECL=0.000000, PRICEMIN=1.083000, PREVLOTSIZE=0.000000, MARKETPRICETODAY=0.000000, BUYBACKPRICE=0.000000, MARKETPRICE2=0.000000, CLPRICE=0.000000, PREVSETTLEPRICE=0.000000, THEORPRICE=0.000000, plannedtime=184001.000000, MARKETPRICE=1.448000, WAPRICE=1.454000, ICHANGE=0.000000, OFFERDEPTH=24.000000, PRIMARYDIST=0.000000, LASTVALUE=0.000000, BGONP=0.000000, NEGVALTODAY=0.000000, STARTTIME=184001.000000, LOW=1.448000, BASEPRICE=0.000000, IOPEN=0.000000, LCURRENTPRICE=1.452000, MONSTARTTIME=0.000000, QUOTEBASIS=0.000000, BUYBACKDATE=0.000000, LCLOSEPRICE=0.000000, NEXTCOUPON=0.000000, MONENDTIME=0.000000, HIGHVAL=0.000000, ADMITTEDQUOTE=0.000000, OFFER=1.454000, YIELDATPREVWAPRICE=0.000000, VALTODAY=2789368.000000, SETTLEPRICE=0.000000, PCHANGE=0.000000, LOTSIZE=1000.000000, LOWOFFER=1.426000, ISPERCENT=0.000000, YIELD=0.000000, VOLTODAY=1918000.000000, endtime=0.000000, MAXOUTVOLUME=0.000000, OPEN=1.448000, CROSSRATE=0.000000, CURRENTVALUE=0.000000, NUMCONTRACTS=0.000000, PREVADMITTEDQUOT=1.446000, COUPONVALUE=0.000000, BIDDEPTH=19.000000, LASTBID=1.450000, DURATION=0.000000, LOWVAL=0.000000, imbalance=0.000000, HIGH=1.460000, YIELDATWAPRICE=0.000000, STEPPRICEPRCL=0.000000, OFFERDEPTHT=4521.000000, VALUE=1454.000000, marketvolb=0.000000, PERCENTRATE=0.000000, MIN_CURR_LAST_TI=183700.000000, auctvalue=0.000000, EXPDATE=0.000000, LASTOFFER=1.454000, QTY=1.000000, COUPONPERIOD=0.000000, CHANGETIME=0.000000, CURSTEPPRICE=0.000000, marketvols=0.000000, SELLDEPO=0.000000, EVNSTARTTIME=0.000000, LOTSIZECHANGEDAT=0.000000, NUMTRADES=385.000000, CLOSEPRICE=0.000000, HIGHBID=1.500000, FACEVALUE=0.000000, PRICEMVTLIMITT1=0.000000, PRICEMVTLIMIT=0.000000, LOPENPRICE=0.000000, LAST=1.454000, BUYPROFIT=0.000000, SELLPROFIT=0.000000, VOLATILITY=0.000000, CLOSETIME=0.000000, PREVWAPRICE=1.448000, PREVLEGALCLOSEPR=1.446000, BUYDEPO=0.000000, TRADECHANGE=0.000000, LASTTOPREVSTLPRC=0.000000, BIDDEPTHT=2286.000000, auctvolume=0.000000, PREVDATE=20191115.000000, ACCRUEDINT=0.000000, NUMOFFERS=134.000000, CHANGE=0.008000, STRIKE=0.000000, EVNENDTIME=0.000000, BID=1.450000, auctnumtrades=0.000000, TRADINGSTATUS=4.000000, LASTCHANGE=0.550000, CHNGCLOSE=0.000000, REALVMPRICE=0.000000, CLOSEYIELD=0.000000, TIME=183631.000000, MARG=0.000000, AUCTPRICE=1.452000, STEPPRICE=0.000000, NUMBIDS=102.000000, SETTLECODE=8.000000, OPENVAL=0.000000, OPTIONTYPE=0.000000, BGOP=0.000000, NEGNUMTRADES=0.000000, PRICEMINUSPREVWAPRICE=0.000000, CHNGOPEN=0.000000}
2019-11-18T18:48:08.235077 - RSTIP[TQBR]
#   Total      Size       Bid       Ask      Size     Total
        0                                                 0 
{OPENPERIODPRICE=0.000000, CLSTATE=0.000000, PRICEMAX=1.808000, ENDTIME=0.000000, STEPPRICET=0.000000, PREVPRICE=1.446000, OPTIONBASE=0.000000, starttime=184808.000000, MIN_CURR_LAST=1.452000, ISSUESIZE=2075149384.000000, STEPPRICECL=0.000000, PRICEMIN=1.083000, PREVLOTSIZE=0.000000, MARKETPRICETODAY=0.000000, BUYBACKPRICE=0.000000, MARKETPRICE2=0.000000, CLPRICE=0.000000, PREVSETTLEPRICE=0.000000, THEORPRICE=0.000000, plannedtime=184808.000000, MARKETPRICE=1.448000, WAPRICE=1.454000, ICHANGE=0.000000, OFFERDEPTH=0.000000, PRIMARYDIST=0.000000, LASTVALUE=0.000000, BGONP=0.000000, NEGVALTODAY=0.000000, STARTTIME=184808.000000, LOW=1.448000, BASEPRICE=0.000000, IOPEN=0.000000, LCURRENTPRICE=1.452000, MONSTARTTIME=0.000000, QUOTEBASIS=0.000000, BUYBACKDATE=0.000000, LCLOSEPRICE=0.000000, NEXTCOUPON=0.000000, MONENDTIME=0.000000, HIGHVAL=0.000000, ADMITTEDQUOTE=0.000000, OFFER=0.000000, YIELDATPREVWAPRICE=0.000000, VALTODAY=2789368.000000, SETTLEPRICE=0.000000, PCHANGE=0.000000, LOTSIZE=1000.000000, LOWOFFER=1.426000, ISPERCENT=0.000000, YIELD=0.000000, VOLTODAY=1918000.000000, endtime=0.000000, MAXOUTVOLUME=0.000000, OPEN=1.448000, CROSSRATE=0.000000, CURRENTVALUE=0.000000, NUMCONTRACTS=0.000000, PREVADMITTEDQUOT=1.446000, COUPONVALUE=0.000000, BIDDEPTH=0.000000, LASTBID=1.450000, DURATION=0.000000, LOWVAL=0.000000, imbalance=0.000000, HIGH=1.460000, YIELDATWAPRICE=0.000000, STEPPRICEPRCL=0.000000, OFFERDEPTHT=4521.000000, VALUE=1454.000000, marketvolb=0.000000, PERCENTRATE=0.000000, MIN_CURR_LAST_TI=183700.000000, auctvalue=0.000000, EXPDATE=0.000000, LASTOFFER=1.454000, QTY=1.000000, COUPONPERIOD=0.000000, CHANGETIME=0.000000, CURSTEPPRICE=0.000000, marketvols=0.000000, SELLDEPO=0.000000, EVNSTARTTIME=0.000000, LOTSIZECHANGEDAT=0.000000, NUMTRADES=385.000000, CLOSEPRICE=0.000000, HIGHBID=1.500000, FACEVALUE=0.000000, PRICEMVTLIMITT1=0.000000, PRICEMVTLIMIT=0.000000, LOPENPRICE=0.000000, LAST=1.454000, BUYPROFIT=0.000000, SELLPROFIT=0.000000, VOLATILITY=0.000000, CLOSETIME=0.000000, PREVWAPRICE=1.448000, PREVLEGALCLOSEPR=1.446000, BUYDEPO=0.000000, TRADECHANGE=0.000000, LASTTOPREVSTLPRC=0.000000, BIDDEPTHT=2284.000000, auctvolume=0.000000, PREVDATE=20191115.000000, ACCRUEDINT=0.000000, NUMOFFERS=134.000000, CHANGE=0.008000, STRIKE=0.000000, EVNENDTIME=0.000000, BID=0.000000, auctnumtrades=0.000000, TRADINGSTATUS=5.000000, LASTCHANGE=0.550000, CHNGCLOSE=0.000000, REALVMPRICE=0.000000, CLOSEYIELD=0.000000, TIME=183631.000000, MARG=0.000000, AUCTPRICE=1.452000, STEPPRICE=0.000000, NUMBIDS=101.000000, SETTLECODE=8.000000, OPENVAL=0.000000, OPTIONTYPE=0.000000, BGOP=0.000000, NEGNUMTRADES=0.000000, PRICEMINUSPREVWAPRICE=0.000000, CHNGOPEN=0.000000}
