2019-11-18T18:40:00.975344 - BANE[TQBR]
#   Total      Size       Bid       Ask      Size     Total
        0                                                 0 
     1148      1148   1942.00   1945.00         3         3
     1196        48   1941.50   1945.50        71        74
     1246        50   1941.00   1947.00         4        78
     1266        20   1940.00   1947.50         6        84
     1282        16   1939.00   1948.00        13        97
     1285         3   1938.00   1949.00         5       102
     1374        89   1936.00   1949.50         6       108
     1375         1   1935.50   1950.00       311       419
     1492       117   1935.00   1950.50         8       427
     1495         3   1934.50   1951.00         1       428
     1777       282   1934.00   1952.00        40       468
     1792        15   1933.00   1952.50       120       588
     1842        50   1932.50   1953.00         1       589
     1843         1   1930.50   1953.50        94       683
     1851         8   1930.00   1954.00        43       726
     1901        50   1927.50   1954.50         2       728
     1902         1   1926.00   1955.00       233       961
     1903         1   1925.50   1955.50         1       962
     1904         1   1925.00   1956.00        12       974
     1912         8   1924.00   1957.00        22       996
{OPENPERIODPRICE=1934.000000, CLSTATE=0.000000, PRICEMAX=2273.000000, ENDTIME=95948.000000, STEPPRICET=0.000000, PREVPRICE=1934.000000, OPTIONBASE=0.000000, starttime=95000.000000, MIN_CURR_LAST=1943.500000, ISSUESIZE=147846489.000000, STEPPRICECL=0.000000, PRICEMIN=1592.500000, PREVLOTSIZE=0.000000, MARKETPRICETODAY=0.000000, BUYBACKPRICE=0.000000, MARKETPRICE2=0.000000, CLPRICE=0.000000, PREVSETTLEPRICE=0.000000, THEORPRICE=0.000000, plannedtime=95000.000000, MARKETPRICE=1940.500000, WAPRICE=1944.000000, ICHANGE=0.000000, OFFERDEPTH=3.000000, PRIMARYDIST=0.000000, LASTVALUE=0.000000, BGONP=0.000000, NEGVALTODAY=0.000000, STARTTIME=95000.000000, LOW=1934.000000, BASEPRICE=0.000000, IOPEN=0.000000, LCURRENTPRICE=1943.500000, MONSTARTTIME=0.000000, QUOTEBASIS=0.000000, BUYBACKDATE=0.000000, LCLOSEPRICE=0.000000, NEXTCOUPON=0.000000, MONENDTIME=0.000000, HIGHVAL=0.000000, ADMITTEDQUOTE=0.000000, OFFER=1945.000000, YIELDATPREVWAPRICE=0.000000, VALTODAY=8377611.000000, SETTLEPRICE=0.000000, PCHANGE=0.000000, LOTSIZE=1.000000, LOWOFFER=1900.000000, ISPERCENT=0.000000, YIELD=0.000000, VOLTODAY=4309.000000, endtime=95948.000000, MAXOUTVOLUME=0.000000, OPEN=1934.000000, CROSSRATE=0.000000, CURRENTVALUE=0.000000, NUMCONTRACTS=0.000000, PREVADMITTEDQUOT=1934.000000, COUPONVALUE=0.000000, BIDDEPTH=1148.000000, LASTBID=1942.000000, DURATION=0.000000, LOWVAL=0.000000, imbalance=0.000000, HIGH=1958.000000, YIELDATWAPRICE=0.000000, STEPPRICEPRCL=0.000000, OFFERDEPTHT=7329.000000, VALUE=15576.000000, marketvolb=0.000000, PERCENTRATE=0.000000, MIN_CURR_LAST_TI=183900.000000, auctvalue=5802.000000, EXPDATE=0.000000, LASTOFFER=1945.000000, QTY=8.000000, COUPONPERIOD=0.000000, CHANGETIME=0.000000, CURSTEPPRICE=0.000000, marketvols=0.000000, SELLDEPO=0.000000, EVNSTARTTIME=0.000000, LOTSIZECHANGEDAT=0.000000, NUMTRADES=384.000000, CLOSEPRICE=0.000000, HIGHBID=1989.500000, FACEVALUE=0.000000, PRICEMVTLIMITT1=0.000000, PRICEMVTLIMIT=0.000000, LOPENPRICE=0.000000, LAST=1947.000000, BUYPROFIT=0.000000, SELLPROFIT=0.000000, VOLATILITY=0.000000, CLOSETIME=0.000000, PREVWAPRICE=1940.500000, PREVLEGALCLOSEPR=1934.000000, BUYDEPO=0.000000, TRADECHANGE=0.000000, LASTTOPREVSTLPRC=0.000000, BIDDEPTHT=5508.000000, auctvolume=3.000000, PREVDATE=20191115.000000, ACCRUEDINT=0.000000, NUMOFFERS=313.000000, CHANGE=13.000000, STRIKE=0.000000, EVNENDTIME=0.000000, BID=1942.000000, auctnumtrades=2.000000, TRADINGSTATUS=1.000000, LASTCHANGE=0.670000, CHNGCLOSE=0.000000, REALVMPRICE=0.000000, CLOSEYIELD=0.000000, TIME=183818.000000, MARG=0.000000, AUCTPRICE=1934.000000, STEPPRICE=0.000000, NUMBIDS=204.000000, SETTLECODE=8.000000, OPENVAL=0.000000, OPTIONTYPE=0.000000, BGOP=0.000000, NEGNUMTRADES=0.000000, PRICEMINUSPREVWAPRICE=0.000000, CHNGOPEN=0.000000}
2019-11-18T18:40:02.178469 - BANE[TQBR]
#   Total      Size       Bid       Ask      Size     Total
        0                                                 0 
     1148      1148   1942.00   1945.00         3         3
     1196        48   1941.50   1945.50        71        74
     1246        50   1941.00   1947.00         4        78
     1266        20   1940.00   1947.50         6        84
     1282        16   1939.00   1948.00         5        89
     1285         3   1938.00   1949.00         5        94
     1374        89   1936.00   1949.50         6       100
     1375         1   1935.50   1950.00       311       411
     1492       117   1935.00   1951.00         1       412
     1495         3   1934.50   1952.00        40       452
     1777       282   1934.00   1952.50       120       572
     1792        15   1933.00   1953.00         1       573
     1842        50   1932.50   1953.50        94       667
     1843         1   1930.50   1954.00        43       710
     1851         8   1930.00   1954.50         2       712
     1901        50   1927.50   1955.00       233       945
     1902         1   1926.00   1955.50         1       946
     1903         1   1925.50   1956.00        12       958
     1904         1   1925.00   1957.00        22       980
     1912         8   1924.00   1957.50         1       981
{OPENPERIODPRICE=1934.000000, CLSTATE=0.000000, PRICEMAX=2273.000000, ENDTIME=95948.000000, STEPPRICET=0.000000, PREVPRICE=1934.000000, OPTIONBASE=0.000000, starttime=95000.000000, MIN_CURR_LAST=1943.500000, ISSUESIZE=147846489.000000, STEPPRICECL=0.000000, PRICEMIN=1592.500000, PREVLOTSIZE=0.000000, MARKETPRICETODAY=0.000000, BUYBACKPRICE=0.000000, MARKETPRICE2=0.000000, CLPRICE=0.000000, PREVSETTLEPRICE=0.000000, THEORPRICE=0.000000, plannedtime=95000.000000, MARKETPRICE=1940.500000, WAPRICE=1944.000000, ICHANGE=0.000000, OFFERDEPTH=3.000000, PRIMARYDIST=0.000000, LASTVALUE=0.000000, BGONP=0.000000, NEGVALTODAY=0.000000, STARTTIME=95000.000000, LOW=1934.000000, BASEPRICE=0.000000, IOPEN=0.000000, LCURRENTPRICE=1943.500000, MONSTARTTIME=0.000000, QUOTEBASIS=0.000000, BUYBACKDATE=0.000000, LCLOSEPRICE=0.000000, NEXTCOUPON=0.000000, MONENDTIME=0.000000, HIGHVAL=0.000000, ADMITTEDQUOTE=0.000000, OFFER=1945.000000, YIELDATPREVWAPRICE=0.000000, VALTODAY=8377611.000000, SETTLEPRICE=0.000000, PCHANGE=0.000000, LOTSIZE=1.000000, LOWOFFER=1900.000000, ISPERCENT=0.000000, YIELD=0.000000, VOLTODAY=4309.000000, endtime=95948.000000, MAXOUTVOLUME=0.000000, OPEN=1934.000000, CROSSRATE=0.000000, CURRENTVALUE=0.000000, NUMCONTRACTS=0.000000, PREVADMITTEDQUOT=1934.000000, COUPONVALUE=0.000000, BIDDEPTH=1148.000000, LASTBID=1942.000000, DURATION=0.000000, LOWVAL=0.000000, imbalance=0.000000, HIGH=1958.000000, YIELDATWAPRICE=0.000000, STEPPRICEPRCL=0.000000, OFFERDEPTHT=7313.000000, VALUE=15576.000000, marketvolb=0.000000, PERCENTRATE=0.000000, MIN_CURR_LAST_TI=183900.000000, auctvalue=5802.000000, EXPDATE=0.000000, LASTOFFER=1945.000000, QTY=8.000000, COUPONPERIOD=0.000000, CHANGETIME=0.000000, CURSTEPPRICE=0.000000, marketvols=0.000000, SELLDEPO=0.000000, EVNSTARTTIME=0.000000, LOTSIZECHANGEDAT=0.000000, NUMTRADES=384.000000, CLOSEPRICE=0.000000, HIGHBID=1989.500000, FACEVALUE=0.000000, PRICEMVTLIMITT1=0.000000, PRICEMVTLIMIT=0.000000, LOPENPRICE=0.000000, LAST=1947.000000, BUYPROFIT=0.000000, SELLPROFIT=0.000000, VOLATILITY=0.000000, CLOSETIME=0.000000, PREVWAPRICE=1940.500000, PREVLEGALCLOSEPR=1934.000000, BUYDEPO=0.000000, TRADECHANGE=0.000000, LASTTOPREVSTLPRC=0.000000, BIDDEPTHT=5500.000000, auctvolume=3.000000, PREVDATE=20191115.000000, ACCRUEDINT=0.000000, NUMOFFERS=311.000000, CHANGE=13.000000, STRIKE=0.000000, EVNENDTIME=0.000000, BID=1942.000000, auctnumtrades=2.000000, TRADINGSTATUS=0.000000, LASTCHANGE=0.670000, CHNGCLOSE=0.000000, REALVMPRICE=0.000000, CLOSEYIELD=0.000000, TIME=183818.000000, MARG=0.000000, AUCTPRICE=1934.000000, STEPPRICE=0.000000, NUMBIDS=203.000000, SETTLECODE=8.000000, OPENVAL=0.000000, OPTIONTYPE=0.000000, BGOP=0.000000, NEGNUMTRADES=0.000000, PRICEMINUSPREVWAPRICE=0.000000, CHNGOPEN=0.000000}
2019-11-18T18:40:17.853490 - BANE[TQBR]
#   Total      Size       Bid       Ask      Size     Total
        0                                                 0 
     1148      1148   1942.00   1945.50        71        71
     1196        48   1941.50   1947.00         4        75
     1246        50   1941.00   1947.50         6        81
     1266        20   1940.00   1948.00         5        86
     1282        16   1939.00   1949.00         5        91
     1285         3   1938.00   1949.50         6        97
     1374        89   1936.00   1950.00       311       408
     1375         1   1935.50   1951.00         1       409
     1492       117   1935.00   1952.00        40       449
     1495         3   1934.50   1952.50       120       569
     1777       282   1934.00   1953.00         1       570
     1792        15   1933.00   1953.50        94       664
     1793         1   1930.50   1954.00        43       707
     1801         8   1930.00   1954.50         2       709
     1802         1   1926.00   1955.00       233       942
     1803         1   1925.50   1955.50         1       943
     1804         1   1925.00   1956.00        12       955
     1812         8   1924.00   1957.00        22       977
     1814         2   1923.50   1957.50         1       978
     1818         4   1922.00   1958.00       208      1186
{OPENPERIODPRICE=1934.000000, CLSTATE=0.000000, PRICEMAX=2273.000000, ENDTIME=0.000000, STEPPRICET=0.000000, PREVPRICE=1934.000000, OPTIONBASE=0.000000, starttime=184001.000000, MIN_CURR_LAST=1943.500000, ISSUESIZE=147846489.000000, STEPPRICECL=0.000000, PRICEMIN=1592.500000, PREVLOTSIZE=0.000000, MARKETPRICETODAY=0.000000, BUYBACKPRICE=0.000000, MARKETPRICE2=0.000000, CLPRICE=0.000000, PREVSETTLEPRICE=0.000000, THEORPRICE=0.000000, plannedtime=184001.000000, MARKETPRICE=1940.500000, WAPRICE=1944.000000, ICHANGE=0.000000, OFFERDEPTH=71.000000, PRIMARYDIST=0.000000, LASTVALUE=0.000000, BGONP=0.000000, NEGVALTODAY=0.000000, STARTTIME=184001.000000, LOW=1934.000000, BASEPRICE=0.000000, IOPEN=0.000000, LCURRENTPRICE=1943.500000, MONSTARTTIME=0.000000, QUOTEBASIS=0.000000, BUYBACKDATE=0.000000, LCLOSEPRICE=0.000000, NEXTCOUPON=0.000000, MONENDTIME=0.000000, HIGHVAL=0.000000, ADMITTEDQUOTE=0.000000, OFFER=1945.500000, YIELDATPREVWAPRICE=0.000000, VALTODAY=8377611.000000, SETTLEPRICE=0.000000, PCHANGE=0.000000, LOTSIZE=1.000000, LOWOFFER=1900.000000, ISPERCENT=0.000000, YIELD=0.000000, VOLTODAY=4309.000000, endtime=0.000000, MAXOUTVOLUME=0.000000, OPEN=1934.000000, CROSSRATE=0.000000, CURRENTVALUE=0.000000, NUMCONTRACTS=0.000000, PREVADMITTEDQUOT=1934.000000, COUPONVALUE=0.000000, BIDDEPTH=1148.000000, LASTBID=1942.000000, DURATION=0.000000, LOWVAL=0.000000, imbalance=0.000000, HIGH=1958.000000, YIELDATWAPRICE=0.000000, STEPPRICEPRCL=0.000000, OFFERDEPTHT=3589.000000, VALUE=15576.000000, marketvolb=0.000000, PERCENTRATE=0.000000, MIN_CURR_LAST_TI=183900.000000, auctvalue=0.000000, EXPDATE=0.000000, LASTOFFER=1945.000000, QTY=8.000000, COUPONPERIOD=0.000000, CHANGETIME=0.000000, CURSTEPPRICE=0.000000, marketvols=0.000000, SELLDEPO=0.000000, EVNSTARTTIME=0.000000, LOTSIZECHANGEDAT=0.000000, NUMTRADES=384.000000, CLOSEPRICE=0.000000, HIGHBID=1989.500000, FACEVALUE=0.000000, PRICEMVTLIMITT1=0.000000, PRICEMVTLIMIT=0.000000, LOPENPRICE=0.000000, LAST=1947.000000, BUYPROFIT=0.000000, SELLPROFIT=0.000000, VOLATILITY=0.000000, CLOSETIME=0.000000, PREVWAPRICE=1940.500000, PREVLEGALCLOSEPR=1934.000000, BUYDEPO=0.000000, TRADECHANGE=0.000000, LASTTOPREVSTLPRC=0.000000, BIDDEPTHT=2834.000000, auctvolume=0.000000, PREVDATE=20191115.000000, ACCRUEDINT=0.000000, NUMOFFERS=192.000000, CHANGE=13.000000, STRIKE=0.000000, EVNENDTIME=0.000000, BID=1942.000000, auctnumtrades=0.000000, TRADINGSTATUS=4.000000, LASTCHANGE=0.670000, CHNGCLOSE=0.000000, REALVMPRICE=0.000000, CLOSEYIELD=0.000000, TIME=183818.000000, MARG=0.000000, AUCTPRICE=1943.500000, STEPPRICE=0.000000, NUMBIDS=105.000000, SETTLECODE=8.000000, OPENVAL=0.000000, OPTIONTYPE=0.000000, BGOP=0.000000, NEGNUMTRADES=0.000000, PRICEMINUSPREVWAPRICE=0.000000, CHNGOPEN=0.000000}
2019-11-18T18:40:27.105412 - BANE[TQBR]
#   Total      Size       Bid       Ask      Size     Total
        0                                                 0 
        2         2   2014.50   1945.50        71        71
     1150      1148   1942.00   1947.00         4        75
     1198        48   1941.50   1947.50         6        81
     1248        50   1941.00   1948.00         5        86
     1268        20   1940.00   1949.00         5        91
     1284        16   1939.00   1949.50         6        97
     1287         3   1938.00   1950.00       311       408
     1376        89   1936.00   1951.00         1       409
     1377         1   1935.50   1952.00        40       449
     1494       117   1935.00   1952.50       120       569
     1497         3   1934.50   1953.00         1       570
     1779       282   1934.00   1953.50        94       664
     1794        15   1933.00   1954.00        43       707
     1795         1   1930.50   1954.50         2       709
     1803         8   1930.00   1955.00       233       942
     1804         1   1926.00   1955.50         1       943
     1805         1   1925.50   1956.00        12       955
     1806         1   1925.00   1957.00        22       977
     1814         8   1924.00   1957.50         1       978
     1816         2   1923.50   1958.00       208      1186
Calculation info: Price   1958.00; Imbalance: -1184; Total bids: 2, Total asks: 1186; 
               Field               SERVER               TOP-20
    AuctionPrice,RUB              1945.50             1958.00
       AuctionVolume                    2                   2
       LastPrice,RUB              1947.00             1947.00
          MarketBids                    0                   0
          MarketAsks                    0                   0
         Imbalance,%                                -59200.00
        MarketBids:%                0.000               0.000
        MarketAsks:%                0.000               0.000
      TotalValue:RUB             3891.000            3916.000
  AuctionPriceDiff,%               -0.077               0.565
{OPENPERIODPRICE=1934.000000, CLSTATE=0.000000, PRICEMAX=2273.000000, ENDTIME=0.000000, STEPPRICET=0.000000, PREVPRICE=1934.000000, OPTIONBASE=0.000000, starttime=184001.000000, MIN_CURR_LAST=1943.500000, ISSUESIZE=147846489.000000, STEPPRICECL=0.000000, PRICEMIN=1592.500000, PREVLOTSIZE=0.000000, MARKETPRICETODAY=0.000000, BUYBACKPRICE=0.000000, MARKETPRICE2=0.000000, CLPRICE=0.000000, PREVSETTLEPRICE=0.000000, THEORPRICE=0.000000, plannedtime=184001.000000, MARKETPRICE=1940.500000, WAPRICE=1944.000000, ICHANGE=0.000000, OFFERDEPTH=71.000000, PRIMARYDIST=0.000000, LASTVALUE=0.000000, BGONP=0.000000, NEGVALTODAY=0.000000, STARTTIME=184001.000000, LOW=1934.000000, BASEPRICE=0.000000, IOPEN=0.000000, LCURRENTPRICE=1943.500000, MONSTARTTIME=0.000000, QUOTEBASIS=0.000000, BUYBACKDATE=0.000000, LCLOSEPRICE=0.000000, NEXTCOUPON=0.000000, MONENDTIME=0.000000, HIGHVAL=0.000000, ADMITTEDQUOTE=0.000000, OFFER=1945.500000, YIELDATPREVWAPRICE=0.000000, VALTODAY=8377611.000000, SETTLEPRICE=0.000000, PCHANGE=0.000000, LOTSIZE=1.000000, LOWOFFER=1900.000000, ISPERCENT=0.000000, YIELD=0.000000, VOLTODAY=4309.000000, endtime=0.000000, MAXOUTVOLUME=0.000000, OPEN=1934.000000, CROSSRATE=0.000000, CURRENTVALUE=0.000000, NUMCONTRACTS=0.000000, PREVADMITTEDQUOT=1934.000000, COUPONVALUE=0.000000, BIDDEPTH=2.000000, LASTBID=1942.000000, DURATION=0.000000, LOWVAL=0.000000, imbalance=0.000000, HIGH=1958.000000, YIELDATWAPRICE=0.000000, STEPPRICEPRCL=0.000000, OFFERDEPTHT=3589.000000, VALUE=15576.000000, marketvolb=0.000000, PERCENTRATE=0.000000, MIN_CURR_LAST_TI=183900.000000, auctvalue=3891.000000, EXPDATE=0.000000, LASTOFFER=1945.000000, QTY=8.000000, COUPONPERIOD=0.000000, CHANGETIME=0.000000, CURSTEPPRICE=0.000000, marketvols=0.000000, SELLDEPO=0.000000, EVNSTARTTIME=0.000000, LOTSIZECHANGEDAT=0.000000, NUMTRADES=384.000000, CLOSEPRICE=0.000000, HIGHBID=2014.500000, FACEVALUE=0.000000, PRICEMVTLIMITT1=0.000000, PRICEMVTLIMIT=0.000000, LOPENPRICE=0.000000, LAST=1947.000000, BUYPROFIT=0.000000, SELLPROFIT=0.000000, VOLATILITY=0.000000, CLOSETIME=0.000000, PREVWAPRICE=1940.500000, PREVLEGALCLOSEPR=1934.000000, BUYDEPO=0.000000, TRADECHANGE=0.000000, LASTTOPREVSTLPRC=0.000000, BIDDEPTHT=2734.000000, auctvolume=2.000000, PREVDATE=20191115.000000, ACCRUEDINT=0.000000, NUMOFFERS=192.000000, CHANGE=13.000000, STRIKE=0.000000, EVNENDTIME=0.000000, BID=2014.500000, auctnumtrades=0.000000, TRADINGSTATUS=4.000000, LASTCHANGE=0.670000, CHNGCLOSE=0.000000, REALVMPRICE=0.000000, CLOSEYIELD=0.000000, TIME=183818.000000, MARG=0.000000, AUCTPRICE=1945.500000, STEPPRICE=0.000000, NUMBIDS=103.000000, SETTLECODE=8.000000, OPENVAL=0.000000, OPTIONTYPE=0.000000, BGOP=0.000000, NEGNUMTRADES=0.000000, PRICEMINUSPREVWAPRICE=0.000000, CHNGOPEN=0.000000}
2019-11-18T18:40:31.087104 - BANE[TQBR]
#   Total      Size       Bid       Ask      Size     Total
        0                                                 0 
        2         2   2014.50   1945.50        71        71
     1150      1148   1942.00   1947.00         7        78
     1198        48   1941.50   1947.50         6        84
     1248        50   1941.00   1948.00         5        89
     1268        20   1940.00   1949.00         5        94
     1284        16   1939.00   1949.50         6       100
     1287         3   1938.00   1950.00       311       411
     1376        89   1936.00   1951.00         1       412
     1377         1   1935.50   1952.00        40       452
     1494       117   1935.00   1952.50       120       572
     1497         3   1934.50   1953.00         1       573
     1779       282   1934.00   1953.50        94       667
     1794        15   1933.00   1954.00        43       710
     1795         1   1930.50   1954.50         2       712
     1803         8   1930.00   1955.00       233       945
     1804         1   1926.00   1955.50         1       946
     1805         1   1925.50   1956.00        12       958
     1806         1   1925.00   1957.00        22       980
     1814         8   1924.00   1957.50         1       981
     1816         2   1923.50   1958.00       208      1189
Calculation info: Price   1958.00; Imbalance: -1187; Total bids: 2, Total asks: 1189; 
               Field               SERVER               TOP-20
    AuctionPrice,RUB              1945.50             1958.00
       AuctionVolume                    2                   2
       LastPrice,RUB              1947.00             1947.00
          MarketBids                    0                   0
          MarketAsks                    0                   0
         Imbalance,%                                -59350.00
        MarketBids:%                0.000               0.000
        MarketAsks:%                0.000               0.000
      TotalValue:RUB             3891.000            3916.000
  AuctionPriceDiff,%               -0.077               0.565
{OPENPERIODPRICE=1934.000000, CLSTATE=0.000000, PRICEMAX=2273.000000, ENDTIME=0.000000, STEPPRICET=0.000000, PREVPRICE=1934.000000, OPTIONBASE=0.000000, starttime=184001.000000, MIN_CURR_LAST=1943.500000, ISSUESIZE=147846489.000000, STEPPRICECL=0.000000, PRICEMIN=1592.500000, PREVLOTSIZE=0.000000, MARKETPRICETODAY=0.000000, BUYBACKPRICE=0.000000, MARKETPRICE2=0.000000, CLPRICE=0.000000, PREVSETTLEPRICE=0.000000, THEORPRICE=0.000000, plannedtime=184001.000000, MARKETPRICE=1940.500000, WAPRICE=1944.000000, ICHANGE=0.000000, OFFERDEPTH=71.000000, PRIMARYDIST=0.000000, LASTVALUE=0.000000, BGONP=0.000000, NEGVALTODAY=0.000000, STARTTIME=184001.000000, LOW=1934.000000, BASEPRICE=0.000000, IOPEN=0.000000, LCURRENTPRICE=1943.500000, MONSTARTTIME=0.000000, QUOTEBASIS=0.000000, BUYBACKDATE=0.000000, LCLOSEPRICE=0.000000, NEXTCOUPON=0.000000, MONENDTIME=0.000000, HIGHVAL=0.000000, ADMITTEDQUOTE=0.000000, OFFER=1945.500000, YIELDATPREVWAPRICE=0.000000, VALTODAY=8377611.000000, SETTLEPRICE=0.000000, PCHANGE=0.000000, LOTSIZE=1.000000, LOWOFFER=1900.000000, ISPERCENT=0.000000, YIELD=0.000000, VOLTODAY=4309.000000, endtime=0.000000, MAXOUTVOLUME=0.000000, OPEN=1934.000000, CROSSRATE=0.000000, CURRENTVALUE=0.000000, NUMCONTRACTS=0.000000, PREVADMITTEDQUOT=1934.000000, COUPONVALUE=0.000000, BIDDEPTH=2.000000, LASTBID=1942.000000, DURATION=0.000000, LOWVAL=0.000000, imbalance=0.000000, HIGH=1958.000000, YIELDATWAPRICE=0.000000, STEPPRICEPRCL=0.000000, OFFERDEPTHT=3589.000000, VALUE=15576.000000, marketvolb=0.000000, PERCENTRATE=0.000000, MIN_CURR_LAST_TI=183900.000000, auctvalue=3891.000000, EXPDATE=0.000000, LASTOFFER=1945.000000, QTY=8.000000, COUPONPERIOD=0.000000, CHANGETIME=0.000000, CURSTEPPRICE=0.000000, marketvols=0.000000, SELLDEPO=0.000000, EVNSTARTTIME=0.000000, LOTSIZECHANGEDAT=0.000000, NUMTRADES=384.000000, CLOSEPRICE=0.000000, HIGHBID=2014.500000, FACEVALUE=0.000000, PRICEMVTLIMITT1=0.000000, PRICEMVTLIMIT=0.000000, LOPENPRICE=0.000000, LAST=1947.000000, BUYPROFIT=0.000000, SELLPROFIT=0.000000, VOLATILITY=0.000000, CLOSETIME=0.000000, PREVWAPRICE=1940.500000, PREVLEGALCLOSEPR=1934.000000, BUYDEPO=0.000000, TRADECHANGE=0.000000, LASTTOPREVSTLPRC=0.000000, BIDDEPTHT=2736.000000, auctvolume=2.000000, PREVDATE=20191115.000000, ACCRUEDINT=0.000000, NUMOFFERS=192.000000, CHANGE=13.000000, STRIKE=0.000000, EVNENDTIME=0.000000, BID=2014.500000, auctnumtrades=0.000000, TRADINGSTATUS=4.000000, LASTCHANGE=0.670000, CHNGCLOSE=0.000000, REALVMPRICE=0.000000, CLOSEYIELD=0.000000, TIME=183818.000000, MARG=0.000000, AUCTPRICE=1945.500000, STEPPRICE=0.000000, NUMBIDS=104.000000, SETTLECODE=8.000000, OPENVAL=0.000000, OPTIONTYPE=0.000000, BGOP=0.000000, NEGNUMTRADES=0.000000, PRICEMINUSPREVWAPRICE=0.000000, CHNGOPEN=0.000000}
2019-11-18T18:41:03.262709 - BANE[TQBR]
#   Total      Size       Bid       Ask      Size     Total
        0                                                 0 
        2         2   2014.50   1945.50        71        71
     1150      1148   1942.00   1947.00         7        78
     1198        48   1941.50   1947.50         6        84
     1248        50   1941.00   1948.00         5        89
     1268        20   1940.00   1949.00         5        94
     1284        16   1939.00   1949.50         6       100
     1287         3   1938.00   1950.00       311       411
     1376        89   1936.00   1951.00         1       412
     1377         1   1935.50   1952.00        40       452
     1494       117   1935.00   1952.50       120       572
     1497         3   1934.50   1953.00         1       573
     1879       382   1934.00   1953.50        94       667
     1894        15   1933.00   1954.00        43       710
     1895         1   1930.50   1954.50         2       712
     1903         8   1930.00   1955.00       233       945
     2003       100   1929.00   1955.50         1       946
     2004         1   1926.00   1956.00        12       958
     2005         1   1925.50   1957.00        22       980
     2006         1   1925.00   1957.50         1       981
     2014         8   1924.00   1958.00       208      1189
Calculation info: Price   1958.00; Imbalance: -1187; Total bids: 2, Total asks: 1189; 
               Field               SERVER               TOP-20
    AuctionPrice,RUB              1945.50             1958.00
       AuctionVolume                    2                   2
       LastPrice,RUB              1947.00             1947.00
          MarketBids                    0                   0
          MarketAsks                    0                   0
         Imbalance,%                                -59350.00
        MarketBids:%                0.000               0.000
        MarketAsks:%                0.000               0.000
      TotalValue:RUB             3891.000            3916.000
  AuctionPriceDiff,%               -0.077               0.565
{OPENPERIODPRICE=1934.000000, CLSTATE=0.000000, PRICEMAX=2273.000000, ENDTIME=0.000000, STEPPRICET=0.000000, PREVPRICE=1934.000000, OPTIONBASE=0.000000, starttime=184001.000000, MIN_CURR_LAST=1943.500000, ISSUESIZE=147846489.000000, STEPPRICECL=0.000000, PRICEMIN=1592.500000, PREVLOTSIZE=0.000000, MARKETPRICETODAY=0.000000, BUYBACKPRICE=0.000000, MARKETPRICE2=0.000000, CLPRICE=0.000000, PREVSETTLEPRICE=0.000000, THEORPRICE=0.000000, plannedtime=184001.000000, MARKETPRICE=1940.500000, WAPRICE=1944.000000, ICHANGE=0.000000, OFFERDEPTH=71.000000, PRIMARYDIST=0.000000, LASTVALUE=0.000000, BGONP=0.000000, NEGVALTODAY=0.000000, STARTTIME=184001.000000, LOW=1934.000000, BASEPRICE=0.000000, IOPEN=0.000000, LCURRENTPRICE=1943.500000, MONSTARTTIME=0.000000, QUOTEBASIS=0.000000, BUYBACKDATE=0.000000, LCLOSEPRICE=0.000000, NEXTCOUPON=0.000000, MONENDTIME=0.000000, HIGHVAL=0.000000, ADMITTEDQUOTE=0.000000, OFFER=1945.500000, YIELDATPREVWAPRICE=0.000000, VALTODAY=8377611.000000, SETTLEPRICE=0.000000, PCHANGE=0.000000, LOTSIZE=1.000000, LOWOFFER=1900.000000, ISPERCENT=0.000000, YIELD=0.000000, VOLTODAY=4309.000000, endtime=0.000000, MAXOUTVOLUME=0.000000, OPEN=1934.000000, CROSSRATE=0.000000, CURRENTVALUE=0.000000, NUMCONTRACTS=0.000000, PREVADMITTEDQUOT=1934.000000, COUPONVALUE=0.000000, BIDDEPTH=2.000000, LASTBID=1942.000000, DURATION=0.000000, LOWVAL=0.000000, imbalance=0.000000, HIGH=1958.000000, YIELDATWAPRICE=0.000000, STEPPRICEPRCL=0.000000, OFFERDEPTHT=3592.000000, VALUE=15576.000000, marketvolb=0.000000, PERCENTRATE=0.000000, MIN_CURR_LAST_TI=183900.000000, auctvalue=3891.000000, EXPDATE=0.000000, LASTOFFER=1945.000000, QTY=8.000000, COUPONPERIOD=0.000000, CHANGETIME=0.000000, CURSTEPPRICE=0.000000, marketvols=0.000000, SELLDEPO=0.000000, EVNSTARTTIME=0.000000, LOTSIZECHANGEDAT=0.000000, NUMTRADES=384.000000, CLOSEPRICE=0.000000, HIGHBID=2014.500000, FACEVALUE=0.000000, PRICEMVTLIMITT1=0.000000, PRICEMVTLIMIT=0.000000, LOPENPRICE=0.000000, LAST=1947.000000, BUYPROFIT=0.000000, SELLPROFIT=0.000000, VOLATILITY=0.000000, CLOSETIME=0.000000, PREVWAPRICE=1940.500000, PREVLEGALCLOSEPR=1934.000000, BUYDEPO=0.000000, TRADECHANGE=0.000000, LASTTOPREVSTLPRC=0.000000, BIDDEPTHT=2736.000000, auctvolume=2.000000, PREVDATE=20191115.000000, ACCRUEDINT=0.000000, NUMOFFERS=193.000000, CHANGE=13.000000, STRIKE=0.000000, EVNENDTIME=0.000000, BID=2014.500000, auctnumtrades=0.000000, TRADINGSTATUS=4.000000, LASTCHANGE=0.670000, CHNGCLOSE=0.000000, REALVMPRICE=0.000000, CLOSEYIELD=0.000000, TIME=183818.000000, MARG=0.000000, AUCTPRICE=1945.500000, STEPPRICE=0.000000, NUMBIDS=104.000000, SETTLECODE=8.000000, OPENVAL=0.000000, OPTIONTYPE=0.000000, BGOP=0.000000, NEGNUMTRADES=0.000000, PRICEMINUSPREVWAPRICE=0.000000, CHNGOPEN=0.000000}
2019-11-18T18:44:40.422577 - BANE[TQBR]
#   Total      Size       Bid       Ask      Size     Total
        0                                                 0 
        2         2   2014.50   1879.00         4         4
     1150      1148   1942.00   1945.50        71        75
     1198        48   1941.50   1947.00         7        82
     1248        50   1941.00   1947.50         6        88
     1268        20   1940.00   1948.00         5        93
     1284        16   1939.00   1949.00         5        98
     1287         3   1938.00   1949.50         6       104
     1376        89   1936.00   1950.00       311       415
     1377         1   1935.50   1951.00         1       416
     1494       117   1935.00   1952.00        40       456
     1497         3   1934.50   1952.50       120       576
     1879       382   1934.00   1953.00         1       577
     1894        15   1933.00   1953.50        94       671
     1895         1   1930.50   1954.00        43       714
     1903         8   1930.00   1954.50         2       716
     2003       100   1929.00   1955.00       233       949
     2004         1   1926.00   1955.50         1       950
     2005         1   1925.50   1956.00        12       962
     2006         1   1925.00   1957.00        22       984
     2014         8   1924.00   1957.50         1       985
Calculation info: Price   1942.00; Imbalance: 1146; Total bids: 1150, Total asks: 4; 
               Field               SERVER               TOP-20
    AuctionPrice,RUB              1942.00             1942.00
       AuctionVolume                    4                   4
       LastPrice,RUB              1947.00             1947.00
          MarketBids                    0                   0
          MarketAsks                    0                   0
         Imbalance,%                                 28650.00
        MarketBids:%                0.000               0.000
        MarketAsks:%                0.000               0.000
      TotalValue:RUB             7768.000            7768.000
  AuctionPriceDiff,%               -0.257              -0.257
Matched calculation!
{OPENPERIODPRICE=1934.000000, CLSTATE=0.000000, PRICEMAX=2273.000000, ENDTIME=0.000000, STEPPRICET=0.000000, PREVPRICE=1934.000000, OPTIONBASE=0.000000, starttime=184001.000000, MIN_CURR_LAST=1943.500000, ISSUESIZE=147846489.000000, STEPPRICECL=0.000000, PRICEMIN=1592.500000, PREVLOTSIZE=0.000000, MARKETPRICETODAY=0.000000, BUYBACKPRICE=0.000000, MARKETPRICE2=0.000000, CLPRICE=0.000000, PREVSETTLEPRICE=0.000000, THEORPRICE=0.000000, plannedtime=184001.000000, MARKETPRICE=1940.500000, WAPRICE=1944.000000, ICHANGE=0.000000, OFFERDEPTH=4.000000, PRIMARYDIST=0.000000, LASTVALUE=0.000000, BGONP=0.000000, NEGVALTODAY=0.000000, STARTTIME=184001.000000, LOW=1934.000000, BASEPRICE=0.000000, IOPEN=0.000000, LCURRENTPRICE=1943.500000, MONSTARTTIME=0.000000, QUOTEBASIS=0.000000, BUYBACKDATE=0.000000, LCLOSEPRICE=0.000000, NEXTCOUPON=0.000000, MONENDTIME=0.000000, HIGHVAL=0.000000, ADMITTEDQUOTE=0.000000, OFFER=1879.000000, YIELDATPREVWAPRICE=0.000000, VALTODAY=8377611.000000, SETTLEPRICE=0.000000, PCHANGE=0.000000, LOTSIZE=1.000000, LOWOFFER=1879.000000, ISPERCENT=0.000000, YIELD=0.000000, VOLTODAY=4309.000000, endtime=0.000000, MAXOUTVOLUME=0.000000, OPEN=1934.000000, CROSSRATE=0.000000, CURRENTVALUE=0.000000, NUMCONTRACTS=0.000000, PREVADMITTEDQUOT=1934.000000, COUPONVALUE=0.000000, BIDDEPTH=2.000000, LASTBID=1942.000000, DURATION=0.000000, LOWVAL=0.000000, imbalance=0.000000, HIGH=1958.000000, YIELDATWAPRICE=0.000000, STEPPRICEPRCL=0.000000, OFFERDEPTHT=3596.000000, VALUE=15576.000000, marketvolb=0.000000, PERCENTRATE=0.000000, MIN_CURR_LAST_TI=183900.000000, auctvalue=7768.000000, EXPDATE=0.000000, LASTOFFER=1945.000000, QTY=8.000000, COUPONPERIOD=0.000000, CHANGETIME=0.000000, CURSTEPPRICE=0.000000, marketvols=0.000000, SELLDEPO=0.000000, EVNSTARTTIME=0.000000, LOTSIZECHANGEDAT=0.000000, NUMTRADES=384.000000, CLOSEPRICE=0.000000, HIGHBID=2014.500000, FACEVALUE=0.000000, PRICEMVTLIMITT1=0.000000, PRICEMVTLIMIT=0.000000, LOPENPRICE=0.000000, LAST=1947.000000, BUYPROFIT=0.000000, SELLPROFIT=0.000000, VOLATILITY=0.000000, CLOSETIME=0.000000, PREVWAPRICE=1940.500000, PREVLEGALCLOSEPR=1934.000000, BUYDEPO=0.000000, TRADECHANGE=0.000000, LASTTOPREVSTLPRC=0.000000, BIDDEPTHT=2936.000000, auctvolume=4.000000, PREVDATE=20191115.000000, ACCRUEDINT=0.000000, NUMOFFERS=194.000000, CHANGE=13.000000, STRIKE=0.000000, EVNENDTIME=0.000000, BID=2014.500000, auctnumtrades=0.000000, TRADINGSTATUS=4.000000, LASTCHANGE=0.670000, CHNGCLOSE=0.000000, REALVMPRICE=0.000000, CLOSEYIELD=0.000000, TIME=183818.000000, MARG=0.000000, AUCTPRICE=1942.000000, STEPPRICE=0.000000, NUMBIDS=106.000000, SETTLECODE=8.000000, OPENVAL=0.000000, OPTIONTYPE=0.000000, BGOP=0.000000, NEGNUMTRADES=0.000000, PRICEMINUSPREVWAPRICE=0.000000, CHNGOPEN=0.000000}
2019-11-18T18:45:00.688202 - BANE[TQBR]
#   Total      Size       Bid       Ask      Size     Total
        0                                                 0 
     1148      1148   1942.00   1879.00         4         4
     1196        48   1941.50   1945.50        71        75
     1246        50   1941.00   1947.00         7        82
     1266        20   1940.00   1947.50         6        88
     1282        16   1939.00   1948.00         5        93
     1285         3   1938.00   1949.00         5        98
     1374        89   1936.00   1949.50         6       104
     1375         1   1935.50   1950.00       311       415
     1492       117   1935.00   1951.00         1       416
     1495         3   1934.50   1952.00        40       456
     1877       382   1934.00   1952.50       120       576
     1892        15   1933.00   1953.00         1       577
     1893         1   1930.50   1953.50        94       671
     1901         8   1930.00   1954.00        43       714
     2001       100   1929.00   1954.50         2       716
     2002         1   1926.00   1955.00       233       949
     2003         1   1925.50   1955.50         1       950
     2004         1   1925.00   1956.00        12       962
     2012         8   1924.00   1957.00        22       984
     2014         2   1923.50   1957.50         1       985
Calculation info: Price   1942.00; Imbalance: 1144; Total bids: 1148, Total asks: 4; 
               Field               SERVER               TOP-20
    AuctionPrice,RUB              1942.00             1942.00
       AuctionVolume                    4                   4
       LastPrice,RUB              1947.00             1947.00
          MarketBids                    0                   0
          MarketAsks                    0                   0
         Imbalance,%                                 28600.00
        MarketBids:%                0.000               0.000
        MarketAsks:%                0.000               0.000
      TotalValue:RUB             7768.000            7768.000
  AuctionPriceDiff,%               -0.257              -0.257
Matched calculation!
{OPENPERIODPRICE=1934.000000, CLSTATE=0.000000, PRICEMAX=2273.000000, ENDTIME=0.000000, STEPPRICET=0.000000, PREVPRICE=1934.000000, OPTIONBASE=0.000000, starttime=184001.000000, MIN_CURR_LAST=1943.500000, ISSUESIZE=147846489.000000, STEPPRICECL=0.000000, PRICEMIN=1592.500000, PREVLOTSIZE=0.000000, MARKETPRICETODAY=0.000000, BUYBACKPRICE=0.000000, MARKETPRICE2=0.000000, CLPRICE=0.000000, PREVSETTLEPRICE=0.000000, THEORPRICE=0.000000, plannedtime=184001.000000, MARKETPRICE=1940.500000, WAPRICE=1944.000000, ICHANGE=0.000000, OFFERDEPTH=4.000000, PRIMARYDIST=0.000000, LASTVALUE=0.000000, BGONP=0.000000, NEGVALTODAY=0.000000, STARTTIME=184001.000000, LOW=1934.000000, BASEPRICE=0.000000, IOPEN=0.000000, LCURRENTPRICE=1943.500000, MONSTARTTIME=0.000000, QUOTEBASIS=0.000000, BUYBACKDATE=0.000000, LCLOSEPRICE=0.000000, NEXTCOUPON=0.000000, MONENDTIME=0.000000, HIGHVAL=0.000000, ADMITTEDQUOTE=0.000000, OFFER=1879.000000, YIELDATPREVWAPRICE=0.000000, VALTODAY=8377611.000000, SETTLEPRICE=0.000000, PCHANGE=0.000000, LOTSIZE=1.000000, LOWOFFER=1879.000000, ISPERCENT=0.000000, YIELD=0.000000, VOLTODAY=4309.000000, endtime=0.000000, MAXOUTVOLUME=0.000000, OPEN=1934.000000, CROSSRATE=0.000000, CURRENTVALUE=0.000000, NUMCONTRACTS=0.000000, PREVADMITTEDQUOT=1934.000000, COUPONVALUE=0.000000, BIDDEPTH=1148.000000, LASTBID=1942.000000, DURATION=0.000000, LOWVAL=0.000000, imbalance=0.000000, HIGH=1958.000000, YIELDATWAPRICE=0.000000, STEPPRICEPRCL=0.000000, OFFERDEPTHT=3596.000000, VALUE=15576.000000, marketvolb=0.000000, PERCENTRATE=0.000000, MIN_CURR_LAST_TI=183900.000000, auctvalue=7768.000000, EXPDATE=0.000000, LASTOFFER=1945.000000, QTY=8.000000, COUPONPERIOD=0.000000, CHANGETIME=0.000000, CURSTEPPRICE=0.000000, marketvols=0.000000, SELLDEPO=0.000000, EVNSTARTTIME=0.000000, LOTSIZECHANGEDAT=0.000000, NUMTRADES=384.000000, CLOSEPRICE=0.000000, HIGHBID=2014.500000, FACEVALUE=0.000000, PRICEMVTLIMITT1=0.000000, PRICEMVTLIMIT=0.000000, LOPENPRICE=0.000000, LAST=1947.000000, BUYPROFIT=0.000000, SELLPROFIT=0.000000, VOLATILITY=0.000000, CLOSETIME=0.000000, PREVWAPRICE=1940.500000, PREVLEGALCLOSEPR=1934.000000, BUYDEPO=0.000000, TRADECHANGE=0.000000, LASTTOPREVSTLPRC=0.000000, BIDDEPTHT=2936.000000, auctvolume=4.000000, PREVDATE=20191115.000000, ACCRUEDINT=0.000000, NUMOFFERS=194.000000, CHANGE=13.000000, STRIKE=0.000000, EVNENDTIME=0.000000, BID=1942.000000, auctnumtrades=0.000000, TRADINGSTATUS=4.000000, LASTCHANGE=0.670000, CHNGCLOSE=0.000000, REALVMPRICE=0.000000, CLOSEYIELD=0.000000, TIME=183818.000000, MARG=0.000000, AUCTPRICE=1942.000000, STEPPRICE=0.000000, NUMBIDS=106.000000, SETTLECODE=8.000000, OPENVAL=0.000000, OPTIONTYPE=0.000000, BGOP=0.000000, NEGNUMTRADES=0.000000, PRICEMINUSPREVWAPRICE=0.000000, CHNGOPEN=0.000000}
2019-11-18T18:45:31.813202 - BANE[TQBR]
#   Total      Size       Bid       Ask      Size     Total
        0                                                 0 
     1144      1144   1942.00                                
{OPENPERIODPRICE=1934.000000, CLSTATE=0.000000, PRICEMAX=2273.000000, ENDTIME=0.000000, STEPPRICET=0.000000, PREVPRICE=1934.000000, OPTIONBASE=0.000000, starttime=184001.000000, MIN_CURR_LAST=1943.500000, ISSUESIZE=147846489.000000, STEPPRICECL=0.000000, PRICEMIN=1592.500000, PREVLOTSIZE=0.000000, MARKETPRICETODAY=0.000000, BUYBACKPRICE=0.000000, MARKETPRICE2=0.000000, CLPRICE=0.000000, PREVSETTLEPRICE=0.000000, THEORPRICE=0.000000, plannedtime=184001.000000, MARKETPRICE=1940.500000, WAPRICE=1944.000000, ICHANGE=0.000000, OFFERDEPTH=0.000000, PRIMARYDIST=0.000000, LASTVALUE=0.000000, BGONP=0.000000, NEGVALTODAY=0.000000, STARTTIME=184001.000000, LOW=1934.000000, BASEPRICE=0.000000, IOPEN=0.000000, LCURRENTPRICE=1943.500000, MONSTARTTIME=0.000000, QUOTEBASIS=0.000000, BUYBACKDATE=0.000000, LCLOSEPRICE=0.000000, NEXTCOUPON=0.000000, MONENDTIME=0.000000, HIGHVAL=0.000000, ADMITTEDQUOTE=0.000000, OFFER=0.000000, YIELDATPREVWAPRICE=0.000000, VALTODAY=8385379.000000, SETTLEPRICE=0.000000, PCHANGE=0.000000, LOTSIZE=1.000000, LOWOFFER=1879.000000, ISPERCENT=0.000000, YIELD=0.000000, VOLTODAY=4313.000000, endtime=0.000000, MAXOUTVOLUME=0.000000, OPEN=1934.000000, CROSSRATE=0.000000, CURRENTVALUE=0.000000, NUMCONTRACTS=0.000000, PREVADMITTEDQUOT=1934.000000, COUPONVALUE=0.000000, BIDDEPTH=1144.000000, LASTBID=1942.000000, DURATION=0.000000, LOWVAL=0.000000, imbalance=0.000000, HIGH=1958.000000, YIELDATWAPRICE=0.000000, STEPPRICEPRCL=0.000000, OFFERDEPTHT=3596.000000, VALUE=7768.000000, marketvolb=0.000000, PERCENTRATE=0.000000, MIN_CURR_LAST_TI=183900.000000, auctvalue=7768.000000, EXPDATE=0.000000, LASTOFFER=1945.000000, QTY=4.000000, COUPONPERIOD=0.000000, CHANGETIME=0.000000, CURSTEPPRICE=0.000000, marketvols=0.000000, SELLDEPO=0.000000, EVNSTARTTIME=0.000000, LOTSIZECHANGEDAT=0.000000, NUMTRADES=385.000000, CLOSEPRICE=0.000000, HIGHBID=2014.500000, FACEVALUE=0.000000, PRICEMVTLIMITT1=0.000000, PRICEMVTLIMIT=0.000000, LOPENPRICE=0.000000, LAST=1942.000000, BUYPROFIT=0.000000, SELLPROFIT=0.000000, VOLATILITY=0.000000, CLOSETIME=0.000000, PREVWAPRICE=1940.500000, PREVLEGALCLOSEPR=1934.000000, BUYDEPO=0.000000, TRADECHANGE=0.000000, LASTTOPREVSTLPRC=0.000000, BIDDEPTHT=2934.000000, auctvolume=4.000000, PREVDATE=20191115.000000, ACCRUEDINT=0.000000, NUMOFFERS=194.000000, CHANGE=8.000000, STRIKE=0.000000, EVNENDTIME=0.000000, BID=1942.000000, auctnumtrades=0.000000, TRADINGSTATUS=5.000000, LASTCHANGE=0.410000, CHNGCLOSE=0.000000, REALVMPRICE=0.000000, CLOSEYIELD=0.000000, TIME=184527.000000, MARG=0.000000, AUCTPRICE=1942.000000, STEPPRICE=0.000000, NUMBIDS=105.000000, SETTLECODE=8.000000, OPENVAL=0.000000, OPTIONTYPE=0.000000, BGOP=0.000000, NEGNUMTRADES=0.000000, PRICEMINUSPREVWAPRICE=0.000000, CHNGOPEN=0.000000}
2019-11-18T18:46:29.438202 - BANE[TQBR]
#   Total      Size       Bid       Ask      Size     Total
        0                                                 0 
     1143      1143   1942.00                                
{OPENPERIODPRICE=1934.000000, CLSTATE=0.000000, PRICEMAX=2273.000000, ENDTIME=0.000000, STEPPRICET=0.000000, PREVPRICE=1934.000000, OPTIONBASE=0.000000, starttime=184527.000000, MIN_CURR_LAST=1942.000000, ISSUESIZE=147846489.000000, STEPPRICECL=0.000000, PRICEMIN=1592.500000, PREVLOTSIZE=0.000000, MARKETPRICETODAY=0.000000, BUYBACKPRICE=0.000000, MARKETPRICE2=0.000000, CLPRICE=0.000000, PREVSETTLEPRICE=0.000000, THEORPRICE=0.000000, plannedtime=184527.000000, MARKETPRICE=1940.500000, WAPRICE=1944.000000, ICHANGE=0.000000, OFFERDEPTH=0.000000, PRIMARYDIST=0.000000, LASTVALUE=0.000000, BGONP=0.000000, NEGVALTODAY=0.000000, STARTTIME=184527.000000, LOW=1934.000000, BASEPRICE=0.000000, IOPEN=0.000000, LCURRENTPRICE=1943.500000, MONSTARTTIME=0.000000, QUOTEBASIS=0.000000, BUYBACKDATE=0.000000, LCLOSEPRICE=0.000000, NEXTCOUPON=0.000000, MONENDTIME=0.000000, HIGHVAL=0.000000, ADMITTEDQUOTE=0.000000, OFFER=0.000000, YIELDATPREVWAPRICE=0.000000, VALTODAY=8387321.000000, SETTLEPRICE=0.000000, PCHANGE=0.000000, LOTSIZE=1.000000, LOWOFFER=1879.000000, ISPERCENT=0.000000, YIELD=0.000000, VOLTODAY=4314.000000, endtime=0.000000, MAXOUTVOLUME=0.000000, OPEN=1934.000000, CROSSRATE=0.000000, CURRENTVALUE=0.000000, NUMCONTRACTS=0.000000, PREVADMITTEDQUOT=1934.000000, COUPONVALUE=0.000000, BIDDEPTH=1143.000000, LASTBID=1942.000000, DURATION=0.000000, LOWVAL=0.000000, imbalance=0.000000, HIGH=1958.000000, YIELDATWAPRICE=0.000000, STEPPRICEPRCL=0.000000, OFFERDEPTHT=0.000000, VALUE=1942.000000, marketvolb=0.000000, PERCENTRATE=0.000000, MIN_CURR_LAST_TI=184600.000000, auctvalue=1942.000000, EXPDATE=0.000000, LASTOFFER=1945.000000, QTY=1.000000, COUPONPERIOD=0.000000, CHANGETIME=0.000000, CURSTEPPRICE=0.000000, marketvols=0.000000, SELLDEPO=0.000000, EVNSTARTTIME=0.000000, LOTSIZECHANGEDAT=0.000000, NUMTRADES=386.000000, CLOSEPRICE=0.000000, HIGHBID=2014.500000, FACEVALUE=0.000000, PRICEMVTLIMITT1=0.000000, PRICEMVTLIMIT=0.000000, LOPENPRICE=0.000000, LAST=1942.000000, BUYPROFIT=0.000000, SELLPROFIT=0.000000, VOLATILITY=0.000000, CLOSETIME=0.000000, PREVWAPRICE=1940.500000, PREVLEGALCLOSEPR=1934.000000, BUYDEPO=0.000000, TRADECHANGE=0.000000, LASTTOPREVSTLPRC=0.000000, BIDDEPTHT=1144.000000, auctvolume=1.000000, PREVDATE=20191115.000000, ACCRUEDINT=0.000000, NUMOFFERS=0.000000, CHANGE=8.000000, STRIKE=0.000000, EVNENDTIME=0.000000, BID=1942.000000, auctnumtrades=1.000000, TRADINGSTATUS=5.000000, LASTCHANGE=0.410000, CHNGCLOSE=0.000000, REALVMPRICE=0.000000, CLOSEYIELD=0.000000, TIME=184629.000000, MARG=0.000000, AUCTPRICE=1942.000000, STEPPRICE=0.000000, NUMBIDS=4.000000, SETTLECODE=8.000000, OPENVAL=0.000000, OPTIONTYPE=0.000000, BGOP=0.000000, NEGNUMTRADES=0.000000, PRICEMINUSPREVWAPRICE=0.000000, CHNGOPEN=0.000000}
