2019-11-13T18:40:26.790975 - ENRU[TQBR]
#   Total      Size       Bid       Ask      Size     Total
        0                                                 0 
      235       235      0.94      0.95       286       286
      440       205      0.94      0.95       156       442
     1955      1515      0.94      0.95       151       593
     1975        20      0.94      0.95       249       842
     3487      1512      0.94      0.95        69       911
     3496         9      0.94      0.95        10       921
     3734       238      0.94      0.95       209      1130
     3806        72      0.94      0.95       497      1627
     6614      2808      0.94      0.95       606      2233
     7070       456      0.94      0.95       510      2743
     7073         3      0.94      0.95       386      3129
     7105        32      0.94      0.95        41      3170
     7658       553      0.94      0.95         7      3177
     7710        52      0.94      0.95        93      3270
     7712         2      0.94      0.95       105      3375
     7715         3      0.94      0.95       104      3479
     7836       121      0.94      0.95        99      3578
     7849        13      0.94      0.95        12      3590
     7928        79      0.94      0.96        23      3613
     7930         2      0.94      0.96       307      3920
{OPENPERIODPRICE=0.940500, CLSTATE=0.000000, PRICEMAX=1.114500, ENDTIME=95948.000000, STEPPRICET=0.000000, PREVPRICE=0.949000, OPTIONBASE=0.000000, starttime=95000.000000, MIN_CURR_LAST=0.944000, ISSUESIZE=35371898370.000000, STEPPRICECL=0.000000, PRICEMIN=0.781000, PREVLOTSIZE=0.000000, MARKETPRICETODAY=0.000000, BUYBACKPRICE=0.000000, MARKETPRICE2=0.000000, CLPRICE=0.000000, PREVSETTLEPRICE=0.000000, THEORPRICE=0.000000, plannedtime=95000.000000, MARKETPRICE=0.949500, WAPRICE=0.945000, ICHANGE=0.000000, OFFERDEPTH=286.000000, PRIMARYDIST=0.000000, LASTVALUE=0.000000, BGONP=0.000000, NEGVALTODAY=0.000000, STARTTIME=95000.000000, LOW=0.940500, BASEPRICE=0.000000, IOPEN=0.000000, LCURRENTPRICE=0.944000, MONSTARTTIME=0.000000, QUOTEBASIS=0.000000, BUYBACKDATE=0.000000, LCLOSEPRICE=0.000000, NEXTCOUPON=0.000000, MONENDTIME=0.000000, HIGHVAL=0.000000, ADMITTEDQUOTE=0.000000, OFFER=0.944500, YIELDATPREVWAPRICE=0.000000, VALTODAY=20698933.000000, SETTLEPRICE=0.000000, PCHANGE=0.000000, LOTSIZE=1000.000000, LOWOFFER=0.920000, ISPERCENT=0.000000, YIELD=0.000000, VOLTODAY=21906000.000000, endtime=95948.000000, MAXOUTVOLUME=0.000000, OPEN=0.940500, CROSSRATE=0.000000, CURRENTVALUE=0.000000, NUMCONTRACTS=0.000000, PREVADMITTEDQUOT=0.949000, COUPONVALUE=0.000000, BIDDEPTH=235.000000, LASTBID=0.944000, DURATION=0.000000, LOWVAL=0.000000, imbalance=0.000000, HIGH=0.949500, YIELDATWAPRICE=0.000000, STEPPRICEPRCL=0.000000, OFFERDEPTHT=18408.000000, VALUE=944.500000, marketvolb=0.000000, PERCENTRATE=0.000000, MIN_CURR_LAST_TI=183400.000000, auctvalue=235125.000000, EXPDATE=0.000000, LASTOFFER=0.944500, QTY=1.000000, COUPONPERIOD=0.000000, CHANGETIME=0.000000, CURSTEPPRICE=0.000000, marketvols=0.000000, SELLDEPO=0.000000, EVNSTARTTIME=0.000000, LOTSIZECHANGEDAT=0.000000, NUMTRADES=505.000000, CLOSEPRICE=0.000000, HIGHBID=0.980500, FACEVALUE=0.000000, PRICEMVTLIMITT1=0.000000, PRICEMVTLIMIT=0.000000, LOPENPRICE=0.000000, LAST=0.944500, BUYPROFIT=0.000000, SELLPROFIT=0.000000, VOLATILITY=0.000000, CLOSETIME=0.000000, PREVWAPRICE=0.949500, PREVLEGALCLOSEPR=0.949000, BUYDEPO=0.000000, TRADECHANGE=0.000000, LASTTOPREVSTLPRC=0.000000, BIDDEPTHT=25162.000000, auctvolume=250000.000000, PREVDATE=20191112.000000, ACCRUEDINT=0.000000, NUMOFFERS=442.000000, CHANGE=-0.004500, STRIKE=0.000000, EVNENDTIME=0.000000, BID=0.944000, auctnumtrades=7.000000, TRADINGSTATUS=1.000000, LASTCHANGE=-0.470000, CHNGCLOSE=0.000000, REALVMPRICE=0.000000, CLOSEYIELD=0.000000, TIME=183923.000000, MARG=0.000000, AUCTPRICE=0.940500, STEPPRICE=0.000000, NUMBIDS=539.000000, SETTLECODE=8.000000, OPENVAL=0.000000, OPTIONTYPE=0.000000, BGOP=0.000000, NEGNUMTRADES=0.000000, PRICEMINUSPREVWAPRICE=0.000000, CHNGOPEN=0.000000}
2019-11-13T18:40:26.978995 - ENRU[TQBR]
#   Total      Size       Bid       Ask      Size     Total
        0                                                 0 
      235       235      0.94      0.95       291       291
      440       205      0.94      0.95       156       447
     1955      1515      0.94      0.95       151       598
     1975        20      0.94      0.95       249       847
     3487      1512      0.94      0.95        69       916
     3496         9      0.94      0.95        10       926
     3734       238      0.94      0.95       209      1135
     3806        72      0.94      0.95       497      1632
     6614      2808      0.94      0.95       606      2238
     7070       456      0.94      0.95       510      2748
     7073         3      0.94      0.95       386      3134
     7105        32      0.94      0.95        41      3175
     7658       553      0.94      0.95         7      3182
     7710        52      0.94      0.95        93      3275
     7712         2      0.94      0.95       105      3380
     7715         3      0.94      0.95       104      3484
     7836       121      0.94      0.95        99      3583
     7849        13      0.94      0.95        12      3595
     7928        79      0.94      0.96        23      3618
     7930         2      0.94      0.96       307      3925
{OPENPERIODPRICE=0.940500, CLSTATE=0.000000, PRICEMAX=1.114500, ENDTIME=95948.000000, STEPPRICET=0.000000, PREVPRICE=0.949000, OPTIONBASE=0.000000, starttime=95000.000000, MIN_CURR_LAST=0.944000, ISSUESIZE=35371898370.000000, STEPPRICECL=0.000000, PRICEMIN=0.781000, PREVLOTSIZE=0.000000, MARKETPRICETODAY=0.000000, BUYBACKPRICE=0.000000, MARKETPRICE2=0.000000, CLPRICE=0.000000, PREVSETTLEPRICE=0.000000, THEORPRICE=0.000000, plannedtime=95000.000000, MARKETPRICE=0.949500, WAPRICE=0.945000, ICHANGE=0.000000, OFFERDEPTH=291.000000, PRIMARYDIST=0.000000, LASTVALUE=0.000000, BGONP=0.000000, NEGVALTODAY=0.000000, STARTTIME=95000.000000, LOW=0.940500, BASEPRICE=0.000000, IOPEN=0.000000, LCURRENTPRICE=0.944000, MONSTARTTIME=0.000000, QUOTEBASIS=0.000000, BUYBACKDATE=0.000000, LCLOSEPRICE=0.000000, NEXTCOUPON=0.000000, MONENDTIME=0.000000, HIGHVAL=0.000000, ADMITTEDQUOTE=0.000000, OFFER=0.944500, YIELDATPREVWAPRICE=0.000000, VALTODAY=20698933.000000, SETTLEPRICE=0.000000, PCHANGE=0.000000, LOTSIZE=1000.000000, LOWOFFER=0.920000, ISPERCENT=0.000000, YIELD=0.000000, VOLTODAY=21906000.000000, endtime=95948.000000, MAXOUTVOLUME=0.000000, OPEN=0.940500, CROSSRATE=0.000000, CURRENTVALUE=0.000000, NUMCONTRACTS=0.000000, PREVADMITTEDQUOT=0.949000, COUPONVALUE=0.000000, BIDDEPTH=235.000000, LASTBID=0.944000, DURATION=0.000000, LOWVAL=0.000000, imbalance=0.000000, HIGH=0.949500, YIELDATWAPRICE=0.000000, STEPPRICEPRCL=0.000000, OFFERDEPTHT=18408.000000, VALUE=944.500000, marketvolb=0.000000, PERCENTRATE=0.000000, MIN_CURR_LAST_TI=183400.000000, auctvalue=235125.000000, EXPDATE=0.000000, LASTOFFER=0.944500, QTY=1.000000, COUPONPERIOD=0.000000, CHANGETIME=0.000000, CURSTEPPRICE=0.000000, marketvols=0.000000, SELLDEPO=0.000000, EVNSTARTTIME=0.000000, LOTSIZECHANGEDAT=0.000000, NUMTRADES=505.000000, CLOSEPRICE=0.000000, HIGHBID=0.980500, FACEVALUE=0.000000, PRICEMVTLIMITT1=0.000000, PRICEMVTLIMIT=0.000000, LOPENPRICE=0.000000, LAST=0.944500, BUYPROFIT=0.000000, SELLPROFIT=0.000000, VOLATILITY=0.000000, CLOSETIME=0.000000, PREVWAPRICE=0.949500, PREVLEGALCLOSEPR=0.949000, BUYDEPO=0.000000, TRADECHANGE=0.000000, LASTTOPREVSTLPRC=0.000000, BIDDEPTHT=25162.000000, auctvolume=250000.000000, PREVDATE=20191112.000000, ACCRUEDINT=0.000000, NUMOFFERS=442.000000, CHANGE=-0.004500, STRIKE=0.000000, EVNENDTIME=0.000000, BID=0.944000, auctnumtrades=7.000000, TRADINGSTATUS=1.000000, LASTCHANGE=-0.470000, CHNGCLOSE=0.000000, REALVMPRICE=0.000000, CLOSEYIELD=0.000000, TIME=183923.000000, MARG=0.000000, AUCTPRICE=0.940500, STEPPRICE=0.000000, NUMBIDS=539.000000, SETTLECODE=8.000000, OPENVAL=0.000000, OPTIONTYPE=0.000000, BGOP=0.000000, NEGNUMTRADES=0.000000, PRICEMINUSPREVWAPRICE=0.000000, CHNGOPEN=0.000000}
2019-11-13T18:40:28.790821 - ENRU[TQBR]
#   Total      Size       Bid       Ask      Size     Total
        0                                                 0 
      235       235      0.94      0.95       286       286
      440       205      0.94      0.95       156       442
     1955      1515      0.94      0.95       151       593
     1975        20      0.94      0.95       249       842
     3487      1512      0.94      0.95        69       911
     3496         9      0.94      0.95        10       921
     3734       238      0.94      0.95       209      1130
     3806        72      0.94      0.95       497      1627
     6614      2808      0.94      0.95       606      2233
     7070       456      0.94      0.95       510      2743
     7073         3      0.94      0.95       386      3129
     7105        32      0.94      0.95        41      3170
     7658       553      0.94      0.95         7      3177
     7710        52      0.94      0.95        93      3270
     7712         2      0.94      0.95       105      3375
     7715         3      0.94      0.95       104      3479
     7836       121      0.94      0.95        99      3578
     7849        13      0.94      0.95        12      3590
     7928        79      0.94      0.96        23      3613
     7930         2      0.94      0.96       307      3920
{OPENPERIODPRICE=0.940500, CLSTATE=0.000000, PRICEMAX=1.114500, ENDTIME=95948.000000, STEPPRICET=0.000000, PREVPRICE=0.949000, OPTIONBASE=0.000000, starttime=95000.000000, MIN_CURR_LAST=0.944000, ISSUESIZE=35371898370.000000, STEPPRICECL=0.000000, PRICEMIN=0.781000, PREVLOTSIZE=0.000000, MARKETPRICETODAY=0.000000, BUYBACKPRICE=0.000000, MARKETPRICE2=0.000000, CLPRICE=0.000000, PREVSETTLEPRICE=0.000000, THEORPRICE=0.000000, plannedtime=95000.000000, MARKETPRICE=0.949500, WAPRICE=0.945000, ICHANGE=0.000000, OFFERDEPTH=291.000000, PRIMARYDIST=0.000000, LASTVALUE=0.000000, BGONP=0.000000, NEGVALTODAY=0.000000, STARTTIME=95000.000000, LOW=0.940500, BASEPRICE=0.000000, IOPEN=0.000000, LCURRENTPRICE=0.944000, MONSTARTTIME=0.000000, QUOTEBASIS=0.000000, BUYBACKDATE=0.000000, LCLOSEPRICE=0.000000, NEXTCOUPON=0.000000, MONENDTIME=0.000000, HIGHVAL=0.000000, ADMITTEDQUOTE=0.000000, OFFER=0.944500, YIELDATPREVWAPRICE=0.000000, VALTODAY=20698933.000000, SETTLEPRICE=0.000000, PCHANGE=0.000000, LOTSIZE=1000.000000, LOWOFFER=0.920000, ISPERCENT=0.000000, YIELD=0.000000, VOLTODAY=21906000.000000, endtime=95948.000000, MAXOUTVOLUME=0.000000, OPEN=0.940500, CROSSRATE=0.000000, CURRENTVALUE=0.000000, NUMCONTRACTS=0.000000, PREVADMITTEDQUOT=0.949000, COUPONVALUE=0.000000, BIDDEPTH=235.000000, LASTBID=0.944000, DURATION=0.000000, LOWVAL=0.000000, imbalance=0.000000, HIGH=0.949500, YIELDATWAPRICE=0.000000, STEPPRICEPRCL=0.000000, OFFERDEPTHT=18408.000000, VALUE=944.500000, marketvolb=0.000000, PERCENTRATE=0.000000, MIN_CURR_LAST_TI=183400.000000, auctvalue=235125.000000, EXPDATE=0.000000, LASTOFFER=0.944500, QTY=1.000000, COUPONPERIOD=0.000000, CHANGETIME=0.000000, CURSTEPPRICE=0.000000, marketvols=0.000000, SELLDEPO=0.000000, EVNSTARTTIME=0.000000, LOTSIZECHANGEDAT=0.000000, NUMTRADES=505.000000, CLOSEPRICE=0.000000, HIGHBID=0.980500, FACEVALUE=0.000000, PRICEMVTLIMITT1=0.000000, PRICEMVTLIMIT=0.000000, LOPENPRICE=0.000000, LAST=0.944500, BUYPROFIT=0.000000, SELLPROFIT=0.000000, VOLATILITY=0.000000, CLOSETIME=0.000000, PREVWAPRICE=0.949500, PREVLEGALCLOSEPR=0.949000, BUYDEPO=0.000000, TRADECHANGE=0.000000, LASTTOPREVSTLPRC=0.000000, BIDDEPTHT=25162.000000, auctvolume=250000.000000, PREVDATE=20191112.000000, ACCRUEDINT=0.000000, NUMOFFERS=442.000000, CHANGE=-0.004500, STRIKE=0.000000, EVNENDTIME=0.000000, BID=0.944000, auctnumtrades=7.000000, TRADINGSTATUS=1.000000, LASTCHANGE=-0.470000, CHNGCLOSE=0.000000, REALVMPRICE=0.000000, CLOSEYIELD=0.000000, TIME=183923.000000, MARG=0.000000, AUCTPRICE=0.940500, STEPPRICE=0.000000, NUMBIDS=539.000000, SETTLECODE=8.000000, OPENVAL=0.000000, OPTIONTYPE=0.000000, BGOP=0.000000, NEGNUMTRADES=0.000000, PRICEMINUSPREVWAPRICE=0.000000, CHNGOPEN=0.000000}
2019-11-13T18:41:22.523577 - ENRU[TQBR]
#   Total      Size       Bid       Ask      Size     Total
        0                                                 0 
      102       102      0.94      0.95       297       297
      307       205      0.94      0.95       158       455
     1822      1515      0.94      0.95       151       606
     1842        20      0.94      0.95       249       855
     3355      1513      0.94      0.95        69       924
     3363         8      0.94      0.95        12       936
     3481       118      0.94      0.95       497      1433
     3673       192      0.94      0.95       606      2039
     6481      2808      0.94      0.95       510      2549
     6937       456      0.94      0.95       386      2935
     6940         3      0.94      0.95        41      2976
     6972        32      0.94      0.95         7      2983
     7525       553      0.94      0.95        93      3076
     7577        52      0.94      0.95       105      3181
     7579         2      0.94      0.95       104      3285
     7582         3      0.94      0.95        99      3384
     7703       121      0.94      0.95        12      3396
     7716        13      0.94      0.96        23      3419
     7795        79      0.94      0.96       307      3726
     7797         2      0.94      0.96       104      3830
{OPENPERIODPRICE=0.940500, CLSTATE=0.000000, PRICEMAX=1.114500, ENDTIME=95948.000000, STEPPRICET=0.000000, PREVPRICE=0.949000, OPTIONBASE=0.000000, starttime=95000.000000, MIN_CURR_LAST=0.944000, ISSUESIZE=35371898370.000000, STEPPRICECL=0.000000, PRICEMIN=0.781000, PREVLOTSIZE=0.000000, MARKETPRICETODAY=0.000000, BUYBACKPRICE=0.000000, MARKETPRICE2=0.000000, CLPRICE=0.000000, PREVSETTLEPRICE=0.000000, THEORPRICE=0.000000, plannedtime=95000.000000, MARKETPRICE=0.949500, WAPRICE=0.945000, ICHANGE=0.000000, OFFERDEPTH=297.000000, PRIMARYDIST=0.000000, LASTVALUE=0.000000, BGONP=0.000000, NEGVALTODAY=0.000000, STARTTIME=95000.000000, LOW=0.940500, BASEPRICE=0.000000, IOPEN=0.000000, LCURRENTPRICE=0.944000, MONSTARTTIME=0.000000, QUOTEBASIS=0.000000, BUYBACKDATE=0.000000, LCLOSEPRICE=0.000000, NEXTCOUPON=0.000000, MONENDTIME=0.000000, HIGHVAL=0.000000, ADMITTEDQUOTE=0.000000, OFFER=0.944500, YIELDATPREVWAPRICE=0.000000, VALTODAY=20698933.000000, SETTLEPRICE=0.000000, PCHANGE=0.000000, LOTSIZE=1000.000000, LOWOFFER=0.920000, ISPERCENT=0.000000, YIELD=0.000000, VOLTODAY=21906000.000000, endtime=95948.000000, MAXOUTVOLUME=0.000000, OPEN=0.940500, CROSSRATE=0.000000, CURRENTVALUE=0.000000, NUMCONTRACTS=0.000000, PREVADMITTEDQUOT=0.949000, COUPONVALUE=0.000000, BIDDEPTH=102.000000, LASTBID=0.944000, DURATION=0.000000, LOWVAL=0.000000, imbalance=0.000000, HIGH=0.949500, YIELDATWAPRICE=0.000000, STEPPRICEPRCL=0.000000, OFFERDEPTHT=18213.000000, VALUE=944.500000, marketvolb=0.000000, PERCENTRATE=0.000000, MIN_CURR_LAST_TI=183400.000000, auctvalue=235125.000000, EXPDATE=0.000000, LASTOFFER=0.944500, QTY=1.000000, COUPONPERIOD=0.000000, CHANGETIME=0.000000, CURSTEPPRICE=0.000000, marketvols=0.000000, SELLDEPO=0.000000, EVNSTARTTIME=0.000000, LOTSIZECHANGEDAT=0.000000, NUMTRADES=505.000000, CLOSEPRICE=0.000000, HIGHBID=0.980500, FACEVALUE=0.000000, PRICEMVTLIMITT1=0.000000, PRICEMVTLIMIT=0.000000, LOPENPRICE=0.000000, LAST=0.944500, BUYPROFIT=0.000000, SELLPROFIT=0.000000, VOLATILITY=0.000000, CLOSETIME=0.000000, PREVWAPRICE=0.949500, PREVLEGALCLOSEPR=0.949000, BUYDEPO=0.000000, TRADECHANGE=0.000000, LASTTOPREVSTLPRC=0.000000, BIDDEPTHT=25044.000000, auctvolume=250000.000000, PREVDATE=20191112.000000, ACCRUEDINT=0.000000, NUMOFFERS=442.000000, CHANGE=-0.004500, STRIKE=0.000000, EVNENDTIME=0.000000, BID=0.944000, auctnumtrades=7.000000, TRADINGSTATUS=1.000000, LASTCHANGE=-0.470000, CHNGCLOSE=0.000000, REALVMPRICE=0.000000, CLOSEYIELD=0.000000, TIME=183923.000000, MARG=0.000000, AUCTPRICE=0.940500, STEPPRICE=0.000000, NUMBIDS=539.000000, SETTLECODE=8.000000, OPENVAL=0.000000, OPTIONTYPE=0.000000, BGOP=0.000000, NEGNUMTRADES=0.000000, PRICEMINUSPREVWAPRICE=0.000000, CHNGOPEN=0.000000}
2019-11-13T18:41:29.894657 - ENRU[TQBR]
#   Total      Size       Bid       Ask      Size     Total
        0                                                 0 
      102       102      0.94      0.95       297       297
      307       205      0.94      0.95       158       455
     1822      1515      0.94      0.95        91       546
     1842        20      0.94      0.95       249       795
     3355      1513      0.94      0.95        69       864
     3363         8      0.94      0.95        12       876
     3481       118      0.94      0.95       497      1373
     3673       192      0.94      0.95       606      1979
     6481      2808      0.94      0.95       510      2489
     6937       456      0.94      0.95       386      2875
     6940         3      0.94      0.95        41      2916
     6972        32      0.94      0.95         7      2923
     7525       553      0.94      0.95        93      3016
     7577        52      0.94      0.95       105      3121
     7579         2      0.94      0.95       104      3225
     7582         3      0.94      0.95        99      3324
     7703       121      0.94      0.95        12      3336
     7716        13      0.94      0.96        23      3359
     7795        79      0.94      0.96       307      3666
     7797         2      0.94      0.96       104      3770
{OPENPERIODPRICE=0.940500, CLSTATE=0.000000, PRICEMAX=1.114500, ENDTIME=95948.000000, STEPPRICET=0.000000, PREVPRICE=0.949000, OPTIONBASE=0.000000, starttime=95000.000000, MIN_CURR_LAST=0.944000, ISSUESIZE=35371898370.000000, STEPPRICECL=0.000000, PRICEMIN=0.781000, PREVLOTSIZE=0.000000, MARKETPRICETODAY=0.000000, BUYBACKPRICE=0.000000, MARKETPRICE2=0.000000, CLPRICE=0.000000, PREVSETTLEPRICE=0.000000, THEORPRICE=0.000000, plannedtime=95000.000000, MARKETPRICE=0.949500, WAPRICE=0.945000, ICHANGE=0.000000, OFFERDEPTH=297.000000, PRIMARYDIST=0.000000, LASTVALUE=0.000000, BGONP=0.000000, NEGVALTODAY=0.000000, STARTTIME=95000.000000, LOW=0.940500, BASEPRICE=0.000000, IOPEN=0.000000, LCURRENTPRICE=0.944000, MONSTARTTIME=0.000000, QUOTEBASIS=0.000000, BUYBACKDATE=0.000000, LCLOSEPRICE=0.000000, NEXTCOUPON=0.000000, MONENDTIME=0.000000, HIGHVAL=0.000000, ADMITTEDQUOTE=0.000000, OFFER=0.944500, YIELDATPREVWAPRICE=0.000000, VALTODAY=20698933.000000, SETTLEPRICE=0.000000, PCHANGE=0.000000, LOTSIZE=1000.000000, LOWOFFER=0.920000, ISPERCENT=0.000000, YIELD=0.000000, VOLTODAY=21906000.000000, endtime=95948.000000, MAXOUTVOLUME=0.000000, OPEN=0.940500, CROSSRATE=0.000000, CURRENTVALUE=0.000000, NUMCONTRACTS=0.000000, PREVADMITTEDQUOT=0.949000, COUPONVALUE=0.000000, BIDDEPTH=102.000000, LASTBID=0.944000, DURATION=0.000000, LOWVAL=0.000000, imbalance=0.000000, HIGH=0.949500, YIELDATWAPRICE=0.000000, STEPPRICEPRCL=0.000000, OFFERDEPTHT=18213.000000, VALUE=944.500000, marketvolb=0.000000, PERCENTRATE=0.000000, MIN_CURR_LAST_TI=183400.000000, auctvalue=235125.000000, EXPDATE=0.000000, LASTOFFER=0.944500, QTY=1.000000, COUPONPERIOD=0.000000, CHANGETIME=0.000000, CURSTEPPRICE=0.000000, marketvols=0.000000, SELLDEPO=0.000000, EVNSTARTTIME=0.000000, LOTSIZECHANGEDAT=0.000000, NUMTRADES=505.000000, CLOSEPRICE=0.000000, HIGHBID=0.980500, FACEVALUE=0.000000, PRICEMVTLIMITT1=0.000000, PRICEMVTLIMIT=0.000000, LOPENPRICE=0.000000, LAST=0.944500, BUYPROFIT=0.000000, SELLPROFIT=0.000000, VOLATILITY=0.000000, CLOSETIME=0.000000, PREVWAPRICE=0.949500, PREVLEGALCLOSEPR=0.949000, BUYDEPO=0.000000, TRADECHANGE=0.000000, LASTTOPREVSTLPRC=0.000000, BIDDEPTHT=25044.000000, auctvolume=250000.000000, PREVDATE=20191112.000000, ACCRUEDINT=0.000000, NUMOFFERS=442.000000, CHANGE=-0.004500, STRIKE=0.000000, EVNENDTIME=0.000000, BID=0.944000, auctnumtrades=7.000000, TRADINGSTATUS=1.000000, LASTCHANGE=-0.470000, CHNGCLOSE=0.000000, REALVMPRICE=0.000000, CLOSEYIELD=0.000000, TIME=183923.000000, MARG=0.000000, AUCTPRICE=0.940500, STEPPRICE=0.000000, NUMBIDS=539.000000, SETTLECODE=8.000000, OPENVAL=0.000000, OPTIONTYPE=0.000000, BGOP=0.000000, NEGNUMTRADES=0.000000, PRICEMINUSPREVWAPRICE=0.000000, CHNGOPEN=0.000000}
2019-11-13T18:41:30.392205 - ENRU[TQBR]
#   Total      Size       Bid       Ask      Size     Total
        0                                                 0 
      102       102      0.94      0.95       297       297
      307       205      0.94      0.95       218       515
     1822      1515      0.94      0.95        91       606
     1842        20      0.94      0.95       249       855
     3355      1513      0.94      0.95        69       924
     3363         8      0.94      0.95        12       936
     3481       118      0.94      0.95       497      1433
     3673       192      0.94      0.95       606      2039
     6481      2808      0.94      0.95       510      2549
     6937       456      0.94      0.95       386      2935
     6940         3      0.94      0.95        41      2976
     6972        32      0.94      0.95         7      2983
     7525       553      0.94      0.95        93      3076
     7577        52      0.94      0.95       105      3181
     7579         2      0.94      0.95       104      3285
     7582         3      0.94      0.95        99      3384
     7703       121      0.94      0.95        12      3396
     7716        13      0.94      0.96        23      3419
     7795        79      0.94      0.96       307      3726
     7797         2      0.94      0.96       104      3830
{OPENPERIODPRICE=0.940500, CLSTATE=0.000000, PRICEMAX=1.114500, ENDTIME=95948.000000, STEPPRICET=0.000000, PREVPRICE=0.949000, OPTIONBASE=0.000000, starttime=95000.000000, MIN_CURR_LAST=0.944000, ISSUESIZE=35371898370.000000, STEPPRICECL=0.000000, PRICEMIN=0.781000, PREVLOTSIZE=0.000000, MARKETPRICETODAY=0.000000, BUYBACKPRICE=0.000000, MARKETPRICE2=0.000000, CLPRICE=0.000000, PREVSETTLEPRICE=0.000000, THEORPRICE=0.000000, plannedtime=95000.000000, MARKETPRICE=0.949500, WAPRICE=0.945000, ICHANGE=0.000000, OFFERDEPTH=297.000000, PRIMARYDIST=0.000000, LASTVALUE=0.000000, BGONP=0.000000, NEGVALTODAY=0.000000, STARTTIME=95000.000000, LOW=0.940500, BASEPRICE=0.000000, IOPEN=0.000000, LCURRENTPRICE=0.944000, MONSTARTTIME=0.000000, QUOTEBASIS=0.000000, BUYBACKDATE=0.000000, LCLOSEPRICE=0.000000, NEXTCOUPON=0.000000, MONENDTIME=0.000000, HIGHVAL=0.000000, ADMITTEDQUOTE=0.000000, OFFER=0.944500, YIELDATPREVWAPRICE=0.000000, VALTODAY=20698933.000000, SETTLEPRICE=0.000000, PCHANGE=0.000000, LOTSIZE=1000.000000, LOWOFFER=0.920000, ISPERCENT=0.000000, YIELD=0.000000, VOLTODAY=21906000.000000, endtime=95948.000000, MAXOUTVOLUME=0.000000, OPEN=0.940500, CROSSRATE=0.000000, CURRENTVALUE=0.000000, NUMCONTRACTS=0.000000, PREVADMITTEDQUOT=0.949000, COUPONVALUE=0.000000, BIDDEPTH=102.000000, LASTBID=0.944000, DURATION=0.000000, LOWVAL=0.000000, imbalance=0.000000, HIGH=0.949500, YIELDATWAPRICE=0.000000, STEPPRICEPRCL=0.000000, OFFERDEPTHT=18213.000000, VALUE=944.500000, marketvolb=0.000000, PERCENTRATE=0.000000, MIN_CURR_LAST_TI=183400.000000, auctvalue=235125.000000, EXPDATE=0.000000, LASTOFFER=0.944500, QTY=1.000000, COUPONPERIOD=0.000000, CHANGETIME=0.000000, CURSTEPPRICE=0.000000, marketvols=0.000000, SELLDEPO=0.000000, EVNSTARTTIME=0.000000, LOTSIZECHANGEDAT=0.000000, NUMTRADES=505.000000, CLOSEPRICE=0.000000, HIGHBID=0.980500, FACEVALUE=0.000000, PRICEMVTLIMITT1=0.000000, PRICEMVTLIMIT=0.000000, LOPENPRICE=0.000000, LAST=0.944500, BUYPROFIT=0.000000, SELLPROFIT=0.000000, VOLATILITY=0.000000, CLOSETIME=0.000000, PREVWAPRICE=0.949500, PREVLEGALCLOSEPR=0.949000, BUYDEPO=0.000000, TRADECHANGE=0.000000, LASTTOPREVSTLPRC=0.000000, BIDDEPTHT=25044.000000, auctvolume=250000.000000, PREVDATE=20191112.000000, ACCRUEDINT=0.000000, NUMOFFERS=442.000000, CHANGE=-0.004500, STRIKE=0.000000, EVNENDTIME=0.000000, BID=0.944000, auctnumtrades=7.000000, TRADINGSTATUS=1.000000, LASTCHANGE=-0.470000, CHNGCLOSE=0.000000, REALVMPRICE=0.000000, CLOSEYIELD=0.000000, TIME=183923.000000, MARG=0.000000, AUCTPRICE=0.940500, STEPPRICE=0.000000, NUMBIDS=539.000000, SETTLECODE=8.000000, OPENVAL=0.000000, OPTIONTYPE=0.000000, BGOP=0.000000, NEGNUMTRADES=0.000000, PRICEMINUSPREVWAPRICE=0.000000, CHNGOPEN=0.000000}
2019-11-13T18:41:35.496685 - ENRU[TQBR]
#   Total      Size       Bid       Ask      Size     Total
        0                                                 0 
      102       102      0.94      0.95       286       286
      307       205      0.94      0.95       218       504
     1822      1515      0.94      0.95        91       595
     1842        20      0.94      0.95       249       844
     3355      1513      0.94      0.95        69       913
     3363         8      0.94      0.95        12       925
     3481       118      0.94      0.95       497      1422
     3673       192      0.94      0.95       606      2028
     6481      2808      0.94      0.95       510      2538
     6937       456      0.94      0.95       386      2924
     6940         3      0.94      0.95        41      2965
     6972        32      0.94      0.95         7      2972
     7525       553      0.94      0.95        93      3065
     7577        52      0.94      0.95       105      3170
     7579         2      0.94      0.95       104      3274
     7582         3      0.94      0.95        99      3373
     7703       121      0.94      0.95        12      3385
     7716        13      0.94      0.96        23      3408
     7795        79      0.94      0.96       307      3715
     7797         2      0.94      0.96       104      3819
{OPENPERIODPRICE=0.940500, CLSTATE=0.000000, PRICEMAX=1.114500, ENDTIME=95948.000000, STEPPRICET=0.000000, PREVPRICE=0.949000, OPTIONBASE=0.000000, starttime=95000.000000, MIN_CURR_LAST=0.944000, ISSUESIZE=35371898370.000000, STEPPRICECL=0.000000, PRICEMIN=0.781000, PREVLOTSIZE=0.000000, MARKETPRICETODAY=0.000000, BUYBACKPRICE=0.000000, MARKETPRICE2=0.000000, CLPRICE=0.000000, PREVSETTLEPRICE=0.000000, THEORPRICE=0.000000, plannedtime=95000.000000, MARKETPRICE=0.949500, WAPRICE=0.945000, ICHANGE=0.000000, OFFERDEPTH=286.000000, PRIMARYDIST=0.000000, LASTVALUE=0.000000, BGONP=0.000000, NEGVALTODAY=0.000000, STARTTIME=95000.000000, LOW=0.940500, BASEPRICE=0.000000, IOPEN=0.000000, LCURRENTPRICE=0.944000, MONSTARTTIME=0.000000, QUOTEBASIS=0.000000, BUYBACKDATE=0.000000, LCLOSEPRICE=0.000000, NEXTCOUPON=0.000000, MONENDTIME=0.000000, HIGHVAL=0.000000, ADMITTEDQUOTE=0.000000, OFFER=0.944500, YIELDATPREVWAPRICE=0.000000, VALTODAY=20698933.000000, SETTLEPRICE=0.000000, PCHANGE=0.000000, LOTSIZE=1000.000000, LOWOFFER=0.920000, ISPERCENT=0.000000, YIELD=0.000000, VOLTODAY=21906000.000000, endtime=95948.000000, MAXOUTVOLUME=0.000000, OPEN=0.940500, CROSSRATE=0.000000, CURRENTVALUE=0.000000, NUMCONTRACTS=0.000000, PREVADMITTEDQUOT=0.949000, COUPONVALUE=0.000000, BIDDEPTH=102.000000, LASTBID=0.944000, DURATION=0.000000, LOWVAL=0.000000, imbalance=0.000000, HIGH=0.949500, YIELDATWAPRICE=0.000000, STEPPRICEPRCL=0.000000, OFFERDEPTHT=18213.000000, VALUE=944.500000, marketvolb=0.000000, PERCENTRATE=0.000000, MIN_CURR_LAST_TI=183400.000000, auctvalue=235125.000000, EXPDATE=0.000000, LASTOFFER=0.944500, QTY=1.000000, COUPONPERIOD=0.000000, CHANGETIME=0.000000, CURSTEPPRICE=0.000000, marketvols=0.000000, SELLDEPO=0.000000, EVNSTARTTIME=0.000000, LOTSIZECHANGEDAT=0.000000, NUMTRADES=505.000000, CLOSEPRICE=0.000000, HIGHBID=0.980500, FACEVALUE=0.000000, PRICEMVTLIMITT1=0.000000, PRICEMVTLIMIT=0.000000, LOPENPRICE=0.000000, LAST=0.944500, BUYPROFIT=0.000000, SELLPROFIT=0.000000, VOLATILITY=0.000000, CLOSETIME=0.000000, PREVWAPRICE=0.949500, PREVLEGALCLOSEPR=0.949000, BUYDEPO=0.000000, TRADECHANGE=0.000000, LASTTOPREVSTLPRC=0.000000, BIDDEPTHT=25044.000000, auctvolume=250000.000000, PREVDATE=20191112.000000, ACCRUEDINT=0.000000, NUMOFFERS=442.000000, CHANGE=-0.004500, STRIKE=0.000000, EVNENDTIME=0.000000, BID=0.944000, auctnumtrades=7.000000, TRADINGSTATUS=1.000000, LASTCHANGE=-0.470000, CHNGCLOSE=0.000000, REALVMPRICE=0.000000, CLOSEYIELD=0.000000, TIME=183923.000000, MARG=0.000000, AUCTPRICE=0.940500, STEPPRICE=0.000000, NUMBIDS=539.000000, SETTLECODE=8.000000, OPENVAL=0.000000, OPTIONTYPE=0.000000, BGOP=0.000000, NEGNUMTRADES=0.000000, PRICEMINUSPREVWAPRICE=0.000000, CHNGOPEN=0.000000}
2019-11-13T18:41:55.183085 - ENRU[TQBR]
#   Total      Size       Bid       Ask      Size     Total
        0                                                 0 
        1         1      0.95      0.95       286       286
      103       102      0.94      0.95       218       504
      308       205      0.94      0.95        91       595
     1823      1515      0.94      0.95       249       844
     1843        20      0.94      0.95        69       913
     3356      1513      0.94      0.95        12       925
     3364         8      0.94      0.95       497      1422
     3482       118      0.94      0.95       606      2028
     3674       192      0.94      0.95       510      2538
     6482      2808      0.94      0.95       386      2924
     6938       456      0.94      0.95        41      2965
     6941         3      0.94      0.95         7      2972
     6973        32      0.94      0.95        93      3065
     7526       553      0.94      0.95       105      3170
     7578        52      0.94      0.95       104      3274
     7580         2      0.94      0.95        99      3373
     7583         3      0.94      0.95        12      3385
     7704       121      0.94      0.96        23      3408
     7717        13      0.94      0.96       307      3715
     7796        79      0.94      0.96       104      3819
Calculation info: Price      0.95; Imbalance: -503; Total bids: 1, Total asks: 504; 
               Field               SERVER               TOP-20
    AuctionPrice,RUB                 0.94                0.95
       AuctionVolume                    1                   1
       LastPrice,RUB                 0.94                0.94
          MarketBids                    0                   0
          MarketAsks                    0                   0
         Imbalance,%                                -50300.00
        MarketBids:%                0.000               0.000
        MarketAsks:%                0.000               0.000
      TotalValue:RUB              944.500             945.000
  AuctionPriceDiff,%                0.000               0.053
{OPENPERIODPRICE=0.940500, CLSTATE=0.000000, PRICEMAX=1.114500, ENDTIME=0.000000, STEPPRICET=0.000000, PREVPRICE=0.949000, OPTIONBASE=0.000000, starttime=184001.000000, MIN_CURR_LAST=0.944000, ISSUESIZE=35371898370.000000, STEPPRICECL=0.000000, PRICEMIN=0.781000, PREVLOTSIZE=0.000000, MARKETPRICETODAY=0.000000, BUYBACKPRICE=0.000000, MARKETPRICE2=0.000000, CLPRICE=0.000000, PREVSETTLEPRICE=0.000000, THEORPRICE=0.000000, plannedtime=184001.000000, MARKETPRICE=0.949500, WAPRICE=0.945000, ICHANGE=0.000000, OFFERDEPTH=286.000000, PRIMARYDIST=0.000000, LASTVALUE=0.000000, BGONP=0.000000, NEGVALTODAY=0.000000, STARTTIME=184001.000000, LOW=0.940500, BASEPRICE=0.000000, IOPEN=0.000000, LCURRENTPRICE=0.944000, MONSTARTTIME=0.000000, QUOTEBASIS=0.000000, BUYBACKDATE=0.000000, LCLOSEPRICE=0.000000, NEXTCOUPON=0.000000, MONENDTIME=0.000000, HIGHVAL=0.000000, ADMITTEDQUOTE=0.000000, OFFER=0.944500, YIELDATPREVWAPRICE=0.000000, VALTODAY=20698933.000000, SETTLEPRICE=0.000000, PCHANGE=0.000000, LOTSIZE=1000.000000, LOWOFFER=0.920000, ISPERCENT=0.000000, YIELD=0.000000, VOLTODAY=21906000.000000, endtime=0.000000, MAXOUTVOLUME=0.000000, OPEN=0.940500, CROSSRATE=0.000000, CURRENTVALUE=0.000000, NUMCONTRACTS=0.000000, PREVADMITTEDQUOT=0.949000, COUPONVALUE=0.000000, BIDDEPTH=1.000000, LASTBID=0.944000, DURATION=0.000000, LOWVAL=0.000000, imbalance=0.000000, HIGH=0.949500, YIELDATWAPRICE=0.000000, STEPPRICEPRCL=0.000000, OFFERDEPTHT=9071.000000, VALUE=944.500000, marketvolb=0.000000, PERCENTRATE=0.000000, MIN_CURR_LAST_TI=183400.000000, auctvalue=944.500000, EXPDATE=0.000000, LASTOFFER=0.944500, QTY=1.000000, COUPONPERIOD=0.000000, CHANGETIME=0.000000, CURSTEPPRICE=0.000000, marketvols=0.000000, SELLDEPO=0.000000, EVNSTARTTIME=0.000000, LOTSIZECHANGEDAT=0.000000, NUMTRADES=505.000000, CLOSEPRICE=0.000000, HIGHBID=0.980500, FACEVALUE=0.000000, PRICEMVTLIMITT1=0.000000, PRICEMVTLIMIT=0.000000, LOPENPRICE=0.000000, LAST=0.944500, BUYPROFIT=0.000000, SELLPROFIT=0.000000, VOLATILITY=0.000000, CLOSETIME=0.000000, PREVWAPRICE=0.949500, PREVLEGALCLOSEPR=0.949000, BUYDEPO=0.000000, TRADECHANGE=0.000000, LASTTOPREVSTLPRC=0.000000, BIDDEPTHT=11462.000000, auctvolume=1000.000000, PREVDATE=20191112.000000, ACCRUEDINT=0.000000, NUMOFFERS=195.000000, CHANGE=-0.004500, STRIKE=0.000000, EVNENDTIME=0.000000, BID=0.944500, auctnumtrades=0.000000, TRADINGSTATUS=4.000000, LASTCHANGE=-0.470000, CHNGCLOSE=0.000000, REALVMPRICE=0.000000, CLOSEYIELD=0.000000, TIME=183923.000000, MARG=0.000000, AUCTPRICE=0.944500, STEPPRICE=0.000000, NUMBIDS=257.000000, SETTLECODE=8.000000, OPENVAL=0.000000, OPTIONTYPE=0.000000, BGOP=0.000000, NEGNUMTRADES=0.000000, PRICEMINUSPREVWAPRICE=0.000000, CHNGOPEN=0.000000}
2019-11-13T18:42:02.168713 - ENRU[TQBR]
#   Total      Size       Bid       Ask      Size     Total
        0                                                 0 
        1         1      0.95      0.94        60        60
      103       102      0.94      0.95       323       383
      308       205      0.94      0.95       218       601
     1823      1515      0.94      0.95        91       692
     1843        20      0.94      0.95       249       941
     3355      1512      0.94      0.95        69      1010
     3364         9      0.94      0.95        12      1022
     3482       118      0.94      0.95       497      1519
     3674       192      0.94      0.95       606      2125
     6482      2808      0.94      0.95       510      2635
     6938       456      0.94      0.95       386      3021
     6941         3      0.94      0.95        41      3062
     6973        32      0.94      0.95         7      3069
     7526       553      0.94      0.95        93      3162
     7578        52      0.94      0.95       105      3267
     7580         2      0.94      0.95       104      3371
     7583         3      0.94      0.95        99      3470
     7704       121      0.94      0.95        12      3482
     7717        13      0.94      0.96        23      3505
     7796        79      0.94      0.96       307      3812
Calculation info: Price      0.95; Imbalance: -600; Total bids: 1, Total asks: 601; 
               Field               SERVER               TOP-20
    AuctionPrice,RUB                 0.94                0.95
       AuctionVolume                   61                   1
       LastPrice,RUB                 0.94                0.94
          MarketBids                    0                   0
          MarketAsks                    0                   0
         Imbalance,%                                -60000.00
        MarketBids:%                0.000               0.000
        MarketAsks:%                0.000               0.000
      TotalValue:RUB            56640.000             945.000
  AuctionPriceDiff,%               -0.053               0.053
{OPENPERIODPRICE=0.940500, CLSTATE=0.000000, PRICEMAX=1.114500, ENDTIME=0.000000, STEPPRICET=0.000000, PREVPRICE=0.949000, OPTIONBASE=0.000000, starttime=184001.000000, MIN_CURR_LAST=0.944000, ISSUESIZE=35371898370.000000, STEPPRICECL=0.000000, PRICEMIN=0.781000, PREVLOTSIZE=0.000000, MARKETPRICETODAY=0.000000, BUYBACKPRICE=0.000000, MARKETPRICE2=0.000000, CLPRICE=0.000000, PREVSETTLEPRICE=0.000000, THEORPRICE=0.000000, plannedtime=184001.000000, MARKETPRICE=0.949500, WAPRICE=0.945000, ICHANGE=0.000000, OFFERDEPTH=60.000000, PRIMARYDIST=0.000000, LASTVALUE=0.000000, BGONP=0.000000, NEGVALTODAY=0.000000, STARTTIME=184001.000000, LOW=0.940500, BASEPRICE=0.000000, IOPEN=0.000000, LCURRENTPRICE=0.944000, MONSTARTTIME=0.000000, QUOTEBASIS=0.000000, BUYBACKDATE=0.000000, LCLOSEPRICE=0.000000, NEXTCOUPON=0.000000, MONENDTIME=0.000000, HIGHVAL=0.000000, ADMITTEDQUOTE=0.000000, OFFER=0.944000, YIELDATPREVWAPRICE=0.000000, VALTODAY=20698933.000000, SETTLEPRICE=0.000000, PCHANGE=0.000000, LOTSIZE=1000.000000, LOWOFFER=0.920000, ISPERCENT=0.000000, YIELD=0.000000, VOLTODAY=21906000.000000, endtime=0.000000, MAXOUTVOLUME=0.000000, OPEN=0.940500, CROSSRATE=0.000000, CURRENTVALUE=0.000000, NUMCONTRACTS=0.000000, PREVADMITTEDQUOT=0.949000, COUPONVALUE=0.000000, BIDDEPTH=1.000000, LASTBID=0.944000, DURATION=0.000000, LOWVAL=0.000000, imbalance=0.000000, HIGH=0.949500, YIELDATWAPRICE=0.000000, STEPPRICEPRCL=0.000000, OFFERDEPTHT=9168.000000, VALUE=944.500000, marketvolb=0.000000, PERCENTRATE=0.000000, MIN_CURR_LAST_TI=183400.000000, auctvalue=56640.000000, EXPDATE=0.000000, LASTOFFER=0.944500, QTY=1.000000, COUPONPERIOD=0.000000, CHANGETIME=0.000000, CURSTEPPRICE=0.000000, marketvols=0.000000, SELLDEPO=0.000000, EVNSTARTTIME=0.000000, LOTSIZECHANGEDAT=0.000000, NUMTRADES=505.000000, CLOSEPRICE=0.000000, HIGHBID=0.980500, FACEVALUE=0.000000, PRICEMVTLIMITT1=0.000000, PRICEMVTLIMIT=0.000000, LOPENPRICE=0.000000, LAST=0.944500, BUYPROFIT=0.000000, SELLPROFIT=0.000000, VOLATILITY=0.000000, CLOSETIME=0.000000, PREVWAPRICE=0.949500, PREVLEGALCLOSEPR=0.949000, BUYDEPO=0.000000, TRADECHANGE=0.000000, LASTTOPREVSTLPRC=0.000000, BIDDEPTHT=11463.000000, auctvolume=60000.000000, PREVDATE=20191112.000000, ACCRUEDINT=0.000000, NUMOFFERS=197.000000, CHANGE=-0.004500, STRIKE=0.000000, EVNENDTIME=0.000000, BID=0.944500, auctnumtrades=0.000000, TRADINGSTATUS=4.000000, LASTCHANGE=-0.470000, CHNGCLOSE=0.000000, REALVMPRICE=0.000000, CLOSEYIELD=0.000000, TIME=183923.000000, MARG=0.000000, AUCTPRICE=0.944000, STEPPRICE=0.000000, NUMBIDS=258.000000, SETTLECODE=8.000000, OPENVAL=0.000000, OPTIONTYPE=0.000000, BGOP=0.000000, NEGNUMTRADES=0.000000, PRICEMINUSPREVWAPRICE=0.000000, CHNGOPEN=0.000000}
2019-11-13T18:42:11.165601 - ENRU[TQBR]
#   Total      Size       Bid       Ask      Size     Total
        0                                                 0 
        1         1      0.95      0.94        60        60
      103       102      0.94      0.95       323       383
      308       205      0.94      0.95       218       601
     1823      1515      0.94      0.95        91       692
     1843        20      0.94      0.95       249       941
     3355      1512      0.94      0.95        69      1010
     3364         9      0.94      0.95        12      1022
     3482       118      0.94      0.95       497      1519
     3674       192      0.94      0.95       606      2125
     6482      2808      0.94      0.95       510      2635
     6938       456      0.94      0.95       386      3021
     6941         3      0.94      0.95        41      3062
     6973        32      0.94      0.95         7      3069
     7526       553      0.94      0.95        93      3162
     7577        51      0.94      0.95       105      3267
     7579         2      0.94      0.95       104      3371
     7582         3      0.94      0.95        99      3470
     7703       121      0.94      0.95        12      3482
     7716        13      0.94      0.96        23      3505
     7795        79      0.94      0.96       307      3812
Calculation info: Price      0.95; Imbalance: -600; Total bids: 1, Total asks: 601; 
               Field               SERVER               TOP-20
    AuctionPrice,RUB                 0.94                0.95
       AuctionVolume                   61                   1
       LastPrice,RUB                 0.94                0.94
          MarketBids                    0                   0
          MarketAsks                    0                   0
         Imbalance,%                                -60000.00
        MarketBids:%                0.000               0.000
        MarketAsks:%                0.000               0.000
      TotalValue:RUB            56640.000             945.000
  AuctionPriceDiff,%               -0.053               0.053
{OPENPERIODPRICE=0.940500, CLSTATE=0.000000, PRICEMAX=1.114500, ENDTIME=0.000000, STEPPRICET=0.000000, PREVPRICE=0.949000, OPTIONBASE=0.000000, starttime=184001.000000, MIN_CURR_LAST=0.944000, ISSUESIZE=35371898370.000000, STEPPRICECL=0.000000, PRICEMIN=0.781000, PREVLOTSIZE=0.000000, MARKETPRICETODAY=0.000000, BUYBACKPRICE=0.000000, MARKETPRICE2=0.000000, CLPRICE=0.000000, PREVSETTLEPRICE=0.000000, THEORPRICE=0.000000, plannedtime=184001.000000, MARKETPRICE=0.949500, WAPRICE=0.945000, ICHANGE=0.000000, OFFERDEPTH=60.000000, PRIMARYDIST=0.000000, LASTVALUE=0.000000, BGONP=0.000000, NEGVALTODAY=0.000000, STARTTIME=184001.000000, LOW=0.940500, BASEPRICE=0.000000, IOPEN=0.000000, LCURRENTPRICE=0.944000, MONSTARTTIME=0.000000, QUOTEBASIS=0.000000, BUYBACKDATE=0.000000, LCLOSEPRICE=0.000000, NEXTCOUPON=0.000000, MONENDTIME=0.000000, HIGHVAL=0.000000, ADMITTEDQUOTE=0.000000, OFFER=0.944000, YIELDATPREVWAPRICE=0.000000, VALTODAY=20698933.000000, SETTLEPRICE=0.000000, PCHANGE=0.000000, LOTSIZE=1000.000000, LOWOFFER=0.920000, ISPERCENT=0.000000, YIELD=0.000000, VOLTODAY=21906000.000000, endtime=0.000000, MAXOUTVOLUME=0.000000, OPEN=0.940500, CROSSRATE=0.000000, CURRENTVALUE=0.000000, NUMCONTRACTS=0.000000, PREVADMITTEDQUOT=0.949000, COUPONVALUE=0.000000, BIDDEPTH=1.000000, LASTBID=0.944000, DURATION=0.000000, LOWVAL=0.000000, imbalance=0.000000, HIGH=0.949500, YIELDATWAPRICE=0.000000, STEPPRICEPRCL=0.000000, OFFERDEPTHT=9168.000000, VALUE=944.500000, marketvolb=0.000000, PERCENTRATE=0.000000, MIN_CURR_LAST_TI=183400.000000, auctvalue=56640.000000, EXPDATE=0.000000, LASTOFFER=0.944500, QTY=1.000000, COUPONPERIOD=0.000000, CHANGETIME=0.000000, CURSTEPPRICE=0.000000, marketvols=0.000000, SELLDEPO=0.000000, EVNSTARTTIME=0.000000, LOTSIZECHANGEDAT=0.000000, NUMTRADES=505.000000, CLOSEPRICE=0.000000, HIGHBID=0.980500, FACEVALUE=0.000000, PRICEMVTLIMITT1=0.000000, PRICEMVTLIMIT=0.000000, LOPENPRICE=0.000000, LAST=0.944500, BUYPROFIT=0.000000, SELLPROFIT=0.000000, VOLATILITY=0.000000, CLOSETIME=0.000000, PREVWAPRICE=0.949500, PREVLEGALCLOSEPR=0.949000, BUYDEPO=0.000000, TRADECHANGE=0.000000, LASTTOPREVSTLPRC=0.000000, BIDDEPTHT=11463.000000, auctvolume=60000.000000, PREVDATE=20191112.000000, ACCRUEDINT=0.000000, NUMOFFERS=197.000000, CHANGE=-0.004500, STRIKE=0.000000, EVNENDTIME=0.000000, BID=0.944500, auctnumtrades=0.000000, TRADINGSTATUS=4.000000, LASTCHANGE=-0.470000, CHNGCLOSE=0.000000, REALVMPRICE=0.000000, CLOSEYIELD=0.000000, TIME=183923.000000, MARG=0.000000, AUCTPRICE=0.944000, STEPPRICE=0.000000, NUMBIDS=258.000000, SETTLECODE=8.000000, OPENVAL=0.000000, OPTIONTYPE=0.000000, BGOP=0.000000, NEGNUMTRADES=0.000000, PRICEMINUSPREVWAPRICE=0.000000, CHNGOPEN=0.000000}
2019-11-13T18:42:15.594412 - ENRU[TQBR]
#   Total      Size       Bid       Ask      Size     Total
        0                                                 0 
        1         1      0.95      0.94        60        60
      113       112      0.94      0.95       323       383
      308       195      0.94      0.95       218       601
     1823      1515      0.94      0.95        91       692
     1843        20      0.94      0.95       249       941
     3355      1512      0.94      0.95        69      1010
     3364         9      0.94      0.95        12      1022
     3482       118      0.94      0.95       497      1519
     3674       192      0.94      0.95       606      2125
     6482      2808      0.94      0.95       510      2635
     6938       456      0.94      0.95       386      3021
     6941         3      0.94      0.95        41      3062
     6973        32      0.94      0.95         7      3069
     7526       553      0.94      0.95        93      3162
     7577        51      0.94      0.95       105      3267
     7579         2      0.94      0.95       104      3371
     7582         3      0.94      0.95        99      3470
     7703       121      0.94      0.95        12      3482
     7716        13      0.94      0.96        23      3505
     7795        79      0.94      0.96       307      3812
Calculation info: Price      0.95; Imbalance: -600; Total bids: 1, Total asks: 601; 
               Field               SERVER               TOP-20
    AuctionPrice,RUB                 0.94                0.95
       AuctionVolume                   61                   1
       LastPrice,RUB                 0.94                0.94
          MarketBids                    0                   0
          MarketAsks                    0                   0
         Imbalance,%                                -60000.00
        MarketBids:%                0.000               0.000
        MarketAsks:%                0.000               0.000
      TotalValue:RUB            56640.000             945.000
  AuctionPriceDiff,%               -0.053               0.053
{OPENPERIODPRICE=0.940500, CLSTATE=0.000000, PRICEMAX=1.114500, ENDTIME=0.000000, STEPPRICET=0.000000, PREVPRICE=0.949000, OPTIONBASE=0.000000, starttime=184001.000000, MIN_CURR_LAST=0.944000, ISSUESIZE=35371898370.000000, STEPPRICECL=0.000000, PRICEMIN=0.781000, PREVLOTSIZE=0.000000, MARKETPRICETODAY=0.000000, BUYBACKPRICE=0.000000, MARKETPRICE2=0.000000, CLPRICE=0.000000, PREVSETTLEPRICE=0.000000, THEORPRICE=0.000000, plannedtime=184001.000000, MARKETPRICE=0.949500, WAPRICE=0.945000, ICHANGE=0.000000, OFFERDEPTH=60.000000, PRIMARYDIST=0.000000, LASTVALUE=0.000000, BGONP=0.000000, NEGVALTODAY=0.000000, STARTTIME=184001.000000, LOW=0.940500, BASEPRICE=0.000000, IOPEN=0.000000, LCURRENTPRICE=0.944000, MONSTARTTIME=0.000000, QUOTEBASIS=0.000000, BUYBACKDATE=0.000000, LCLOSEPRICE=0.000000, NEXTCOUPON=0.000000, MONENDTIME=0.000000, HIGHVAL=0.000000, ADMITTEDQUOTE=0.000000, OFFER=0.944000, YIELDATPREVWAPRICE=0.000000, VALTODAY=20698933.000000, SETTLEPRICE=0.000000, PCHANGE=0.000000, LOTSIZE=1000.000000, LOWOFFER=0.920000, ISPERCENT=0.000000, YIELD=0.000000, VOLTODAY=21906000.000000, endtime=0.000000, MAXOUTVOLUME=0.000000, OPEN=0.940500, CROSSRATE=0.000000, CURRENTVALUE=0.000000, NUMCONTRACTS=0.000000, PREVADMITTEDQUOT=0.949000, COUPONVALUE=0.000000, BIDDEPTH=1.000000, LASTBID=0.944000, DURATION=0.000000, LOWVAL=0.000000, imbalance=0.000000, HIGH=0.949500, YIELDATWAPRICE=0.000000, STEPPRICEPRCL=0.000000, OFFERDEPTHT=9168.000000, VALUE=944.500000, marketvolb=0.000000, PERCENTRATE=0.000000, MIN_CURR_LAST_TI=183400.000000, auctvalue=56640.000000, EXPDATE=0.000000, LASTOFFER=0.944500, QTY=1.000000, COUPONPERIOD=0.000000, CHANGETIME=0.000000, CURSTEPPRICE=0.000000, marketvols=0.000000, SELLDEPO=0.000000, EVNSTARTTIME=0.000000, LOTSIZECHANGEDAT=0.000000, NUMTRADES=505.000000, CLOSEPRICE=0.000000, HIGHBID=0.980500, FACEVALUE=0.000000, PRICEMVTLIMITT1=0.000000, PRICEMVTLIMIT=0.000000, LOPENPRICE=0.000000, LAST=0.944500, BUYPROFIT=0.000000, SELLPROFIT=0.000000, VOLATILITY=0.000000, CLOSETIME=0.000000, PREVWAPRICE=0.949500, PREVLEGALCLOSEPR=0.949000, BUYDEPO=0.000000, TRADECHANGE=0.000000, LASTTOPREVSTLPRC=0.000000, BIDDEPTHT=11461.000000, auctvolume=60000.000000, PREVDATE=20191112.000000, ACCRUEDINT=0.000000, NUMOFFERS=197.000000, CHANGE=-0.004500, STRIKE=0.000000, EVNENDTIME=0.000000, BID=0.944500, auctnumtrades=0.000000, TRADINGSTATUS=4.000000, LASTCHANGE=-0.470000, CHNGCLOSE=0.000000, REALVMPRICE=0.000000, CLOSEYIELD=0.000000, TIME=183923.000000, MARG=0.000000, AUCTPRICE=0.944000, STEPPRICE=0.000000, NUMBIDS=256.000000, SETTLECODE=8.000000, OPENVAL=0.000000, OPTIONTYPE=0.000000, BGOP=0.000000, NEGNUMTRADES=0.000000, PRICEMINUSPREVWAPRICE=0.000000, CHNGOPEN=0.000000}
2019-11-13T18:42:19.813225 - ENRU[TQBR]
#   Total      Size       Bid       Ask      Size     Total
        0                                                 0 
        1         1      0.95      0.94        60        60
      113       112      0.94      0.95       333       393
      308       195      0.94      0.95       218       611
     1823      1515      0.94      0.95        81       692
     1843        20      0.94      0.95       249       941
     3355      1512      0.94      0.95        69      1010
     3364         9      0.94      0.95        12      1022
     3482       118      0.94      0.95       497      1519
     3674       192      0.94      0.95       606      2125
     6482      2808      0.94      0.95       510      2635
     6938       456      0.94      0.95       386      3021
     6941         3      0.94      0.95        41      3062
     6973        32      0.94      0.95         7      3069
     7526       553      0.94      0.95        93      3162
     7577        51      0.94      0.95       105      3267
     7579         2      0.94      0.95       104      3371
     7582         3      0.94      0.95        99      3470
     7703       121      0.94      0.95        12      3482
     7716        13      0.94      0.96        23      3505
     7795        79      0.94      0.96       307      3812
Calculation info: Price      0.95; Imbalance: -610; Total bids: 1, Total asks: 611; 
               Field               SERVER               TOP-20
    AuctionPrice,RUB                 0.94                0.95
       AuctionVolume                   61                   1
       LastPrice,RUB                 0.94                0.94
          MarketBids                    0                   0
          MarketAsks                    0                   0
         Imbalance,%                                -61000.00
        MarketBids:%                0.000               0.000
        MarketAsks:%                0.000               0.000
      TotalValue:RUB            56640.000             945.000
  AuctionPriceDiff,%               -0.053               0.053
{OPENPERIODPRICE=0.940500, CLSTATE=0.000000, PRICEMAX=1.114500, ENDTIME=0.000000, STEPPRICET=0.000000, PREVPRICE=0.949000, OPTIONBASE=0.000000, starttime=184001.000000, MIN_CURR_LAST=0.944000, ISSUESIZE=35371898370.000000, STEPPRICECL=0.000000, PRICEMIN=0.781000, PREVLOTSIZE=0.000000, MARKETPRICETODAY=0.000000, BUYBACKPRICE=0.000000, MARKETPRICE2=0.000000, CLPRICE=0.000000, PREVSETTLEPRICE=0.000000, THEORPRICE=0.000000, plannedtime=184001.000000, MARKETPRICE=0.949500, WAPRICE=0.945000, ICHANGE=0.000000, OFFERDEPTH=60.000000, PRIMARYDIST=0.000000, LASTVALUE=0.000000, BGONP=0.000000, NEGVALTODAY=0.000000, STARTTIME=184001.000000, LOW=0.940500, BASEPRICE=0.000000, IOPEN=0.000000, LCURRENTPRICE=0.944000, MONSTARTTIME=0.000000, QUOTEBASIS=0.000000, BUYBACKDATE=0.000000, LCLOSEPRICE=0.000000, NEXTCOUPON=0.000000, MONENDTIME=0.000000, HIGHVAL=0.000000, ADMITTEDQUOTE=0.000000, OFFER=0.944000, YIELDATPREVWAPRICE=0.000000, VALTODAY=20698933.000000, SETTLEPRICE=0.000000, PCHANGE=0.000000, LOTSIZE=1000.000000, LOWOFFER=0.920000, ISPERCENT=0.000000, YIELD=0.000000, VOLTODAY=21906000.000000, endtime=0.000000, MAXOUTVOLUME=0.000000, OPEN=0.940500, CROSSRATE=0.000000, CURRENTVALUE=0.000000, NUMCONTRACTS=0.000000, PREVADMITTEDQUOT=0.949000, COUPONVALUE=0.000000, BIDDEPTH=1.000000, LASTBID=0.944000, DURATION=0.000000, LOWVAL=0.000000, imbalance=0.000000, HIGH=0.949500, YIELDATWAPRICE=0.000000, STEPPRICEPRCL=0.000000, OFFERDEPTHT=9168.000000, VALUE=944.500000, marketvolb=0.000000, PERCENTRATE=0.000000, MIN_CURR_LAST_TI=183400.000000, auctvalue=56640.000000, EXPDATE=0.000000, LASTOFFER=0.944500, QTY=1.000000, COUPONPERIOD=0.000000, CHANGETIME=0.000000, CURSTEPPRICE=0.000000, marketvols=0.000000, SELLDEPO=0.000000, EVNSTARTTIME=0.000000, LOTSIZECHANGEDAT=0.000000, NUMTRADES=505.000000, CLOSEPRICE=0.000000, HIGHBID=0.980500, FACEVALUE=0.000000, PRICEMVTLIMITT1=0.000000, PRICEMVTLIMIT=0.000000, LOPENPRICE=0.000000, LAST=0.944500, BUYPROFIT=0.000000, SELLPROFIT=0.000000, VOLATILITY=0.000000, CLOSETIME=0.000000, PREVWAPRICE=0.949500, PREVLEGALCLOSEPR=0.949000, BUYDEPO=0.000000, TRADECHANGE=0.000000, LASTTOPREVSTLPRC=0.000000, BIDDEPTHT=11461.000000, auctvolume=60000.000000, PREVDATE=20191112.000000, ACCRUEDINT=0.000000, NUMOFFERS=197.000000, CHANGE=-0.004500, STRIKE=0.000000, EVNENDTIME=0.000000, BID=0.944500, auctnumtrades=0.000000, TRADINGSTATUS=4.000000, LASTCHANGE=-0.470000, CHNGCLOSE=0.000000, REALVMPRICE=0.000000, CLOSEYIELD=0.000000, TIME=183923.000000, MARG=0.000000, AUCTPRICE=0.944000, STEPPRICE=0.000000, NUMBIDS=256.000000, SETTLECODE=8.000000, OPENVAL=0.000000, OPTIONTYPE=0.000000, BGOP=0.000000, NEGNUMTRADES=0.000000, PRICEMINUSPREVWAPRICE=0.000000, CHNGOPEN=0.000000}
2019-11-13T18:42:38.759376 - ENRU[TQBR]
#   Total      Size       Bid       Ask      Size     Total
        0                                                 0 
        1         1      0.95      0.94        60        60
       88        87      0.94      0.95       333       393
      283       195      0.94      0.95       218       611
     1798      1515      0.94      0.95        81       692
     1818        20      0.94      0.95       249       941
     3330      1512      0.94      0.95        69      1010
     3339         9      0.94      0.95        12      1022
     3457       118      0.94      0.95       497      1519
     3649       192      0.94      0.95       606      2125
     6457      2808      0.94      0.95       510      2635
     6913       456      0.94      0.95       386      3021
     6916         3      0.94      0.95        41      3062
     6948        32      0.94      0.95         7      3069
     7501       553      0.94      0.95        93      3162
     7552        51      0.94      0.95       105      3267
     7554         2      0.94      0.95       104      3371
     7557         3      0.94      0.95        99      3470
     7678       121      0.94      0.95        12      3482
     7691        13      0.94      0.96        23      3505
     7770        79      0.94      0.96       307      3812
Calculation info: Price      0.95; Imbalance: -610; Total bids: 1, Total asks: 611; 
               Field               SERVER               TOP-20
    AuctionPrice,RUB                 0.94                0.95
       AuctionVolume                   61                   1
       LastPrice,RUB                 0.94                0.94
          MarketBids                    0                   0
          MarketAsks                    0                   0
         Imbalance,%                                -61000.00
        MarketBids:%                0.000               0.000
        MarketAsks:%                0.000               0.000
      TotalValue:RUB            56640.000             945.000
  AuctionPriceDiff,%               -0.053               0.053
{OPENPERIODPRICE=0.940500, CLSTATE=0.000000, PRICEMAX=1.114500, ENDTIME=0.000000, STEPPRICET=0.000000, PREVPRICE=0.949000, OPTIONBASE=0.000000, starttime=184001.000000, MIN_CURR_LAST=0.944000, ISSUESIZE=35371898370.000000, STEPPRICECL=0.000000, PRICEMIN=0.781000, PREVLOTSIZE=0.000000, MARKETPRICETODAY=0.000000, BUYBACKPRICE=0.000000, MARKETPRICE2=0.000000, CLPRICE=0.000000, PREVSETTLEPRICE=0.000000, THEORPRICE=0.000000, plannedtime=184001.000000, MARKETPRICE=0.949500, WAPRICE=0.945000, ICHANGE=0.000000, OFFERDEPTH=60.000000, PRIMARYDIST=0.000000, LASTVALUE=0.000000, BGONP=0.000000, NEGVALTODAY=0.000000, STARTTIME=184001.000000, LOW=0.940500, BASEPRICE=0.000000, IOPEN=0.000000, LCURRENTPRICE=0.944000, MONSTARTTIME=0.000000, QUOTEBASIS=0.000000, BUYBACKDATE=0.000000, LCLOSEPRICE=0.000000, NEXTCOUPON=0.000000, MONENDTIME=0.000000, HIGHVAL=0.000000, ADMITTEDQUOTE=0.000000, OFFER=0.944000, YIELDATPREVWAPRICE=0.000000, VALTODAY=20698933.000000, SETTLEPRICE=0.000000, PCHANGE=0.000000, LOTSIZE=1000.000000, LOWOFFER=0.920000, ISPERCENT=0.000000, YIELD=0.000000, VOLTODAY=21906000.000000, endtime=0.000000, MAXOUTVOLUME=0.000000, OPEN=0.940500, CROSSRATE=0.000000, CURRENTVALUE=0.000000, NUMCONTRACTS=0.000000, PREVADMITTEDQUOT=0.949000, COUPONVALUE=0.000000, BIDDEPTH=1.000000, LASTBID=0.944000, DURATION=0.000000, LOWVAL=0.000000, imbalance=0.000000, HIGH=0.949500, YIELDATWAPRICE=0.000000, STEPPRICEPRCL=0.000000, OFFERDEPTHT=9168.000000, VALUE=944.500000, marketvolb=0.000000, PERCENTRATE=0.000000, MIN_CURR_LAST_TI=183400.000000, auctvalue=56640.000000, EXPDATE=0.000000, LASTOFFER=0.944500, QTY=1.000000, COUPONPERIOD=0.000000, CHANGETIME=0.000000, CURSTEPPRICE=0.000000, marketvols=0.000000, SELLDEPO=0.000000, EVNSTARTTIME=0.000000, LOTSIZECHANGEDAT=0.000000, NUMTRADES=505.000000, CLOSEPRICE=0.000000, HIGHBID=0.980500, FACEVALUE=0.000000, PRICEMVTLIMITT1=0.000000, PRICEMVTLIMIT=0.000000, LOPENPRICE=0.000000, LAST=0.944500, BUYPROFIT=0.000000, SELLPROFIT=0.000000, VOLATILITY=0.000000, CLOSETIME=0.000000, PREVWAPRICE=0.949500, PREVLEGALCLOSEPR=0.949000, BUYDEPO=0.000000, TRADECHANGE=0.000000, LASTTOPREVSTLPRC=0.000000, BIDDEPTHT=11420.000000, auctvolume=60000.000000, PREVDATE=20191112.000000, ACCRUEDINT=0.000000, NUMOFFERS=197.000000, CHANGE=-0.004500, STRIKE=0.000000, EVNENDTIME=0.000000, BID=0.944500, auctnumtrades=0.000000, TRADINGSTATUS=4.000000, LASTCHANGE=-0.470000, CHNGCLOSE=0.000000, REALVMPRICE=0.000000, CLOSEYIELD=0.000000, TIME=183923.000000, MARG=0.000000, AUCTPRICE=0.944000, STEPPRICE=0.000000, NUMBIDS=255.000000, SETTLECODE=8.000000, OPENVAL=0.000000, OPTIONTYPE=0.000000, BGOP=0.000000, NEGNUMTRADES=0.000000, PRICEMINUSPREVWAPRICE=0.000000, CHNGOPEN=0.000000}
2019-11-13T18:42:38.889726 - ENRU[TQBR]
#   Total      Size       Bid       Ask      Size     Total
        0                                                 0 
        1         1      0.95      0.94        60        60
       88        87      0.94      0.95       333       393
      283       195      0.94      0.95       218       611
     1798      1515      0.94      0.95        81       692
     1818        20      0.94      0.95       249       941
     3330      1512      0.94      0.95        69      1010
     3339         9      0.94      0.95        12      1022
     3457       118      0.94      0.95       497      1519
     3649       192      0.94      0.95       606      2125
     6457      2808      0.94      0.95       510      2635
     6913       456      0.94      0.95       386      3021
     6916         3      0.94      0.95        41      3062
     6948        32      0.94      0.95         7      3069
     7501       553      0.94      0.95        54      3123
     7552        51      0.94      0.95       105      3228
     7554         2      0.94      0.95       104      3332
     7557         3      0.94      0.95        99      3431
     7678       121      0.94      0.95        12      3443
     7691        13      0.94      0.96        23      3466
     7770        79      0.94      0.96       307      3773
Calculation info: Price      0.95; Imbalance: -610; Total bids: 1, Total asks: 611; 
               Field               SERVER               TOP-20
    AuctionPrice,RUB                 0.94                0.95
       AuctionVolume                   61                   1
       LastPrice,RUB                 0.94                0.94
          MarketBids                    0                   0
          MarketAsks                    0                   0
         Imbalance,%                                -61000.00
        MarketBids:%                0.000               0.000
        MarketAsks:%                0.000               0.000
      TotalValue:RUB            56640.000             945.000
  AuctionPriceDiff,%               -0.053               0.053
{OPENPERIODPRICE=0.940500, CLSTATE=0.000000, PRICEMAX=1.114500, ENDTIME=0.000000, STEPPRICET=0.000000, PREVPRICE=0.949000, OPTIONBASE=0.000000, starttime=184001.000000, MIN_CURR_LAST=0.944000, ISSUESIZE=35371898370.000000, STEPPRICECL=0.000000, PRICEMIN=0.781000, PREVLOTSIZE=0.000000, MARKETPRICETODAY=0.000000, BUYBACKPRICE=0.000000, MARKETPRICE2=0.000000, CLPRICE=0.000000, PREVSETTLEPRICE=0.000000, THEORPRICE=0.000000, plannedtime=184001.000000, MARKETPRICE=0.949500, WAPRICE=0.945000, ICHANGE=0.000000, OFFERDEPTH=60.000000, PRIMARYDIST=0.000000, LASTVALUE=0.000000, BGONP=0.000000, NEGVALTODAY=0.000000, STARTTIME=184001.000000, LOW=0.940500, BASEPRICE=0.000000, IOPEN=0.000000, LCURRENTPRICE=0.944000, MONSTARTTIME=0.000000, QUOTEBASIS=0.000000, BUYBACKDATE=0.000000, LCLOSEPRICE=0.000000, NEXTCOUPON=0.000000, MONENDTIME=0.000000, HIGHVAL=0.000000, ADMITTEDQUOTE=0.000000, OFFER=0.944000, YIELDATPREVWAPRICE=0.000000, VALTODAY=20698933.000000, SETTLEPRICE=0.000000, PCHANGE=0.000000, LOTSIZE=1000.000000, LOWOFFER=0.920000, ISPERCENT=0.000000, YIELD=0.000000, VOLTODAY=21906000.000000, endtime=0.000000, MAXOUTVOLUME=0.000000, OPEN=0.940500, CROSSRATE=0.000000, CURRENTVALUE=0.000000, NUMCONTRACTS=0.000000, PREVADMITTEDQUOT=0.949000, COUPONVALUE=0.000000, BIDDEPTH=1.000000, LASTBID=0.944000, DURATION=0.000000, LOWVAL=0.000000, imbalance=0.000000, HIGH=0.949500, YIELDATWAPRICE=0.000000, STEPPRICEPRCL=0.000000, OFFERDEPTHT=9168.000000, VALUE=944.500000, marketvolb=0.000000, PERCENTRATE=0.000000, MIN_CURR_LAST_TI=183400.000000, auctvalue=56640.000000, EXPDATE=0.000000, LASTOFFER=0.944500, QTY=1.000000, COUPONPERIOD=0.000000, CHANGETIME=0.000000, CURSTEPPRICE=0.000000, marketvols=0.000000, SELLDEPO=0.000000, EVNSTARTTIME=0.000000, LOTSIZECHANGEDAT=0.000000, NUMTRADES=505.000000, CLOSEPRICE=0.000000, HIGHBID=0.980500, FACEVALUE=0.000000, PRICEMVTLIMITT1=0.000000, PRICEMVTLIMIT=0.000000, LOPENPRICE=0.000000, LAST=0.944500, BUYPROFIT=0.000000, SELLPROFIT=0.000000, VOLATILITY=0.000000, CLOSETIME=0.000000, PREVWAPRICE=0.949500, PREVLEGALCLOSEPR=0.949000, BUYDEPO=0.000000, TRADECHANGE=0.000000, LASTTOPREVSTLPRC=0.000000, BIDDEPTHT=11420.000000, auctvolume=60000.000000, PREVDATE=20191112.000000, ACCRUEDINT=0.000000, NUMOFFERS=197.000000, CHANGE=-0.004500, STRIKE=0.000000, EVNENDTIME=0.000000, BID=0.944500, auctnumtrades=0.000000, TRADINGSTATUS=4.000000, LASTCHANGE=-0.470000, CHNGCLOSE=0.000000, REALVMPRICE=0.000000, CLOSEYIELD=0.000000, TIME=183923.000000, MARG=0.000000, AUCTPRICE=0.944000, STEPPRICE=0.000000, NUMBIDS=255.000000, SETTLECODE=8.000000, OPENVAL=0.000000, OPTIONTYPE=0.000000, BGOP=0.000000, NEGNUMTRADES=0.000000, PRICEMINUSPREVWAPRICE=0.000000, CHNGOPEN=0.000000}
2019-11-13T18:42:38.994006 - ENRU[TQBR]
#   Total      Size       Bid       Ask      Size     Total
        0                                                 0 
        1         1      0.95      0.94        60        60
       88        87      0.94      0.95       333       393
      283       195      0.94      0.95       218       611
     1798      1515      0.94      0.95        81       692
     1818        20      0.94      0.95       249       941
     3330      1512      0.94      0.95        69      1010
     3339         9      0.94      0.95        51      1061
     3457       118      0.94      0.95       497      1558
     3649       192      0.94      0.95       606      2164
     6457      2808      0.94      0.95       510      2674
     6913       456      0.94      0.95       386      3060
     6916         3      0.94      0.95        41      3101
     6948        32      0.94      0.95         7      3108
     7501       553      0.94      0.95        54      3162
     7552        51      0.94      0.95       105      3267
     7554         2      0.94      0.95       104      3371
     7557         3      0.94      0.95        99      3470
     7678       121      0.94      0.95        12      3482
     7691        13      0.94      0.96        23      3505
     7770        79      0.94      0.96       307      3812
Calculation info: Price      0.95; Imbalance: -610; Total bids: 1, Total asks: 611; 
               Field               SERVER               TOP-20
    AuctionPrice,RUB                 0.94                0.95
       AuctionVolume                   61                   1
       LastPrice,RUB                 0.94                0.94
          MarketBids                    0                   0
          MarketAsks                    0                   0
         Imbalance,%                                -61000.00
        MarketBids:%                0.000               0.000
        MarketAsks:%                0.000               0.000
      TotalValue:RUB            56640.000             945.000
  AuctionPriceDiff,%               -0.053               0.053
{OPENPERIODPRICE=0.940500, CLSTATE=0.000000, PRICEMAX=1.114500, ENDTIME=0.000000, STEPPRICET=0.000000, PREVPRICE=0.949000, OPTIONBASE=0.000000, starttime=184001.000000, MIN_CURR_LAST=0.944000, ISSUESIZE=35371898370.000000, STEPPRICECL=0.000000, PRICEMIN=0.781000, PREVLOTSIZE=0.000000, MARKETPRICETODAY=0.000000, BUYBACKPRICE=0.000000, MARKETPRICE2=0.000000, CLPRICE=0.000000, PREVSETTLEPRICE=0.000000, THEORPRICE=0.000000, plannedtime=184001.000000, MARKETPRICE=0.949500, WAPRICE=0.945000, ICHANGE=0.000000, OFFERDEPTH=60.000000, PRIMARYDIST=0.000000, LASTVALUE=0.000000, BGONP=0.000000, NEGVALTODAY=0.000000, STARTTIME=184001.000000, LOW=0.940500, BASEPRICE=0.000000, IOPEN=0.000000, LCURRENTPRICE=0.944000, MONSTARTTIME=0.000000, QUOTEBASIS=0.000000, BUYBACKDATE=0.000000, LCLOSEPRICE=0.000000, NEXTCOUPON=0.000000, MONENDTIME=0.000000, HIGHVAL=0.000000, ADMITTEDQUOTE=0.000000, OFFER=0.944000, YIELDATPREVWAPRICE=0.000000, VALTODAY=20698933.000000, SETTLEPRICE=0.000000, PCHANGE=0.000000, LOTSIZE=1000.000000, LOWOFFER=0.920000, ISPERCENT=0.000000, YIELD=0.000000, VOLTODAY=21906000.000000, endtime=0.000000, MAXOUTVOLUME=0.000000, OPEN=0.940500, CROSSRATE=0.000000, CURRENTVALUE=0.000000, NUMCONTRACTS=0.000000, PREVADMITTEDQUOT=0.949000, COUPONVALUE=0.000000, BIDDEPTH=1.000000, LASTBID=0.944000, DURATION=0.000000, LOWVAL=0.000000, imbalance=0.000000, HIGH=0.949500, YIELDATWAPRICE=0.000000, STEPPRICEPRCL=0.000000, OFFERDEPTHT=9168.000000, VALUE=944.500000, marketvolb=0.000000, PERCENTRATE=0.000000, MIN_CURR_LAST_TI=183400.000000, auctvalue=56640.000000, EXPDATE=0.000000, LASTOFFER=0.944500, QTY=1.000000, COUPONPERIOD=0.000000, CHANGETIME=0.000000, CURSTEPPRICE=0.000000, marketvols=0.000000, SELLDEPO=0.000000, EVNSTARTTIME=0.000000, LOTSIZECHANGEDAT=0.000000, NUMTRADES=505.000000, CLOSEPRICE=0.000000, HIGHBID=0.980500, FACEVALUE=0.000000, PRICEMVTLIMITT1=0.000000, PRICEMVTLIMIT=0.000000, LOPENPRICE=0.000000, LAST=0.944500, BUYPROFIT=0.000000, SELLPROFIT=0.000000, VOLATILITY=0.000000, CLOSETIME=0.000000, PREVWAPRICE=0.949500, PREVLEGALCLOSEPR=0.949000, BUYDEPO=0.000000, TRADECHANGE=0.000000, LASTTOPREVSTLPRC=0.000000, BIDDEPTHT=11420.000000, auctvolume=60000.000000, PREVDATE=20191112.000000, ACCRUEDINT=0.000000, NUMOFFERS=197.000000, CHANGE=-0.004500, STRIKE=0.000000, EVNENDTIME=0.000000, BID=0.944500, auctnumtrades=0.000000, TRADINGSTATUS=4.000000, LASTCHANGE=-0.470000, CHNGCLOSE=0.000000, REALVMPRICE=0.000000, CLOSEYIELD=0.000000, TIME=183923.000000, MARG=0.000000, AUCTPRICE=0.944000, STEPPRICE=0.000000, NUMBIDS=255.000000, SETTLECODE=8.000000, OPENVAL=0.000000, OPTIONTYPE=0.000000, BGOP=0.000000, NEGNUMTRADES=0.000000, PRICEMINUSPREVWAPRICE=0.000000, CHNGOPEN=0.000000}
2019-11-13T18:43:58.451469 - ENRU[TQBR]
#   Total      Size       Bid       Ask      Size     Total
        0                                                 0 
        1         1      0.95      0.94        60        60
       88        87      0.94      0.95       333       393
      283       195      0.94      0.95       218       611
     1798      1515      0.94      0.95        81       692
     1818        20      0.94      0.95       249       941
     3330      1512      0.94      0.95        69      1010
     3339         9      0.94      0.95       151      1161
     3457       118      0.94      0.95       497      1658
     3649       192      0.94      0.95       606      2264
     6457      2808      0.94      0.95       510      2774
     6913       456      0.94      0.95       386      3160
     6916         3      0.94      0.95        41      3201
     6948        32      0.94      0.95         7      3208
     7501       553      0.94      0.95        54      3262
     7552        51      0.94      0.95       105      3367
     7554         2      0.94      0.95       104      3471
     7557         3      0.94      0.95        99      3570
     7678       121      0.94      0.95        12      3582
     7691        13      0.94      0.96        23      3605
     7770        79      0.94      0.96       307      3912
Calculation info: Price      0.95; Imbalance: -610; Total bids: 1, Total asks: 611; 
               Field               SERVER               TOP-20
    AuctionPrice,RUB                 0.94                0.95
       AuctionVolume                   61                   1
       LastPrice,RUB                 0.94                0.94
          MarketBids                    0                   0
          MarketAsks                    0                   0
         Imbalance,%                                -61000.00
        MarketBids:%                0.000               0.000
        MarketAsks:%                0.000               0.000
      TotalValue:RUB            56640.000             945.000
  AuctionPriceDiff,%               -0.053               0.053
{OPENPERIODPRICE=0.940500, CLSTATE=0.000000, PRICEMAX=1.114500, ENDTIME=0.000000, STEPPRICET=0.000000, PREVPRICE=0.949000, OPTIONBASE=0.000000, starttime=184001.000000, MIN_CURR_LAST=0.944000, ISSUESIZE=35371898370.000000, STEPPRICECL=0.000000, PRICEMIN=0.781000, PREVLOTSIZE=0.000000, MARKETPRICETODAY=0.000000, BUYBACKPRICE=0.000000, MARKETPRICE2=0.000000, CLPRICE=0.000000, PREVSETTLEPRICE=0.000000, THEORPRICE=0.000000, plannedtime=184001.000000, MARKETPRICE=0.949500, WAPRICE=0.945000, ICHANGE=0.000000, OFFERDEPTH=60.000000, PRIMARYDIST=0.000000, LASTVALUE=0.000000, BGONP=0.000000, NEGVALTODAY=0.000000, STARTTIME=184001.000000, LOW=0.940500, BASEPRICE=0.000000, IOPEN=0.000000, LCURRENTPRICE=0.944000, MONSTARTTIME=0.000000, QUOTEBASIS=0.000000, BUYBACKDATE=0.000000, LCLOSEPRICE=0.000000, NEXTCOUPON=0.000000, MONENDTIME=0.000000, HIGHVAL=0.000000, ADMITTEDQUOTE=0.000000, OFFER=0.944000, YIELDATPREVWAPRICE=0.000000, VALTODAY=20698933.000000, SETTLEPRICE=0.000000, PCHANGE=0.000000, LOTSIZE=1000.000000, LOWOFFER=0.920000, ISPERCENT=0.000000, YIELD=0.000000, VOLTODAY=21906000.000000, endtime=0.000000, MAXOUTVOLUME=0.000000, OPEN=0.940500, CROSSRATE=0.000000, CURRENTVALUE=0.000000, NUMCONTRACTS=0.000000, PREVADMITTEDQUOT=0.949000, COUPONVALUE=0.000000, BIDDEPTH=1.000000, LASTBID=0.944000, DURATION=0.000000, LOWVAL=0.000000, imbalance=0.000000, HIGH=0.949500, YIELDATWAPRICE=0.000000, STEPPRICEPRCL=0.000000, OFFERDEPTHT=9168.000000, VALUE=944.500000, marketvolb=0.000000, PERCENTRATE=0.000000, MIN_CURR_LAST_TI=183400.000000, auctvalue=56640.000000, EXPDATE=0.000000, LASTOFFER=0.944500, QTY=1.000000, COUPONPERIOD=0.000000, CHANGETIME=0.000000, CURSTEPPRICE=0.000000, marketvols=0.000000, SELLDEPO=0.000000, EVNSTARTTIME=0.000000, LOTSIZECHANGEDAT=0.000000, NUMTRADES=505.000000, CLOSEPRICE=0.000000, HIGHBID=0.980500, FACEVALUE=0.000000, PRICEMVTLIMITT1=0.000000, PRICEMVTLIMIT=0.000000, LOPENPRICE=0.000000, LAST=0.944500, BUYPROFIT=0.000000, SELLPROFIT=0.000000, VOLATILITY=0.000000, CLOSETIME=0.000000, PREVWAPRICE=0.949500, PREVLEGALCLOSEPR=0.949000, BUYDEPO=0.000000, TRADECHANGE=0.000000, LASTTOPREVSTLPRC=0.000000, BIDDEPTHT=11395.000000, auctvolume=60000.000000, PREVDATE=20191112.000000, ACCRUEDINT=0.000000, NUMOFFERS=197.000000, CHANGE=-0.004500, STRIKE=0.000000, EVNENDTIME=0.000000, BID=0.944500, auctnumtrades=0.000000, TRADINGSTATUS=4.000000, LASTCHANGE=-0.470000, CHNGCLOSE=0.000000, REALVMPRICE=0.000000, CLOSEYIELD=0.000000, TIME=183923.000000, MARG=0.000000, AUCTPRICE=0.944000, STEPPRICE=0.000000, NUMBIDS=254.000000, SETTLECODE=8.000000, OPENVAL=0.000000, OPTIONTYPE=0.000000, BGOP=0.000000, NEGNUMTRADES=0.000000, PRICEMINUSPREVWAPRICE=0.000000, CHNGOPEN=0.000000}
2019-11-13T18:45:01.900664 - ENRU[TQBR]
#   Total      Size       Bid       Ask      Size     Total
      300                                                 0 
      301         1      0.95      0.94        60        60
      388        87      0.94      0.95       333       393
      533       145      0.94      0.95       218       611
     2048      1515      0.94      0.95        81       692
     2068        20      0.94      0.95       249       941
     3580      1512      0.94      0.95        69      1010
     3589         9      0.94      0.95       151      1161
     3707       118      0.94      0.95       497      1658
     3899       192      0.94      0.95       606      2264
     6707      2808      0.94      0.95       510      2774
     7163       456      0.94      0.95       386      3160
     7166         3      0.94      0.95        41      3201
     7198        32      0.94      0.95         7      3208
     7751       553      0.94      0.95        54      3262
     7802        51      0.94      0.95       105      3367
     7804         2      0.94      0.95       104      3471
     7807         3      0.94      0.95        99      3570
     7928       121      0.94      0.95        12      3582
     7941        13      0.94      0.96        23      3605
     8020        79      0.94      0.96       307      3912
Calculation info: Price      0.95; Imbalance: -607; Total bids: 4, Total asks: 611; 
               Field               SERVER               TOP-20
    AuctionPrice,RUB                 0.94                0.95
       AuctionVolume                   61                   4
       LastPrice,RUB                 0.94                0.94
          MarketBids                    3                   3
          MarketAsks                    0                   0
         Imbalance,%                                -15175.00
        MarketBids:%                4.918              75.000
        MarketAsks:%                0.000               0.000
      TotalValue:RUB            56640.000            3780.000
  AuctionPriceDiff,%               -0.053               0.053
{OPENPERIODPRICE=0.940500, CLSTATE=0.000000, PRICEMAX=1.114500, ENDTIME=0.000000, STEPPRICET=0.000000, PREVPRICE=0.949000, OPTIONBASE=0.000000, starttime=184001.000000, MIN_CURR_LAST=0.944000, ISSUESIZE=35371898370.000000, STEPPRICECL=0.000000, PRICEMIN=0.781000, PREVLOTSIZE=0.000000, MARKETPRICETODAY=0.000000, BUYBACKPRICE=0.000000, MARKETPRICE2=0.000000, CLPRICE=0.000000, PREVSETTLEPRICE=0.000000, THEORPRICE=0.000000, plannedtime=184001.000000, MARKETPRICE=0.949500, WAPRICE=0.945000, ICHANGE=0.000000, OFFERDEPTH=60.000000, PRIMARYDIST=0.000000, LASTVALUE=0.000000, BGONP=0.000000, NEGVALTODAY=0.000000, STARTTIME=184001.000000, LOW=0.940500, BASEPRICE=0.000000, IOPEN=0.000000, LCURRENTPRICE=0.944000, MONSTARTTIME=0.000000, QUOTEBASIS=0.000000, BUYBACKDATE=0.000000, LCLOSEPRICE=0.000000, NEXTCOUPON=0.000000, MONENDTIME=0.000000, HIGHVAL=0.000000, ADMITTEDQUOTE=0.000000, OFFER=0.944000, YIELDATPREVWAPRICE=0.000000, VALTODAY=20698933.000000, SETTLEPRICE=0.000000, PCHANGE=0.000000, LOTSIZE=1000.000000, LOWOFFER=0.920000, ISPERCENT=0.000000, YIELD=0.000000, VOLTODAY=21906000.000000, endtime=0.000000, MAXOUTVOLUME=0.000000, OPEN=0.940500, CROSSRATE=0.000000, CURRENTVALUE=0.000000, NUMCONTRACTS=0.000000, PREVADMITTEDQUOT=0.949000, COUPONVALUE=0.000000, BIDDEPTH=4.000000, LASTBID=0.944000, DURATION=0.000000, LOWVAL=0.000000, imbalance=0.000000, HIGH=0.949500, YIELDATWAPRICE=0.000000, STEPPRICEPRCL=0.000000, OFFERDEPTHT=9268.000000, VALUE=944.500000, marketvolb=3000.000000, PERCENTRATE=0.000000, MIN_CURR_LAST_TI=183400.000000, auctvalue=56640.000000, EXPDATE=0.000000, LASTOFFER=0.944500, QTY=1.000000, COUPONPERIOD=0.000000, CHANGETIME=0.000000, CURSTEPPRICE=0.000000, marketvols=0.000000, SELLDEPO=0.000000, EVNSTARTTIME=0.000000, LOTSIZECHANGEDAT=0.000000, NUMTRADES=505.000000, CLOSEPRICE=0.000000, HIGHBID=0.980500, FACEVALUE=0.000000, PRICEMVTLIMITT1=0.000000, PRICEMVTLIMIT=0.000000, LOPENPRICE=0.000000, LAST=0.944500, BUYPROFIT=0.000000, SELLPROFIT=0.000000, VOLATILITY=0.000000, CLOSETIME=0.000000, PREVWAPRICE=0.949500, PREVLEGALCLOSEPR=0.949000, BUYDEPO=0.000000, TRADECHANGE=0.000000, LASTTOPREVSTLPRC=0.000000, BIDDEPTHT=11398.000000, auctvolume=60000.000000, PREVDATE=20191112.000000, ACCRUEDINT=0.000000, NUMOFFERS=198.000000, CHANGE=-0.004500, STRIKE=0.000000, EVNENDTIME=0.000000, BID=0.944500, auctnumtrades=0.000000, TRADINGSTATUS=4.000000, LASTCHANGE=-0.470000, CHNGCLOSE=0.000000, REALVMPRICE=0.000000, CLOSEYIELD=0.000000, TIME=183923.000000, MARG=0.000000, AUCTPRICE=0.944000, STEPPRICE=0.000000, NUMBIDS=255.000000, SETTLECODE=8.000000, OPENVAL=0.000000, OPTIONTYPE=0.000000, BGOP=0.000000, NEGNUMTRADES=0.000000, PRICEMINUSPREVWAPRICE=0.000000, CHNGOPEN=0.000000}
2019-11-13T18:45:24.388144 - ENRU[TQBR]
#   Total      Size       Bid       Ask      Size     Total
        0                                                 0 
       31        31      0.94                                
{OPENPERIODPRICE=0.940500, CLSTATE=0.000000, PRICEMAX=1.114500, ENDTIME=0.000000, STEPPRICET=0.000000, PREVPRICE=0.949000, OPTIONBASE=0.000000, starttime=184527.000000, MIN_CURR_LAST=0.944000, ISSUESIZE=35371898370.000000, STEPPRICECL=0.000000, PRICEMIN=0.781000, PREVLOTSIZE=0.000000, MARKETPRICETODAY=0.000000, BUYBACKPRICE=0.000000, MARKETPRICE2=0.000000, CLPRICE=0.000000, PREVSETTLEPRICE=0.000000, THEORPRICE=0.000000, plannedtime=184527.000000, MARKETPRICE=0.949500, WAPRICE=0.945000, ICHANGE=0.000000, OFFERDEPTH=0.000000, PRIMARYDIST=0.000000, LASTVALUE=0.000000, BGONP=0.000000, NEGVALTODAY=0.000000, STARTTIME=184527.000000, LOW=0.940500, BASEPRICE=0.000000, IOPEN=0.000000, LCURRENTPRICE=0.944000, MONSTARTTIME=0.000000, QUOTEBASIS=0.000000, BUYBACKDATE=0.000000, LCLOSEPRICE=0.000000, NEXTCOUPON=0.000000, MONENDTIME=0.000000, HIGHVAL=0.000000, ADMITTEDQUOTE=0.000000, OFFER=0.000000, YIELDATPREVWAPRICE=0.000000, VALTODAY=20755573.000000, SETTLEPRICE=0.000000, PCHANGE=0.000000, LOTSIZE=1000.000000, LOWOFFER=0.920000, ISPERCENT=0.000000, YIELD=0.000000, VOLTODAY=21966000.000000, endtime=0.000000, MAXOUTVOLUME=0.000000, OPEN=0.940500, CROSSRATE=0.000000, CURRENTVALUE=0.000000, NUMCONTRACTS=0.000000, PREVADMITTEDQUOT=0.949000, COUPONVALUE=0.000000, BIDDEPTH=31.000000, LASTBID=0.944000, DURATION=0.000000, LOWVAL=0.000000, imbalance=0.000000, HIGH=0.949500, YIELDATWAPRICE=0.000000, STEPPRICEPRCL=0.000000, OFFERDEPTHT=9268.000000, VALUE=5664.000000, marketvolb=0.000000, PERCENTRATE=0.000000, MIN_CURR_LAST_TI=183400.000000, auctvalue=0.000000, EXPDATE=0.000000, LASTOFFER=0.944500, QTY=6.000000, COUPONPERIOD=0.000000, CHANGETIME=0.000000, CURSTEPPRICE=0.000000, marketvols=0.000000, SELLDEPO=0.000000, EVNSTARTTIME=0.000000, LOTSIZECHANGEDAT=0.000000, NUMTRADES=509.000000, CLOSEPRICE=0.000000, HIGHBID=0.980500, FACEVALUE=0.000000, PRICEMVTLIMITT1=0.000000, PRICEMVTLIMIT=0.000000, LOPENPRICE=0.000000, LAST=0.944000, BUYPROFIT=0.000000, SELLPROFIT=0.000000, VOLATILITY=0.000000, CLOSETIME=0.000000, PREVWAPRICE=0.949500, PREVLEGALCLOSEPR=0.949000, BUYDEPO=0.000000, TRADECHANGE=0.000000, LASTTOPREVSTLPRC=0.000000, BIDDEPTHT=11348.000000, auctvolume=0.000000, PREVDATE=20191112.000000, ACCRUEDINT=0.000000, NUMOFFERS=198.000000, CHANGE=-0.005000, STRIKE=0.000000, EVNENDTIME=0.000000, BID=0.944000, auctnumtrades=0.000000, TRADINGSTATUS=5.000000, LASTCHANGE=-0.530000, CHNGCLOSE=0.000000, REALVMPRICE=0.000000, CLOSEYIELD=0.000000, TIME=184527.000000, MARG=0.000000, AUCTPRICE=0.944000, STEPPRICE=0.000000, NUMBIDS=254.000000, SETTLECODE=8.000000, OPENVAL=0.000000, OPTIONTYPE=0.000000, BGOP=0.000000, NEGNUMTRADES=0.000000, PRICEMINUSPREVWAPRICE=0.000000, CHNGOPEN=0.000000}
2019-11-13T18:49:45.218621 - ENRU[TQBR]
#   Total      Size       Bid       Ask      Size     Total
        0                                                 0 
       32        32      0.94                                
{OPENPERIODPRICE=0.940500, CLSTATE=0.000000, PRICEMAX=1.114500, ENDTIME=0.000000, STEPPRICET=0.000000, PREVPRICE=0.949000, OPTIONBASE=0.000000, starttime=184527.000000, MIN_CURR_LAST=0.944000, ISSUESIZE=35371898370.000000, STEPPRICECL=0.000000, PRICEMIN=0.781000, PREVLOTSIZE=0.000000, MARKETPRICETODAY=0.000000, BUYBACKPRICE=0.000000, MARKETPRICE2=0.000000, CLPRICE=0.000000, PREVSETTLEPRICE=0.000000, THEORPRICE=0.000000, plannedtime=184527.000000, MARKETPRICE=0.949500, WAPRICE=0.945000, ICHANGE=0.000000, OFFERDEPTH=0.000000, PRIMARYDIST=0.000000, LASTVALUE=0.000000, BGONP=0.000000, NEGVALTODAY=0.000000, STARTTIME=184527.000000, LOW=0.940500, BASEPRICE=0.000000, IOPEN=0.000000, LCURRENTPRICE=0.944000, MONSTARTTIME=0.000000, QUOTEBASIS=0.000000, BUYBACKDATE=0.000000, LCLOSEPRICE=0.000000, NEXTCOUPON=0.000000, MONENDTIME=0.000000, HIGHVAL=0.000000, ADMITTEDQUOTE=0.000000, OFFER=0.000000, YIELDATPREVWAPRICE=0.000000, VALTODAY=20755573.000000, SETTLEPRICE=0.000000, PCHANGE=0.000000, LOTSIZE=1000.000000, LOWOFFER=0.920000, ISPERCENT=0.000000, YIELD=0.000000, VOLTODAY=21966000.000000, endtime=0.000000, MAXOUTVOLUME=0.000000, OPEN=0.940500, CROSSRATE=0.000000, CURRENTVALUE=0.000000, NUMCONTRACTS=0.000000, PREVADMITTEDQUOT=0.949000, COUPONVALUE=0.000000, BIDDEPTH=32.000000, LASTBID=0.944000, DURATION=0.000000, LOWVAL=0.000000, imbalance=0.000000, HIGH=0.949500, YIELDATWAPRICE=0.000000, STEPPRICEPRCL=0.000000, OFFERDEPTHT=0.000000, VALUE=5664.000000, marketvolb=0.000000, PERCENTRATE=0.000000, MIN_CURR_LAST_TI=183400.000000, auctvalue=0.000000, EXPDATE=0.000000, LASTOFFER=0.944500, QTY=6.000000, COUPONPERIOD=0.000000, CHANGETIME=0.000000, CURSTEPPRICE=0.000000, marketvols=0.000000, SELLDEPO=0.000000, EVNSTARTTIME=0.000000, LOTSIZECHANGEDAT=0.000000, NUMTRADES=509.000000, CLOSEPRICE=0.000000, HIGHBID=0.980500, FACEVALUE=0.000000, PRICEMVTLIMITT1=0.000000, PRICEMVTLIMIT=0.000000, LOPENPRICE=0.000000, LAST=0.944000, BUYPROFIT=0.000000, SELLPROFIT=0.000000, VOLATILITY=0.000000, CLOSETIME=0.000000, PREVWAPRICE=0.949500, PREVLEGALCLOSEPR=0.949000, BUYDEPO=0.000000, TRADECHANGE=0.000000, LASTTOPREVSTLPRC=0.000000, BIDDEPTHT=31.000000, auctvolume=0.000000, PREVDATE=20191112.000000, ACCRUEDINT=0.000000, NUMOFFERS=0.000000, CHANGE=-0.005000, STRIKE=0.000000, EVNENDTIME=0.000000, BID=0.944000, auctnumtrades=0.000000, TRADINGSTATUS=5.000000, LASTCHANGE=-0.530000, CHNGCLOSE=0.000000, REALVMPRICE=0.000000, CLOSEYIELD=0.000000, TIME=184527.000000, MARG=0.000000, AUCTPRICE=0.944000, STEPPRICE=0.000000, NUMBIDS=3.000000, SETTLECODE=8.000000, OPENVAL=0.000000, OPTIONTYPE=0.000000, BGOP=0.000000, NEGNUMTRADES=0.000000, PRICEMINUSPREVWAPRICE=0.000000, CHNGOPEN=0.000000}
