2019-11-13T18:41:56.822021 - LSRG[TQBR]
#   Total      Size       Bid       Ask      Size     Total
        0                                                 0 
        3         3    774.80    774.00        10        10
       19        16    774.00    774.60        30        40
       41        22    772.40    774.80      1224      1264
      201       160    772.20    775.00      2467      3731
      231        30    772.00    775.60        25      3756
      330        99    771.80    776.00       212      3968
     2091      1761    771.60    776.40      1948      5916
     2186        95    771.40    776.60        50      5966
     3187      1001    771.20    777.00      1958      7924
     4383      1196    770.80    777.20       200      8124
     4633       250    770.60    777.60      1209      9333
     5829      1196    770.40    777.80         1      9334
     5830         1    770.00    778.00      1326     10660
     6051       221    769.20    778.20       220     10880
     6076        25    769.00    778.40       251     11131
     6356       280    768.80    778.60         5     11136
     6359         3    768.40    778.80        18     11154
     6375        16    768.20    779.00       347     11501
     6378         3    768.00    779.40        20     11521
     6394        16    767.80    779.80         4     11525
Calculation info: Price    774.80; Imbalance: -1261; Total bids: 3, Total asks: 1264; 
               Field               SERVER               TOP-20
    AuctionPrice,RUB               774.00              774.80
       AuctionVolume                   10                   3
       LastPrice,RUB               774.80              774.80
          MarketBids                    0                   0
          MarketAsks                    0                   0
         Imbalance,%                                -42033.33
        MarketBids:%                0.000               0.000
        MarketAsks:%                0.000               0.000
      TotalValue:RUB             7740.000            2324.400
  AuctionPriceDiff,%               -0.103               0.000
{OPENPERIODPRICE=767.000000, CLSTATE=0.000000, PRICEMAX=963.200000, ENDTIME=0.000000, STEPPRICET=0.000000, PREVPRICE=770.000000, OPTIONBASE=0.000000, starttime=184001.000000, MIN_CURR_LAST=773.200000, ISSUESIZE=103030215.000000, STEPPRICECL=0.000000, PRICEMIN=576.600000, PREVLOTSIZE=0.000000, MARKETPRICETODAY=0.000000, BUYBACKPRICE=0.000000, MARKETPRICE2=0.000000, CLPRICE=0.000000, PREVSETTLEPRICE=0.000000, THEORPRICE=0.000000, plannedtime=184001.000000, MARKETPRICE=766.000000, WAPRICE=772.600000, ICHANGE=0.000000, OFFERDEPTH=10.000000, PRIMARYDIST=0.000000, LASTVALUE=0.000000, BGONP=0.000000, NEGVALTODAY=0.000000, STARTTIME=184001.000000, LOW=763.000000, BASEPRICE=0.000000, IOPEN=0.000000, LCURRENTPRICE=773.200000, MONSTARTTIME=0.000000, QUOTEBASIS=0.000000, BUYBACKDATE=0.000000, LCLOSEPRICE=0.000000, NEXTCOUPON=0.000000, MONENDTIME=0.000000, HIGHVAL=0.000000, ADMITTEDQUOTE=0.000000, OFFER=774.000000, YIELDATPREVWAPRICE=0.000000, VALTODAY=77418855.000000, SETTLEPRICE=0.000000, PCHANGE=0.000000, LOTSIZE=1.000000, LOWOFFER=748.000000, ISPERCENT=0.000000, YIELD=0.000000, VOLTODAY=100211.000000, endtime=0.000000, MAXOUTVOLUME=0.000000, OPEN=767.000000, CROSSRATE=0.000000, CURRENTVALUE=0.000000, NUMCONTRACTS=0.000000, PREVADMITTEDQUOT=770.000000, COUPONVALUE=0.000000, BIDDEPTH=3.000000, LASTBID=774.400000, DURATION=0.000000, LOWVAL=0.000000, imbalance=0.000000, HIGH=785.000000, YIELDATWAPRICE=0.000000, STEPPRICEPRCL=0.000000, OFFERDEPTHT=23755.000000, VALUE=95300.400000, marketvolb=0.000000, PERCENTRATE=0.000000, MIN_CURR_LAST_TI=183900.000000, auctvalue=7740.000000, EXPDATE=0.000000, LASTOFFER=774.800000, QTY=123.000000, COUPONPERIOD=0.000000, CHANGETIME=0.000000, CURSTEPPRICE=0.000000, marketvols=0.000000, SELLDEPO=0.000000, EVNSTARTTIME=0.000000, LOTSIZECHANGEDAT=0.000000, NUMTRADES=2865.000000, CLOSEPRICE=0.000000, HIGHBID=900.000000, FACEVALUE=0.000000, PRICEMVTLIMITT1=0.000000, PRICEMVTLIMIT=0.000000, LOPENPRICE=0.000000, LAST=774.800000, BUYPROFIT=0.000000, SELLPROFIT=0.000000, VOLATILITY=0.000000, CLOSETIME=0.000000, PREVWAPRICE=766.200000, PREVLEGALCLOSEPR=770.000000, BUYDEPO=0.000000, TRADECHANGE=0.000000, LASTTOPREVSTLPRC=0.000000, BIDDEPTHT=10919.000000, auctvolume=10.000000, PREVDATE=20191112.000000, ACCRUEDINT=0.000000, NUMOFFERS=269.000000, CHANGE=4.800000, STRIKE=0.000000, EVNENDTIME=0.000000, BID=774.800000, auctnumtrades=0.000000, TRADINGSTATUS=4.000000, LASTCHANGE=0.620000, CHNGCLOSE=0.000000, REALVMPRICE=0.000000, CLOSEYIELD=0.000000, TIME=183955.000000, MARG=0.000000, AUCTPRICE=774.000000, STEPPRICE=0.000000, NUMBIDS=170.000000, SETTLECODE=8.000000, OPENVAL=0.000000, OPTIONTYPE=0.000000, BGOP=0.000000, NEGNUMTRADES=0.000000, PRICEMINUSPREVWAPRICE=0.000000, CHNGOPEN=0.000000}
