2019-11-14T18:40:02.691143 - BANE[TQBR]
#   Total      Size       Bid       Ask      Size     Total
        0                                                 0 
       84        84   1951.50   1952.00        15        15
       92         8   1951.00   1952.50        10        25
      143        51   1950.50   1953.00        71        96
      151         8   1950.00   1953.50         9       105
      155         4   1948.50   1954.00        76       181
      163         8   1946.50   1954.50       791       972
      173        10   1946.00   1955.00       462      1434
      182         9   1945.50   1955.50        21      1455
     2809      2627   1945.00   1956.00        16      1471
     2817         8   1944.00   1956.50         3      1474
     2947       130   1943.00   1957.00        21      1495
     2952         5   1942.50   1957.50         4      1499
     3110       158   1942.00   1958.00        10      1509
     3118         8   1941.00   1958.50         3      1512
     3128        10   1940.50   1959.00       121      1633
     3159        31   1940.00   1959.50        11      1644
     3160         1   1939.50   1960.00       813      2457
     3168         8   1939.00   1960.50        20      2477
     3218        50   1937.00   1961.00         1      2478
     3219         1   1936.50   1962.00        60      2538
{OPENPERIODPRICE=0.000000, CLSTATE=0.000000, PRICEMAX=2279.500000, ENDTIME=95953.000000, STEPPRICET=0.000000, PREVPRICE=1935.500000, OPTIONBASE=0.000000, starttime=95000.000000, MIN_CURR_LAST=1951.500000, ISSUESIZE=147846489.000000, STEPPRICECL=0.000000, PRICEMIN=1593.000000, PREVLOTSIZE=0.000000, MARKETPRICETODAY=0.000000, BUYBACKPRICE=0.000000, MARKETPRICE2=0.000000, CLPRICE=0.000000, PREVSETTLEPRICE=0.000000, THEORPRICE=0.000000, plannedtime=95000.000000, MARKETPRICE=1941.000000, WAPRICE=1948.000000, ICHANGE=0.000000, OFFERDEPTH=15.000000, PRIMARYDIST=0.000000, LASTVALUE=0.000000, BGONP=0.000000, NEGVALTODAY=0.000000, STARTTIME=95000.000000, LOW=1935.000000, BASEPRICE=0.000000, IOPEN=0.000000, LCURRENTPRICE=1952.000000, MONSTARTTIME=0.000000, QUOTEBASIS=0.000000, BUYBACKDATE=0.000000, LCLOSEPRICE=0.000000, NEXTCOUPON=0.000000, MONENDTIME=0.000000, HIGHVAL=0.000000, ADMITTEDQUOTE=0.000000, OFFER=1952.000000, YIELDATPREVWAPRICE=0.000000, VALTODAY=11224361.000000, SETTLEPRICE=0.000000, PCHANGE=0.000000, LOTSIZE=1.000000, LOWOFFER=1896.500000, ISPERCENT=0.000000, YIELD=0.000000, VOLTODAY=5762.000000, endtime=95953.000000, MAXOUTVOLUME=0.000000, OPEN=1943.000000, CROSSRATE=0.000000, CURRENTVALUE=0.000000, NUMCONTRACTS=0.000000, PREVADMITTEDQUOT=1935.500000, COUPONVALUE=0.000000, BIDDEPTH=84.000000, LASTBID=1951.500000, DURATION=0.000000, LOWVAL=0.000000, imbalance=0.000000, HIGH=1957.000000, YIELDATWAPRICE=0.000000, STEPPRICEPRCL=0.000000, OFFERDEPTHT=8303.000000, VALUE=1951.500000, marketvolb=0.000000, PERCENTRATE=0.000000, MIN_CURR_LAST_TI=183800.000000, auctvalue=0.000000, EXPDATE=0.000000, LASTOFFER=1952.000000, QTY=1.000000, COUPONPERIOD=0.000000, CHANGETIME=0.000000, CURSTEPPRICE=0.000000, marketvols=0.000000, SELLDEPO=0.000000, EVNSTARTTIME=0.000000, LOTSIZECHANGEDAT=0.000000, NUMTRADES=559.000000, CLOSEPRICE=0.000000, HIGHBID=1990.500000, FACEVALUE=0.000000, PRICEMVTLIMITT1=0.000000, PRICEMVTLIMIT=0.000000, LOPENPRICE=0.000000, LAST=1951.500000, BUYPROFIT=0.000000, SELLPROFIT=0.000000, VOLATILITY=0.000000, CLOSETIME=0.000000, PREVWAPRICE=1941.000000, PREVLEGALCLOSEPR=1935.500000, BUYDEPO=0.000000, TRADECHANGE=0.000000, LASTTOPREVSTLPRC=0.000000, BIDDEPTHT=10924.000000, auctvolume=0.000000, PREVDATE=20191113.000000, ACCRUEDINT=0.000000, NUMOFFERS=334.000000, CHANGE=16.000000, STRIKE=0.000000, EVNENDTIME=0.000000, BID=1951.500000, auctnumtrades=0.000000, TRADINGSTATUS=1.000000, LASTCHANGE=0.830000, CHNGCLOSE=0.000000, REALVMPRICE=0.000000, CLOSEYIELD=0.000000, TIME=183857.000000, MARG=0.000000, AUCTPRICE=0.000000, STEPPRICE=0.000000, NUMBIDS=233.000000, SETTLECODE=8.000000, OPENVAL=0.000000, OPTIONTYPE=0.000000, BGOP=0.000000, NEGNUMTRADES=0.000000, PRICEMINUSPREVWAPRICE=0.000000, CHNGOPEN=0.000000}
2019-11-14T18:40:03.222393 - BANE[TQBR]
#   Total      Size       Bid       Ask      Size     Total
        0                                                 0 
       84        84   1951.50   1952.00        15        15
       92         8   1951.00   1952.50        10        25
      143        51   1950.50   1953.00        71        96
      151         8   1950.00   1953.50         9       105
      155         4   1948.50   1954.00        76       181
      218        63   1947.50   1954.50       791       972
      226         8   1946.50   1955.00       462      1434
      236        10   1946.00   1955.50        21      1455
      245         9   1945.50   1956.00        16      1471
     2872      2627   1945.00   1956.50         3      1474
     2880         8   1944.00   1957.00        21      1495
     3010       130   1943.00   1957.50         4      1499
     3015         5   1942.50   1958.00        10      1509
     3173       158   1942.00   1958.50         3      1512
     3181         8   1941.00   1959.00       121      1633
     3191        10   1940.50   1959.50        11      1644
     3222        31   1940.00   1960.00       813      2457
     3223         1   1939.50   1960.50        20      2477
     3231         8   1939.00   1961.00         1      2478
     3281        50   1937.00   1962.00        60      2538
{OPENPERIODPRICE=0.000000, CLSTATE=0.000000, PRICEMAX=2279.500000, ENDTIME=95953.000000, STEPPRICET=0.000000, PREVPRICE=1935.500000, OPTIONBASE=0.000000, starttime=95000.000000, MIN_CURR_LAST=1951.500000, ISSUESIZE=147846489.000000, STEPPRICECL=0.000000, PRICEMIN=1593.000000, PREVLOTSIZE=0.000000, MARKETPRICETODAY=0.000000, BUYBACKPRICE=0.000000, MARKETPRICE2=0.000000, CLPRICE=0.000000, PREVSETTLEPRICE=0.000000, THEORPRICE=0.000000, plannedtime=95000.000000, MARKETPRICE=1941.000000, WAPRICE=1948.000000, ICHANGE=0.000000, OFFERDEPTH=15.000000, PRIMARYDIST=0.000000, LASTVALUE=0.000000, BGONP=0.000000, NEGVALTODAY=0.000000, STARTTIME=95000.000000, LOW=1935.000000, BASEPRICE=0.000000, IOPEN=0.000000, LCURRENTPRICE=1952.000000, MONSTARTTIME=0.000000, QUOTEBASIS=0.000000, BUYBACKDATE=0.000000, LCLOSEPRICE=0.000000, NEXTCOUPON=0.000000, MONENDTIME=0.000000, HIGHVAL=0.000000, ADMITTEDQUOTE=0.000000, OFFER=1952.000000, YIELDATPREVWAPRICE=0.000000, VALTODAY=11224361.000000, SETTLEPRICE=0.000000, PCHANGE=0.000000, LOTSIZE=1.000000, LOWOFFER=1896.500000, ISPERCENT=0.000000, YIELD=0.000000, VOLTODAY=5762.000000, endtime=95953.000000, MAXOUTVOLUME=0.000000, OPEN=1943.000000, CROSSRATE=0.000000, CURRENTVALUE=0.000000, NUMCONTRACTS=0.000000, PREVADMITTEDQUOT=1935.500000, COUPONVALUE=0.000000, BIDDEPTH=84.000000, LASTBID=1951.500000, DURATION=0.000000, LOWVAL=0.000000, imbalance=0.000000, HIGH=1957.000000, YIELDATWAPRICE=0.000000, STEPPRICEPRCL=0.000000, OFFERDEPTHT=8303.000000, VALUE=1951.500000, marketvolb=0.000000, PERCENTRATE=0.000000, MIN_CURR_LAST_TI=183800.000000, auctvalue=0.000000, EXPDATE=0.000000, LASTOFFER=1952.000000, QTY=1.000000, COUPONPERIOD=0.000000, CHANGETIME=0.000000, CURSTEPPRICE=0.000000, marketvols=0.000000, SELLDEPO=0.000000, EVNSTARTTIME=0.000000, LOTSIZECHANGEDAT=0.000000, NUMTRADES=559.000000, CLOSEPRICE=0.000000, HIGHBID=1990.500000, FACEVALUE=0.000000, PRICEMVTLIMITT1=0.000000, PRICEMVTLIMIT=0.000000, LOPENPRICE=0.000000, LAST=1951.500000, BUYPROFIT=0.000000, SELLPROFIT=0.000000, VOLATILITY=0.000000, CLOSETIME=0.000000, PREVWAPRICE=1941.000000, PREVLEGALCLOSEPR=1935.500000, BUYDEPO=0.000000, TRADECHANGE=0.000000, LASTTOPREVSTLPRC=0.000000, BIDDEPTHT=10924.000000, auctvolume=0.000000, PREVDATE=20191113.000000, ACCRUEDINT=0.000000, NUMOFFERS=334.000000, CHANGE=16.000000, STRIKE=0.000000, EVNENDTIME=0.000000, BID=1951.500000, auctnumtrades=0.000000, TRADINGSTATUS=1.000000, LASTCHANGE=0.830000, CHNGCLOSE=0.000000, REALVMPRICE=0.000000, CLOSEYIELD=0.000000, TIME=183857.000000, MARG=0.000000, AUCTPRICE=0.000000, STEPPRICE=0.000000, NUMBIDS=233.000000, SETTLECODE=8.000000, OPENVAL=0.000000, OPTIONTYPE=0.000000, BGOP=0.000000, NEGNUMTRADES=0.000000, PRICEMINUSPREVWAPRICE=0.000000, CHNGOPEN=0.000000}
2019-11-14T18:40:05.722393 - BANE[TQBR]
#   Total      Size       Bid       Ask      Size     Total
        0                                                 0 
       84        84   1951.50   1952.00        15        15
       92         8   1951.00   1952.50        10        25
      143        51   1950.50   1953.00        71        96
      151         8   1950.00   1953.50         9       105
      155         4   1948.50   1954.00        76       181
      175        20   1947.50   1954.50       791       972
      183         8   1946.50   1955.00       462      1434
      193        10   1946.00   1955.50        21      1455
      202         9   1945.50   1956.00        16      1471
     2829      2627   1945.00   1956.50         3      1474
     2837         8   1944.00   1957.00        21      1495
     2967       130   1943.00   1957.50         4      1499
     2972         5   1942.50   1958.00        10      1509
     3130       158   1942.00   1958.50         3      1512
     3138         8   1941.00   1959.00       121      1633
     3148        10   1940.50   1959.50        11      1644
     3179        31   1940.00   1960.00       813      2457
     3180         1   1939.50   1960.50        20      2477
     3188         8   1939.00   1961.00         1      2478
     3238        50   1937.00   1962.00        60      2538
{OPENPERIODPRICE=0.000000, CLSTATE=0.000000, PRICEMAX=2279.500000, ENDTIME=95953.000000, STEPPRICET=0.000000, PREVPRICE=1935.500000, OPTIONBASE=0.000000, starttime=95000.000000, MIN_CURR_LAST=1951.500000, ISSUESIZE=147846489.000000, STEPPRICECL=0.000000, PRICEMIN=1593.000000, PREVLOTSIZE=0.000000, MARKETPRICETODAY=0.000000, BUYBACKPRICE=0.000000, MARKETPRICE2=0.000000, CLPRICE=0.000000, PREVSETTLEPRICE=0.000000, THEORPRICE=0.000000, plannedtime=95000.000000, MARKETPRICE=1941.000000, WAPRICE=1948.000000, ICHANGE=0.000000, OFFERDEPTH=15.000000, PRIMARYDIST=0.000000, LASTVALUE=0.000000, BGONP=0.000000, NEGVALTODAY=0.000000, STARTTIME=95000.000000, LOW=1935.000000, BASEPRICE=0.000000, IOPEN=0.000000, LCURRENTPRICE=1952.000000, MONSTARTTIME=0.000000, QUOTEBASIS=0.000000, BUYBACKDATE=0.000000, LCLOSEPRICE=0.000000, NEXTCOUPON=0.000000, MONENDTIME=0.000000, HIGHVAL=0.000000, ADMITTEDQUOTE=0.000000, OFFER=1952.000000, YIELDATPREVWAPRICE=0.000000, VALTODAY=11224361.000000, SETTLEPRICE=0.000000, PCHANGE=0.000000, LOTSIZE=1.000000, LOWOFFER=1896.500000, ISPERCENT=0.000000, YIELD=0.000000, VOLTODAY=5762.000000, endtime=95953.000000, MAXOUTVOLUME=0.000000, OPEN=1943.000000, CROSSRATE=0.000000, CURRENTVALUE=0.000000, NUMCONTRACTS=0.000000, PREVADMITTEDQUOT=1935.500000, COUPONVALUE=0.000000, BIDDEPTH=84.000000, LASTBID=1951.500000, DURATION=0.000000, LOWVAL=0.000000, imbalance=0.000000, HIGH=1957.000000, YIELDATWAPRICE=0.000000, STEPPRICEPRCL=0.000000, OFFERDEPTHT=8303.000000, VALUE=1951.500000, marketvolb=0.000000, PERCENTRATE=0.000000, MIN_CURR_LAST_TI=183800.000000, auctvalue=0.000000, EXPDATE=0.000000, LASTOFFER=1952.000000, QTY=1.000000, COUPONPERIOD=0.000000, CHANGETIME=0.000000, CURSTEPPRICE=0.000000, marketvols=0.000000, SELLDEPO=0.000000, EVNSTARTTIME=0.000000, LOTSIZECHANGEDAT=0.000000, NUMTRADES=559.000000, CLOSEPRICE=0.000000, HIGHBID=1990.500000, FACEVALUE=0.000000, PRICEMVTLIMITT1=0.000000, PRICEMVTLIMIT=0.000000, LOPENPRICE=0.000000, LAST=1951.500000, BUYPROFIT=0.000000, SELLPROFIT=0.000000, VOLATILITY=0.000000, CLOSETIME=0.000000, PREVWAPRICE=1941.000000, PREVLEGALCLOSEPR=1935.500000, BUYDEPO=0.000000, TRADECHANGE=0.000000, LASTTOPREVSTLPRC=0.000000, BIDDEPTHT=10924.000000, auctvolume=0.000000, PREVDATE=20191113.000000, ACCRUEDINT=0.000000, NUMOFFERS=334.000000, CHANGE=16.000000, STRIKE=0.000000, EVNENDTIME=0.000000, BID=1951.500000, auctnumtrades=0.000000, TRADINGSTATUS=1.000000, LASTCHANGE=0.830000, CHNGCLOSE=0.000000, REALVMPRICE=0.000000, CLOSEYIELD=0.000000, TIME=183857.000000, MARG=0.000000, AUCTPRICE=0.000000, STEPPRICE=0.000000, NUMBIDS=233.000000, SETTLECODE=8.000000, OPENVAL=0.000000, OPTIONTYPE=0.000000, BGOP=0.000000, NEGNUMTRADES=0.000000, PRICEMINUSPREVWAPRICE=0.000000, CHNGOPEN=0.000000}
2019-11-14T18:40:06.066143 - BANE[TQBR]
#   Total      Size       Bid       Ask      Size     Total
        0                                                 0 
       84        84   1951.50   1952.00        15        15
       92         8   1951.00   1952.50        10        25
      143        51   1950.50   1953.00        71        96
      151         8   1950.00   1953.50         9       105
      155         4   1948.50   1954.00        40       145
      210        55   1946.50   1954.50       821       966
      240        30   1946.00   1955.00       462      1428
      249         9   1945.50   1955.50        21      1449
     2876      2627   1945.00   1956.00        16      1465
     2884         8   1944.00   1956.50         3      1468
     3014       130   1943.00   1957.00        21      1489
     3019         5   1942.50   1957.50         4      1493
     3177       158   1942.00   1958.00        10      1503
     3185         8   1941.00   1958.50         3      1506
     3195        10   1940.50   1959.00       121      1627
     3226        31   1940.00   1959.50        11      1638
     3227         1   1939.50   1960.00       813      2451
     3235         8   1939.00   1960.50        20      2471
     3285        50   1937.00   1961.00         1      2472
     3286         1   1936.50   1962.00        60      2532
{OPENPERIODPRICE=0.000000, CLSTATE=0.000000, PRICEMAX=2279.500000, ENDTIME=95953.000000, STEPPRICET=0.000000, PREVPRICE=1935.500000, OPTIONBASE=0.000000, starttime=95000.000000, MIN_CURR_LAST=1951.500000, ISSUESIZE=147846489.000000, STEPPRICECL=0.000000, PRICEMIN=1593.000000, PREVLOTSIZE=0.000000, MARKETPRICETODAY=0.000000, BUYBACKPRICE=0.000000, MARKETPRICE2=0.000000, CLPRICE=0.000000, PREVSETTLEPRICE=0.000000, THEORPRICE=0.000000, plannedtime=95000.000000, MARKETPRICE=1941.000000, WAPRICE=1948.000000, ICHANGE=0.000000, OFFERDEPTH=15.000000, PRIMARYDIST=0.000000, LASTVALUE=0.000000, BGONP=0.000000, NEGVALTODAY=0.000000, STARTTIME=95000.000000, LOW=1935.000000, BASEPRICE=0.000000, IOPEN=0.000000, LCURRENTPRICE=1952.000000, MONSTARTTIME=0.000000, QUOTEBASIS=0.000000, BUYBACKDATE=0.000000, LCLOSEPRICE=0.000000, NEXTCOUPON=0.000000, MONENDTIME=0.000000, HIGHVAL=0.000000, ADMITTEDQUOTE=0.000000, OFFER=1952.000000, YIELDATPREVWAPRICE=0.000000, VALTODAY=11224361.000000, SETTLEPRICE=0.000000, PCHANGE=0.000000, LOTSIZE=1.000000, LOWOFFER=1896.500000, ISPERCENT=0.000000, YIELD=0.000000, VOLTODAY=5762.000000, endtime=95953.000000, MAXOUTVOLUME=0.000000, OPEN=1943.000000, CROSSRATE=0.000000, CURRENTVALUE=0.000000, NUMCONTRACTS=0.000000, PREVADMITTEDQUOT=1935.500000, COUPONVALUE=0.000000, BIDDEPTH=84.000000, LASTBID=1951.500000, DURATION=0.000000, LOWVAL=0.000000, imbalance=0.000000, HIGH=1957.000000, YIELDATWAPRICE=0.000000, STEPPRICEPRCL=0.000000, OFFERDEPTHT=8303.000000, VALUE=1951.500000, marketvolb=0.000000, PERCENTRATE=0.000000, MIN_CURR_LAST_TI=183800.000000, auctvalue=0.000000, EXPDATE=0.000000, LASTOFFER=1952.000000, QTY=1.000000, COUPONPERIOD=0.000000, CHANGETIME=0.000000, CURSTEPPRICE=0.000000, marketvols=0.000000, SELLDEPO=0.000000, EVNSTARTTIME=0.000000, LOTSIZECHANGEDAT=0.000000, NUMTRADES=559.000000, CLOSEPRICE=0.000000, HIGHBID=1990.500000, FACEVALUE=0.000000, PRICEMVTLIMITT1=0.000000, PRICEMVTLIMIT=0.000000, LOPENPRICE=0.000000, LAST=1951.500000, BUYPROFIT=0.000000, SELLPROFIT=0.000000, VOLATILITY=0.000000, CLOSETIME=0.000000, PREVWAPRICE=1941.000000, PREVLEGALCLOSEPR=1935.500000, BUYDEPO=0.000000, TRADECHANGE=0.000000, LASTTOPREVSTLPRC=0.000000, BIDDEPTHT=10924.000000, auctvolume=0.000000, PREVDATE=20191113.000000, ACCRUEDINT=0.000000, NUMOFFERS=334.000000, CHANGE=16.000000, STRIKE=0.000000, EVNENDTIME=0.000000, BID=1951.500000, auctnumtrades=0.000000, TRADINGSTATUS=1.000000, LASTCHANGE=0.830000, CHNGCLOSE=0.000000, REALVMPRICE=0.000000, CLOSEYIELD=0.000000, TIME=183857.000000, MARG=0.000000, AUCTPRICE=0.000000, STEPPRICE=0.000000, NUMBIDS=233.000000, SETTLECODE=8.000000, OPENVAL=0.000000, OPTIONTYPE=0.000000, BGOP=0.000000, NEGNUMTRADES=0.000000, PRICEMINUSPREVWAPRICE=0.000000, CHNGOPEN=0.000000}
2019-11-14T18:40:09.347393 - BANE[TQBR]
#   Total      Size       Bid       Ask      Size     Total
        0                                                 0 
       84        84   1951.50   1952.50         2         2
      131        47   1950.50   1953.00        71        73
      178        47   1946.50   1953.50         9        82
      208        30   1946.00   1954.00        40       122
      209         1   1945.50   1954.50       861       983
     2836      2627   1945.00   1955.00       422      1405
     2966       130   1943.00   1955.50        21      1426
     2971         5   1942.50   1956.00        16      1442
     3129       158   1942.00   1956.50         3      1445
     3139        10   1940.50   1957.00        21      1466
     3170        31   1940.00   1957.50         4      1470
     3171         1   1939.50   1958.00        10      1480
     3221        50   1937.00   1958.50         2      1482
     3222         1   1936.50   1959.00       121      1603
     3230         8   1935.50   1959.50        11      1614
     3238         8   1935.00   1960.00       813      2427
     3239         1   1934.50   1960.50        20      2447
     3244         5   1934.00   1961.00         1      2448
     3245         1   1933.00   1962.00        60      2508
     3315        70   1932.00   1963.00        25      2533
{OPENPERIODPRICE=0.000000, CLSTATE=0.000000, PRICEMAX=2279.500000, ENDTIME=95953.000000, STEPPRICET=0.000000, PREVPRICE=1935.500000, OPTIONBASE=0.000000, starttime=95000.000000, MIN_CURR_LAST=1952.000000, ISSUESIZE=147846489.000000, STEPPRICECL=0.000000, PRICEMIN=1593.000000, PREVLOTSIZE=0.000000, MARKETPRICETODAY=0.000000, BUYBACKPRICE=0.000000, MARKETPRICE2=0.000000, CLPRICE=0.000000, PREVSETTLEPRICE=0.000000, THEORPRICE=0.000000, plannedtime=95000.000000, MARKETPRICE=1941.000000, WAPRICE=1948.000000, ICHANGE=0.000000, OFFERDEPTH=2.000000, PRIMARYDIST=0.000000, LASTVALUE=0.000000, BGONP=0.000000, NEGVALTODAY=0.000000, STARTTIME=95000.000000, LOW=1935.000000, BASEPRICE=0.000000, IOPEN=0.000000, LCURRENTPRICE=1952.000000, MONSTARTTIME=0.000000, QUOTEBASIS=0.000000, BUYBACKDATE=0.000000, LCLOSEPRICE=0.000000, NEXTCOUPON=0.000000, MONENDTIME=0.000000, HIGHVAL=0.000000, ADMITTEDQUOTE=0.000000, OFFER=1952.500000, YIELDATPREVWAPRICE=0.000000, VALTODAY=11263403.000000, SETTLEPRICE=0.000000, PCHANGE=0.000000, LOTSIZE=1.000000, LOWOFFER=1896.500000, ISPERCENT=0.000000, YIELD=0.000000, VOLTODAY=5782.000000, endtime=95953.000000, MAXOUTVOLUME=0.000000, OPEN=1943.000000, CROSSRATE=0.000000, CURRENTVALUE=0.000000, NUMCONTRACTS=0.000000, PREVADMITTEDQUOT=1935.500000, COUPONVALUE=0.000000, BIDDEPTH=84.000000, LASTBID=1951.500000, DURATION=0.000000, LOWVAL=0.000000, imbalance=0.000000, HIGH=1957.000000, YIELDATWAPRICE=0.000000, STEPPRICEPRCL=0.000000, OFFERDEPTHT=4611.000000, VALUE=9762.500000, marketvolb=0.000000, PERCENTRATE=0.000000, MIN_CURR_LAST_TI=184000.000000, auctvalue=0.000000, EXPDATE=0.000000, LASTOFFER=1952.500000, QTY=5.000000, COUPONPERIOD=0.000000, CHANGETIME=0.000000, CURSTEPPRICE=0.000000, marketvols=0.000000, SELLDEPO=0.000000, EVNSTARTTIME=0.000000, LOTSIZECHANGEDAT=0.000000, NUMTRADES=563.000000, CLOSEPRICE=0.000000, HIGHBID=1990.500000, FACEVALUE=0.000000, PRICEMVTLIMITT1=0.000000, PRICEMVTLIMIT=0.000000, LOPENPRICE=0.000000, LAST=1952.500000, BUYPROFIT=0.000000, SELLPROFIT=0.000000, VOLATILITY=0.000000, CLOSETIME=0.000000, PREVWAPRICE=1941.000000, PREVLEGALCLOSEPR=1935.500000, BUYDEPO=0.000000, TRADECHANGE=0.000000, LASTTOPREVSTLPRC=0.000000, BIDDEPTHT=4346.000000, auctvolume=0.000000, PREVDATE=20191113.000000, ACCRUEDINT=0.000000, NUMOFFERS=211.000000, CHANGE=17.000000, STRIKE=0.000000, EVNENDTIME=0.000000, BID=1951.500000, auctnumtrades=0.000000, TRADINGSTATUS=4.000000, LASTCHANGE=0.880000, CHNGCLOSE=0.000000, REALVMPRICE=0.000000, CLOSEYIELD=0.000000, TIME=183948.000000, MARG=0.000000, AUCTPRICE=1952.000000, STEPPRICE=0.000000, NUMBIDS=114.000000, SETTLECODE=8.000000, OPENVAL=0.000000, OPTIONTYPE=0.000000, BGOP=0.000000, NEGNUMTRADES=0.000000, PRICEMINUSPREVWAPRICE=0.000000, CHNGOPEN=0.000000}
2019-11-14T18:40:16.378643 - BANE[TQBR]
#   Total      Size       Bid       Ask      Size     Total
        0                                                 0 
       20        20   1952.00   1952.50         2         2
       67        47   1950.50   1953.00        71        73
      114        47   1946.50   1953.50         9        82
      144        30   1946.00   1954.00        40       122
      145         1   1945.50   1954.50       861       983
     2772      2627   1945.00   1955.00       422      1405
     2902       130   1943.00   1955.50        21      1426
     2907         5   1942.50   1956.00        16      1442
     3065       158   1942.00   1956.50         3      1445
     3075        10   1940.50   1957.00        21      1466
     3106        31   1940.00   1957.50         4      1470
     3107         1   1939.50   1958.00        10      1480
     3157        50   1937.00   1958.50         2      1482
     3158         1   1936.50   1959.00       121      1603
     3166         8   1935.50   1959.50        11      1614
     3174         8   1935.00   1960.00       813      2427
     3175         1   1934.50   1960.50        20      2447
     3180         5   1934.00   1961.00         1      2448
     3181         1   1933.00   1962.00        60      2508
     3251        70   1932.00   1963.00        25      2533
{OPENPERIODPRICE=0.000000, CLSTATE=0.000000, PRICEMAX=2279.500000, ENDTIME=0.000000, STEPPRICET=0.000000, PREVPRICE=1935.500000, OPTIONBASE=0.000000, starttime=184001.000000, MIN_CURR_LAST=1952.000000, ISSUESIZE=147846489.000000, STEPPRICECL=0.000000, PRICEMIN=1593.000000, PREVLOTSIZE=0.000000, MARKETPRICETODAY=0.000000, BUYBACKPRICE=0.000000, MARKETPRICE2=0.000000, CLPRICE=0.000000, PREVSETTLEPRICE=0.000000, THEORPRICE=0.000000, plannedtime=184001.000000, MARKETPRICE=1941.000000, WAPRICE=1948.000000, ICHANGE=0.000000, OFFERDEPTH=2.000000, PRIMARYDIST=0.000000, LASTVALUE=0.000000, BGONP=0.000000, NEGVALTODAY=0.000000, STARTTIME=184001.000000, LOW=1935.000000, BASEPRICE=0.000000, IOPEN=0.000000, LCURRENTPRICE=1952.000000, MONSTARTTIME=0.000000, QUOTEBASIS=0.000000, BUYBACKDATE=0.000000, LCLOSEPRICE=0.000000, NEXTCOUPON=0.000000, MONENDTIME=0.000000, HIGHVAL=0.000000, ADMITTEDQUOTE=0.000000, OFFER=1952.500000, YIELDATPREVWAPRICE=0.000000, VALTODAY=11263403.000000, SETTLEPRICE=0.000000, PCHANGE=0.000000, LOTSIZE=1.000000, LOWOFFER=1896.500000, ISPERCENT=0.000000, YIELD=0.000000, VOLTODAY=5782.000000, endtime=0.000000, MAXOUTVOLUME=0.000000, OPEN=1943.000000, CROSSRATE=0.000000, CURRENTVALUE=0.000000, NUMCONTRACTS=0.000000, PREVADMITTEDQUOT=1935.500000, COUPONVALUE=0.000000, BIDDEPTH=20.000000, LASTBID=1951.500000, DURATION=0.000000, LOWVAL=0.000000, imbalance=0.000000, HIGH=1957.000000, YIELDATWAPRICE=0.000000, STEPPRICEPRCL=0.000000, OFFERDEPTHT=4611.000000, VALUE=9762.500000, marketvolb=0.000000, PERCENTRATE=0.000000, MIN_CURR_LAST_TI=184000.000000, auctvalue=0.000000, EXPDATE=0.000000, LASTOFFER=1952.500000, QTY=5.000000, COUPONPERIOD=0.000000, CHANGETIME=0.000000, CURSTEPPRICE=0.000000, marketvols=0.000000, SELLDEPO=0.000000, EVNSTARTTIME=0.000000, LOTSIZECHANGEDAT=0.000000, NUMTRADES=563.000000, CLOSEPRICE=0.000000, HIGHBID=1990.500000, FACEVALUE=0.000000, PRICEMVTLIMITT1=0.000000, PRICEMVTLIMIT=0.000000, LOPENPRICE=0.000000, LAST=1952.500000, BUYPROFIT=0.000000, SELLPROFIT=0.000000, VOLATILITY=0.000000, CLOSETIME=0.000000, PREVWAPRICE=1941.000000, PREVLEGALCLOSEPR=1935.500000, BUYDEPO=0.000000, TRADECHANGE=0.000000, LASTTOPREVSTLPRC=0.000000, BIDDEPTHT=4346.000000, auctvolume=0.000000, PREVDATE=20191113.000000, ACCRUEDINT=0.000000, NUMOFFERS=211.000000, CHANGE=17.000000, STRIKE=0.000000, EVNENDTIME=0.000000, BID=1952.000000, auctnumtrades=0.000000, TRADINGSTATUS=4.000000, LASTCHANGE=0.880000, CHNGCLOSE=0.000000, REALVMPRICE=0.000000, CLOSEYIELD=0.000000, TIME=183948.000000, MARG=0.000000, AUCTPRICE=1952.000000, STEPPRICE=0.000000, NUMBIDS=114.000000, SETTLECODE=8.000000, OPENVAL=0.000000, OPTIONTYPE=0.000000, BGOP=0.000000, NEGNUMTRADES=0.000000, PRICEMINUSPREVWAPRICE=0.000000, CHNGOPEN=0.000000}
2019-11-14T18:40:16.659893 - BANE[TQBR]
#   Total      Size       Bid       Ask      Size     Total
        0                                                 0 
       20        20   1952.00   1952.50         2         2
       67        47   1950.50   1953.00        71        73
      114        47   1946.50   1953.50         9        82
      144        30   1946.00   1954.00        40       122
      145         1   1945.50   1954.50       861       983
     2772      2627   1945.00   1955.00       422      1405
     2902       130   1943.00   1955.50        21      1426
     2907         5   1942.50   1956.00        16      1442
     3015       108   1942.00   1956.50         3      1445
     3025        10   1940.50   1957.00        21      1466
     3056        31   1940.00   1957.50         4      1470
     3057         1   1939.50   1958.00        10      1480
     3107        50   1937.00   1958.50         2      1482
     3108         1   1936.50   1959.00       121      1603
     3116         8   1935.50   1959.50        11      1614
     3124         8   1935.00   1960.00       813      2427
     3125         1   1934.50   1960.50        20      2447
     3130         5   1934.00   1961.00         1      2448
     3131         1   1933.00   1962.00        60      2508
     3201        70   1932.00   1963.00        25      2533
{OPENPERIODPRICE=0.000000, CLSTATE=0.000000, PRICEMAX=2279.500000, ENDTIME=0.000000, STEPPRICET=0.000000, PREVPRICE=1935.500000, OPTIONBASE=0.000000, starttime=184001.000000, MIN_CURR_LAST=1952.000000, ISSUESIZE=147846489.000000, STEPPRICECL=0.000000, PRICEMIN=1593.000000, PREVLOTSIZE=0.000000, MARKETPRICETODAY=0.000000, BUYBACKPRICE=0.000000, MARKETPRICE2=0.000000, CLPRICE=0.000000, PREVSETTLEPRICE=0.000000, THEORPRICE=0.000000, plannedtime=184001.000000, MARKETPRICE=1941.000000, WAPRICE=1948.000000, ICHANGE=0.000000, OFFERDEPTH=2.000000, PRIMARYDIST=0.000000, LASTVALUE=0.000000, BGONP=0.000000, NEGVALTODAY=0.000000, STARTTIME=184001.000000, LOW=1935.000000, BASEPRICE=0.000000, IOPEN=0.000000, LCURRENTPRICE=1952.000000, MONSTARTTIME=0.000000, QUOTEBASIS=0.000000, BUYBACKDATE=0.000000, LCLOSEPRICE=0.000000, NEXTCOUPON=0.000000, MONENDTIME=0.000000, HIGHVAL=0.000000, ADMITTEDQUOTE=0.000000, OFFER=1952.500000, YIELDATPREVWAPRICE=0.000000, VALTODAY=11263403.000000, SETTLEPRICE=0.000000, PCHANGE=0.000000, LOTSIZE=1.000000, LOWOFFER=1896.500000, ISPERCENT=0.000000, YIELD=0.000000, VOLTODAY=5782.000000, endtime=0.000000, MAXOUTVOLUME=0.000000, OPEN=1943.000000, CROSSRATE=0.000000, CURRENTVALUE=0.000000, NUMCONTRACTS=0.000000, PREVADMITTEDQUOT=1935.500000, COUPONVALUE=0.000000, BIDDEPTH=20.000000, LASTBID=1951.500000, DURATION=0.000000, LOWVAL=0.000000, imbalance=0.000000, HIGH=1957.000000, YIELDATWAPRICE=0.000000, STEPPRICEPRCL=0.000000, OFFERDEPTHT=4611.000000, VALUE=9762.500000, marketvolb=0.000000, PERCENTRATE=0.000000, MIN_CURR_LAST_TI=184000.000000, auctvalue=0.000000, EXPDATE=0.000000, LASTOFFER=1952.500000, QTY=5.000000, COUPONPERIOD=0.000000, CHANGETIME=0.000000, CURSTEPPRICE=0.000000, marketvols=0.000000, SELLDEPO=0.000000, EVNSTARTTIME=0.000000, LOTSIZECHANGEDAT=0.000000, NUMTRADES=563.000000, CLOSEPRICE=0.000000, HIGHBID=1990.500000, FACEVALUE=0.000000, PRICEMVTLIMITT1=0.000000, PRICEMVTLIMIT=0.000000, LOPENPRICE=0.000000, LAST=1952.500000, BUYPROFIT=0.000000, SELLPROFIT=0.000000, VOLATILITY=0.000000, CLOSETIME=0.000000, PREVWAPRICE=1941.000000, PREVLEGALCLOSEPR=1935.500000, BUYDEPO=0.000000, TRADECHANGE=0.000000, LASTTOPREVSTLPRC=0.000000, BIDDEPTHT=4346.000000, auctvolume=0.000000, PREVDATE=20191113.000000, ACCRUEDINT=0.000000, NUMOFFERS=211.000000, CHANGE=17.000000, STRIKE=0.000000, EVNENDTIME=0.000000, BID=1952.000000, auctnumtrades=0.000000, TRADINGSTATUS=4.000000, LASTCHANGE=0.880000, CHNGCLOSE=0.000000, REALVMPRICE=0.000000, CLOSEYIELD=0.000000, TIME=183948.000000, MARG=0.000000, AUCTPRICE=1952.000000, STEPPRICE=0.000000, NUMBIDS=114.000000, SETTLECODE=8.000000, OPENVAL=0.000000, OPTIONTYPE=0.000000, BGOP=0.000000, NEGNUMTRADES=0.000000, PRICEMINUSPREVWAPRICE=0.000000, CHNGOPEN=0.000000}
2019-11-14T18:40:16.706768 - BANE[TQBR]
#   Total      Size       Bid       Ask      Size     Total
        0                                                 0 
       20        20   1952.00   1952.50         2         2
       67        47   1950.50   1953.00        71        73
      114        47   1946.50   1953.50         9        82
      144        30   1946.00   1954.00        40       122
      145         1   1945.50   1954.50       861       983
     2772      2627   1945.00   1955.00       422      1405
     2902       130   1943.00   1955.50        21      1426
     2907         5   1942.50   1956.00        16      1442
     3015       108   1942.00   1956.50         3      1445
     3025        10   1940.50   1957.00        21      1466
     3056        31   1940.00   1957.50         4      1470
     3057         1   1939.50   1958.00        10      1480
     3058         1   1936.50   1958.50         2      1482
     3066         8   1935.50   1959.00       121      1603
     3074         8   1935.00   1959.50        11      1614
     3075         1   1934.50   1960.00       813      2427
     3080         5   1934.00   1960.50        20      2447
     3081         1   1933.00   1961.00         1      2448
     3101        20   1932.00   1962.00        60      2508
     3110         9   1931.50   1963.00        25      2533
{OPENPERIODPRICE=0.000000, CLSTATE=0.000000, PRICEMAX=2279.500000, ENDTIME=0.000000, STEPPRICET=0.000000, PREVPRICE=1935.500000, OPTIONBASE=0.000000, starttime=184001.000000, MIN_CURR_LAST=1952.000000, ISSUESIZE=147846489.000000, STEPPRICECL=0.000000, PRICEMIN=1593.000000, PREVLOTSIZE=0.000000, MARKETPRICETODAY=0.000000, BUYBACKPRICE=0.000000, MARKETPRICE2=0.000000, CLPRICE=0.000000, PREVSETTLEPRICE=0.000000, THEORPRICE=0.000000, plannedtime=184001.000000, MARKETPRICE=1941.000000, WAPRICE=1948.000000, ICHANGE=0.000000, OFFERDEPTH=2.000000, PRIMARYDIST=0.000000, LASTVALUE=0.000000, BGONP=0.000000, NEGVALTODAY=0.000000, STARTTIME=184001.000000, LOW=1935.000000, BASEPRICE=0.000000, IOPEN=0.000000, LCURRENTPRICE=1952.000000, MONSTARTTIME=0.000000, QUOTEBASIS=0.000000, BUYBACKDATE=0.000000, LCLOSEPRICE=0.000000, NEXTCOUPON=0.000000, MONENDTIME=0.000000, HIGHVAL=0.000000, ADMITTEDQUOTE=0.000000, OFFER=1952.500000, YIELDATPREVWAPRICE=0.000000, VALTODAY=11263403.000000, SETTLEPRICE=0.000000, PCHANGE=0.000000, LOTSIZE=1.000000, LOWOFFER=1896.500000, ISPERCENT=0.000000, YIELD=0.000000, VOLTODAY=5782.000000, endtime=0.000000, MAXOUTVOLUME=0.000000, OPEN=1943.000000, CROSSRATE=0.000000, CURRENTVALUE=0.000000, NUMCONTRACTS=0.000000, PREVADMITTEDQUOT=1935.500000, COUPONVALUE=0.000000, BIDDEPTH=20.000000, LASTBID=1951.500000, DURATION=0.000000, LOWVAL=0.000000, imbalance=0.000000, HIGH=1957.000000, YIELDATWAPRICE=0.000000, STEPPRICEPRCL=0.000000, OFFERDEPTHT=4611.000000, VALUE=9762.500000, marketvolb=0.000000, PERCENTRATE=0.000000, MIN_CURR_LAST_TI=184000.000000, auctvalue=0.000000, EXPDATE=0.000000, LASTOFFER=1952.500000, QTY=5.000000, COUPONPERIOD=0.000000, CHANGETIME=0.000000, CURSTEPPRICE=0.000000, marketvols=0.000000, SELLDEPO=0.000000, EVNSTARTTIME=0.000000, LOTSIZECHANGEDAT=0.000000, NUMTRADES=563.000000, CLOSEPRICE=0.000000, HIGHBID=1990.500000, FACEVALUE=0.000000, PRICEMVTLIMITT1=0.000000, PRICEMVTLIMIT=0.000000, LOPENPRICE=0.000000, LAST=1952.500000, BUYPROFIT=0.000000, SELLPROFIT=0.000000, VOLATILITY=0.000000, CLOSETIME=0.000000, PREVWAPRICE=1941.000000, PREVLEGALCLOSEPR=1935.500000, BUYDEPO=0.000000, TRADECHANGE=0.000000, LASTTOPREVSTLPRC=0.000000, BIDDEPTHT=4346.000000, auctvolume=0.000000, PREVDATE=20191113.000000, ACCRUEDINT=0.000000, NUMOFFERS=211.000000, CHANGE=17.000000, STRIKE=0.000000, EVNENDTIME=0.000000, BID=1952.000000, auctnumtrades=0.000000, TRADINGSTATUS=4.000000, LASTCHANGE=0.880000, CHNGCLOSE=0.000000, REALVMPRICE=0.000000, CLOSEYIELD=0.000000, TIME=183948.000000, MARG=0.000000, AUCTPRICE=1952.000000, STEPPRICE=0.000000, NUMBIDS=114.000000, SETTLECODE=8.000000, OPENVAL=0.000000, OPTIONTYPE=0.000000, BGOP=0.000000, NEGNUMTRADES=0.000000, PRICEMINUSPREVWAPRICE=0.000000, CHNGOPEN=0.000000}
2019-11-14T18:40:17.128643 - BANE[TQBR]
#   Total      Size       Bid       Ask      Size     Total
        0                                                 0 
        1         1   2020.00   1952.50         2         2
       21        20   1952.00   1953.00        71        73
       68        47   1950.50   1953.50         9        82
      115        47   1946.50   1954.00        40       122
      145        30   1946.00   1954.50       861       983
      146         1   1945.50   1955.00       422      1405
     2773      2627   1945.00   1955.50        21      1426
     2903       130   1943.00   1956.00        16      1442
     2908         5   1942.50   1956.50         3      1445
     3016       108   1942.00   1957.00        21      1466
     3026        10   1940.50   1957.50         4      1470
     3057        31   1940.00   1958.00        10      1480
     3058         1   1939.50   1958.50         2      1482
     3059         1   1936.50   1959.00       121      1603
     3067         8   1935.50   1959.50        11      1614
     3075         8   1935.00   1960.00       813      2427
     3076         1   1934.50   1960.50        20      2447
     3081         5   1934.00   1961.00         1      2448
     3082         1   1933.00   1962.00        60      2508
     3102        20   1932.00   1963.00        25      2533
Calculation info: Price   1963.00; Imbalance: -2532; Total bids: 1, Total asks: 2533; 
               Field               SERVER               TOP-20
    AuctionPrice,RUB              1952.50             1963.00
       AuctionVolume                    1                   1
       LastPrice,RUB              1952.50             1952.50
          MarketBids                    0                   0
          MarketAsks                    0                   0
         Imbalance,%                               -253200.00
        MarketBids:%                0.000               0.000
        MarketAsks:%                0.000               0.000
      TotalValue:RUB             1952.500            1963.000
  AuctionPriceDiff,%                0.000               0.538
{OPENPERIODPRICE=0.000000, CLSTATE=0.000000, PRICEMAX=2279.500000, ENDTIME=0.000000, STEPPRICET=0.000000, PREVPRICE=1935.500000, OPTIONBASE=0.000000, starttime=184001.000000, MIN_CURR_LAST=1952.000000, ISSUESIZE=147846489.000000, STEPPRICECL=0.000000, PRICEMIN=1593.000000, PREVLOTSIZE=0.000000, MARKETPRICETODAY=0.000000, BUYBACKPRICE=0.000000, MARKETPRICE2=0.000000, CLPRICE=0.000000, PREVSETTLEPRICE=0.000000, THEORPRICE=0.000000, plannedtime=184001.000000, MARKETPRICE=1941.000000, WAPRICE=1948.000000, ICHANGE=0.000000, OFFERDEPTH=2.000000, PRIMARYDIST=0.000000, LASTVALUE=0.000000, BGONP=0.000000, NEGVALTODAY=0.000000, STARTTIME=184001.000000, LOW=1935.000000, BASEPRICE=0.000000, IOPEN=0.000000, LCURRENTPRICE=1952.000000, MONSTARTTIME=0.000000, QUOTEBASIS=0.000000, BUYBACKDATE=0.000000, LCLOSEPRICE=0.000000, NEXTCOUPON=0.000000, MONENDTIME=0.000000, HIGHVAL=0.000000, ADMITTEDQUOTE=0.000000, OFFER=1952.500000, YIELDATPREVWAPRICE=0.000000, VALTODAY=11263403.000000, SETTLEPRICE=0.000000, PCHANGE=0.000000, LOTSIZE=1.000000, LOWOFFER=1896.500000, ISPERCENT=0.000000, YIELD=0.000000, VOLTODAY=5782.000000, endtime=0.000000, MAXOUTVOLUME=0.000000, OPEN=1943.000000, CROSSRATE=0.000000, CURRENTVALUE=0.000000, NUMCONTRACTS=0.000000, PREVADMITTEDQUOT=1935.500000, COUPONVALUE=0.000000, BIDDEPTH=1.000000, LASTBID=1951.500000, DURATION=0.000000, LOWVAL=0.000000, imbalance=0.000000, HIGH=1957.000000, YIELDATWAPRICE=0.000000, STEPPRICEPRCL=0.000000, OFFERDEPTHT=4611.000000, VALUE=9762.500000, marketvolb=0.000000, PERCENTRATE=0.000000, MIN_CURR_LAST_TI=184000.000000, auctvalue=1952.500000, EXPDATE=0.000000, LASTOFFER=1952.500000, QTY=5.000000, COUPONPERIOD=0.000000, CHANGETIME=0.000000, CURSTEPPRICE=0.000000, marketvols=0.000000, SELLDEPO=0.000000, EVNSTARTTIME=0.000000, LOTSIZECHANGEDAT=0.000000, NUMTRADES=563.000000, CLOSEPRICE=0.000000, HIGHBID=2020.000000, FACEVALUE=0.000000, PRICEMVTLIMITT1=0.000000, PRICEMVTLIMIT=0.000000, LOPENPRICE=0.000000, LAST=1952.500000, BUYPROFIT=0.000000, SELLPROFIT=0.000000, VOLATILITY=0.000000, CLOSETIME=0.000000, PREVWAPRICE=1941.000000, PREVLEGALCLOSEPR=1935.500000, BUYDEPO=0.000000, TRADECHANGE=0.000000, LASTTOPREVSTLPRC=0.000000, BIDDEPTHT=4346.000000, auctvolume=1.000000, PREVDATE=20191113.000000, ACCRUEDINT=0.000000, NUMOFFERS=211.000000, CHANGE=17.000000, STRIKE=0.000000, EVNENDTIME=0.000000, BID=2020.000000, auctnumtrades=0.000000, TRADINGSTATUS=4.000000, LASTCHANGE=0.880000, CHNGCLOSE=0.000000, REALVMPRICE=0.000000, CLOSEYIELD=0.000000, TIME=183948.000000, MARG=0.000000, AUCTPRICE=1952.500000, STEPPRICE=0.000000, NUMBIDS=114.000000, SETTLECODE=8.000000, OPENVAL=0.000000, OPTIONTYPE=0.000000, BGOP=0.000000, NEGNUMTRADES=0.000000, PRICEMINUSPREVWAPRICE=0.000000, CHNGOPEN=0.000000}
2019-11-14T18:40:30.878643 - BANE[TQBR]
#   Total      Size       Bid       Ask      Size     Total
        0                                                 0 
        1         1   2020.00   1952.50         2         2
       85        84   1952.50   1953.00        71        73
      105        20   1952.00   1953.50         9        82
      152        47   1950.50   1954.00        40       122
      199        47   1946.50   1954.50       861       983
      229        30   1946.00   1955.00       422      1405
      230         1   1945.50   1955.50        21      1426
     2857      2627   1945.00   1956.00        16      1442
     2987       130   1943.00   1956.50         3      1445
     2992         5   1942.50   1957.00        21      1466
     3100       108   1942.00   1957.50         4      1470
     3110        10   1940.50   1958.00        10      1480
     3141        31   1940.00   1958.50         2      1482
     3142         1   1939.50   1959.00       121      1603
     3143         1   1936.50   1959.50        11      1614
     3151         8   1935.50   1960.00       813      2427
     3159         8   1935.00   1960.50        20      2447
     3160         1   1934.50   1961.00         1      2448
     3165         5   1934.00   1962.00        60      2508
     3166         1   1933.00   1963.00        25      2533
Calculation info: Price   1952.50; Imbalance: 83; Total bids: 85, Total asks: 2; 
               Field               SERVER               TOP-20
    AuctionPrice,RUB              1952.50             1952.50
       AuctionVolume                    2                   2
       LastPrice,RUB              1952.50             1952.50
          MarketBids                    0                   0
          MarketAsks                    0                   0
         Imbalance,%                                  4150.00
        MarketBids:%                0.000               0.000
        MarketAsks:%                0.000               0.000
      TotalValue:RUB             3905.000            3905.000
  AuctionPriceDiff,%                0.000               0.000
Matched calculation!
{OPENPERIODPRICE=0.000000, CLSTATE=0.000000, PRICEMAX=2279.500000, ENDTIME=0.000000, STEPPRICET=0.000000, PREVPRICE=1935.500000, OPTIONBASE=0.000000, starttime=184001.000000, MIN_CURR_LAST=1952.000000, ISSUESIZE=147846489.000000, STEPPRICECL=0.000000, PRICEMIN=1593.000000, PREVLOTSIZE=0.000000, MARKETPRICETODAY=0.000000, BUYBACKPRICE=0.000000, MARKETPRICE2=0.000000, CLPRICE=0.000000, PREVSETTLEPRICE=0.000000, THEORPRICE=0.000000, plannedtime=184001.000000, MARKETPRICE=1941.000000, WAPRICE=1948.000000, ICHANGE=0.000000, OFFERDEPTH=2.000000, PRIMARYDIST=0.000000, LASTVALUE=0.000000, BGONP=0.000000, NEGVALTODAY=0.000000, STARTTIME=184001.000000, LOW=1935.000000, BASEPRICE=0.000000, IOPEN=0.000000, LCURRENTPRICE=1952.000000, MONSTARTTIME=0.000000, QUOTEBASIS=0.000000, BUYBACKDATE=0.000000, LCLOSEPRICE=0.000000, NEXTCOUPON=0.000000, MONENDTIME=0.000000, HIGHVAL=0.000000, ADMITTEDQUOTE=0.000000, OFFER=1952.500000, YIELDATPREVWAPRICE=0.000000, VALTODAY=11263403.000000, SETTLEPRICE=0.000000, PCHANGE=0.000000, LOTSIZE=1.000000, LOWOFFER=1896.500000, ISPERCENT=0.000000, YIELD=0.000000, VOLTODAY=5782.000000, endtime=0.000000, MAXOUTVOLUME=0.000000, OPEN=1943.000000, CROSSRATE=0.000000, CURRENTVALUE=0.000000, NUMCONTRACTS=0.000000, PREVADMITTEDQUOT=1935.500000, COUPONVALUE=0.000000, BIDDEPTH=1.000000, LASTBID=1951.500000, DURATION=0.000000, LOWVAL=0.000000, imbalance=0.000000, HIGH=1957.000000, YIELDATWAPRICE=0.000000, STEPPRICEPRCL=0.000000, OFFERDEPTHT=4611.000000, VALUE=9762.500000, marketvolb=0.000000, PERCENTRATE=0.000000, MIN_CURR_LAST_TI=184000.000000, auctvalue=3905.000000, EXPDATE=0.000000, LASTOFFER=1952.500000, QTY=5.000000, COUPONPERIOD=0.000000, CHANGETIME=0.000000, CURSTEPPRICE=0.000000, marketvols=0.000000, SELLDEPO=0.000000, EVNSTARTTIME=0.000000, LOTSIZECHANGEDAT=0.000000, NUMTRADES=563.000000, CLOSEPRICE=0.000000, HIGHBID=2020.000000, FACEVALUE=0.000000, PRICEMVTLIMITT1=0.000000, PRICEMVTLIMIT=0.000000, LOPENPRICE=0.000000, LAST=1952.500000, BUYPROFIT=0.000000, SELLPROFIT=0.000000, VOLATILITY=0.000000, CLOSETIME=0.000000, PREVWAPRICE=1941.000000, PREVLEGALCLOSEPR=1935.500000, BUYDEPO=0.000000, TRADECHANGE=0.000000, LASTTOPREVSTLPRC=0.000000, BIDDEPTHT=4133.000000, auctvolume=2.000000, PREVDATE=20191113.000000, ACCRUEDINT=0.000000, NUMOFFERS=211.000000, CHANGE=17.000000, STRIKE=0.000000, EVNENDTIME=0.000000, BID=2020.000000, auctnumtrades=0.000000, TRADINGSTATUS=4.000000, LASTCHANGE=0.880000, CHNGCLOSE=0.000000, REALVMPRICE=0.000000, CLOSEYIELD=0.000000, TIME=183948.000000, MARG=0.000000, AUCTPRICE=1952.500000, STEPPRICE=0.000000, NUMBIDS=112.000000, SETTLECODE=8.000000, OPENVAL=0.000000, OPTIONTYPE=0.000000, BGOP=0.000000, NEGNUMTRADES=0.000000, PRICEMINUSPREVWAPRICE=0.000000, CHNGOPEN=0.000000}
2019-11-14T18:41:04.769268 - BANE[TQBR]
#   Total      Size       Bid       Ask      Size     Total
        0                                                 0 
        1         1   2020.00   1952.50         2         2
       85        84   1952.50   1953.00        71        73
      105        20   1952.00   1953.50         9        82
      152        47   1950.50   1954.00        40       122
      199        47   1946.50   1954.50       861       983
      229        30   1946.00   1955.00       422      1405
      230         1   1945.50   1955.50        21      1426
     2857      2627   1945.00   1956.00        16      1442
     2987       130   1943.00   1956.50         3      1445
     2992         5   1942.50   1957.00        21      1466
     3200       208   1942.00   1957.50         4      1470
     3210        10   1940.50   1958.00        10      1480
     3241        31   1940.00   1958.50         2      1482
     3242         1   1939.50   1959.00       121      1603
     3342       100   1937.00   1959.50        11      1614
     3343         1   1936.50   1960.00       813      2427
     3351         8   1935.50   1960.50        20      2447
     3359         8   1935.00   1961.00         1      2448
     3360         1   1934.50   1962.00        60      2508
     3365         5   1934.00   1963.00        25      2533
Calculation info: Price   1952.50; Imbalance: 83; Total bids: 85, Total asks: 2; 
               Field               SERVER               TOP-20
    AuctionPrice,RUB              1952.50             1952.50
       AuctionVolume                    2                   2
       LastPrice,RUB              1952.50             1952.50
          MarketBids                    0                   0
          MarketAsks                    0                   0
         Imbalance,%                                  4150.00
        MarketBids:%                0.000               0.000
        MarketAsks:%                0.000               0.000
      TotalValue:RUB             3905.000            3905.000
  AuctionPriceDiff,%                0.000               0.000
Matched calculation!
{OPENPERIODPRICE=0.000000, CLSTATE=0.000000, PRICEMAX=2279.500000, ENDTIME=0.000000, STEPPRICET=0.000000, PREVPRICE=1935.500000, OPTIONBASE=0.000000, starttime=184001.000000, MIN_CURR_LAST=1952.000000, ISSUESIZE=147846489.000000, STEPPRICECL=0.000000, PRICEMIN=1593.000000, PREVLOTSIZE=0.000000, MARKETPRICETODAY=0.000000, BUYBACKPRICE=0.000000, MARKETPRICE2=0.000000, CLPRICE=0.000000, PREVSETTLEPRICE=0.000000, THEORPRICE=0.000000, plannedtime=184001.000000, MARKETPRICE=1941.000000, WAPRICE=1948.000000, ICHANGE=0.000000, OFFERDEPTH=2.000000, PRIMARYDIST=0.000000, LASTVALUE=0.000000, BGONP=0.000000, NEGVALTODAY=0.000000, STARTTIME=184001.000000, LOW=1935.000000, BASEPRICE=0.000000, IOPEN=0.000000, LCURRENTPRICE=1952.000000, MONSTARTTIME=0.000000, QUOTEBASIS=0.000000, BUYBACKDATE=0.000000, LCLOSEPRICE=0.000000, NEXTCOUPON=0.000000, MONENDTIME=0.000000, HIGHVAL=0.000000, ADMITTEDQUOTE=0.000000, OFFER=1952.500000, YIELDATPREVWAPRICE=0.000000, VALTODAY=11263403.000000, SETTLEPRICE=0.000000, PCHANGE=0.000000, LOTSIZE=1.000000, LOWOFFER=1896.500000, ISPERCENT=0.000000, YIELD=0.000000, VOLTODAY=5782.000000, endtime=0.000000, MAXOUTVOLUME=0.000000, OPEN=1943.000000, CROSSRATE=0.000000, CURRENTVALUE=0.000000, NUMCONTRACTS=0.000000, PREVADMITTEDQUOT=1935.500000, COUPONVALUE=0.000000, BIDDEPTH=1.000000, LASTBID=1951.500000, DURATION=0.000000, LOWVAL=0.000000, imbalance=0.000000, HIGH=1957.000000, YIELDATWAPRICE=0.000000, STEPPRICEPRCL=0.000000, OFFERDEPTHT=4611.000000, VALUE=9762.500000, marketvolb=0.000000, PERCENTRATE=0.000000, MIN_CURR_LAST_TI=184000.000000, auctvalue=3905.000000, EXPDATE=0.000000, LASTOFFER=1952.500000, QTY=5.000000, COUPONPERIOD=0.000000, CHANGETIME=0.000000, CURSTEPPRICE=0.000000, marketvols=0.000000, SELLDEPO=0.000000, EVNSTARTTIME=0.000000, LOTSIZECHANGEDAT=0.000000, NUMTRADES=563.000000, CLOSEPRICE=0.000000, HIGHBID=2020.000000, FACEVALUE=0.000000, PRICEMVTLIMITT1=0.000000, PRICEMVTLIMIT=0.000000, LOPENPRICE=0.000000, LAST=1952.500000, BUYPROFIT=0.000000, SELLPROFIT=0.000000, VOLATILITY=0.000000, CLOSETIME=0.000000, PREVWAPRICE=1941.000000, PREVLEGALCLOSEPR=1935.500000, BUYDEPO=0.000000, TRADECHANGE=0.000000, LASTTOPREVSTLPRC=0.000000, BIDDEPTHT=4217.000000, auctvolume=2.000000, PREVDATE=20191113.000000, ACCRUEDINT=0.000000, NUMOFFERS=211.000000, CHANGE=17.000000, STRIKE=0.000000, EVNENDTIME=0.000000, BID=2020.000000, auctnumtrades=0.000000, TRADINGSTATUS=4.000000, LASTCHANGE=0.880000, CHNGCLOSE=0.000000, REALVMPRICE=0.000000, CLOSEYIELD=0.000000, TIME=183948.000000, MARG=0.000000, AUCTPRICE=1952.500000, STEPPRICE=0.000000, NUMBIDS=113.000000, SETTLECODE=8.000000, OPENVAL=0.000000, OPTIONTYPE=0.000000, BGOP=0.000000, NEGNUMTRADES=0.000000, PRICEMINUSPREVWAPRICE=0.000000, CHNGOPEN=0.000000}
2019-11-14T18:41:20.566143 - BANE[TQBR]
#   Total      Size       Bid       Ask      Size     Total
        0                                                 0 
        1         1   2020.00   1952.50         3         3
       85        84   1952.50   1953.00        71        74
      105        20   1952.00   1953.50         9        83
      152        47   1950.50   1954.00        40       123
      199        47   1946.50   1954.50       861       984
      229        30   1946.00   1955.00       422      1406
      230         1   1945.50   1955.50        21      1427
     2857      2627   1945.00   1956.00        16      1443
     2987       130   1943.00   1956.50         3      1446
     2992         5   1942.50   1957.00        21      1467
     3200       208   1942.00   1957.50         4      1471
     3210        10   1940.50   1958.00        10      1481
     3241        31   1940.00   1958.50         2      1483
     3242         1   1939.50   1959.00       121      1604
     3342       100   1937.00   1959.50        11      1615
     3343         1   1936.50   1960.00       813      2428
     3351         8   1935.50   1960.50        20      2448
     3359         8   1935.00   1961.00         1      2449
     3360         1   1934.50   1962.00        60      2509
     3365         5   1934.00   1963.00        25      2534
Calculation info: Price   1952.50; Imbalance: 82; Total bids: 85, Total asks: 3; 
               Field               SERVER               TOP-20
    AuctionPrice,RUB              1952.50             1952.50
       AuctionVolume                    2                   3
       LastPrice,RUB              1952.50             1952.50
          MarketBids                    0                   0
          MarketAsks                    0                   0
         Imbalance,%                                  2733.33
        MarketBids:%                0.000               0.000
        MarketAsks:%                0.000               0.000
      TotalValue:RUB             3905.000            5857.500
  AuctionPriceDiff,%                0.000               0.000
Matched calculation!
{OPENPERIODPRICE=0.000000, CLSTATE=0.000000, PRICEMAX=2279.500000, ENDTIME=0.000000, STEPPRICET=0.000000, PREVPRICE=1935.500000, OPTIONBASE=0.000000, starttime=184001.000000, MIN_CURR_LAST=1952.000000, ISSUESIZE=147846489.000000, STEPPRICECL=0.000000, PRICEMIN=1593.000000, PREVLOTSIZE=0.000000, MARKETPRICETODAY=0.000000, BUYBACKPRICE=0.000000, MARKETPRICE2=0.000000, CLPRICE=0.000000, PREVSETTLEPRICE=0.000000, THEORPRICE=0.000000, plannedtime=184001.000000, MARKETPRICE=1941.000000, WAPRICE=1948.000000, ICHANGE=0.000000, OFFERDEPTH=2.000000, PRIMARYDIST=0.000000, LASTVALUE=0.000000, BGONP=0.000000, NEGVALTODAY=0.000000, STARTTIME=184001.000000, LOW=1935.000000, BASEPRICE=0.000000, IOPEN=0.000000, LCURRENTPRICE=1952.000000, MONSTARTTIME=0.000000, QUOTEBASIS=0.000000, BUYBACKDATE=0.000000, LCLOSEPRICE=0.000000, NEXTCOUPON=0.000000, MONENDTIME=0.000000, HIGHVAL=0.000000, ADMITTEDQUOTE=0.000000, OFFER=1952.500000, YIELDATPREVWAPRICE=0.000000, VALTODAY=11263403.000000, SETTLEPRICE=0.000000, PCHANGE=0.000000, LOTSIZE=1.000000, LOWOFFER=1896.500000, ISPERCENT=0.000000, YIELD=0.000000, VOLTODAY=5782.000000, endtime=0.000000, MAXOUTVOLUME=0.000000, OPEN=1943.000000, CROSSRATE=0.000000, CURRENTVALUE=0.000000, NUMCONTRACTS=0.000000, PREVADMITTEDQUOT=1935.500000, COUPONVALUE=0.000000, BIDDEPTH=1.000000, LASTBID=1951.500000, DURATION=0.000000, LOWVAL=0.000000, imbalance=0.000000, HIGH=1957.000000, YIELDATWAPRICE=0.000000, STEPPRICEPRCL=0.000000, OFFERDEPTHT=4611.000000, VALUE=9762.500000, marketvolb=0.000000, PERCENTRATE=0.000000, MIN_CURR_LAST_TI=184000.000000, auctvalue=3905.000000, EXPDATE=0.000000, LASTOFFER=1952.500000, QTY=5.000000, COUPONPERIOD=0.000000, CHANGETIME=0.000000, CURSTEPPRICE=0.000000, marketvols=0.000000, SELLDEPO=0.000000, EVNSTARTTIME=0.000000, LOTSIZECHANGEDAT=0.000000, NUMTRADES=563.000000, CLOSEPRICE=0.000000, HIGHBID=2020.000000, FACEVALUE=0.000000, PRICEMVTLIMITT1=0.000000, PRICEMVTLIMIT=0.000000, LOPENPRICE=0.000000, LAST=1952.500000, BUYPROFIT=0.000000, SELLPROFIT=0.000000, VOLATILITY=0.000000, CLOSETIME=0.000000, PREVWAPRICE=1941.000000, PREVLEGALCLOSEPR=1935.500000, BUYDEPO=0.000000, TRADECHANGE=0.000000, LASTTOPREVSTLPRC=0.000000, BIDDEPTHT=4417.000000, auctvolume=2.000000, PREVDATE=20191113.000000, ACCRUEDINT=0.000000, NUMOFFERS=211.000000, CHANGE=17.000000, STRIKE=0.000000, EVNENDTIME=0.000000, BID=2020.000000, auctnumtrades=0.000000, TRADINGSTATUS=4.000000, LASTCHANGE=0.880000, CHNGCLOSE=0.000000, REALVMPRICE=0.000000, CLOSEYIELD=0.000000, TIME=183948.000000, MARG=0.000000, AUCTPRICE=1952.500000, STEPPRICE=0.000000, NUMBIDS=115.000000, SETTLECODE=8.000000, OPENVAL=0.000000, OPTIONTYPE=0.000000, BGOP=0.000000, NEGNUMTRADES=0.000000, PRICEMINUSPREVWAPRICE=0.000000, CHNGOPEN=0.000000}
2019-11-14T18:41:30.706768 - BANE[TQBR]
#   Total      Size       Bid       Ask      Size     Total
        0                                                 0 
        1         1   2020.00   1952.50         9         9
       85        84   1952.50   1953.00        71        80
      105        20   1952.00   1953.50         9        89
      152        47   1950.50   1954.00        40       129
      199        47   1946.50   1954.50       861       990
      229        30   1946.00   1955.00       422      1412
      230         1   1945.50   1955.50        21      1433
     2857      2627   1945.00   1956.00        16      1449
     2987       130   1943.00   1956.50         3      1452
     2992         5   1942.50   1957.00        21      1473
     3200       208   1942.00   1957.50         4      1477
     3210        10   1940.50   1958.00        10      1487
     3241        31   1940.00   1958.50         2      1489
     3242         1   1939.50   1959.00       121      1610
     3342       100   1937.00   1959.50        11      1621
     3343         1   1936.50   1960.00       813      2434
     3351         8   1935.50   1960.50        20      2454
     3359         8   1935.00   1961.00         1      2455
     3360         1   1934.50   1962.00        60      2515
     3365         5   1934.00   1963.00        25      2540
Calculation info: Price   1952.50; Imbalance: 76; Total bids: 85, Total asks: 9; 
               Field               SERVER               TOP-20
    AuctionPrice,RUB              1952.50             1952.50
       AuctionVolume                    9                   9
       LastPrice,RUB              1952.50             1952.50
          MarketBids                    0                   0
          MarketAsks                    0                   0
         Imbalance,%                                   844.44
        MarketBids:%                0.000               0.000
        MarketAsks:%                0.000               0.000
      TotalValue:RUB            17572.500           17572.500
  AuctionPriceDiff,%                0.000               0.000
Matched calculation!
{OPENPERIODPRICE=0.000000, CLSTATE=0.000000, PRICEMAX=2279.500000, ENDTIME=0.000000, STEPPRICET=0.000000, PREVPRICE=1935.500000, OPTIONBASE=0.000000, starttime=184001.000000, MIN_CURR_LAST=1952.000000, ISSUESIZE=147846489.000000, STEPPRICECL=0.000000, PRICEMIN=1593.000000, PREVLOTSIZE=0.000000, MARKETPRICETODAY=0.000000, BUYBACKPRICE=0.000000, MARKETPRICE2=0.000000, CLPRICE=0.000000, PREVSETTLEPRICE=0.000000, THEORPRICE=0.000000, plannedtime=184001.000000, MARKETPRICE=1941.000000, WAPRICE=1948.000000, ICHANGE=0.000000, OFFERDEPTH=9.000000, PRIMARYDIST=0.000000, LASTVALUE=0.000000, BGONP=0.000000, NEGVALTODAY=0.000000, STARTTIME=184001.000000, LOW=1935.000000, BASEPRICE=0.000000, IOPEN=0.000000, LCURRENTPRICE=1952.000000, MONSTARTTIME=0.000000, QUOTEBASIS=0.000000, BUYBACKDATE=0.000000, LCLOSEPRICE=0.000000, NEXTCOUPON=0.000000, MONENDTIME=0.000000, HIGHVAL=0.000000, ADMITTEDQUOTE=0.000000, OFFER=1952.500000, YIELDATPREVWAPRICE=0.000000, VALTODAY=11263403.000000, SETTLEPRICE=0.000000, PCHANGE=0.000000, LOTSIZE=1.000000, LOWOFFER=1896.500000, ISPERCENT=0.000000, YIELD=0.000000, VOLTODAY=5782.000000, endtime=0.000000, MAXOUTVOLUME=0.000000, OPEN=1943.000000, CROSSRATE=0.000000, CURRENTVALUE=0.000000, NUMCONTRACTS=0.000000, PREVADMITTEDQUOT=1935.500000, COUPONVALUE=0.000000, BIDDEPTH=1.000000, LASTBID=1951.500000, DURATION=0.000000, LOWVAL=0.000000, imbalance=0.000000, HIGH=1957.000000, YIELDATWAPRICE=0.000000, STEPPRICEPRCL=0.000000, OFFERDEPTHT=4612.000000, VALUE=9762.500000, marketvolb=0.000000, PERCENTRATE=0.000000, MIN_CURR_LAST_TI=184000.000000, auctvalue=17572.500000, EXPDATE=0.000000, LASTOFFER=1952.500000, QTY=5.000000, COUPONPERIOD=0.000000, CHANGETIME=0.000000, CURSTEPPRICE=0.000000, marketvols=0.000000, SELLDEPO=0.000000, EVNSTARTTIME=0.000000, LOTSIZECHANGEDAT=0.000000, NUMTRADES=563.000000, CLOSEPRICE=0.000000, HIGHBID=2020.000000, FACEVALUE=0.000000, PRICEMVTLIMITT1=0.000000, PRICEMVTLIMIT=0.000000, LOPENPRICE=0.000000, LAST=1952.500000, BUYPROFIT=0.000000, SELLPROFIT=0.000000, VOLATILITY=0.000000, CLOSETIME=0.000000, PREVWAPRICE=1941.000000, PREVLEGALCLOSEPR=1935.500000, BUYDEPO=0.000000, TRADECHANGE=0.000000, LASTTOPREVSTLPRC=0.000000, BIDDEPTHT=4417.000000, auctvolume=9.000000, PREVDATE=20191113.000000, ACCRUEDINT=0.000000, NUMOFFERS=212.000000, CHANGE=17.000000, STRIKE=0.000000, EVNENDTIME=0.000000, BID=2020.000000, auctnumtrades=0.000000, TRADINGSTATUS=4.000000, LASTCHANGE=0.880000, CHNGCLOSE=0.000000, REALVMPRICE=0.000000, CLOSEYIELD=0.000000, TIME=183948.000000, MARG=0.000000, AUCTPRICE=1952.500000, STEPPRICE=0.000000, NUMBIDS=115.000000, SETTLECODE=8.000000, OPENVAL=0.000000, OPTIONTYPE=0.000000, BGOP=0.000000, NEGNUMTRADES=0.000000, PRICEMINUSPREVWAPRICE=0.000000, CHNGOPEN=0.000000}
2019-11-14T18:44:43.378643 - BANE[TQBR]
#   Total      Size       Bid       Ask      Size     Total
        0                                                 0 
        1         1   2020.00   1952.50         9         9
       26        25   1991.50   1953.00        71        80
      110        84   1952.50   1953.50         9        89
      130        20   1952.00   1954.00        40       129
      177        47   1950.50   1954.50       861       990
      224        47   1946.50   1955.00       422      1412
      254        30   1946.00   1955.50        21      1433
      255         1   1945.50   1956.00        16      1449
     2882      2627   1945.00   1956.50         3      1452
     3012       130   1943.00   1957.00        21      1473
     3017         5   1942.50   1957.50         4      1477
     3225       208   1942.00   1958.00        10      1487
     3235        10   1940.50   1958.50         2      1489
     3266        31   1940.00   1959.00       121      1610
     3267         1   1939.50   1959.50        11      1621
     3367       100   1937.00   1960.00       813      2434
     3368         1   1936.50   1960.50        20      2454
     3376         8   1935.50   1961.00         1      2455
     3384         8   1935.00   1962.00        60      2515
     3385         1   1934.50   1963.00        25      2540
Calculation info: Price   1963.00; Imbalance: -2514; Total bids: 26, Total asks: 2540; 
               Field               SERVER               TOP-20
    AuctionPrice,RUB              1952.50             1963.00
       AuctionVolume                    9                  26
       LastPrice,RUB              1952.50             1952.50
          MarketBids                    0                   0
          MarketAsks                    0                   0
         Imbalance,%                                 -9669.23
        MarketBids:%                0.000               0.000
        MarketAsks:%                0.000               0.000
      TotalValue:RUB            17572.500           51038.000
  AuctionPriceDiff,%                0.000               0.538
{OPENPERIODPRICE=0.000000, CLSTATE=0.000000, PRICEMAX=2279.500000, ENDTIME=0.000000, STEPPRICET=0.000000, PREVPRICE=1935.500000, OPTIONBASE=0.000000, starttime=184001.000000, MIN_CURR_LAST=1952.000000, ISSUESIZE=147846489.000000, STEPPRICECL=0.000000, PRICEMIN=1593.000000, PREVLOTSIZE=0.000000, MARKETPRICETODAY=0.000000, BUYBACKPRICE=0.000000, MARKETPRICE2=0.000000, CLPRICE=0.000000, PREVSETTLEPRICE=0.000000, THEORPRICE=0.000000, plannedtime=184001.000000, MARKETPRICE=1941.000000, WAPRICE=1948.000000, ICHANGE=0.000000, OFFERDEPTH=9.000000, PRIMARYDIST=0.000000, LASTVALUE=0.000000, BGONP=0.000000, NEGVALTODAY=0.000000, STARTTIME=184001.000000, LOW=1935.000000, BASEPRICE=0.000000, IOPEN=0.000000, LCURRENTPRICE=1952.000000, MONSTARTTIME=0.000000, QUOTEBASIS=0.000000, BUYBACKDATE=0.000000, LCLOSEPRICE=0.000000, NEXTCOUPON=0.000000, MONENDTIME=0.000000, HIGHVAL=0.000000, ADMITTEDQUOTE=0.000000, OFFER=1952.500000, YIELDATPREVWAPRICE=0.000000, VALTODAY=11263403.000000, SETTLEPRICE=0.000000, PCHANGE=0.000000, LOTSIZE=1.000000, LOWOFFER=1896.500000, ISPERCENT=0.000000, YIELD=0.000000, VOLTODAY=5782.000000, endtime=0.000000, MAXOUTVOLUME=0.000000, OPEN=1943.000000, CROSSRATE=0.000000, CURRENTVALUE=0.000000, NUMCONTRACTS=0.000000, PREVADMITTEDQUOT=1935.500000, COUPONVALUE=0.000000, BIDDEPTH=1.000000, LASTBID=1951.500000, DURATION=0.000000, LOWVAL=0.000000, imbalance=0.000000, HIGH=1957.000000, YIELDATWAPRICE=0.000000, STEPPRICEPRCL=0.000000, OFFERDEPTHT=4617.000000, VALUE=9762.500000, marketvolb=0.000000, PERCENTRATE=0.000000, MIN_CURR_LAST_TI=184000.000000, auctvalue=17572.500000, EXPDATE=0.000000, LASTOFFER=1952.500000, QTY=5.000000, COUPONPERIOD=0.000000, CHANGETIME=0.000000, CURSTEPPRICE=0.000000, marketvols=0.000000, SELLDEPO=0.000000, EVNSTARTTIME=0.000000, LOTSIZECHANGEDAT=0.000000, NUMTRADES=563.000000, CLOSEPRICE=0.000000, HIGHBID=2020.000000, FACEVALUE=0.000000, PRICEMVTLIMITT1=0.000000, PRICEMVTLIMIT=0.000000, LOPENPRICE=0.000000, LAST=1952.500000, BUYPROFIT=0.000000, SELLPROFIT=0.000000, VOLATILITY=0.000000, CLOSETIME=0.000000, PREVWAPRICE=1941.000000, PREVLEGALCLOSEPR=1935.500000, BUYDEPO=0.000000, TRADECHANGE=0.000000, LASTTOPREVSTLPRC=0.000000, BIDDEPTHT=4417.000000, auctvolume=9.000000, PREVDATE=20191113.000000, ACCRUEDINT=0.000000, NUMOFFERS=212.000000, CHANGE=17.000000, STRIKE=0.000000, EVNENDTIME=0.000000, BID=2020.000000, auctnumtrades=0.000000, TRADINGSTATUS=4.000000, LASTCHANGE=0.880000, CHNGCLOSE=0.000000, REALVMPRICE=0.000000, CLOSEYIELD=0.000000, TIME=183948.000000, MARG=0.000000, AUCTPRICE=1952.500000, STEPPRICE=0.000000, NUMBIDS=115.000000, SETTLECODE=8.000000, OPENVAL=0.000000, OPTIONTYPE=0.000000, BGOP=0.000000, NEGNUMTRADES=0.000000, PRICEMINUSPREVWAPRICE=0.000000, CHNGOPEN=0.000000}
2019-11-14T18:44:43.425518 - BANE[TQBR]
#   Total      Size       Bid       Ask      Size     Total
        0                                                 0 
        2         2   2020.00   1952.50         9         9
       27        25   1991.50   1953.00        71        80
      111        84   1952.50   1953.50         9        89
      131        20   1952.00   1954.00        40       129
      178        47   1950.50   1954.50       861       990
      225        47   1946.50   1955.00       422      1412
      255        30   1946.00   1955.50        21      1433
      256         1   1945.50   1956.00        16      1449
     2883      2627   1945.00   1956.50         3      1452
     3013       130   1943.00   1957.00        21      1473
     3018         5   1942.50   1957.50         4      1477
     3226       208   1942.00   1958.00        10      1487
     3236        10   1940.50   1958.50         2      1489
     3267        31   1940.00   1959.00       121      1610
     3268         1   1939.50   1959.50        11      1621
     3368       100   1937.00   1960.00       813      2434
     3369         1   1936.50   1960.50        20      2454
     3377         8   1935.50   1961.00         1      2455
     3385         8   1935.00   1962.00        60      2515
     3386         1   1934.50   1963.00        25      2540
Calculation info: Price   1963.00; Imbalance: -2513; Total bids: 27, Total asks: 2540; 
               Field               SERVER               TOP-20
    AuctionPrice,RUB              1953.00             1963.00
       AuctionVolume                   26                  27
       LastPrice,RUB              1952.50             1952.50
          MarketBids                    0                   0
          MarketAsks                    0                   0
         Imbalance,%                                 -9307.41
        MarketBids:%                0.000               0.000
        MarketAsks:%                0.000               0.000
      TotalValue:RUB            50778.000           53001.000
  AuctionPriceDiff,%                0.026               0.538
{OPENPERIODPRICE=0.000000, CLSTATE=0.000000, PRICEMAX=2279.500000, ENDTIME=0.000000, STEPPRICET=0.000000, PREVPRICE=1935.500000, OPTIONBASE=0.000000, starttime=184001.000000, MIN_CURR_LAST=1952.000000, ISSUESIZE=147846489.000000, STEPPRICECL=0.000000, PRICEMIN=1593.000000, PREVLOTSIZE=0.000000, MARKETPRICETODAY=0.000000, BUYBACKPRICE=0.000000, MARKETPRICE2=0.000000, CLPRICE=0.000000, PREVSETTLEPRICE=0.000000, THEORPRICE=0.000000, plannedtime=184001.000000, MARKETPRICE=1941.000000, WAPRICE=1948.000000, ICHANGE=0.000000, OFFERDEPTH=9.000000, PRIMARYDIST=0.000000, LASTVALUE=0.000000, BGONP=0.000000, NEGVALTODAY=0.000000, STARTTIME=184001.000000, LOW=1935.000000, BASEPRICE=0.000000, IOPEN=0.000000, LCURRENTPRICE=1952.000000, MONSTARTTIME=0.000000, QUOTEBASIS=0.000000, BUYBACKDATE=0.000000, LCLOSEPRICE=0.000000, NEXTCOUPON=0.000000, MONENDTIME=0.000000, HIGHVAL=0.000000, ADMITTEDQUOTE=0.000000, OFFER=1952.500000, YIELDATPREVWAPRICE=0.000000, VALTODAY=11263403.000000, SETTLEPRICE=0.000000, PCHANGE=0.000000, LOTSIZE=1.000000, LOWOFFER=1896.500000, ISPERCENT=0.000000, YIELD=0.000000, VOLTODAY=5782.000000, endtime=0.000000, MAXOUTVOLUME=0.000000, OPEN=1943.000000, CROSSRATE=0.000000, CURRENTVALUE=0.000000, NUMCONTRACTS=0.000000, PREVADMITTEDQUOT=1935.500000, COUPONVALUE=0.000000, BIDDEPTH=2.000000, LASTBID=1951.500000, DURATION=0.000000, LOWVAL=0.000000, imbalance=0.000000, HIGH=1957.000000, YIELDATWAPRICE=0.000000, STEPPRICEPRCL=0.000000, OFFERDEPTHT=4617.000000, VALUE=9762.500000, marketvolb=0.000000, PERCENTRATE=0.000000, MIN_CURR_LAST_TI=184000.000000, auctvalue=50778.000000, EXPDATE=0.000000, LASTOFFER=1952.500000, QTY=5.000000, COUPONPERIOD=0.000000, CHANGETIME=0.000000, CURSTEPPRICE=0.000000, marketvols=0.000000, SELLDEPO=0.000000, EVNSTARTTIME=0.000000, LOTSIZECHANGEDAT=0.000000, NUMTRADES=563.000000, CLOSEPRICE=0.000000, HIGHBID=2020.000000, FACEVALUE=0.000000, PRICEMVTLIMITT1=0.000000, PRICEMVTLIMIT=0.000000, LOPENPRICE=0.000000, LAST=1952.500000, BUYPROFIT=0.000000, SELLPROFIT=0.000000, VOLATILITY=0.000000, CLOSETIME=0.000000, PREVWAPRICE=1941.000000, PREVLEGALCLOSEPR=1935.500000, BUYDEPO=0.000000, TRADECHANGE=0.000000, LASTTOPREVSTLPRC=0.000000, BIDDEPTHT=4417.000000, auctvolume=27.000000, PREVDATE=20191113.000000, ACCRUEDINT=0.000000, NUMOFFERS=212.000000, CHANGE=17.000000, STRIKE=0.000000, EVNENDTIME=0.000000, BID=2020.000000, auctnumtrades=0.000000, TRADINGSTATUS=4.000000, LASTCHANGE=0.880000, CHNGCLOSE=0.000000, REALVMPRICE=0.000000, CLOSEYIELD=0.000000, TIME=183948.000000, MARG=0.000000, AUCTPRICE=1953.000000, STEPPRICE=0.000000, NUMBIDS=115.000000, SETTLECODE=8.000000, OPENVAL=0.000000, OPTIONTYPE=0.000000, BGOP=0.000000, NEGNUMTRADES=0.000000, PRICEMINUSPREVWAPRICE=0.000000, CHNGOPEN=0.000000}
2019-11-14T18:44:43.456768 - BANE[TQBR]
#   Total      Size       Bid       Ask      Size     Total
        0                                                 0 
        2         2   2020.00   1952.50         9         9
        6         4   1993.50   1953.00        71        80
       31        25   1991.50   1953.50         9        89
      115        84   1952.50   1954.00        40       129
      135        20   1952.00   1954.50       861       990
      182        47   1950.50   1955.00       422      1412
      229        47   1946.50   1955.50        21      1433
      259        30   1946.00   1956.00        16      1449
      260         1   1945.50   1956.50         3      1452
     2887      2627   1945.00   1957.00        21      1473
     3017       130   1943.00   1957.50         4      1477
     3022         5   1942.50   1958.00        10      1487
     3230       208   1942.00   1958.50         2      1489
     3240        10   1940.50   1959.00       121      1610
     3271        31   1940.00   1959.50        11      1621
     3272         1   1939.50   1960.00       813      2434
     3372       100   1937.00   1960.50        20      2454
     3373         1   1936.50   1961.00         1      2455
     3381         8   1935.50   1962.00        60      2515
     3389         8   1935.00   1963.00        25      2540
Calculation info: Price   1963.00; Imbalance: -2509; Total bids: 31, Total asks: 2540; 
               Field               SERVER               TOP-20
    AuctionPrice,RUB              1953.00             1963.00
       AuctionVolume                   31                  31
       LastPrice,RUB              1952.50             1952.50
          MarketBids                    0                   0
          MarketAsks                    0                   0
         Imbalance,%                                 -8093.55
        MarketBids:%                0.000               0.000
        MarketAsks:%                0.000               0.000
      TotalValue:RUB            60543.000           60853.000
  AuctionPriceDiff,%                0.026               0.538
{OPENPERIODPRICE=0.000000, CLSTATE=0.000000, PRICEMAX=2279.500000, ENDTIME=0.000000, STEPPRICET=0.000000, PREVPRICE=1935.500000, OPTIONBASE=0.000000, starttime=184001.000000, MIN_CURR_LAST=1952.000000, ISSUESIZE=147846489.000000, STEPPRICECL=0.000000, PRICEMIN=1593.000000, PREVLOTSIZE=0.000000, MARKETPRICETODAY=0.000000, BUYBACKPRICE=0.000000, MARKETPRICE2=0.000000, CLPRICE=0.000000, PREVSETTLEPRICE=0.000000, THEORPRICE=0.000000, plannedtime=184001.000000, MARKETPRICE=1941.000000, WAPRICE=1948.000000, ICHANGE=0.000000, OFFERDEPTH=9.000000, PRIMARYDIST=0.000000, LASTVALUE=0.000000, BGONP=0.000000, NEGVALTODAY=0.000000, STARTTIME=184001.000000, LOW=1935.000000, BASEPRICE=0.000000, IOPEN=0.000000, LCURRENTPRICE=1952.000000, MONSTARTTIME=0.000000, QUOTEBASIS=0.000000, BUYBACKDATE=0.000000, LCLOSEPRICE=0.000000, NEXTCOUPON=0.000000, MONENDTIME=0.000000, HIGHVAL=0.000000, ADMITTEDQUOTE=0.000000, OFFER=1952.500000, YIELDATPREVWAPRICE=0.000000, VALTODAY=11263403.000000, SETTLEPRICE=0.000000, PCHANGE=0.000000, LOTSIZE=1.000000, LOWOFFER=1896.500000, ISPERCENT=0.000000, YIELD=0.000000, VOLTODAY=5782.000000, endtime=0.000000, MAXOUTVOLUME=0.000000, OPEN=1943.000000, CROSSRATE=0.000000, CURRENTVALUE=0.000000, NUMCONTRACTS=0.000000, PREVADMITTEDQUOT=1935.500000, COUPONVALUE=0.000000, BIDDEPTH=2.000000, LASTBID=1951.500000, DURATION=0.000000, LOWVAL=0.000000, imbalance=0.000000, HIGH=1957.000000, YIELDATWAPRICE=0.000000, STEPPRICEPRCL=0.000000, OFFERDEPTHT=4617.000000, VALUE=9762.500000, marketvolb=0.000000, PERCENTRATE=0.000000, MIN_CURR_LAST_TI=184000.000000, auctvalue=60543.000000, EXPDATE=0.000000, LASTOFFER=1952.500000, QTY=5.000000, COUPONPERIOD=0.000000, CHANGETIME=0.000000, CURSTEPPRICE=0.000000, marketvols=0.000000, SELLDEPO=0.000000, EVNSTARTTIME=0.000000, LOTSIZECHANGEDAT=0.000000, NUMTRADES=563.000000, CLOSEPRICE=0.000000, HIGHBID=2020.000000, FACEVALUE=0.000000, PRICEMVTLIMITT1=0.000000, PRICEMVTLIMIT=0.000000, LOPENPRICE=0.000000, LAST=1952.500000, BUYPROFIT=0.000000, SELLPROFIT=0.000000, VOLATILITY=0.000000, CLOSETIME=0.000000, PREVWAPRICE=1941.000000, PREVLEGALCLOSEPR=1935.500000, BUYDEPO=0.000000, TRADECHANGE=0.000000, LASTTOPREVSTLPRC=0.000000, BIDDEPTHT=4417.000000, auctvolume=31.000000, PREVDATE=20191113.000000, ACCRUEDINT=0.000000, NUMOFFERS=212.000000, CHANGE=17.000000, STRIKE=0.000000, EVNENDTIME=0.000000, BID=2020.000000, auctnumtrades=0.000000, TRADINGSTATUS=4.000000, LASTCHANGE=0.880000, CHNGCLOSE=0.000000, REALVMPRICE=0.000000, CLOSEYIELD=0.000000, TIME=183948.000000, MARG=0.000000, AUCTPRICE=1953.000000, STEPPRICE=0.000000, NUMBIDS=115.000000, SETTLECODE=8.000000, OPENVAL=0.000000, OPTIONTYPE=0.000000, BGOP=0.000000, NEGNUMTRADES=0.000000, PRICEMINUSPREVWAPRICE=0.000000, CHNGOPEN=0.000000}
2019-11-14T18:44:56.738018 - BANE[TQBR]
#   Total      Size       Bid       Ask      Size     Total
        0                                                 0 
        2         2   2020.00   1952.50        44        44
        6         4   1993.50   1953.00        71       115
       31        25   1991.50   1953.50         9       124
      115        84   1952.50   1954.00        40       164
      135        20   1952.00   1954.50       861      1025
      182        47   1950.50   1955.00       422      1447
      229        47   1946.50   1955.50        21      1468
      259        30   1946.00   1956.00        16      1484
      260         1   1945.50   1956.50         3      1487
     2887      2627   1945.00   1957.00        21      1508
     3017       130   1943.00   1957.50         4      1512
     3022         5   1942.50   1958.00        10      1522
     3230       208   1942.00   1958.50         2      1524
     3240        10   1940.50   1959.00       121      1645
     3271        31   1940.00   1959.50        11      1656
     3272         1   1939.50   1960.00       813      2469
     3372       100   1937.00   1960.50        20      2489
     3373         1   1936.50   1961.00         1      2490
     3381         8   1935.50   1962.00        60      2550
     3389         8   1935.00   1963.00        25      2575
Calculation info: Price   1952.50; Imbalance: 71; Total bids: 115, Total asks: 44; 
               Field               SERVER               TOP-20
    AuctionPrice,RUB              1952.50             1952.50
       AuctionVolume                   44                  44
       LastPrice,RUB              1952.50             1952.50
          MarketBids                    0                   0
          MarketAsks                    0                   0
         Imbalance,%                                   161.36
        MarketBids:%                0.000               0.000
        MarketAsks:%                0.000               0.000
      TotalValue:RUB            85910.000           85910.000
  AuctionPriceDiff,%                0.000               0.000
Matched calculation!
{OPENPERIODPRICE=0.000000, CLSTATE=0.000000, PRICEMAX=2279.500000, ENDTIME=0.000000, STEPPRICET=0.000000, PREVPRICE=1935.500000, OPTIONBASE=0.000000, starttime=184001.000000, MIN_CURR_LAST=1952.000000, ISSUESIZE=147846489.000000, STEPPRICECL=0.000000, PRICEMIN=1593.000000, PREVLOTSIZE=0.000000, MARKETPRICETODAY=0.000000, BUYBACKPRICE=0.000000, MARKETPRICE2=0.000000, CLPRICE=0.000000, PREVSETTLEPRICE=0.000000, THEORPRICE=0.000000, plannedtime=184001.000000, MARKETPRICE=1941.000000, WAPRICE=1948.000000, ICHANGE=0.000000, OFFERDEPTH=44.000000, PRIMARYDIST=0.000000, LASTVALUE=0.000000, BGONP=0.000000, NEGVALTODAY=0.000000, STARTTIME=184001.000000, LOW=1935.000000, BASEPRICE=0.000000, IOPEN=0.000000, LCURRENTPRICE=1952.000000, MONSTARTTIME=0.000000, QUOTEBASIS=0.000000, BUYBACKDATE=0.000000, LCLOSEPRICE=0.000000, NEXTCOUPON=0.000000, MONENDTIME=0.000000, HIGHVAL=0.000000, ADMITTEDQUOTE=0.000000, OFFER=1952.500000, YIELDATPREVWAPRICE=0.000000, VALTODAY=11263403.000000, SETTLEPRICE=0.000000, PCHANGE=0.000000, LOTSIZE=1.000000, LOWOFFER=1896.500000, ISPERCENT=0.000000, YIELD=0.000000, VOLTODAY=5782.000000, endtime=0.000000, MAXOUTVOLUME=0.000000, OPEN=1943.000000, CROSSRATE=0.000000, CURRENTVALUE=0.000000, NUMCONTRACTS=0.000000, PREVADMITTEDQUOT=1935.500000, COUPONVALUE=0.000000, BIDDEPTH=2.000000, LASTBID=1951.500000, DURATION=0.000000, LOWVAL=0.000000, imbalance=0.000000, HIGH=1957.000000, YIELDATWAPRICE=0.000000, STEPPRICEPRCL=0.000000, OFFERDEPTHT=4617.000000, VALUE=9762.500000, marketvolb=0.000000, PERCENTRATE=0.000000, MIN_CURR_LAST_TI=184000.000000, auctvalue=85910.000000, EXPDATE=0.000000, LASTOFFER=1952.500000, QTY=5.000000, COUPONPERIOD=0.000000, CHANGETIME=0.000000, CURSTEPPRICE=0.000000, marketvols=0.000000, SELLDEPO=0.000000, EVNSTARTTIME=0.000000, LOTSIZECHANGEDAT=0.000000, NUMTRADES=563.000000, CLOSEPRICE=0.000000, HIGHBID=2020.000000, FACEVALUE=0.000000, PRICEMVTLIMITT1=0.000000, PRICEMVTLIMIT=0.000000, LOPENPRICE=0.000000, LAST=1952.500000, BUYPROFIT=0.000000, SELLPROFIT=0.000000, VOLATILITY=0.000000, CLOSETIME=0.000000, PREVWAPRICE=1941.000000, PREVLEGALCLOSEPR=1935.500000, BUYDEPO=0.000000, TRADECHANGE=0.000000, LASTTOPREVSTLPRC=0.000000, BIDDEPTHT=4447.000000, auctvolume=44.000000, PREVDATE=20191113.000000, ACCRUEDINT=0.000000, NUMOFFERS=212.000000, CHANGE=17.000000, STRIKE=0.000000, EVNENDTIME=0.000000, BID=2020.000000, auctnumtrades=0.000000, TRADINGSTATUS=4.000000, LASTCHANGE=0.880000, CHNGCLOSE=0.000000, REALVMPRICE=0.000000, CLOSEYIELD=0.000000, TIME=183948.000000, MARG=0.000000, AUCTPRICE=1952.500000, STEPPRICE=0.000000, NUMBIDS=118.000000, SETTLECODE=8.000000, OPENVAL=0.000000, OPTIONTYPE=0.000000, BGOP=0.000000, NEGNUMTRADES=0.000000, PRICEMINUSPREVWAPRICE=0.000000, CHNGOPEN=0.000000}
2019-11-14T18:45:04.863018 - BANE[TQBR]
#   Total      Size       Bid       Ask      Size     Total
        0                                                 0 
       71        71   1952.50                                
{OPENPERIODPRICE=0.000000, CLSTATE=0.000000, PRICEMAX=2279.500000, ENDTIME=0.000000, STEPPRICET=0.000000, PREVPRICE=1935.500000, OPTIONBASE=0.000000, starttime=184001.000000, MIN_CURR_LAST=1952.000000, ISSUESIZE=147846489.000000, STEPPRICECL=0.000000, PRICEMIN=1593.000000, PREVLOTSIZE=0.000000, MARKETPRICETODAY=0.000000, BUYBACKPRICE=0.000000, MARKETPRICE2=0.000000, CLPRICE=0.000000, PREVSETTLEPRICE=0.000000, THEORPRICE=0.000000, plannedtime=184001.000000, MARKETPRICE=1941.000000, WAPRICE=1948.000000, ICHANGE=0.000000, OFFERDEPTH=0.000000, PRIMARYDIST=0.000000, LASTVALUE=0.000000, BGONP=0.000000, NEGVALTODAY=0.000000, STARTTIME=184001.000000, LOW=1935.000000, BASEPRICE=0.000000, IOPEN=0.000000, LCURRENTPRICE=1952.000000, MONSTARTTIME=0.000000, QUOTEBASIS=0.000000, BUYBACKDATE=0.000000, LCLOSEPRICE=0.000000, NEXTCOUPON=0.000000, MONENDTIME=0.000000, HIGHVAL=0.000000, ADMITTEDQUOTE=0.000000, OFFER=0.000000, YIELDATPREVWAPRICE=0.000000, VALTODAY=11349313.000000, SETTLEPRICE=0.000000, PCHANGE=0.000000, LOTSIZE=1.000000, LOWOFFER=1896.500000, ISPERCENT=0.000000, YIELD=0.000000, VOLTODAY=5826.000000, endtime=0.000000, MAXOUTVOLUME=0.000000, OPEN=1943.000000, CROSSRATE=0.000000, CURRENTVALUE=0.000000, NUMCONTRACTS=0.000000, PREVADMITTEDQUOT=1935.500000, COUPONVALUE=0.000000, BIDDEPTH=71.000000, LASTBID=1951.500000, DURATION=0.000000, LOWVAL=0.000000, imbalance=0.000000, HIGH=1957.000000, YIELDATWAPRICE=0.000000, STEPPRICEPRCL=0.000000, OFFERDEPTHT=4652.000000, VALUE=25382.500000, marketvolb=0.000000, PERCENTRATE=0.000000, MIN_CURR_LAST_TI=184000.000000, auctvalue=85910.000000, EXPDATE=0.000000, LASTOFFER=1952.500000, QTY=13.000000, COUPONPERIOD=0.000000, CHANGETIME=0.000000, CURSTEPPRICE=0.000000, marketvols=0.000000, SELLDEPO=0.000000, EVNSTARTTIME=0.000000, LOTSIZECHANGEDAT=0.000000, NUMTRADES=570.000000, CLOSEPRICE=0.000000, HIGHBID=2020.000000, FACEVALUE=0.000000, PRICEMVTLIMITT1=0.000000, PRICEMVTLIMIT=0.000000, LOPENPRICE=0.000000, LAST=1952.500000, BUYPROFIT=0.000000, SELLPROFIT=0.000000, VOLATILITY=0.000000, CLOSETIME=0.000000, PREVWAPRICE=1941.000000, PREVLEGALCLOSEPR=1935.500000, BUYDEPO=0.000000, TRADECHANGE=0.000000, LASTTOPREVSTLPRC=0.000000, BIDDEPTHT=4447.000000, auctvolume=44.000000, PREVDATE=20191113.000000, ACCRUEDINT=0.000000, NUMOFFERS=213.000000, CHANGE=17.000000, STRIKE=0.000000, EVNENDTIME=0.000000, BID=1952.500000, auctnumtrades=0.000000, TRADINGSTATUS=5.000000, LASTCHANGE=0.880000, CHNGCLOSE=0.000000, REALVMPRICE=0.000000, CLOSEYIELD=0.000000, TIME=184503.000000, MARG=0.000000, AUCTPRICE=1952.500000, STEPPRICE=0.000000, NUMBIDS=118.000000, SETTLECODE=8.000000, OPENVAL=0.000000, OPTIONTYPE=0.000000, BGOP=0.000000, NEGNUMTRADES=0.000000, PRICEMINUSPREVWAPRICE=0.000000, CHNGOPEN=0.000000}
2019-11-14T18:46:41.566143 - BANE[TQBR]
#   Total      Size       Bid       Ask      Size     Total
        0                                                 0 
       69        69   1952.50                                
{OPENPERIODPRICE=0.000000, CLSTATE=0.000000, PRICEMAX=2279.500000, ENDTIME=0.000000, STEPPRICET=0.000000, PREVPRICE=1935.500000, OPTIONBASE=0.000000, starttime=184503.000000, MIN_CURR_LAST=1952.000000, ISSUESIZE=147846489.000000, STEPPRICECL=0.000000, PRICEMIN=1593.000000, PREVLOTSIZE=0.000000, MARKETPRICETODAY=0.000000, BUYBACKPRICE=0.000000, MARKETPRICE2=0.000000, CLPRICE=0.000000, PREVSETTLEPRICE=0.000000, THEORPRICE=0.000000, plannedtime=184503.000000, MARKETPRICE=1941.000000, WAPRICE=1948.000000, ICHANGE=0.000000, OFFERDEPTH=0.000000, PRIMARYDIST=0.000000, LASTVALUE=0.000000, BGONP=0.000000, NEGVALTODAY=0.000000, STARTTIME=184503.000000, LOW=1935.000000, BASEPRICE=0.000000, IOPEN=0.000000, LCURRENTPRICE=1952.000000, MONSTARTTIME=0.000000, QUOTEBASIS=0.000000, BUYBACKDATE=0.000000, LCLOSEPRICE=0.000000, NEXTCOUPON=0.000000, MONENDTIME=0.000000, HIGHVAL=0.000000, ADMITTEDQUOTE=0.000000, OFFER=0.000000, YIELDATPREVWAPRICE=0.000000, VALTODAY=11353218.000000, SETTLEPRICE=0.000000, PCHANGE=0.000000, LOTSIZE=1.000000, LOWOFFER=1896.500000, ISPERCENT=0.000000, YIELD=0.000000, VOLTODAY=5828.000000, endtime=0.000000, MAXOUTVOLUME=0.000000, OPEN=1943.000000, CROSSRATE=0.000000, CURRENTVALUE=0.000000, NUMCONTRACTS=0.000000, PREVADMITTEDQUOT=1935.500000, COUPONVALUE=0.000000, BIDDEPTH=69.000000, LASTBID=1951.500000, DURATION=0.000000, LOWVAL=0.000000, imbalance=0.000000, HIGH=1957.000000, YIELDATWAPRICE=0.000000, STEPPRICEPRCL=0.000000, OFFERDEPTHT=0.000000, VALUE=3905.000000, marketvolb=0.000000, PERCENTRATE=0.000000, MIN_CURR_LAST_TI=184000.000000, auctvalue=3905.000000, EXPDATE=0.000000, LASTOFFER=1952.500000, QTY=2.000000, COUPONPERIOD=0.000000, CHANGETIME=0.000000, CURSTEPPRICE=0.000000, marketvols=0.000000, SELLDEPO=0.000000, EVNSTARTTIME=0.000000, LOTSIZECHANGEDAT=0.000000, NUMTRADES=571.000000, CLOSEPRICE=0.000000, HIGHBID=2020.000000, FACEVALUE=0.000000, PRICEMVTLIMITT1=0.000000, PRICEMVTLIMIT=0.000000, LOPENPRICE=0.000000, LAST=1952.500000, BUYPROFIT=0.000000, SELLPROFIT=0.000000, VOLATILITY=0.000000, CLOSETIME=0.000000, PREVWAPRICE=1941.000000, PREVLEGALCLOSEPR=1935.500000, BUYDEPO=0.000000, TRADECHANGE=0.000000, LASTTOPREVSTLPRC=0.000000, BIDDEPTHT=71.000000, auctvolume=2.000000, PREVDATE=20191113.000000, ACCRUEDINT=0.000000, NUMOFFERS=0.000000, CHANGE=17.000000, STRIKE=0.000000, EVNENDTIME=0.000000, BID=1952.500000, auctnumtrades=1.000000, TRADINGSTATUS=5.000000, LASTCHANGE=0.880000, CHNGCLOSE=0.000000, REALVMPRICE=0.000000, CLOSEYIELD=0.000000, TIME=184641.000000, MARG=0.000000, AUCTPRICE=1952.500000, STEPPRICE=0.000000, NUMBIDS=1.000000, SETTLECODE=8.000000, OPENVAL=0.000000, OPTIONTYPE=0.000000, BGOP=0.000000, NEGNUMTRADES=0.000000, PRICEMINUSPREVWAPRICE=0.000000, CHNGOPEN=0.000000}
2019-11-14T18:47:17.019268 - BANE[TQBR]
#   Total      Size       Bid       Ask      Size     Total
        0                                                 0 
       67        67   1952.50                                
{OPENPERIODPRICE=0.000000, CLSTATE=0.000000, PRICEMAX=2279.500000, ENDTIME=0.000000, STEPPRICET=0.000000, PREVPRICE=1935.500000, OPTIONBASE=0.000000, starttime=184503.000000, MIN_CURR_LAST=1952.000000, ISSUESIZE=147846489.000000, STEPPRICECL=0.000000, PRICEMIN=1593.000000, PREVLOTSIZE=0.000000, MARKETPRICETODAY=0.000000, BUYBACKPRICE=0.000000, MARKETPRICE2=0.000000, CLPRICE=0.000000, PREVSETTLEPRICE=0.000000, THEORPRICE=0.000000, plannedtime=184503.000000, MARKETPRICE=1941.000000, WAPRICE=1948.000000, ICHANGE=0.000000, OFFERDEPTH=0.000000, PRIMARYDIST=0.000000, LASTVALUE=0.000000, BGONP=0.000000, NEGVALTODAY=0.000000, STARTTIME=184503.000000, LOW=1935.000000, BASEPRICE=0.000000, IOPEN=0.000000, LCURRENTPRICE=1952.000000, MONSTARTTIME=0.000000, QUOTEBASIS=0.000000, BUYBACKDATE=0.000000, LCLOSEPRICE=0.000000, NEXTCOUPON=0.000000, MONENDTIME=0.000000, HIGHVAL=0.000000, ADMITTEDQUOTE=0.000000, OFFER=0.000000, YIELDATPREVWAPRICE=0.000000, VALTODAY=11357123.000000, SETTLEPRICE=0.000000, PCHANGE=0.000000, LOTSIZE=1.000000, LOWOFFER=1896.500000, ISPERCENT=0.000000, YIELD=0.000000, VOLTODAY=5830.000000, endtime=0.000000, MAXOUTVOLUME=0.000000, OPEN=1943.000000, CROSSRATE=0.000000, CURRENTVALUE=0.000000, NUMCONTRACTS=0.000000, PREVADMITTEDQUOT=1935.500000, COUPONVALUE=0.000000, BIDDEPTH=67.000000, LASTBID=1951.500000, DURATION=0.000000, LOWVAL=0.000000, imbalance=0.000000, HIGH=1957.000000, YIELDATWAPRICE=0.000000, STEPPRICEPRCL=0.000000, OFFERDEPTHT=0.000000, VALUE=3905.000000, marketvolb=0.000000, PERCENTRATE=0.000000, MIN_CURR_LAST_TI=184000.000000, auctvalue=7810.000000, EXPDATE=0.000000, LASTOFFER=1952.500000, QTY=2.000000, COUPONPERIOD=0.000000, CHANGETIME=0.000000, CURSTEPPRICE=0.000000, marketvols=0.000000, SELLDEPO=0.000000, EVNSTARTTIME=0.000000, LOTSIZECHANGEDAT=0.000000, NUMTRADES=572.000000, CLOSEPRICE=0.000000, HIGHBID=2020.000000, FACEVALUE=0.000000, PRICEMVTLIMITT1=0.000000, PRICEMVTLIMIT=0.000000, LOPENPRICE=0.000000, LAST=1952.500000, BUYPROFIT=0.000000, SELLPROFIT=0.000000, VOLATILITY=0.000000, CLOSETIME=0.000000, PREVWAPRICE=1941.000000, PREVLEGALCLOSEPR=1935.500000, BUYDEPO=0.000000, TRADECHANGE=0.000000, LASTTOPREVSTLPRC=0.000000, BIDDEPTHT=69.000000, auctvolume=4.000000, PREVDATE=20191113.000000, ACCRUEDINT=0.000000, NUMOFFERS=0.000000, CHANGE=17.000000, STRIKE=0.000000, EVNENDTIME=0.000000, BID=1952.500000, auctnumtrades=2.000000, TRADINGSTATUS=5.000000, LASTCHANGE=0.880000, CHNGCLOSE=0.000000, REALVMPRICE=0.000000, CLOSEYIELD=0.000000, TIME=184716.000000, MARG=0.000000, AUCTPRICE=1952.500000, STEPPRICE=0.000000, NUMBIDS=1.000000, SETTLECODE=8.000000, OPENVAL=0.000000, OPTIONTYPE=0.000000, BGOP=0.000000, NEGNUMTRADES=0.000000, PRICEMINUSPREVWAPRICE=0.000000, CHNGOPEN=0.000000}
2019-11-14T18:47:19.738018 - BANE[TQBR]
#   Total      Size       Bid       Ask      Size     Total
        0                                                 0 
       66        66   1952.50                                
{OPENPERIODPRICE=0.000000, CLSTATE=0.000000, PRICEMAX=2279.500000, ENDTIME=0.000000, STEPPRICET=0.000000, PREVPRICE=1935.500000, OPTIONBASE=0.000000, starttime=184503.000000, MIN_CURR_LAST=1952.000000, ISSUESIZE=147846489.000000, STEPPRICECL=0.000000, PRICEMIN=1593.000000, PREVLOTSIZE=0.000000, MARKETPRICETODAY=0.000000, BUYBACKPRICE=0.000000, MARKETPRICE2=0.000000, CLPRICE=0.000000, PREVSETTLEPRICE=0.000000, THEORPRICE=0.000000, plannedtime=184503.000000, MARKETPRICE=1941.000000, WAPRICE=1948.000000, ICHANGE=0.000000, OFFERDEPTH=0.000000, PRIMARYDIST=0.000000, LASTVALUE=0.000000, BGONP=0.000000, NEGVALTODAY=0.000000, STARTTIME=184503.000000, LOW=1935.000000, BASEPRICE=0.000000, IOPEN=0.000000, LCURRENTPRICE=1952.000000, MONSTARTTIME=0.000000, QUOTEBASIS=0.000000, BUYBACKDATE=0.000000, LCLOSEPRICE=0.000000, NEXTCOUPON=0.000000, MONENDTIME=0.000000, HIGHVAL=0.000000, ADMITTEDQUOTE=0.000000, OFFER=0.000000, YIELDATPREVWAPRICE=0.000000, VALTODAY=11359076.000000, SETTLEPRICE=0.000000, PCHANGE=0.000000, LOTSIZE=1.000000, LOWOFFER=1896.500000, ISPERCENT=0.000000, YIELD=0.000000, VOLTODAY=5831.000000, endtime=0.000000, MAXOUTVOLUME=0.000000, OPEN=1943.000000, CROSSRATE=0.000000, CURRENTVALUE=0.000000, NUMCONTRACTS=0.000000, PREVADMITTEDQUOT=1935.500000, COUPONVALUE=0.000000, BIDDEPTH=66.000000, LASTBID=1951.500000, DURATION=0.000000, LOWVAL=0.000000, imbalance=0.000000, HIGH=1957.000000, YIELDATWAPRICE=0.000000, STEPPRICEPRCL=0.000000, OFFERDEPTHT=0.000000, VALUE=1952.500000, marketvolb=0.000000, PERCENTRATE=0.000000, MIN_CURR_LAST_TI=184000.000000, auctvalue=9762.500000, EXPDATE=0.000000, LASTOFFER=1952.500000, QTY=1.000000, COUPONPERIOD=0.000000, CHANGETIME=0.000000, CURSTEPPRICE=0.000000, marketvols=0.000000, SELLDEPO=0.000000, EVNSTARTTIME=0.000000, LOTSIZECHANGEDAT=0.000000, NUMTRADES=573.000000, CLOSEPRICE=0.000000, HIGHBID=2020.000000, FACEVALUE=0.000000, PRICEMVTLIMITT1=0.000000, PRICEMVTLIMIT=0.000000, LOPENPRICE=0.000000, LAST=1952.500000, BUYPROFIT=0.000000, SELLPROFIT=0.000000, VOLATILITY=0.000000, CLOSETIME=0.000000, PREVWAPRICE=1941.000000, PREVLEGALCLOSEPR=1935.500000, BUYDEPO=0.000000, TRADECHANGE=0.000000, LASTTOPREVSTLPRC=0.000000, BIDDEPTHT=67.000000, auctvolume=5.000000, PREVDATE=20191113.000000, ACCRUEDINT=0.000000, NUMOFFERS=0.000000, CHANGE=17.000000, STRIKE=0.000000, EVNENDTIME=0.000000, BID=1952.500000, auctnumtrades=3.000000, TRADINGSTATUS=5.000000, LASTCHANGE=0.880000, CHNGCLOSE=0.000000, REALVMPRICE=0.000000, CLOSEYIELD=0.000000, TIME=184719.000000, MARG=0.000000, AUCTPRICE=1952.500000, STEPPRICE=0.000000, NUMBIDS=1.000000, SETTLECODE=8.000000, OPENVAL=0.000000, OPTIONTYPE=0.000000, BGOP=0.000000, NEGNUMTRADES=0.000000, PRICEMINUSPREVWAPRICE=0.000000, CHNGOPEN=0.000000}
2019-11-14T18:47:22.550518 - BANE[TQBR]
#   Total      Size       Bid       Ask      Size     Total
        0                                                 0 
       64        64   1952.50                                
{OPENPERIODPRICE=0.000000, CLSTATE=0.000000, PRICEMAX=2279.500000, ENDTIME=0.000000, STEPPRICET=0.000000, PREVPRICE=1935.500000, OPTIONBASE=0.000000, starttime=184503.000000, MIN_CURR_LAST=1952.000000, ISSUESIZE=147846489.000000, STEPPRICECL=0.000000, PRICEMIN=1593.000000, PREVLOTSIZE=0.000000, MARKETPRICETODAY=0.000000, BUYBACKPRICE=0.000000, MARKETPRICE2=0.000000, CLPRICE=0.000000, PREVSETTLEPRICE=0.000000, THEORPRICE=0.000000, plannedtime=184503.000000, MARKETPRICE=1941.000000, WAPRICE=1948.000000, ICHANGE=0.000000, OFFERDEPTH=0.000000, PRIMARYDIST=0.000000, LASTVALUE=0.000000, BGONP=0.000000, NEGVALTODAY=0.000000, STARTTIME=184503.000000, LOW=1935.000000, BASEPRICE=0.000000, IOPEN=0.000000, LCURRENTPRICE=1952.000000, MONSTARTTIME=0.000000, QUOTEBASIS=0.000000, BUYBACKDATE=0.000000, LCLOSEPRICE=0.000000, NEXTCOUPON=0.000000, MONENDTIME=0.000000, HIGHVAL=0.000000, ADMITTEDQUOTE=0.000000, OFFER=0.000000, YIELDATPREVWAPRICE=0.000000, VALTODAY=11362981.000000, SETTLEPRICE=0.000000, PCHANGE=0.000000, LOTSIZE=1.000000, LOWOFFER=1896.500000, ISPERCENT=0.000000, YIELD=0.000000, VOLTODAY=5833.000000, endtime=0.000000, MAXOUTVOLUME=0.000000, OPEN=1943.000000, CROSSRATE=0.000000, CURRENTVALUE=0.000000, NUMCONTRACTS=0.000000, PREVADMITTEDQUOT=1935.500000, COUPONVALUE=0.000000, BIDDEPTH=64.000000, LASTBID=1951.500000, DURATION=0.000000, LOWVAL=0.000000, imbalance=0.000000, HIGH=1957.000000, YIELDATWAPRICE=0.000000, STEPPRICEPRCL=0.000000, OFFERDEPTHT=0.000000, VALUE=3905.000000, marketvolb=0.000000, PERCENTRATE=0.000000, MIN_CURR_LAST_TI=184000.000000, auctvalue=13667.500000, EXPDATE=0.000000, LASTOFFER=1952.500000, QTY=2.000000, COUPONPERIOD=0.000000, CHANGETIME=0.000000, CURSTEPPRICE=0.000000, marketvols=0.000000, SELLDEPO=0.000000, EVNSTARTTIME=0.000000, LOTSIZECHANGEDAT=0.000000, NUMTRADES=574.000000, CLOSEPRICE=0.000000, HIGHBID=2020.000000, FACEVALUE=0.000000, PRICEMVTLIMITT1=0.000000, PRICEMVTLIMIT=0.000000, LOPENPRICE=0.000000, LAST=1952.500000, BUYPROFIT=0.000000, SELLPROFIT=0.000000, VOLATILITY=0.000000, CLOSETIME=0.000000, PREVWAPRICE=1941.000000, PREVLEGALCLOSEPR=1935.500000, BUYDEPO=0.000000, TRADECHANGE=0.000000, LASTTOPREVSTLPRC=0.000000, BIDDEPTHT=66.000000, auctvolume=7.000000, PREVDATE=20191113.000000, ACCRUEDINT=0.000000, NUMOFFERS=0.000000, CHANGE=17.000000, STRIKE=0.000000, EVNENDTIME=0.000000, BID=1952.500000, auctnumtrades=4.000000, TRADINGSTATUS=5.000000, LASTCHANGE=0.880000, CHNGCLOSE=0.000000, REALVMPRICE=0.000000, CLOSEYIELD=0.000000, TIME=184722.000000, MARG=0.000000, AUCTPRICE=1952.500000, STEPPRICE=0.000000, NUMBIDS=1.000000, SETTLECODE=8.000000, OPENVAL=0.000000, OPTIONTYPE=0.000000, BGOP=0.000000, NEGNUMTRADES=0.000000, PRICEMINUSPREVWAPRICE=0.000000, CHNGOPEN=0.000000}
2019-11-14T18:47:33.831768 - BANE[TQBR]
#   Total      Size       Bid       Ask      Size     Total
        0                                                 0 
       62        62   1952.50                                
{OPENPERIODPRICE=0.000000, CLSTATE=0.000000, PRICEMAX=2279.500000, ENDTIME=0.000000, STEPPRICET=0.000000, PREVPRICE=1935.500000, OPTIONBASE=0.000000, starttime=184503.000000, MIN_CURR_LAST=1952.000000, ISSUESIZE=147846489.000000, STEPPRICECL=0.000000, PRICEMIN=1593.000000, PREVLOTSIZE=0.000000, MARKETPRICETODAY=0.000000, BUYBACKPRICE=0.000000, MARKETPRICE2=0.000000, CLPRICE=0.000000, PREVSETTLEPRICE=0.000000, THEORPRICE=0.000000, plannedtime=184503.000000, MARKETPRICE=1941.000000, WAPRICE=1948.000000, ICHANGE=0.000000, OFFERDEPTH=0.000000, PRIMARYDIST=0.000000, LASTVALUE=0.000000, BGONP=0.000000, NEGVALTODAY=0.000000, STARTTIME=184503.000000, LOW=1935.000000, BASEPRICE=0.000000, IOPEN=0.000000, LCURRENTPRICE=1952.000000, MONSTARTTIME=0.000000, QUOTEBASIS=0.000000, BUYBACKDATE=0.000000, LCLOSEPRICE=0.000000, NEXTCOUPON=0.000000, MONENDTIME=0.000000, HIGHVAL=0.000000, ADMITTEDQUOTE=0.000000, OFFER=0.000000, YIELDATPREVWAPRICE=0.000000, VALTODAY=11366886.000000, SETTLEPRICE=0.000000, PCHANGE=0.000000, LOTSIZE=1.000000, LOWOFFER=1896.500000, ISPERCENT=0.000000, YIELD=0.000000, VOLTODAY=5835.000000, endtime=0.000000, MAXOUTVOLUME=0.000000, OPEN=1943.000000, CROSSRATE=0.000000, CURRENTVALUE=0.000000, NUMCONTRACTS=0.000000, PREVADMITTEDQUOT=1935.500000, COUPONVALUE=0.000000, BIDDEPTH=62.000000, LASTBID=1951.500000, DURATION=0.000000, LOWVAL=0.000000, imbalance=0.000000, HIGH=1957.000000, YIELDATWAPRICE=0.000000, STEPPRICEPRCL=0.000000, OFFERDEPTHT=0.000000, VALUE=3905.000000, marketvolb=0.000000, PERCENTRATE=0.000000, MIN_CURR_LAST_TI=184000.000000, auctvalue=17572.500000, EXPDATE=0.000000, LASTOFFER=1952.500000, QTY=2.000000, COUPONPERIOD=0.000000, CHANGETIME=0.000000, CURSTEPPRICE=0.000000, marketvols=0.000000, SELLDEPO=0.000000, EVNSTARTTIME=0.000000, LOTSIZECHANGEDAT=0.000000, NUMTRADES=575.000000, CLOSEPRICE=0.000000, HIGHBID=2020.000000, FACEVALUE=0.000000, PRICEMVTLIMITT1=0.000000, PRICEMVTLIMIT=0.000000, LOPENPRICE=0.000000, LAST=1952.500000, BUYPROFIT=0.000000, SELLPROFIT=0.000000, VOLATILITY=0.000000, CLOSETIME=0.000000, PREVWAPRICE=1941.000000, PREVLEGALCLOSEPR=1935.500000, BUYDEPO=0.000000, TRADECHANGE=0.000000, LASTTOPREVSTLPRC=0.000000, BIDDEPTHT=64.000000, auctvolume=9.000000, PREVDATE=20191113.000000, ACCRUEDINT=0.000000, NUMOFFERS=0.000000, CHANGE=17.000000, STRIKE=0.000000, EVNENDTIME=0.000000, BID=1952.500000, auctnumtrades=5.000000, TRADINGSTATUS=5.000000, LASTCHANGE=0.880000, CHNGCLOSE=0.000000, REALVMPRICE=0.000000, CLOSEYIELD=0.000000, TIME=184733.000000, MARG=0.000000, AUCTPRICE=1952.500000, STEPPRICE=0.000000, NUMBIDS=1.000000, SETTLECODE=8.000000, OPENVAL=0.000000, OPTIONTYPE=0.000000, BGOP=0.000000, NEGNUMTRADES=0.000000, PRICEMINUSPREVWAPRICE=0.000000, CHNGOPEN=0.000000}
2019-11-14T18:47:33.972393 - BANE[TQBR]
#   Total      Size       Bid       Ask      Size     Total
        0                                                 0 
       59        59   1952.50                                
{OPENPERIODPRICE=0.000000, CLSTATE=0.000000, PRICEMAX=2279.500000, ENDTIME=0.000000, STEPPRICET=0.000000, PREVPRICE=1935.500000, OPTIONBASE=0.000000, starttime=184503.000000, MIN_CURR_LAST=1952.000000, ISSUESIZE=147846489.000000, STEPPRICECL=0.000000, PRICEMIN=1593.000000, PREVLOTSIZE=0.000000, MARKETPRICETODAY=0.000000, BUYBACKPRICE=0.000000, MARKETPRICE2=0.000000, CLPRICE=0.000000, PREVSETTLEPRICE=0.000000, THEORPRICE=0.000000, plannedtime=184503.000000, MARKETPRICE=1941.000000, WAPRICE=1948.000000, ICHANGE=0.000000, OFFERDEPTH=0.000000, PRIMARYDIST=0.000000, LASTVALUE=0.000000, BGONP=0.000000, NEGVALTODAY=0.000000, STARTTIME=184503.000000, LOW=1935.000000, BASEPRICE=0.000000, IOPEN=0.000000, LCURRENTPRICE=1952.000000, MONSTARTTIME=0.000000, QUOTEBASIS=0.000000, BUYBACKDATE=0.000000, LCLOSEPRICE=0.000000, NEXTCOUPON=0.000000, MONENDTIME=0.000000, HIGHVAL=0.000000, ADMITTEDQUOTE=0.000000, OFFER=0.000000, YIELDATPREVWAPRICE=0.000000, VALTODAY=11372743.000000, SETTLEPRICE=0.000000, PCHANGE=0.000000, LOTSIZE=1.000000, LOWOFFER=1896.500000, ISPERCENT=0.000000, YIELD=0.000000, VOLTODAY=5838.000000, endtime=0.000000, MAXOUTVOLUME=0.000000, OPEN=1943.000000, CROSSRATE=0.000000, CURRENTVALUE=0.000000, NUMCONTRACTS=0.000000, PREVADMITTEDQUOT=1935.500000, COUPONVALUE=0.000000, BIDDEPTH=59.000000, LASTBID=1951.500000, DURATION=0.000000, LOWVAL=0.000000, imbalance=0.000000, HIGH=1957.000000, YIELDATWAPRICE=0.000000, STEPPRICEPRCL=0.000000, OFFERDEPTHT=0.000000, VALUE=5857.500000, marketvolb=0.000000, PERCENTRATE=0.000000, MIN_CURR_LAST_TI=184000.000000, auctvalue=23430.000000, EXPDATE=0.000000, LASTOFFER=1952.500000, QTY=3.000000, COUPONPERIOD=0.000000, CHANGETIME=0.000000, CURSTEPPRICE=0.000000, marketvols=0.000000, SELLDEPO=0.000000, EVNSTARTTIME=0.000000, LOTSIZECHANGEDAT=0.000000, NUMTRADES=576.000000, CLOSEPRICE=0.000000, HIGHBID=2020.000000, FACEVALUE=0.000000, PRICEMVTLIMITT1=0.000000, PRICEMVTLIMIT=0.000000, LOPENPRICE=0.000000, LAST=1952.500000, BUYPROFIT=0.000000, SELLPROFIT=0.000000, VOLATILITY=0.000000, CLOSETIME=0.000000, PREVWAPRICE=1941.000000, PREVLEGALCLOSEPR=1935.500000, BUYDEPO=0.000000, TRADECHANGE=0.000000, LASTTOPREVSTLPRC=0.000000, BIDDEPTHT=64.000000, auctvolume=12.000000, PREVDATE=20191113.000000, ACCRUEDINT=0.000000, NUMOFFERS=0.000000, CHANGE=17.000000, STRIKE=0.000000, EVNENDTIME=0.000000, BID=1952.500000, auctnumtrades=6.000000, TRADINGSTATUS=5.000000, LASTCHANGE=0.880000, CHNGCLOSE=0.000000, REALVMPRICE=0.000000, CLOSEYIELD=0.000000, TIME=184733.000000, MARG=0.000000, AUCTPRICE=1952.500000, STEPPRICE=0.000000, NUMBIDS=1.000000, SETTLECODE=8.000000, OPENVAL=0.000000, OPTIONTYPE=0.000000, BGOP=0.000000, NEGNUMTRADES=0.000000, PRICEMINUSPREVWAPRICE=0.000000, CHNGOPEN=0.000000}
