2019-11-14T18:40:10.003643 - RSTIP[TQBR]
#   Total      Size       Bid       Ask      Size     Total
        0                                                 0 
        1         1      1.45      1.45        18        18
       57        56      1.44      1.45        69        87
      142        85      1.44      1.45        90       177
      851       709      1.44      1.45         1       178
      855         4      1.44      1.45         3       181
      860         5      1.44      1.46         5       186
      861         1      1.44      1.46        84       270
      881        20      1.44      1.46        23       293
      888         7      1.43      1.46        63       356
      933        45      1.43      1.46       100       456
      940         7      1.43      1.46        82       538
     1050       110      1.43      1.46        63       601
     1269       219      1.43      1.46         4       605
     1271         2      1.43      1.46       151       756
     1281        10      1.43      1.46        10       766
     1282         1      1.43      1.47       224       990
     1299        17      1.43      1.47         6       996
     1300         1      1.43      1.47         1       997
     1301         1      1.42      1.47        33      1030
     1306         5      1.42      1.47        51      1081
{OPENPERIODPRICE=0.000000, CLSTATE=0.000000, PRICEMAX=1.813000, ENDTIME=95932.000000, STEPPRICET=0.000000, PREVPRICE=1.447000, OPTIONBASE=0.000000, starttime=95000.000000, MIN_CURR_LAST=1.448000, ISSUESIZE=2075149384.000000, STEPPRICECL=0.000000, PRICEMIN=1.083000, PREVLOTSIZE=0.000000, MARKETPRICETODAY=0.000000, BUYBACKPRICE=0.000000, MARKETPRICE2=0.000000, CLPRICE=0.000000, PREVSETTLEPRICE=0.000000, THEORPRICE=0.000000, plannedtime=95000.000000, MARKETPRICE=1.447000, WAPRICE=1.447000, ICHANGE=0.000000, OFFERDEPTH=18.000000, PRIMARYDIST=0.000000, LASTVALUE=0.000000, BGONP=0.000000, NEGVALTODAY=0.000000, STARTTIME=95000.000000, LOW=1.440000, BASEPRICE=0.000000, IOPEN=0.000000, LCURRENTPRICE=1.448000, MONSTARTTIME=0.000000, QUOTEBASIS=0.000000, BUYBACKDATE=0.000000, LCLOSEPRICE=0.000000, NEXTCOUPON=0.000000, MONENDTIME=0.000000, HIGHVAL=0.000000, ADMITTEDQUOTE=0.000000, OFFER=1.449000, YIELDATPREVWAPRICE=0.000000, VALTODAY=5371221.000000, SETTLEPRICE=0.000000, PCHANGE=0.000000, LOTSIZE=1000.000000, LOWOFFER=1.400000, ISPERCENT=0.000000, YIELD=0.000000, VOLTODAY=3711000.000000, endtime=95932.000000, MAXOUTVOLUME=0.000000, OPEN=1.452000, CROSSRATE=0.000000, CURRENTVALUE=0.000000, NUMCONTRACTS=0.000000, PREVADMITTEDQUOT=1.447000, COUPONVALUE=0.000000, BIDDEPTH=1.000000, LASTBID=1.445000, DURATION=0.000000, LOWVAL=0.000000, imbalance=0.000000, HIGH=1.462000, YIELDATWAPRICE=0.000000, STEPPRICEPRCL=0.000000, OFFERDEPTHT=3787.000000, VALUE=1449.000000, marketvolb=0.000000, PERCENTRATE=0.000000, MIN_CURR_LAST_TI=182200.000000, auctvalue=0.000000, EXPDATE=0.000000, LASTOFFER=1.449000, QTY=1.000000, COUPONPERIOD=0.000000, CHANGETIME=0.000000, CURSTEPPRICE=0.000000, marketvols=0.000000, SELLDEPO=0.000000, EVNSTARTTIME=0.000000, LOTSIZECHANGEDAT=0.000000, NUMTRADES=515.000000, CLOSEPRICE=0.000000, HIGHBID=1.500000, FACEVALUE=0.000000, PRICEMVTLIMITT1=0.000000, PRICEMVTLIMIT=0.000000, LOPENPRICE=0.000000, LAST=1.449000, BUYPROFIT=0.000000, SELLPROFIT=0.000000, VOLATILITY=0.000000, CLOSETIME=0.000000, PREVWAPRICE=1.447000, PREVLEGALCLOSEPR=1.447000, BUYDEPO=0.000000, TRADECHANGE=0.000000, LASTTOPREVSTLPRC=0.000000, BIDDEPTHT=2018.000000, auctvolume=0.000000, PREVDATE=20191113.000000, ACCRUEDINT=0.000000, NUMOFFERS=147.000000, CHANGE=0.002000, STRIKE=0.000000, EVNENDTIME=0.000000, BID=1.445000, auctnumtrades=0.000000, TRADINGSTATUS=4.000000, LASTCHANGE=0.140000, CHNGCLOSE=0.000000, REALVMPRICE=0.000000, CLOSEYIELD=0.000000, TIME=183401.000000, MARG=0.000000, AUCTPRICE=1.448000, STEPPRICE=0.000000, NUMBIDS=125.000000, SETTLECODE=8.000000, OPENVAL=0.000000, OPTIONTYPE=0.000000, BGOP=0.000000, NEGNUMTRADES=0.000000, PRICEMINUSPREVWAPRICE=0.000000, CHNGOPEN=0.000000}
2019-11-14T18:40:26.050518 - RSTIP[TQBR]
#   Total      Size       Bid       Ask      Size     Total
        0                                                 0 
        1         1      1.45      1.45        18        18
       57        56      1.44      1.45        69        87
      142        85      1.44      1.45        90       177
      851       709      1.44      1.45         1       178
      855         4      1.44      1.45         3       181
      860         5      1.44      1.46         5       186
      861         1      1.44      1.46        84       270
      881        20      1.44      1.46        23       293
      888         7      1.43      1.46        63       356
      933        45      1.43      1.46       100       456
      940         7      1.43      1.46        82       538
     1050       110      1.43      1.46        63       601
     1269       219      1.43      1.46         4       605
     1271         2      1.43      1.46       151       756
     1281        10      1.43      1.46        10       766
     1282         1      1.43      1.47       224       990
     1298        16      1.43      1.47         6       996
     1299         1      1.43      1.47         1       997
     1300         1      1.42      1.47        33      1030
     1305         5      1.42      1.47        51      1081
{OPENPERIODPRICE=0.000000, CLSTATE=0.000000, PRICEMAX=1.813000, ENDTIME=0.000000, STEPPRICET=0.000000, PREVPRICE=1.447000, OPTIONBASE=0.000000, starttime=184001.000000, MIN_CURR_LAST=1.448000, ISSUESIZE=2075149384.000000, STEPPRICECL=0.000000, PRICEMIN=1.083000, PREVLOTSIZE=0.000000, MARKETPRICETODAY=0.000000, BUYBACKPRICE=0.000000, MARKETPRICE2=0.000000, CLPRICE=0.000000, PREVSETTLEPRICE=0.000000, THEORPRICE=0.000000, plannedtime=184001.000000, MARKETPRICE=1.447000, WAPRICE=1.447000, ICHANGE=0.000000, OFFERDEPTH=18.000000, PRIMARYDIST=0.000000, LASTVALUE=0.000000, BGONP=0.000000, NEGVALTODAY=0.000000, STARTTIME=184001.000000, LOW=1.440000, BASEPRICE=0.000000, IOPEN=0.000000, LCURRENTPRICE=1.448000, MONSTARTTIME=0.000000, QUOTEBASIS=0.000000, BUYBACKDATE=0.000000, LCLOSEPRICE=0.000000, NEXTCOUPON=0.000000, MONENDTIME=0.000000, HIGHVAL=0.000000, ADMITTEDQUOTE=0.000000, OFFER=1.449000, YIELDATPREVWAPRICE=0.000000, VALTODAY=5371221.000000, SETTLEPRICE=0.000000, PCHANGE=0.000000, LOTSIZE=1000.000000, LOWOFFER=1.400000, ISPERCENT=0.000000, YIELD=0.000000, VOLTODAY=3711000.000000, endtime=0.000000, MAXOUTVOLUME=0.000000, OPEN=1.452000, CROSSRATE=0.000000, CURRENTVALUE=0.000000, NUMCONTRACTS=0.000000, PREVADMITTEDQUOT=1.447000, COUPONVALUE=0.000000, BIDDEPTH=1.000000, LASTBID=1.445000, DURATION=0.000000, LOWVAL=0.000000, imbalance=0.000000, HIGH=1.462000, YIELDATWAPRICE=0.000000, STEPPRICEPRCL=0.000000, OFFERDEPTHT=3787.000000, VALUE=1449.000000, marketvolb=0.000000, PERCENTRATE=0.000000, MIN_CURR_LAST_TI=182200.000000, auctvalue=0.000000, EXPDATE=0.000000, LASTOFFER=1.449000, QTY=1.000000, COUPONPERIOD=0.000000, CHANGETIME=0.000000, CURSTEPPRICE=0.000000, marketvols=0.000000, SELLDEPO=0.000000, EVNSTARTTIME=0.000000, LOTSIZECHANGEDAT=0.000000, NUMTRADES=515.000000, CLOSEPRICE=0.000000, HIGHBID=1.500000, FACEVALUE=0.000000, PRICEMVTLIMITT1=0.000000, PRICEMVTLIMIT=0.000000, LOPENPRICE=0.000000, LAST=1.449000, BUYPROFIT=0.000000, SELLPROFIT=0.000000, VOLATILITY=0.000000, CLOSETIME=0.000000, PREVWAPRICE=1.447000, PREVLEGALCLOSEPR=1.447000, BUYDEPO=0.000000, TRADECHANGE=0.000000, LASTTOPREVSTLPRC=0.000000, BIDDEPTHT=2017.000000, auctvolume=0.000000, PREVDATE=20191113.000000, ACCRUEDINT=0.000000, NUMOFFERS=147.000000, CHANGE=0.002000, STRIKE=0.000000, EVNENDTIME=0.000000, BID=1.445000, auctnumtrades=0.000000, TRADINGSTATUS=4.000000, LASTCHANGE=0.140000, CHNGCLOSE=0.000000, REALVMPRICE=0.000000, CLOSEYIELD=0.000000, TIME=183401.000000, MARG=0.000000, AUCTPRICE=1.448000, STEPPRICE=0.000000, NUMBIDS=124.000000, SETTLECODE=8.000000, OPENVAL=0.000000, OPTIONTYPE=0.000000, BGOP=0.000000, NEGNUMTRADES=0.000000, PRICEMINUSPREVWAPRICE=0.000000, CHNGOPEN=0.000000}
2019-11-14T18:41:59.909893 - RSTIP[TQBR]
#   Total      Size       Bid       Ask      Size     Total
        0                                                 0 
        1         1      1.45      1.45        18        18
       57        56      1.44      1.45        69        87
      147        90      1.44      1.45        90       177
      856       709      1.44      1.45         1       178
      860         4      1.44      1.45         3       181
      865         5      1.44      1.46         5       186
      866         1      1.44      1.46        84       270
      886        20      1.44      1.46        23       293
      893         7      1.43      1.46        63       356
      938        45      1.43      1.46       100       456
      945         7      1.43      1.46        82       538
     1055       110      1.43      1.46        63       601
     1274       219      1.43      1.46         4       605
     1276         2      1.43      1.46       151       756
     1286        10      1.43      1.46        10       766
     1287         1      1.43      1.47       224       990
     1303        16      1.43      1.47         6       996
     1304         1      1.43      1.47         1       997
     1305         1      1.42      1.47        33      1030
     1310         5      1.42      1.47        51      1081
{OPENPERIODPRICE=0.000000, CLSTATE=0.000000, PRICEMAX=1.813000, ENDTIME=0.000000, STEPPRICET=0.000000, PREVPRICE=1.447000, OPTIONBASE=0.000000, starttime=184001.000000, MIN_CURR_LAST=1.448000, ISSUESIZE=2075149384.000000, STEPPRICECL=0.000000, PRICEMIN=1.083000, PREVLOTSIZE=0.000000, MARKETPRICETODAY=0.000000, BUYBACKPRICE=0.000000, MARKETPRICE2=0.000000, CLPRICE=0.000000, PREVSETTLEPRICE=0.000000, THEORPRICE=0.000000, plannedtime=184001.000000, MARKETPRICE=1.447000, WAPRICE=1.447000, ICHANGE=0.000000, OFFERDEPTH=18.000000, PRIMARYDIST=0.000000, LASTVALUE=0.000000, BGONP=0.000000, NEGVALTODAY=0.000000, STARTTIME=184001.000000, LOW=1.440000, BASEPRICE=0.000000, IOPEN=0.000000, LCURRENTPRICE=1.448000, MONSTARTTIME=0.000000, QUOTEBASIS=0.000000, BUYBACKDATE=0.000000, LCLOSEPRICE=0.000000, NEXTCOUPON=0.000000, MONENDTIME=0.000000, HIGHVAL=0.000000, ADMITTEDQUOTE=0.000000, OFFER=1.449000, YIELDATPREVWAPRICE=0.000000, VALTODAY=5371221.000000, SETTLEPRICE=0.000000, PCHANGE=0.000000, LOTSIZE=1000.000000, LOWOFFER=1.400000, ISPERCENT=0.000000, YIELD=0.000000, VOLTODAY=3711000.000000, endtime=0.000000, MAXOUTVOLUME=0.000000, OPEN=1.452000, CROSSRATE=0.000000, CURRENTVALUE=0.000000, NUMCONTRACTS=0.000000, PREVADMITTEDQUOT=1.447000, COUPONVALUE=0.000000, BIDDEPTH=1.000000, LASTBID=1.445000, DURATION=0.000000, LOWVAL=0.000000, imbalance=0.000000, HIGH=1.462000, YIELDATWAPRICE=0.000000, STEPPRICEPRCL=0.000000, OFFERDEPTHT=3787.000000, VALUE=1449.000000, marketvolb=0.000000, PERCENTRATE=0.000000, MIN_CURR_LAST_TI=182200.000000, auctvalue=0.000000, EXPDATE=0.000000, LASTOFFER=1.449000, QTY=1.000000, COUPONPERIOD=0.000000, CHANGETIME=0.000000, CURSTEPPRICE=0.000000, marketvols=0.000000, SELLDEPO=0.000000, EVNSTARTTIME=0.000000, LOTSIZECHANGEDAT=0.000000, NUMTRADES=515.000000, CLOSEPRICE=0.000000, HIGHBID=1.500000, FACEVALUE=0.000000, PRICEMVTLIMITT1=0.000000, PRICEMVTLIMIT=0.000000, LOPENPRICE=0.000000, LAST=1.449000, BUYPROFIT=0.000000, SELLPROFIT=0.000000, VOLATILITY=0.000000, CLOSETIME=0.000000, PREVWAPRICE=1.447000, PREVLEGALCLOSEPR=1.447000, BUYDEPO=0.000000, TRADECHANGE=0.000000, LASTTOPREVSTLPRC=0.000000, BIDDEPTHT=2003.000000, auctvolume=0.000000, PREVDATE=20191113.000000, ACCRUEDINT=0.000000, NUMOFFERS=147.000000, CHANGE=0.002000, STRIKE=0.000000, EVNENDTIME=0.000000, BID=1.445000, auctnumtrades=0.000000, TRADINGSTATUS=4.000000, LASTCHANGE=0.140000, CHNGCLOSE=0.000000, REALVMPRICE=0.000000, CLOSEYIELD=0.000000, TIME=183401.000000, MARG=0.000000, AUCTPRICE=1.448000, STEPPRICE=0.000000, NUMBIDS=119.000000, SETTLECODE=8.000000, OPENVAL=0.000000, OPTIONTYPE=0.000000, BGOP=0.000000, NEGNUMTRADES=0.000000, PRICEMINUSPREVWAPRICE=0.000000, CHNGOPEN=0.000000}
2019-11-14T18:45:23.597393 - RSTIP[TQBR]
#   Total      Size       Bid       Ask      Size     Total
        0                                                 0 
        1         1      1.45      1.45        18        18
       57        56      1.44      1.45        69        87
      147        90      1.44      1.45        90       177
      856       709      1.44      1.45         3       180
      860         4      1.44      1.46         5       185
      865         5      1.44      1.46        84       269
      866         1      1.44      1.46        23       292
      886        20      1.44      1.46        63       355
      893         7      1.43      1.46       100       455
      938        45      1.43      1.46        82       537
      945         7      1.43      1.46        63       600
     1055       110      1.43      1.46         4       604
     1274       219      1.43      1.46       151       755
     1276         2      1.43      1.46        10       765
     1286        10      1.43      1.47       224       989
     1287         1      1.43      1.47         6       995
     1303        16      1.43      1.47         1       996
     1304         1      1.43      1.47        33      1029
     1305         1      1.42      1.47        51      1080
     1310         5      1.42      1.47       148      1228
{OPENPERIODPRICE=0.000000, CLSTATE=0.000000, PRICEMAX=1.813000, ENDTIME=0.000000, STEPPRICET=0.000000, PREVPRICE=1.447000, OPTIONBASE=0.000000, starttime=184001.000000, MIN_CURR_LAST=1.448000, ISSUESIZE=2075149384.000000, STEPPRICECL=0.000000, PRICEMIN=1.083000, PREVLOTSIZE=0.000000, MARKETPRICETODAY=0.000000, BUYBACKPRICE=0.000000, MARKETPRICE2=0.000000, CLPRICE=0.000000, PREVSETTLEPRICE=0.000000, THEORPRICE=0.000000, plannedtime=184001.000000, MARKETPRICE=1.447000, WAPRICE=1.447000, ICHANGE=0.000000, OFFERDEPTH=18.000000, PRIMARYDIST=0.000000, LASTVALUE=0.000000, BGONP=0.000000, NEGVALTODAY=0.000000, STARTTIME=184001.000000, LOW=1.440000, BASEPRICE=0.000000, IOPEN=0.000000, LCURRENTPRICE=1.448000, MONSTARTTIME=0.000000, QUOTEBASIS=0.000000, BUYBACKDATE=0.000000, LCLOSEPRICE=0.000000, NEXTCOUPON=0.000000, MONENDTIME=0.000000, HIGHVAL=0.000000, ADMITTEDQUOTE=0.000000, OFFER=1.449000, YIELDATPREVWAPRICE=0.000000, VALTODAY=5371221.000000, SETTLEPRICE=0.000000, PCHANGE=0.000000, LOTSIZE=1000.000000, LOWOFFER=1.400000, ISPERCENT=0.000000, YIELD=0.000000, VOLTODAY=3711000.000000, endtime=0.000000, MAXOUTVOLUME=0.000000, OPEN=1.452000, CROSSRATE=0.000000, CURRENTVALUE=0.000000, NUMCONTRACTS=0.000000, PREVADMITTEDQUOT=1.447000, COUPONVALUE=0.000000, BIDDEPTH=1.000000, LASTBID=1.445000, DURATION=0.000000, LOWVAL=0.000000, imbalance=0.000000, HIGH=1.462000, YIELDATWAPRICE=0.000000, STEPPRICEPRCL=0.000000, OFFERDEPTHT=3787.000000, VALUE=1449.000000, marketvolb=0.000000, PERCENTRATE=0.000000, MIN_CURR_LAST_TI=182200.000000, auctvalue=0.000000, EXPDATE=0.000000, LASTOFFER=1.449000, QTY=1.000000, COUPONPERIOD=0.000000, CHANGETIME=0.000000, CURSTEPPRICE=0.000000, marketvols=0.000000, SELLDEPO=0.000000, EVNSTARTTIME=0.000000, LOTSIZECHANGEDAT=0.000000, NUMTRADES=515.000000, CLOSEPRICE=0.000000, HIGHBID=1.500000, FACEVALUE=0.000000, PRICEMVTLIMITT1=0.000000, PRICEMVTLIMIT=0.000000, LOPENPRICE=0.000000, LAST=1.449000, BUYPROFIT=0.000000, SELLPROFIT=0.000000, VOLATILITY=0.000000, CLOSETIME=0.000000, PREVWAPRICE=1.447000, PREVLEGALCLOSEPR=1.447000, BUYDEPO=0.000000, TRADECHANGE=0.000000, LASTTOPREVSTLPRC=0.000000, BIDDEPTHT=2008.000000, auctvolume=0.000000, PREVDATE=20191113.000000, ACCRUEDINT=0.000000, NUMOFFERS=147.000000, CHANGE=0.002000, STRIKE=0.000000, EVNENDTIME=0.000000, BID=1.445000, auctnumtrades=0.000000, TRADINGSTATUS=4.000000, LASTCHANGE=0.140000, CHNGCLOSE=0.000000, REALVMPRICE=0.000000, CLOSEYIELD=0.000000, TIME=183401.000000, MARG=0.000000, AUCTPRICE=1.448000, STEPPRICE=0.000000, NUMBIDS=120.000000, SETTLECODE=8.000000, OPENVAL=0.000000, OPTIONTYPE=0.000000, BGOP=0.000000, NEGNUMTRADES=0.000000, PRICEMINUSPREVWAPRICE=0.000000, CHNGOPEN=0.000000}
2019-11-14T18:45:36.519268 - RSTIP[TQBR]
#   Total      Size       Bid       Ask      Size     Total
        0                                                 0 
        1         1      1.45      1.45        18        18
       57        56      1.44      1.45        69        87
      147        90      1.44      1.45        90       177
      856       709      1.44      1.45         3       180
      860         4      1.44      1.46         5       185
      865         5      1.44      1.46        84       269
      866         1      1.44      1.46        22       291
      886        20      1.44      1.46        63       354
      893         7      1.43      1.46       100       454
      938        45      1.43      1.46        82       536
      945         7      1.43      1.46        63       599
     1055       110      1.43      1.46         4       603
     1274       219      1.43      1.46       151       754
     1276         2      1.43      1.46        10       764
     1286        10      1.43      1.47       224       988
     1287         1      1.43      1.47         6       994
     1303        16      1.43      1.47         1       995
     1304         1      1.43      1.47        33      1028
     1305         1      1.42      1.47        51      1079
     1310         5      1.42      1.47       148      1227
{OPENPERIODPRICE=0.000000, CLSTATE=0.000000, PRICEMAX=1.813000, ENDTIME=0.000000, STEPPRICET=0.000000, PREVPRICE=1.447000, OPTIONBASE=0.000000, starttime=184001.000000, MIN_CURR_LAST=1.448000, ISSUESIZE=2075149384.000000, STEPPRICECL=0.000000, PRICEMIN=1.083000, PREVLOTSIZE=0.000000, MARKETPRICETODAY=0.000000, BUYBACKPRICE=0.000000, MARKETPRICE2=0.000000, CLPRICE=0.000000, PREVSETTLEPRICE=0.000000, THEORPRICE=0.000000, plannedtime=184001.000000, MARKETPRICE=1.447000, WAPRICE=1.447000, ICHANGE=0.000000, OFFERDEPTH=18.000000, PRIMARYDIST=0.000000, LASTVALUE=0.000000, BGONP=0.000000, NEGVALTODAY=0.000000, STARTTIME=184001.000000, LOW=1.440000, BASEPRICE=0.000000, IOPEN=0.000000, LCURRENTPRICE=1.448000, MONSTARTTIME=0.000000, QUOTEBASIS=0.000000, BUYBACKDATE=0.000000, LCLOSEPRICE=0.000000, NEXTCOUPON=0.000000, MONENDTIME=0.000000, HIGHVAL=0.000000, ADMITTEDQUOTE=0.000000, OFFER=1.449000, YIELDATPREVWAPRICE=0.000000, VALTODAY=5371221.000000, SETTLEPRICE=0.000000, PCHANGE=0.000000, LOTSIZE=1000.000000, LOWOFFER=1.400000, ISPERCENT=0.000000, YIELD=0.000000, VOLTODAY=3711000.000000, endtime=0.000000, MAXOUTVOLUME=0.000000, OPEN=1.452000, CROSSRATE=0.000000, CURRENTVALUE=0.000000, NUMCONTRACTS=0.000000, PREVADMITTEDQUOT=1.447000, COUPONVALUE=0.000000, BIDDEPTH=1.000000, LASTBID=1.445000, DURATION=0.000000, LOWVAL=0.000000, imbalance=0.000000, HIGH=1.462000, YIELDATWAPRICE=0.000000, STEPPRICEPRCL=0.000000, OFFERDEPTHT=3786.000000, VALUE=1449.000000, marketvolb=0.000000, PERCENTRATE=0.000000, MIN_CURR_LAST_TI=182200.000000, auctvalue=0.000000, EXPDATE=0.000000, LASTOFFER=1.449000, QTY=1.000000, COUPONPERIOD=0.000000, CHANGETIME=0.000000, CURSTEPPRICE=0.000000, marketvols=0.000000, SELLDEPO=0.000000, EVNSTARTTIME=0.000000, LOTSIZECHANGEDAT=0.000000, NUMTRADES=515.000000, CLOSEPRICE=0.000000, HIGHBID=1.500000, FACEVALUE=0.000000, PRICEMVTLIMITT1=0.000000, PRICEMVTLIMIT=0.000000, LOPENPRICE=0.000000, LAST=1.449000, BUYPROFIT=0.000000, SELLPROFIT=0.000000, VOLATILITY=0.000000, CLOSETIME=0.000000, PREVWAPRICE=1.447000, PREVLEGALCLOSEPR=1.447000, BUYDEPO=0.000000, TRADECHANGE=0.000000, LASTTOPREVSTLPRC=0.000000, BIDDEPTHT=2008.000000, auctvolume=0.000000, PREVDATE=20191113.000000, ACCRUEDINT=0.000000, NUMOFFERS=146.000000, CHANGE=0.002000, STRIKE=0.000000, EVNENDTIME=0.000000, BID=1.445000, auctnumtrades=0.000000, TRADINGSTATUS=4.000000, LASTCHANGE=0.140000, CHNGCLOSE=0.000000, REALVMPRICE=0.000000, CLOSEYIELD=0.000000, TIME=183401.000000, MARG=0.000000, AUCTPRICE=1.448000, STEPPRICE=0.000000, NUMBIDS=120.000000, SETTLECODE=8.000000, OPENVAL=0.000000, OPTIONTYPE=0.000000, BGOP=0.000000, NEGNUMTRADES=0.000000, PRICEMINUSPREVWAPRICE=0.000000, CHNGOPEN=0.000000}
2019-11-14T18:45:41.816143 - RSTIP[TQBR]
#   Total      Size       Bid       Ask      Size     Total
        0                                                 0 
        1         1      1.45      1.45        18        18
       57        56      1.44      1.45        69        87
      147        90      1.44      1.45        90       177
      856       709      1.44      1.45         3       180
      860         4      1.44      1.46         5       185
      865         5      1.44      1.46        84       269
      866         1      1.44      1.46        22       291
      886        20      1.44      1.46        63       354
      893         7      1.43      1.46       100       454
      938        45      1.43      1.46        82       536
      945         7      1.43      1.46        63       599
     1055       110      1.43      1.46         3       602
     1274       219      1.43      1.46       151       753
     1276         2      1.43      1.46        10       763
     1286        10      1.43      1.47       224       987
     1287         1      1.43      1.47         6       993
     1303        16      1.43      1.47         1       994
     1304         1      1.43      1.47        33      1027
     1305         1      1.42      1.47        51      1078
     1310         5      1.42      1.47       148      1226
{OPENPERIODPRICE=0.000000, CLSTATE=0.000000, PRICEMAX=1.813000, ENDTIME=0.000000, STEPPRICET=0.000000, PREVPRICE=1.447000, OPTIONBASE=0.000000, starttime=184001.000000, MIN_CURR_LAST=1.448000, ISSUESIZE=2075149384.000000, STEPPRICECL=0.000000, PRICEMIN=1.083000, PREVLOTSIZE=0.000000, MARKETPRICETODAY=0.000000, BUYBACKPRICE=0.000000, MARKETPRICE2=0.000000, CLPRICE=0.000000, PREVSETTLEPRICE=0.000000, THEORPRICE=0.000000, plannedtime=184001.000000, MARKETPRICE=1.447000, WAPRICE=1.447000, ICHANGE=0.000000, OFFERDEPTH=18.000000, PRIMARYDIST=0.000000, LASTVALUE=0.000000, BGONP=0.000000, NEGVALTODAY=0.000000, STARTTIME=184001.000000, LOW=1.440000, BASEPRICE=0.000000, IOPEN=0.000000, LCURRENTPRICE=1.448000, MONSTARTTIME=0.000000, QUOTEBASIS=0.000000, BUYBACKDATE=0.000000, LCLOSEPRICE=0.000000, NEXTCOUPON=0.000000, MONENDTIME=0.000000, HIGHVAL=0.000000, ADMITTEDQUOTE=0.000000, OFFER=1.449000, YIELDATPREVWAPRICE=0.000000, VALTODAY=5371221.000000, SETTLEPRICE=0.000000, PCHANGE=0.000000, LOTSIZE=1000.000000, LOWOFFER=1.400000, ISPERCENT=0.000000, YIELD=0.000000, VOLTODAY=3711000.000000, endtime=0.000000, MAXOUTVOLUME=0.000000, OPEN=1.452000, CROSSRATE=0.000000, CURRENTVALUE=0.000000, NUMCONTRACTS=0.000000, PREVADMITTEDQUOT=1.447000, COUPONVALUE=0.000000, BIDDEPTH=1.000000, LASTBID=1.445000, DURATION=0.000000, LOWVAL=0.000000, imbalance=0.000000, HIGH=1.462000, YIELDATWAPRICE=0.000000, STEPPRICEPRCL=0.000000, OFFERDEPTHT=3785.000000, VALUE=1449.000000, marketvolb=0.000000, PERCENTRATE=0.000000, MIN_CURR_LAST_TI=182200.000000, auctvalue=0.000000, EXPDATE=0.000000, LASTOFFER=1.449000, QTY=1.000000, COUPONPERIOD=0.000000, CHANGETIME=0.000000, CURSTEPPRICE=0.000000, marketvols=0.000000, SELLDEPO=0.000000, EVNSTARTTIME=0.000000, LOTSIZECHANGEDAT=0.000000, NUMTRADES=515.000000, CLOSEPRICE=0.000000, HIGHBID=1.500000, FACEVALUE=0.000000, PRICEMVTLIMITT1=0.000000, PRICEMVTLIMIT=0.000000, LOPENPRICE=0.000000, LAST=1.449000, BUYPROFIT=0.000000, SELLPROFIT=0.000000, VOLATILITY=0.000000, CLOSETIME=0.000000, PREVWAPRICE=1.447000, PREVLEGALCLOSEPR=1.447000, BUYDEPO=0.000000, TRADECHANGE=0.000000, LASTTOPREVSTLPRC=0.000000, BIDDEPTHT=2008.000000, auctvolume=0.000000, PREVDATE=20191113.000000, ACCRUEDINT=0.000000, NUMOFFERS=145.000000, CHANGE=0.002000, STRIKE=0.000000, EVNENDTIME=0.000000, BID=1.445000, auctnumtrades=0.000000, TRADINGSTATUS=4.000000, LASTCHANGE=0.140000, CHNGCLOSE=0.000000, REALVMPRICE=0.000000, CLOSEYIELD=0.000000, TIME=183401.000000, MARG=0.000000, AUCTPRICE=1.448000, STEPPRICE=0.000000, NUMBIDS=120.000000, SETTLECODE=8.000000, OPENVAL=0.000000, OPTIONTYPE=0.000000, BGOP=0.000000, NEGNUMTRADES=0.000000, PRICEMINUSPREVWAPRICE=0.000000, CHNGOPEN=0.000000}
2019-11-14T18:45:42.831768 - RSTIP[TQBR]
#   Total      Size       Bid       Ask      Size     Total
        0                                                 0 
        1         1      1.45      1.45        18        18
       57        56      1.44      1.45        69        87
      147        90      1.44      1.45        90       177
      856       709      1.44      1.45         3       180
      860         4      1.44      1.46         5       185
      865         5      1.44      1.46        84       269
      866         1      1.44      1.46        22       291
      886        20      1.44      1.46        63       354
      893         7      1.43      1.46       100       454
      938        45      1.43      1.46        82       536
      945         7      1.43      1.46        63       599
     1055       110      1.43      1.46         3       602
     1274       219      1.43      1.46       151       753
     1276         2      1.43      1.46        10       763
     1286        10      1.43      1.47       224       987
     1287         1      1.43      1.47         6       993
     1303        16      1.43      1.47        33      1026
     1304         1      1.43      1.47        51      1077
     1305         1      1.42      1.47       148      1225
     1310         5      1.42      1.47         2      1227
{OPENPERIODPRICE=0.000000, CLSTATE=0.000000, PRICEMAX=1.813000, ENDTIME=0.000000, STEPPRICET=0.000000, PREVPRICE=1.447000, OPTIONBASE=0.000000, starttime=184001.000000, MIN_CURR_LAST=1.448000, ISSUESIZE=2075149384.000000, STEPPRICECL=0.000000, PRICEMIN=1.083000, PREVLOTSIZE=0.000000, MARKETPRICETODAY=0.000000, BUYBACKPRICE=0.000000, MARKETPRICE2=0.000000, CLPRICE=0.000000, PREVSETTLEPRICE=0.000000, THEORPRICE=0.000000, plannedtime=184001.000000, MARKETPRICE=1.447000, WAPRICE=1.447000, ICHANGE=0.000000, OFFERDEPTH=18.000000, PRIMARYDIST=0.000000, LASTVALUE=0.000000, BGONP=0.000000, NEGVALTODAY=0.000000, STARTTIME=184001.000000, LOW=1.440000, BASEPRICE=0.000000, IOPEN=0.000000, LCURRENTPRICE=1.448000, MONSTARTTIME=0.000000, QUOTEBASIS=0.000000, BUYBACKDATE=0.000000, LCLOSEPRICE=0.000000, NEXTCOUPON=0.000000, MONENDTIME=0.000000, HIGHVAL=0.000000, ADMITTEDQUOTE=0.000000, OFFER=1.449000, YIELDATPREVWAPRICE=0.000000, VALTODAY=5371221.000000, SETTLEPRICE=0.000000, PCHANGE=0.000000, LOTSIZE=1000.000000, LOWOFFER=1.400000, ISPERCENT=0.000000, YIELD=0.000000, VOLTODAY=3711000.000000, endtime=0.000000, MAXOUTVOLUME=0.000000, OPEN=1.452000, CROSSRATE=0.000000, CURRENTVALUE=0.000000, NUMCONTRACTS=0.000000, PREVADMITTEDQUOT=1.447000, COUPONVALUE=0.000000, BIDDEPTH=1.000000, LASTBID=1.445000, DURATION=0.000000, LOWVAL=0.000000, imbalance=0.000000, HIGH=1.462000, YIELDATWAPRICE=0.000000, STEPPRICEPRCL=0.000000, OFFERDEPTHT=3784.000000, VALUE=1449.000000, marketvolb=0.000000, PERCENTRATE=0.000000, MIN_CURR_LAST_TI=182200.000000, auctvalue=0.000000, EXPDATE=0.000000, LASTOFFER=1.449000, QTY=1.000000, COUPONPERIOD=0.000000, CHANGETIME=0.000000, CURSTEPPRICE=0.000000, marketvols=0.000000, SELLDEPO=0.000000, EVNSTARTTIME=0.000000, LOTSIZECHANGEDAT=0.000000, NUMTRADES=515.000000, CLOSEPRICE=0.000000, HIGHBID=1.500000, FACEVALUE=0.000000, PRICEMVTLIMITT1=0.000000, PRICEMVTLIMIT=0.000000, LOPENPRICE=0.000000, LAST=1.449000, BUYPROFIT=0.000000, SELLPROFIT=0.000000, VOLATILITY=0.000000, CLOSETIME=0.000000, PREVWAPRICE=1.447000, PREVLEGALCLOSEPR=1.447000, BUYDEPO=0.000000, TRADECHANGE=0.000000, LASTTOPREVSTLPRC=0.000000, BIDDEPTHT=2008.000000, auctvolume=0.000000, PREVDATE=20191113.000000, ACCRUEDINT=0.000000, NUMOFFERS=144.000000, CHANGE=0.002000, STRIKE=0.000000, EVNENDTIME=0.000000, BID=1.445000, auctnumtrades=0.000000, TRADINGSTATUS=4.000000, LASTCHANGE=0.140000, CHNGCLOSE=0.000000, REALVMPRICE=0.000000, CLOSEYIELD=0.000000, TIME=183401.000000, MARG=0.000000, AUCTPRICE=1.448000, STEPPRICE=0.000000, NUMBIDS=120.000000, SETTLECODE=8.000000, OPENVAL=0.000000, OPTIONTYPE=0.000000, BGOP=0.000000, NEGNUMTRADES=0.000000, PRICEMINUSPREVWAPRICE=0.000000, CHNGOPEN=0.000000}
2019-11-14T18:45:43.113018 - RSTIP[TQBR]
#   Total      Size       Bid       Ask      Size     Total
        0                                                 0 
        1         1      1.45      1.45        18        18
       57        56      1.44      1.45        69        87
      147        90      1.44      1.45        90       177
      856       709      1.44      1.45         3       180
      860         4      1.44      1.46         5       185
      865         5      1.44      1.46        84       269
      866         1      1.44      1.46        22       291
      886        20      1.44      1.46        63       354
      893         7      1.43      1.46       100       454
      938        45      1.43      1.46        82       536
      945         7      1.43      1.46        63       599
     1055       110      1.43      1.46         3       602
     1274       219      1.43      1.46       151       753
     1276         2      1.43      1.46        10       763
     1286        10      1.43      1.47       224       987
     1287         1      1.43      1.47         6       993
     1303        16      1.43      1.47        33      1026
     1304         1      1.43      1.47        51      1077
     1305         1      1.42      1.47       148      1225
     1310         5      1.42      1.47         1      1226
{OPENPERIODPRICE=0.000000, CLSTATE=0.000000, PRICEMAX=1.813000, ENDTIME=0.000000, STEPPRICET=0.000000, PREVPRICE=1.447000, OPTIONBASE=0.000000, starttime=184001.000000, MIN_CURR_LAST=1.448000, ISSUESIZE=2075149384.000000, STEPPRICECL=0.000000, PRICEMIN=1.083000, PREVLOTSIZE=0.000000, MARKETPRICETODAY=0.000000, BUYBACKPRICE=0.000000, MARKETPRICE2=0.000000, CLPRICE=0.000000, PREVSETTLEPRICE=0.000000, THEORPRICE=0.000000, plannedtime=184001.000000, MARKETPRICE=1.447000, WAPRICE=1.447000, ICHANGE=0.000000, OFFERDEPTH=18.000000, PRIMARYDIST=0.000000, LASTVALUE=0.000000, BGONP=0.000000, NEGVALTODAY=0.000000, STARTTIME=184001.000000, LOW=1.440000, BASEPRICE=0.000000, IOPEN=0.000000, LCURRENTPRICE=1.448000, MONSTARTTIME=0.000000, QUOTEBASIS=0.000000, BUYBACKDATE=0.000000, LCLOSEPRICE=0.000000, NEXTCOUPON=0.000000, MONENDTIME=0.000000, HIGHVAL=0.000000, ADMITTEDQUOTE=0.000000, OFFER=1.449000, YIELDATPREVWAPRICE=0.000000, VALTODAY=5371221.000000, SETTLEPRICE=0.000000, PCHANGE=0.000000, LOTSIZE=1000.000000, LOWOFFER=1.400000, ISPERCENT=0.000000, YIELD=0.000000, VOLTODAY=3711000.000000, endtime=0.000000, MAXOUTVOLUME=0.000000, OPEN=1.452000, CROSSRATE=0.000000, CURRENTVALUE=0.000000, NUMCONTRACTS=0.000000, PREVADMITTEDQUOT=1.447000, COUPONVALUE=0.000000, BIDDEPTH=1.000000, LASTBID=1.445000, DURATION=0.000000, LOWVAL=0.000000, imbalance=0.000000, HIGH=1.462000, YIELDATWAPRICE=0.000000, STEPPRICEPRCL=0.000000, OFFERDEPTHT=3784.000000, VALUE=1449.000000, marketvolb=0.000000, PERCENTRATE=0.000000, MIN_CURR_LAST_TI=182200.000000, auctvalue=0.000000, EXPDATE=0.000000, LASTOFFER=1.449000, QTY=1.000000, COUPONPERIOD=0.000000, CHANGETIME=0.000000, CURSTEPPRICE=0.000000, marketvols=0.000000, SELLDEPO=0.000000, EVNSTARTTIME=0.000000, LOTSIZECHANGEDAT=0.000000, NUMTRADES=515.000000, CLOSEPRICE=0.000000, HIGHBID=1.500000, FACEVALUE=0.000000, PRICEMVTLIMITT1=0.000000, PRICEMVTLIMIT=0.000000, LOPENPRICE=0.000000, LAST=1.449000, BUYPROFIT=0.000000, SELLPROFIT=0.000000, VOLATILITY=0.000000, CLOSETIME=0.000000, PREVWAPRICE=1.447000, PREVLEGALCLOSEPR=1.447000, BUYDEPO=0.000000, TRADECHANGE=0.000000, LASTTOPREVSTLPRC=0.000000, BIDDEPTHT=2008.000000, auctvolume=0.000000, PREVDATE=20191113.000000, ACCRUEDINT=0.000000, NUMOFFERS=144.000000, CHANGE=0.002000, STRIKE=0.000000, EVNENDTIME=0.000000, BID=1.445000, auctnumtrades=0.000000, TRADINGSTATUS=4.000000, LASTCHANGE=0.140000, CHNGCLOSE=0.000000, REALVMPRICE=0.000000, CLOSEYIELD=0.000000, TIME=183401.000000, MARG=0.000000, AUCTPRICE=1.448000, STEPPRICE=0.000000, NUMBIDS=120.000000, SETTLECODE=8.000000, OPENVAL=0.000000, OPTIONTYPE=0.000000, BGOP=0.000000, NEGNUMTRADES=0.000000, PRICEMINUSPREVWAPRICE=0.000000, CHNGOPEN=0.000000}
2019-11-14T18:48:15.378643 - RSTIP[TQBR]
#   Total      Size       Bid       Ask      Size     Total
        0                                                 0 
{OPENPERIODPRICE=0.000000, CLSTATE=0.000000, PRICEMAX=1.813000, ENDTIME=0.000000, STEPPRICET=0.000000, PREVPRICE=1.447000, OPTIONBASE=0.000000, starttime=184001.000000, MIN_CURR_LAST=1.448000, ISSUESIZE=2075149384.000000, STEPPRICECL=0.000000, PRICEMIN=1.083000, PREVLOTSIZE=0.000000, MARKETPRICETODAY=0.000000, BUYBACKPRICE=0.000000, MARKETPRICE2=0.000000, CLPRICE=0.000000, PREVSETTLEPRICE=0.000000, THEORPRICE=0.000000, plannedtime=184001.000000, MARKETPRICE=1.447000, WAPRICE=1.447000, ICHANGE=0.000000, OFFERDEPTH=0.000000, PRIMARYDIST=0.000000, LASTVALUE=0.000000, BGONP=0.000000, NEGVALTODAY=0.000000, STARTTIME=184001.000000, LOW=1.440000, BASEPRICE=0.000000, IOPEN=0.000000, LCURRENTPRICE=1.448000, MONSTARTTIME=0.000000, QUOTEBASIS=0.000000, BUYBACKDATE=0.000000, LCLOSEPRICE=0.000000, NEXTCOUPON=0.000000, MONENDTIME=0.000000, HIGHVAL=0.000000, ADMITTEDQUOTE=0.000000, OFFER=0.000000, YIELDATPREVWAPRICE=0.000000, VALTODAY=5371221.000000, SETTLEPRICE=0.000000, PCHANGE=0.000000, LOTSIZE=1000.000000, LOWOFFER=1.400000, ISPERCENT=0.000000, YIELD=0.000000, VOLTODAY=3711000.000000, endtime=0.000000, MAXOUTVOLUME=0.000000, OPEN=1.452000, CROSSRATE=0.000000, CURRENTVALUE=0.000000, NUMCONTRACTS=0.000000, PREVADMITTEDQUOT=1.447000, COUPONVALUE=0.000000, BIDDEPTH=0.000000, LASTBID=1.445000, DURATION=0.000000, LOWVAL=0.000000, imbalance=0.000000, HIGH=1.462000, YIELDATWAPRICE=0.000000, STEPPRICEPRCL=0.000000, OFFERDEPTHT=3780.000000, VALUE=1449.000000, marketvolb=0.000000, PERCENTRATE=0.000000, MIN_CURR_LAST_TI=182200.000000, auctvalue=0.000000, EXPDATE=0.000000, LASTOFFER=1.449000, QTY=1.000000, COUPONPERIOD=0.000000, CHANGETIME=0.000000, CURSTEPPRICE=0.000000, marketvols=0.000000, SELLDEPO=0.000000, EVNSTARTTIME=0.000000, LOTSIZECHANGEDAT=0.000000, NUMTRADES=515.000000, CLOSEPRICE=0.000000, HIGHBID=1.500000, FACEVALUE=0.000000, PRICEMVTLIMITT1=0.000000, PRICEMVTLIMIT=0.000000, LOPENPRICE=0.000000, LAST=1.449000, BUYPROFIT=0.000000, SELLPROFIT=0.000000, VOLATILITY=0.000000, CLOSETIME=0.000000, PREVWAPRICE=1.447000, PREVLEGALCLOSEPR=1.447000, BUYDEPO=0.000000, TRADECHANGE=0.000000, LASTTOPREVSTLPRC=0.000000, BIDDEPTHT=2008.000000, auctvolume=0.000000, PREVDATE=20191113.000000, ACCRUEDINT=0.000000, NUMOFFERS=140.000000, CHANGE=0.002000, STRIKE=0.000000, EVNENDTIME=0.000000, BID=0.000000, auctnumtrades=0.000000, TRADINGSTATUS=5.000000, LASTCHANGE=0.140000, CHNGCLOSE=0.000000, REALVMPRICE=0.000000, CLOSEYIELD=0.000000, TIME=183401.000000, MARG=0.000000, AUCTPRICE=1.448000, STEPPRICE=0.000000, NUMBIDS=120.000000, SETTLECODE=8.000000, OPENVAL=0.000000, OPTIONTYPE=0.000000, BGOP=0.000000, NEGNUMTRADES=0.000000, PRICEMINUSPREVWAPRICE=0.000000, CHNGOPEN=0.000000}
