2019-11-14T18:40:09.363018 - BANEP[TQBR]
#   Total      Size       Bid       Ask      Size     Total
        0                                                 0 
      330       330   1728.50   1729.00        10        10
      512       182   1727.00   1729.50        57        67
      740       228   1726.50   1730.00       188       255
      862       122   1725.50   1730.50       361       616
     3719      2857   1725.00   1731.00         1       617
     4743      1024   1724.50   1731.50       155       772
     4750         7   1724.00   1732.00       197       969
     4753         3   1723.50   1732.50      1559      2528
     6355      1602   1723.00   1733.00       116      2644
     6358         3   1722.50   1733.50        10      2654
     6372        14   1722.00   1734.00         2      2656
     6374         2   1721.50   1734.50      2072      4728
     7885      1511   1721.00   1735.00      1041      5769
     7912        27   1720.50   1735.50       200      5969
     8076       164   1720.00   1736.00        22      5991
     8077         1   1719.50   1736.50        45      6036
     8079         2   1719.00   1737.00       121      6157
     8280       201   1718.50   1738.00       118      6275
     8283         3   1718.00   1738.50        11      6286
     8323        40   1717.50   1739.00        54      6340
{OPENPERIODPRICE=1731.000000, CLSTATE=0.000000, PRICEMAX=2035.500000, ENDTIME=95932.000000, STEPPRICET=0.000000, PREVPRICE=1729.500000, OPTIONBASE=0.000000, starttime=95000.000000, MIN_CURR_LAST=1728.500000, ISSUESIZE=29788012.000000, STEPPRICECL=0.000000, PRICEMIN=1422.500000, PREVLOTSIZE=0.000000, MARKETPRICETODAY=0.000000, BUYBACKPRICE=0.000000, MARKETPRICE2=0.000000, CLPRICE=0.000000, PREVSETTLEPRICE=0.000000, THEORPRICE=0.000000, plannedtime=95000.000000, MARKETPRICE=1730.000000, WAPRICE=1729.000000, ICHANGE=0.000000, OFFERDEPTH=61.000000, PRIMARYDIST=0.000000, LASTVALUE=0.000000, BGONP=0.000000, NEGVALTODAY=0.000000, STARTTIME=95000.000000, LOW=1725.000000, BASEPRICE=0.000000, IOPEN=0.000000, LCURRENTPRICE=1728.500000, MONSTARTTIME=0.000000, QUOTEBASIS=0.000000, BUYBACKDATE=0.000000, LCLOSEPRICE=0.000000, NEXTCOUPON=0.000000, MONENDTIME=0.000000, HIGHVAL=0.000000, ADMITTEDQUOTE=0.000000, OFFER=1729.000000, YIELDATPREVWAPRICE=0.000000, VALTODAY=33298414.000000, SETTLEPRICE=0.000000, PCHANGE=0.000000, LOTSIZE=1.000000, LOWOFFER=1620.500000, ISPERCENT=0.000000, YIELD=0.000000, VOLTODAY=19260.000000, endtime=95932.000000, MAXOUTVOLUME=0.000000, OPEN=1731.000000, CROSSRATE=0.000000, CURRENTVALUE=0.000000, NUMCONTRACTS=0.000000, PREVADMITTEDQUOT=1729.500000, COUPONVALUE=0.000000, BIDDEPTH=330.000000, LASTBID=1728.500000, DURATION=0.000000, LOWVAL=0.000000, imbalance=0.000000, HIGH=1738.000000, YIELDATWAPRICE=0.000000, STEPPRICEPRCL=0.000000, OFFERDEPTHT=18413.000000, VALUE=70868.500000, marketvolb=0.000000, PERCENTRATE=0.000000, MIN_CURR_LAST_TI=184000.000000, auctvalue=1731.000000, EXPDATE=0.000000, LASTOFFER=1729.000000, QTY=41.000000, COUPONPERIOD=0.000000, CHANGETIME=0.000000, CURSTEPPRICE=0.000000, marketvols=0.000000, SELLDEPO=0.000000, EVNSTARTTIME=0.000000, LOTSIZECHANGEDAT=0.000000, NUMTRADES=842.000000, CLOSEPRICE=0.000000, HIGHBID=1769.000000, FACEVALUE=0.000000, PRICEMVTLIMITT1=0.000000, PRICEMVTLIMIT=0.000000, LOPENPRICE=0.000000, LAST=1728.500000, BUYPROFIT=0.000000, SELLPROFIT=0.000000, VOLATILITY=0.000000, CLOSETIME=0.000000, PREVWAPRICE=1730.000000, PREVLEGALCLOSEPR=1729.500000, BUYDEPO=0.000000, TRADECHANGE=0.000000, LASTTOPREVSTLPRC=0.000000, BIDDEPTHT=14198.000000, auctvolume=51.000000, PREVDATE=20191113.000000, ACCRUEDINT=0.000000, NUMOFFERS=306.000000, CHANGE=-1.000000, STRIKE=0.000000, EVNENDTIME=0.000000, BID=1728.500000, auctnumtrades=1.000000, TRADINGSTATUS=4.000000, LASTCHANGE=-0.060000, CHNGCLOSE=0.000000, REALVMPRICE=0.000000, CLOSEYIELD=0.000000, TIME=183957.000000, MARG=0.000000, AUCTPRICE=1728.500000, STEPPRICE=0.000000, NUMBIDS=321.000000, SETTLECODE=8.000000, OPENVAL=0.000000, OPTIONTYPE=0.000000, BGOP=0.000000, NEGNUMTRADES=0.000000, PRICEMINUSPREVWAPRICE=0.000000, CHNGOPEN=0.000000}
2019-11-14T18:40:10.691143 - BANEP[TQBR]
#   Total      Size       Bid       Ask      Size     Total
        0                                                 8 
      330       330   1728.50   1729.00        10        18
      512       182   1727.00   1729.50        57        75
      740       228   1726.50   1730.00       188       263
      862       122   1725.50   1730.50       361       624
     3719      2857   1725.00   1731.00         1       625
     4743      1024   1724.50   1731.50       155       780
     4750         7   1724.00   1732.00       197       977
     4753         3   1723.50   1732.50      1559      2536
     6355      1602   1723.00   1733.00       116      2652
     6358         3   1722.50   1733.50        10      2662
     6372        14   1722.00   1734.00         2      2664
     6374         2   1721.50   1734.50      2072      4736
     7885      1511   1721.00   1735.00      1041      5777
     7912        27   1720.50   1735.50       200      5977
     8077       165   1720.00   1736.00        22      5999
     8078         1   1719.50   1736.50        45      6044
     8080         2   1719.00   1737.00       121      6165
     8281       201   1718.50   1738.00       118      6283
     8284         3   1718.00   1738.50        11      6294
     8324        40   1717.50   1739.00        54      6348
{OPENPERIODPRICE=1731.000000, CLSTATE=0.000000, PRICEMAX=2035.500000, ENDTIME=0.000000, STEPPRICET=0.000000, PREVPRICE=1729.500000, OPTIONBASE=0.000000, starttime=184001.000000, MIN_CURR_LAST=1728.500000, ISSUESIZE=29788012.000000, STEPPRICECL=0.000000, PRICEMIN=1422.500000, PREVLOTSIZE=0.000000, MARKETPRICETODAY=0.000000, BUYBACKPRICE=0.000000, MARKETPRICE2=0.000000, CLPRICE=0.000000, PREVSETTLEPRICE=0.000000, THEORPRICE=0.000000, plannedtime=184001.000000, MARKETPRICE=1730.000000, WAPRICE=1729.000000, ICHANGE=0.000000, OFFERDEPTH=96.000000, PRIMARYDIST=0.000000, LASTVALUE=0.000000, BGONP=0.000000, NEGVALTODAY=0.000000, STARTTIME=184001.000000, LOW=1725.000000, BASEPRICE=0.000000, IOPEN=0.000000, LCURRENTPRICE=1728.500000, MONSTARTTIME=0.000000, QUOTEBASIS=0.000000, BUYBACKDATE=0.000000, LCLOSEPRICE=0.000000, NEXTCOUPON=0.000000, MONENDTIME=0.000000, HIGHVAL=0.000000, ADMITTEDQUOTE=0.000000, OFFER=1729.000000, YIELDATPREVWAPRICE=0.000000, VALTODAY=33298414.000000, SETTLEPRICE=0.000000, PCHANGE=0.000000, LOTSIZE=1.000000, LOWOFFER=1620.500000, ISPERCENT=0.000000, YIELD=0.000000, VOLTODAY=19260.000000, endtime=0.000000, MAXOUTVOLUME=0.000000, OPEN=1731.000000, CROSSRATE=0.000000, CURRENTVALUE=0.000000, NUMCONTRACTS=0.000000, PREVADMITTEDQUOT=1729.500000, COUPONVALUE=0.000000, BIDDEPTH=330.000000, LASTBID=1728.500000, DURATION=0.000000, LOWVAL=0.000000, imbalance=0.000000, HIGH=1738.000000, YIELDATWAPRICE=0.000000, STEPPRICEPRCL=0.000000, OFFERDEPTHT=18449.000000, VALUE=70868.500000, marketvolb=0.000000, PERCENTRATE=0.000000, MIN_CURR_LAST_TI=184000.000000, auctvalue=148651.000000, EXPDATE=0.000000, LASTOFFER=1729.000000, QTY=41.000000, COUPONPERIOD=0.000000, CHANGETIME=0.000000, CURSTEPPRICE=0.000000, marketvols=86.000000, SELLDEPO=0.000000, EVNSTARTTIME=0.000000, LOTSIZECHANGEDAT=0.000000, NUMTRADES=842.000000, CLOSEPRICE=0.000000, HIGHBID=1769.000000, FACEVALUE=0.000000, PRICEMVTLIMITT1=0.000000, PRICEMVTLIMIT=0.000000, LOPENPRICE=0.000000, LAST=1728.500000, BUYPROFIT=0.000000, SELLPROFIT=0.000000, VOLATILITY=0.000000, CLOSETIME=0.000000, PREVWAPRICE=1730.000000, PREVLEGALCLOSEPR=1729.500000, BUYDEPO=0.000000, TRADECHANGE=0.000000, LASTTOPREVSTLPRC=0.000000, BIDDEPTHT=14199.000000, auctvolume=86.000000, PREVDATE=20191113.000000, ACCRUEDINT=0.000000, NUMOFFERS=308.000000, CHANGE=-1.000000, STRIKE=0.000000, EVNENDTIME=0.000000, BID=1728.500000, auctnumtrades=0.000000, TRADINGSTATUS=4.000000, LASTCHANGE=-0.060000, CHNGCLOSE=0.000000, REALVMPRICE=0.000000, CLOSEYIELD=0.000000, TIME=183957.000000, MARG=0.000000, AUCTPRICE=1728.500000, STEPPRICE=0.000000, NUMBIDS=322.000000, SETTLECODE=8.000000, OPENVAL=0.000000, OPTIONTYPE=0.000000, BGOP=0.000000, NEGNUMTRADES=0.000000, PRICEMINUSPREVWAPRICE=0.000000, CHNGOPEN=0.000000}
2019-11-14T18:40:11.769268 - BANEP[TQBR]
#   Total      Size       Bid       Ask      Size     Total
        0                                                 8 
      330       330   1728.50   1729.00        10        18
      512       182   1727.00   1729.50        57        75
      740       228   1726.50   1730.00       188       263
      862       122   1725.50   1730.50         5       268
     3362      2500   1725.00   1731.00         1       269
     4386      1024   1724.50   1731.50       155       424
     4393         7   1724.00   1732.00       197       621
     4396         3   1723.50   1732.50      1559      2180
     5998      1602   1723.00   1733.00       116      2296
     6001         3   1722.50   1733.50        10      2306
     6015        14   1722.00   1734.00         2      2308
     6017         2   1721.50   1734.50      2072      4380
     7528      1511   1721.00   1735.00      1041      5421
     7555        27   1720.50   1735.50       200      5621
     7720       165   1720.00   1736.00        22      5643
     7721         1   1719.50   1736.50        45      5688
     7723         2   1719.00   1737.00       121      5809
     7924       201   1718.50   1738.00       118      5927
     7927         3   1718.00   1738.50        11      5938
     7967        40   1717.50   1739.00        54      5992
{OPENPERIODPRICE=1731.000000, CLSTATE=0.000000, PRICEMAX=2035.500000, ENDTIME=0.000000, STEPPRICET=0.000000, PREVPRICE=1729.500000, OPTIONBASE=0.000000, starttime=184001.000000, MIN_CURR_LAST=1728.500000, ISSUESIZE=29788012.000000, STEPPRICECL=0.000000, PRICEMIN=1422.500000, PREVLOTSIZE=0.000000, MARKETPRICETODAY=0.000000, BUYBACKPRICE=0.000000, MARKETPRICE2=0.000000, CLPRICE=0.000000, PREVSETTLEPRICE=0.000000, THEORPRICE=0.000000, plannedtime=184001.000000, MARKETPRICE=1730.000000, WAPRICE=1729.000000, ICHANGE=0.000000, OFFERDEPTH=96.000000, PRIMARYDIST=0.000000, LASTVALUE=0.000000, BGONP=0.000000, NEGVALTODAY=0.000000, STARTTIME=184001.000000, LOW=1725.000000, BASEPRICE=0.000000, IOPEN=0.000000, LCURRENTPRICE=1728.500000, MONSTARTTIME=0.000000, QUOTEBASIS=0.000000, BUYBACKDATE=0.000000, LCLOSEPRICE=0.000000, NEXTCOUPON=0.000000, MONENDTIME=0.000000, HIGHVAL=0.000000, ADMITTEDQUOTE=0.000000, OFFER=1729.000000, YIELDATPREVWAPRICE=0.000000, VALTODAY=33298414.000000, SETTLEPRICE=0.000000, PCHANGE=0.000000, LOTSIZE=1.000000, LOWOFFER=1620.500000, ISPERCENT=0.000000, YIELD=0.000000, VOLTODAY=19260.000000, endtime=0.000000, MAXOUTVOLUME=0.000000, OPEN=1731.000000, CROSSRATE=0.000000, CURRENTVALUE=0.000000, NUMCONTRACTS=0.000000, PREVADMITTEDQUOT=1729.500000, COUPONVALUE=0.000000, BIDDEPTH=330.000000, LASTBID=1728.500000, DURATION=0.000000, LOWVAL=0.000000, imbalance=0.000000, HIGH=1738.000000, YIELDATWAPRICE=0.000000, STEPPRICEPRCL=0.000000, OFFERDEPTHT=18450.000000, VALUE=70868.500000, marketvolb=0.000000, PERCENTRATE=0.000000, MIN_CURR_LAST_TI=184000.000000, auctvalue=148651.000000, EXPDATE=0.000000, LASTOFFER=1729.000000, QTY=41.000000, COUPONPERIOD=0.000000, CHANGETIME=0.000000, CURSTEPPRICE=0.000000, marketvols=86.000000, SELLDEPO=0.000000, EVNSTARTTIME=0.000000, LOTSIZECHANGEDAT=0.000000, NUMTRADES=842.000000, CLOSEPRICE=0.000000, HIGHBID=1769.000000, FACEVALUE=0.000000, PRICEMVTLIMITT1=0.000000, PRICEMVTLIMIT=0.000000, LOPENPRICE=0.000000, LAST=1728.500000, BUYPROFIT=0.000000, SELLPROFIT=0.000000, VOLATILITY=0.000000, CLOSETIME=0.000000, PREVWAPRICE=1730.000000, PREVLEGALCLOSEPR=1729.500000, BUYDEPO=0.000000, TRADECHANGE=0.000000, LASTTOPREVSTLPRC=0.000000, BIDDEPTHT=14199.000000, auctvolume=86.000000, PREVDATE=20191113.000000, ACCRUEDINT=0.000000, NUMOFFERS=309.000000, CHANGE=-1.000000, STRIKE=0.000000, EVNENDTIME=0.000000, BID=1728.500000, auctnumtrades=0.000000, TRADINGSTATUS=4.000000, LASTCHANGE=-0.060000, CHNGCLOSE=0.000000, REALVMPRICE=0.000000, CLOSEYIELD=0.000000, TIME=183957.000000, MARG=0.000000, AUCTPRICE=1728.500000, STEPPRICE=0.000000, NUMBIDS=322.000000, SETTLECODE=8.000000, OPENVAL=0.000000, OPTIONTYPE=0.000000, BGOP=0.000000, NEGNUMTRADES=0.000000, PRICEMINUSPREVWAPRICE=0.000000, CHNGOPEN=0.000000}
2019-11-14T18:40:16.831768 - BANEP[TQBR]
#   Total      Size       Bid       Ask      Size     Total
        0                                                 8 
      330       330   1728.50   1729.00        10        18
      512       182   1727.00   1729.50        57        75
      740       228   1726.50   1730.00       188       263
      862       122   1725.50   1730.50         5       268
     3362      2500   1725.00   1731.00         1       269
     4386      1024   1724.50   1731.50       155       424
     4393         7   1724.00   1732.00       197       621
     4396         3   1723.50   1732.50      1559      2180
     5998      1602   1723.00   1733.00       116      2296
     6001         3   1722.50   1733.50        10      2306
     6015        14   1722.00   1734.00         2      2308
     6017         2   1721.50   1734.50      2072      4380
     7528      1511   1721.00   1735.00      1041      5421
     7555        27   1720.50   1736.00        22      5443
     7720       165   1720.00   1736.50        45      5488
     7721         1   1719.50   1737.00       121      5609
     7723         2   1719.00   1738.00       118      5727
     7924       201   1718.50   1738.50        11      5738
     7927         3   1718.00   1739.00        54      5792
     7967        40   1717.50   1739.50       125      5917
{OPENPERIODPRICE=1731.000000, CLSTATE=0.000000, PRICEMAX=2035.500000, ENDTIME=0.000000, STEPPRICET=0.000000, PREVPRICE=1729.500000, OPTIONBASE=0.000000, starttime=184001.000000, MIN_CURR_LAST=1728.500000, ISSUESIZE=29788012.000000, STEPPRICECL=0.000000, PRICEMIN=1422.500000, PREVLOTSIZE=0.000000, MARKETPRICETODAY=0.000000, BUYBACKPRICE=0.000000, MARKETPRICE2=0.000000, CLPRICE=0.000000, PREVSETTLEPRICE=0.000000, THEORPRICE=0.000000, plannedtime=184001.000000, MARKETPRICE=1730.000000, WAPRICE=1729.000000, ICHANGE=0.000000, OFFERDEPTH=96.000000, PRIMARYDIST=0.000000, LASTVALUE=0.000000, BGONP=0.000000, NEGVALTODAY=0.000000, STARTTIME=184001.000000, LOW=1725.000000, BASEPRICE=0.000000, IOPEN=0.000000, LCURRENTPRICE=1728.500000, MONSTARTTIME=0.000000, QUOTEBASIS=0.000000, BUYBACKDATE=0.000000, LCLOSEPRICE=0.000000, NEXTCOUPON=0.000000, MONENDTIME=0.000000, HIGHVAL=0.000000, ADMITTEDQUOTE=0.000000, OFFER=1729.000000, YIELDATPREVWAPRICE=0.000000, VALTODAY=33298414.000000, SETTLEPRICE=0.000000, PCHANGE=0.000000, LOTSIZE=1.000000, LOWOFFER=1620.500000, ISPERCENT=0.000000, YIELD=0.000000, VOLTODAY=19260.000000, endtime=0.000000, MAXOUTVOLUME=0.000000, OPEN=1731.000000, CROSSRATE=0.000000, CURRENTVALUE=0.000000, NUMCONTRACTS=0.000000, PREVADMITTEDQUOT=1729.500000, COUPONVALUE=0.000000, BIDDEPTH=330.000000, LASTBID=1728.500000, DURATION=0.000000, LOWVAL=0.000000, imbalance=0.000000, HIGH=1738.000000, YIELDATWAPRICE=0.000000, STEPPRICEPRCL=0.000000, OFFERDEPTHT=18094.000000, VALUE=70868.500000, marketvolb=0.000000, PERCENTRATE=0.000000, MIN_CURR_LAST_TI=184000.000000, auctvalue=148651.000000, EXPDATE=0.000000, LASTOFFER=1729.000000, QTY=41.000000, COUPONPERIOD=0.000000, CHANGETIME=0.000000, CURSTEPPRICE=0.000000, marketvols=86.000000, SELLDEPO=0.000000, EVNSTARTTIME=0.000000, LOTSIZECHANGEDAT=0.000000, NUMTRADES=842.000000, CLOSEPRICE=0.000000, HIGHBID=1769.000000, FACEVALUE=0.000000, PRICEMVTLIMITT1=0.000000, PRICEMVTLIMIT=0.000000, LOPENPRICE=0.000000, LAST=1728.500000, BUYPROFIT=0.000000, SELLPROFIT=0.000000, VOLATILITY=0.000000, CLOSETIME=0.000000, PREVWAPRICE=1730.000000, PREVLEGALCLOSEPR=1729.500000, BUYDEPO=0.000000, TRADECHANGE=0.000000, LASTTOPREVSTLPRC=0.000000, BIDDEPTHT=13842.000000, auctvolume=86.000000, PREVDATE=20191113.000000, ACCRUEDINT=0.000000, NUMOFFERS=308.000000, CHANGE=-1.000000, STRIKE=0.000000, EVNENDTIME=0.000000, BID=1728.500000, auctnumtrades=0.000000, TRADINGSTATUS=4.000000, LASTCHANGE=-0.060000, CHNGCLOSE=0.000000, REALVMPRICE=0.000000, CLOSEYIELD=0.000000, TIME=183957.000000, MARG=0.000000, AUCTPRICE=1728.500000, STEPPRICE=0.000000, NUMBIDS=321.000000, SETTLECODE=8.000000, OPENVAL=0.000000, OPTIONTYPE=0.000000, BGOP=0.000000, NEGNUMTRADES=0.000000, PRICEMINUSPREVWAPRICE=0.000000, CHNGOPEN=0.000000}
2019-11-14T18:40:17.175518 - BANEP[TQBR]
#   Total      Size       Bid       Ask      Size     Total
        0                                                 8 
      330       330   1728.50   1729.00        10        18
      512       182   1727.00   1729.50        57        75
      740       228   1726.50   1730.00       188       263
      862       122   1725.50   1730.50         5       268
     3362      2500   1725.00   1731.00         1       269
     4386      1024   1724.50   1731.50       155       424
     4393         7   1724.00   1732.00       197       621
     4396         3   1723.50   1732.50      1559      2180
     5998      1602   1723.00   1733.00       116      2296
     6001         3   1722.50   1733.50        10      2306
     6015        14   1722.00   1734.00         2      2308
     6017         2   1721.50   1734.50      2072      4380
     7528      1511   1721.00   1735.00      1041      5421
     7555        27   1720.50   1736.00        22      5443
     7720       165   1720.00   1736.50        45      5488
     7721         1   1719.50   1737.00       121      5609
     7723         2   1719.00   1738.00       118      5727
     7724         1   1718.50   1738.50        11      5738
     7727         3   1718.00   1739.00        54      5792
     7767        40   1717.50   1739.50       125      5917
{OPENPERIODPRICE=1731.000000, CLSTATE=0.000000, PRICEMAX=2035.500000, ENDTIME=0.000000, STEPPRICET=0.000000, PREVPRICE=1729.500000, OPTIONBASE=0.000000, starttime=184001.000000, MIN_CURR_LAST=1728.500000, ISSUESIZE=29788012.000000, STEPPRICECL=0.000000, PRICEMIN=1422.500000, PREVLOTSIZE=0.000000, MARKETPRICETODAY=0.000000, BUYBACKPRICE=0.000000, MARKETPRICE2=0.000000, CLPRICE=0.000000, PREVSETTLEPRICE=0.000000, THEORPRICE=0.000000, plannedtime=184001.000000, MARKETPRICE=1730.000000, WAPRICE=1729.000000, ICHANGE=0.000000, OFFERDEPTH=96.000000, PRIMARYDIST=0.000000, LASTVALUE=0.000000, BGONP=0.000000, NEGVALTODAY=0.000000, STARTTIME=184001.000000, LOW=1725.000000, BASEPRICE=0.000000, IOPEN=0.000000, LCURRENTPRICE=1728.500000, MONSTARTTIME=0.000000, QUOTEBASIS=0.000000, BUYBACKDATE=0.000000, LCLOSEPRICE=0.000000, NEXTCOUPON=0.000000, MONENDTIME=0.000000, HIGHVAL=0.000000, ADMITTEDQUOTE=0.000000, OFFER=1729.000000, YIELDATPREVWAPRICE=0.000000, VALTODAY=33298414.000000, SETTLEPRICE=0.000000, PCHANGE=0.000000, LOTSIZE=1.000000, LOWOFFER=1620.500000, ISPERCENT=0.000000, YIELD=0.000000, VOLTODAY=19260.000000, endtime=0.000000, MAXOUTVOLUME=0.000000, OPEN=1731.000000, CROSSRATE=0.000000, CURRENTVALUE=0.000000, NUMCONTRACTS=0.000000, PREVADMITTEDQUOT=1729.500000, COUPONVALUE=0.000000, BIDDEPTH=330.000000, LASTBID=1728.500000, DURATION=0.000000, LOWVAL=0.000000, imbalance=0.000000, HIGH=1738.000000, YIELDATWAPRICE=0.000000, STEPPRICEPRCL=0.000000, OFFERDEPTHT=18094.000000, VALUE=70868.500000, marketvolb=0.000000, PERCENTRATE=0.000000, MIN_CURR_LAST_TI=184000.000000, auctvalue=148651.000000, EXPDATE=0.000000, LASTOFFER=1729.000000, QTY=41.000000, COUPONPERIOD=0.000000, CHANGETIME=0.000000, CURSTEPPRICE=0.000000, marketvols=86.000000, SELLDEPO=0.000000, EVNSTARTTIME=0.000000, LOTSIZECHANGEDAT=0.000000, NUMTRADES=842.000000, CLOSEPRICE=0.000000, HIGHBID=1769.000000, FACEVALUE=0.000000, PRICEMVTLIMITT1=0.000000, PRICEMVTLIMIT=0.000000, LOPENPRICE=0.000000, LAST=1728.500000, BUYPROFIT=0.000000, SELLPROFIT=0.000000, VOLATILITY=0.000000, CLOSETIME=0.000000, PREVWAPRICE=1730.000000, PREVLEGALCLOSEPR=1729.500000, BUYDEPO=0.000000, TRADECHANGE=0.000000, LASTTOPREVSTLPRC=0.000000, BIDDEPTHT=13842.000000, auctvolume=86.000000, PREVDATE=20191113.000000, ACCRUEDINT=0.000000, NUMOFFERS=308.000000, CHANGE=-1.000000, STRIKE=0.000000, EVNENDTIME=0.000000, BID=1728.500000, auctnumtrades=0.000000, TRADINGSTATUS=4.000000, LASTCHANGE=-0.060000, CHNGCLOSE=0.000000, REALVMPRICE=0.000000, CLOSEYIELD=0.000000, TIME=183957.000000, MARG=0.000000, AUCTPRICE=1728.500000, STEPPRICE=0.000000, NUMBIDS=321.000000, SETTLECODE=8.000000, OPENVAL=0.000000, OPTIONTYPE=0.000000, BGOP=0.000000, NEGNUMTRADES=0.000000, PRICEMINUSPREVWAPRICE=0.000000, CHNGOPEN=0.000000}
2019-11-14T18:40:18.284893 - BANEP[TQBR]
#   Total      Size       Bid       Ask      Size     Total
        0                                                 8 
      330       330   1728.50   1729.00        10        18
      513       183   1727.00   1729.50        57        75
      741       228   1726.50   1730.00       188       263
      863       122   1725.50   1730.50         5       268
     3363      2500   1725.00   1731.00         1       269
     4387      1024   1724.50   1731.50       155       424
     4394         7   1724.00   1732.00       197       621
     4397         3   1723.50   1732.50      1559      2180
     5999      1602   1723.00   1733.00       116      2296
     6002         3   1722.50   1733.50        10      2306
     6016        14   1722.00   1734.00         2      2308
     6018         2   1721.50   1734.50      2072      4380
     7529      1511   1721.00   1735.00      1041      5421
     7556        27   1720.50   1736.00        22      5443
     7721       165   1720.00   1736.50        45      5488
     7722         1   1719.50   1737.00       121      5609
     7724         2   1719.00   1738.00       118      5727
     7725         1   1718.50   1738.50        11      5738
     7728         3   1718.00   1739.00        54      5792
     7768        40   1717.50   1739.50       125      5917
{OPENPERIODPRICE=1731.000000, CLSTATE=0.000000, PRICEMAX=2035.500000, ENDTIME=0.000000, STEPPRICET=0.000000, PREVPRICE=1729.500000, OPTIONBASE=0.000000, starttime=184001.000000, MIN_CURR_LAST=1728.500000, ISSUESIZE=29788012.000000, STEPPRICECL=0.000000, PRICEMIN=1422.500000, PREVLOTSIZE=0.000000, MARKETPRICETODAY=0.000000, BUYBACKPRICE=0.000000, MARKETPRICE2=0.000000, CLPRICE=0.000000, PREVSETTLEPRICE=0.000000, THEORPRICE=0.000000, plannedtime=184001.000000, MARKETPRICE=1730.000000, WAPRICE=1729.000000, ICHANGE=0.000000, OFFERDEPTH=96.000000, PRIMARYDIST=0.000000, LASTVALUE=0.000000, BGONP=0.000000, NEGVALTODAY=0.000000, STARTTIME=184001.000000, LOW=1725.000000, BASEPRICE=0.000000, IOPEN=0.000000, LCURRENTPRICE=1728.500000, MONSTARTTIME=0.000000, QUOTEBASIS=0.000000, BUYBACKDATE=0.000000, LCLOSEPRICE=0.000000, NEXTCOUPON=0.000000, MONENDTIME=0.000000, HIGHVAL=0.000000, ADMITTEDQUOTE=0.000000, OFFER=1729.000000, YIELDATPREVWAPRICE=0.000000, VALTODAY=33298414.000000, SETTLEPRICE=0.000000, PCHANGE=0.000000, LOTSIZE=1.000000, LOWOFFER=1620.500000, ISPERCENT=0.000000, YIELD=0.000000, VOLTODAY=19260.000000, endtime=0.000000, MAXOUTVOLUME=0.000000, OPEN=1731.000000, CROSSRATE=0.000000, CURRENTVALUE=0.000000, NUMCONTRACTS=0.000000, PREVADMITTEDQUOT=1729.500000, COUPONVALUE=0.000000, BIDDEPTH=330.000000, LASTBID=1728.500000, DURATION=0.000000, LOWVAL=0.000000, imbalance=0.000000, HIGH=1738.000000, YIELDATWAPRICE=0.000000, STEPPRICEPRCL=0.000000, OFFERDEPTHT=18094.000000, VALUE=70868.500000, marketvolb=0.000000, PERCENTRATE=0.000000, MIN_CURR_LAST_TI=184000.000000, auctvalue=148651.000000, EXPDATE=0.000000, LASTOFFER=1729.000000, QTY=41.000000, COUPONPERIOD=0.000000, CHANGETIME=0.000000, CURSTEPPRICE=0.000000, marketvols=86.000000, SELLDEPO=0.000000, EVNSTARTTIME=0.000000, LOTSIZECHANGEDAT=0.000000, NUMTRADES=842.000000, CLOSEPRICE=0.000000, HIGHBID=1769.000000, FACEVALUE=0.000000, PRICEMVTLIMITT1=0.000000, PRICEMVTLIMIT=0.000000, LOPENPRICE=0.000000, LAST=1728.500000, BUYPROFIT=0.000000, SELLPROFIT=0.000000, VOLATILITY=0.000000, CLOSETIME=0.000000, PREVWAPRICE=1730.000000, PREVLEGALCLOSEPR=1729.500000, BUYDEPO=0.000000, TRADECHANGE=0.000000, LASTTOPREVSTLPRC=0.000000, BIDDEPTHT=13842.000000, auctvolume=86.000000, PREVDATE=20191113.000000, ACCRUEDINT=0.000000, NUMOFFERS=308.000000, CHANGE=-1.000000, STRIKE=0.000000, EVNENDTIME=0.000000, BID=1728.500000, auctnumtrades=0.000000, TRADINGSTATUS=4.000000, LASTCHANGE=-0.060000, CHNGCLOSE=0.000000, REALVMPRICE=0.000000, CLOSEYIELD=0.000000, TIME=183957.000000, MARG=0.000000, AUCTPRICE=1728.500000, STEPPRICE=0.000000, NUMBIDS=321.000000, SETTLECODE=8.000000, OPENVAL=0.000000, OPTIONTYPE=0.000000, BGOP=0.000000, NEGNUMTRADES=0.000000, PRICEMINUSPREVWAPRICE=0.000000, CHNGOPEN=0.000000}
2019-11-14T18:40:23.191143 - BANEP[TQBR]
#   Total      Size       Bid       Ask      Size     Total
        0                                                 8 
      330       330   1728.50   1729.00        10        18
      513       183   1727.00   1729.50        57        75
      741       228   1726.50   1730.00       188       263
      863       122   1725.50   1730.50         5       268
     3363      2500   1725.00   1731.00         1       269
     4387      1024   1724.50   1731.50       155       424
     4394         7   1724.00   1732.00       197       621
     4397         3   1723.50   1732.50        50       671
     4399         2   1723.00   1733.00       116       787
     4402         3   1722.50   1733.50        10       797
     4416        14   1722.00   1734.00         2       799
     4418         2   1721.50   1734.50      2072      2871
     5929      1511   1721.00   1735.00      1041      3912
     5956        27   1720.50   1736.00        22      3934
     6121       165   1720.00   1736.50        45      3979
     6122         1   1719.50   1737.00       121      4100
     6124         2   1719.00   1738.00       118      4218
     6125         1   1718.50   1738.50        11      4229
     6128         3   1718.00   1739.00        54      4283
     6168        40   1717.50   1739.50       125      4408
{OPENPERIODPRICE=1731.000000, CLSTATE=0.000000, PRICEMAX=2035.500000, ENDTIME=0.000000, STEPPRICET=0.000000, PREVPRICE=1729.500000, OPTIONBASE=0.000000, starttime=184001.000000, MIN_CURR_LAST=1728.500000, ISSUESIZE=29788012.000000, STEPPRICECL=0.000000, PRICEMIN=1422.500000, PREVLOTSIZE=0.000000, MARKETPRICETODAY=0.000000, BUYBACKPRICE=0.000000, MARKETPRICE2=0.000000, CLPRICE=0.000000, PREVSETTLEPRICE=0.000000, THEORPRICE=0.000000, plannedtime=184001.000000, MARKETPRICE=1730.000000, WAPRICE=1729.000000, ICHANGE=0.000000, OFFERDEPTH=96.000000, PRIMARYDIST=0.000000, LASTVALUE=0.000000, BGONP=0.000000, NEGVALTODAY=0.000000, STARTTIME=184001.000000, LOW=1725.000000, BASEPRICE=0.000000, IOPEN=0.000000, LCURRENTPRICE=1728.500000, MONSTARTTIME=0.000000, QUOTEBASIS=0.000000, BUYBACKDATE=0.000000, LCLOSEPRICE=0.000000, NEXTCOUPON=0.000000, MONENDTIME=0.000000, HIGHVAL=0.000000, ADMITTEDQUOTE=0.000000, OFFER=1729.000000, YIELDATPREVWAPRICE=0.000000, VALTODAY=33298414.000000, SETTLEPRICE=0.000000, PCHANGE=0.000000, LOTSIZE=1.000000, LOWOFFER=1620.500000, ISPERCENT=0.000000, YIELD=0.000000, VOLTODAY=19260.000000, endtime=0.000000, MAXOUTVOLUME=0.000000, OPEN=1731.000000, CROSSRATE=0.000000, CURRENTVALUE=0.000000, NUMCONTRACTS=0.000000, PREVADMITTEDQUOT=1729.500000, COUPONVALUE=0.000000, BIDDEPTH=330.000000, LASTBID=1728.500000, DURATION=0.000000, LOWVAL=0.000000, imbalance=0.000000, HIGH=1738.000000, YIELDATWAPRICE=0.000000, STEPPRICEPRCL=0.000000, OFFERDEPTHT=17494.000000, VALUE=70868.500000, marketvolb=0.000000, PERCENTRATE=0.000000, MIN_CURR_LAST_TI=184000.000000, auctvalue=148651.000000, EXPDATE=0.000000, LASTOFFER=1729.000000, QTY=41.000000, COUPONPERIOD=0.000000, CHANGETIME=0.000000, CURSTEPPRICE=0.000000, marketvols=86.000000, SELLDEPO=0.000000, EVNSTARTTIME=0.000000, LOTSIZECHANGEDAT=0.000000, NUMTRADES=842.000000, CLOSEPRICE=0.000000, HIGHBID=1769.000000, FACEVALUE=0.000000, PRICEMVTLIMITT1=0.000000, PRICEMVTLIMIT=0.000000, LOPENPRICE=0.000000, LAST=1728.500000, BUYPROFIT=0.000000, SELLPROFIT=0.000000, VOLATILITY=0.000000, CLOSETIME=0.000000, PREVWAPRICE=1730.000000, PREVLEGALCLOSEPR=1729.500000, BUYDEPO=0.000000, TRADECHANGE=0.000000, LASTTOPREVSTLPRC=0.000000, BIDDEPTHT=13243.000000, auctvolume=86.000000, PREVDATE=20191113.000000, ACCRUEDINT=0.000000, NUMOFFERS=305.000000, CHANGE=-1.000000, STRIKE=0.000000, EVNENDTIME=0.000000, BID=1728.500000, auctnumtrades=0.000000, TRADINGSTATUS=4.000000, LASTCHANGE=-0.060000, CHNGCLOSE=0.000000, REALVMPRICE=0.000000, CLOSEYIELD=0.000000, TIME=183957.000000, MARG=0.000000, AUCTPRICE=1728.500000, STEPPRICE=0.000000, NUMBIDS=319.000000, SETTLECODE=8.000000, OPENVAL=0.000000, OPTIONTYPE=0.000000, BGOP=0.000000, NEGNUMTRADES=0.000000, PRICEMINUSPREVWAPRICE=0.000000, CHNGOPEN=0.000000}
2019-11-14T18:40:30.909893 - BANEP[TQBR]
#   Total      Size       Bid       Ask      Size     Total
        0                                                 8 
      463       463   1728.50   1729.00        10        18
      646       183   1727.00   1729.50        57        75
      874       228   1726.50   1730.00       188       263
      996       122   1725.50   1730.50         5       268
     3496      2500   1725.00   1731.00         1       269
     4520      1024   1724.50   1731.50       155       424
     4527         7   1724.00   1732.00       197       621
     4530         3   1723.50   1732.50        50       671
     4532         2   1723.00   1733.00       116       787
     4535         3   1722.50   1733.50        10       797
     4549        14   1722.00   1734.00         2       799
     4551         2   1721.50   1734.50       490      1289
     4553         2   1721.00   1735.00      1041      2330
     4580        27   1720.50   1736.00        22      2352
     4745       165   1720.00   1736.50        45      2397
     4746         1   1719.50   1737.00       121      2518
     4748         2   1719.00   1738.00       118      2636
     4749         1   1718.50   1738.50        11      2647
     4752         3   1718.00   1739.00        54      2701
     4792        40   1717.50   1739.50       125      2826
{OPENPERIODPRICE=1731.000000, CLSTATE=0.000000, PRICEMAX=2035.500000, ENDTIME=0.000000, STEPPRICET=0.000000, PREVPRICE=1729.500000, OPTIONBASE=0.000000, starttime=184001.000000, MIN_CURR_LAST=1728.500000, ISSUESIZE=29788012.000000, STEPPRICECL=0.000000, PRICEMIN=1422.500000, PREVLOTSIZE=0.000000, MARKETPRICETODAY=0.000000, BUYBACKPRICE=0.000000, MARKETPRICE2=0.000000, CLPRICE=0.000000, PREVSETTLEPRICE=0.000000, THEORPRICE=0.000000, plannedtime=184001.000000, MARKETPRICE=1730.000000, WAPRICE=1729.000000, ICHANGE=0.000000, OFFERDEPTH=96.000000, PRIMARYDIST=0.000000, LASTVALUE=0.000000, BGONP=0.000000, NEGVALTODAY=0.000000, STARTTIME=184001.000000, LOW=1725.000000, BASEPRICE=0.000000, IOPEN=0.000000, LCURRENTPRICE=1728.500000, MONSTARTTIME=0.000000, QUOTEBASIS=0.000000, BUYBACKDATE=0.000000, LCLOSEPRICE=0.000000, NEXTCOUPON=0.000000, MONENDTIME=0.000000, HIGHVAL=0.000000, ADMITTEDQUOTE=0.000000, OFFER=1729.000000, YIELDATPREVWAPRICE=0.000000, VALTODAY=33298414.000000, SETTLEPRICE=0.000000, PCHANGE=0.000000, LOTSIZE=1.000000, LOWOFFER=1620.500000, ISPERCENT=0.000000, YIELD=0.000000, VOLTODAY=19260.000000, endtime=0.000000, MAXOUTVOLUME=0.000000, OPEN=1731.000000, CROSSRATE=0.000000, CURRENTVALUE=0.000000, NUMCONTRACTS=0.000000, PREVADMITTEDQUOT=1729.500000, COUPONVALUE=0.000000, BIDDEPTH=463.000000, LASTBID=1728.500000, DURATION=0.000000, LOWVAL=0.000000, imbalance=0.000000, HIGH=1738.000000, YIELDATWAPRICE=0.000000, STEPPRICEPRCL=0.000000, OFFERDEPTHT=15985.000000, VALUE=70868.500000, marketvolb=0.000000, PERCENTRATE=0.000000, MIN_CURR_LAST_TI=184000.000000, auctvalue=148651.000000, EXPDATE=0.000000, LASTOFFER=1729.000000, QTY=41.000000, COUPONPERIOD=0.000000, CHANGETIME=0.000000, CURSTEPPRICE=0.000000, marketvols=86.000000, SELLDEPO=0.000000, EVNSTARTTIME=0.000000, LOTSIZECHANGEDAT=0.000000, NUMTRADES=842.000000, CLOSEPRICE=0.000000, HIGHBID=1769.000000, FACEVALUE=0.000000, PRICEMVTLIMITT1=0.000000, PRICEMVTLIMIT=0.000000, LOPENPRICE=0.000000, LAST=1728.500000, BUYPROFIT=0.000000, SELLPROFIT=0.000000, VOLATILITY=0.000000, CLOSETIME=0.000000, PREVWAPRICE=1730.000000, PREVLEGALCLOSEPR=1729.500000, BUYDEPO=0.000000, TRADECHANGE=0.000000, LASTTOPREVSTLPRC=0.000000, BIDDEPTHT=11643.000000, auctvolume=86.000000, PREVDATE=20191113.000000, ACCRUEDINT=0.000000, NUMOFFERS=304.000000, CHANGE=-1.000000, STRIKE=0.000000, EVNENDTIME=0.000000, BID=1728.500000, auctnumtrades=0.000000, TRADINGSTATUS=4.000000, LASTCHANGE=-0.060000, CHNGCLOSE=0.000000, REALVMPRICE=0.000000, CLOSEYIELD=0.000000, TIME=183957.000000, MARG=0.000000, AUCTPRICE=1728.500000, STEPPRICE=0.000000, NUMBIDS=318.000000, SETTLECODE=8.000000, OPENVAL=0.000000, OPTIONTYPE=0.000000, BGOP=0.000000, NEGNUMTRADES=0.000000, PRICEMINUSPREVWAPRICE=0.000000, CHNGOPEN=0.000000}
2019-11-14T18:40:33.425518 - BANEP[TQBR]
#   Total      Size       Bid       Ask      Size     Total
        0                                                 8 
      463       463   1728.50   1671.00         7        15
      646       183   1727.00   1729.00        10        25
      874       228   1726.50   1729.50        57        82
      996       122   1725.50   1730.00       188       270
     3496      2500   1725.00   1730.50         5       275
     4520      1024   1724.50   1731.00         1       276
     4527         7   1724.00   1731.50       155       431
     4530         3   1723.50   1732.00       197       628
     4532         2   1723.00   1732.50        50       678
     4535         3   1722.50   1733.00       116       794
     4549        14   1722.00   1733.50        10       804
     4551         2   1721.50   1734.00         2       806
     4553         2   1721.00   1734.50       490      1296
     4580        27   1720.50   1735.00      1041      2337
     4745       165   1720.00   1736.00        22      2359
     4746         1   1719.50   1736.50        45      2404
     4748         2   1719.00   1737.00       121      2525
     4749         1   1718.50   1738.00       118      2643
     4752         3   1718.00   1738.50        11      2654
     4792        40   1717.50   1739.00        54      2708
{OPENPERIODPRICE=1731.000000, CLSTATE=0.000000, PRICEMAX=2035.500000, ENDTIME=0.000000, STEPPRICET=0.000000, PREVPRICE=1729.500000, OPTIONBASE=0.000000, starttime=184001.000000, MIN_CURR_LAST=1728.500000, ISSUESIZE=29788012.000000, STEPPRICECL=0.000000, PRICEMIN=1422.500000, PREVLOTSIZE=0.000000, MARKETPRICETODAY=0.000000, BUYBACKPRICE=0.000000, MARKETPRICE2=0.000000, CLPRICE=0.000000, PREVSETTLEPRICE=0.000000, THEORPRICE=0.000000, plannedtime=184001.000000, MARKETPRICE=1730.000000, WAPRICE=1729.000000, ICHANGE=0.000000, OFFERDEPTH=93.000000, PRIMARYDIST=0.000000, LASTVALUE=0.000000, BGONP=0.000000, NEGVALTODAY=0.000000, STARTTIME=184001.000000, LOW=1725.000000, BASEPRICE=0.000000, IOPEN=0.000000, LCURRENTPRICE=1728.500000, MONSTARTTIME=0.000000, QUOTEBASIS=0.000000, BUYBACKDATE=0.000000, LCLOSEPRICE=0.000000, NEXTCOUPON=0.000000, MONENDTIME=0.000000, HIGHVAL=0.000000, ADMITTEDQUOTE=0.000000, OFFER=1671.000000, YIELDATPREVWAPRICE=0.000000, VALTODAY=33298414.000000, SETTLEPRICE=0.000000, PCHANGE=0.000000, LOTSIZE=1.000000, LOWOFFER=1620.500000, ISPERCENT=0.000000, YIELD=0.000000, VOLTODAY=19260.000000, endtime=0.000000, MAXOUTVOLUME=0.000000, OPEN=1731.000000, CROSSRATE=0.000000, CURRENTVALUE=0.000000, NUMCONTRACTS=0.000000, PREVADMITTEDQUOT=1729.500000, COUPONVALUE=0.000000, BIDDEPTH=463.000000, LASTBID=1728.500000, DURATION=0.000000, LOWVAL=0.000000, imbalance=0.000000, HIGH=1738.000000, YIELDATWAPRICE=0.000000, STEPPRICEPRCL=0.000000, OFFERDEPTHT=14403.000000, VALUE=70868.500000, marketvolb=0.000000, PERCENTRATE=0.000000, MIN_CURR_LAST_TI=184000.000000, auctvalue=160750.500000, EXPDATE=0.000000, LASTOFFER=1729.000000, QTY=41.000000, COUPONPERIOD=0.000000, CHANGETIME=0.000000, CURSTEPPRICE=0.000000, marketvols=86.000000, SELLDEPO=0.000000, EVNSTARTTIME=0.000000, LOTSIZECHANGEDAT=0.000000, NUMTRADES=842.000000, CLOSEPRICE=0.000000, HIGHBID=1769.000000, FACEVALUE=0.000000, PRICEMVTLIMITT1=0.000000, PRICEMVTLIMIT=0.000000, LOPENPRICE=0.000000, LAST=1728.500000, BUYPROFIT=0.000000, SELLPROFIT=0.000000, VOLATILITY=0.000000, CLOSETIME=0.000000, PREVWAPRICE=1730.000000, PREVLEGALCLOSEPR=1729.500000, BUYDEPO=0.000000, TRADECHANGE=0.000000, LASTTOPREVSTLPRC=0.000000, BIDDEPTHT=10267.000000, auctvolume=93.000000, PREVDATE=20191113.000000, ACCRUEDINT=0.000000, NUMOFFERS=303.000000, CHANGE=-1.000000, STRIKE=0.000000, EVNENDTIME=0.000000, BID=1728.500000, auctnumtrades=0.000000, TRADINGSTATUS=4.000000, LASTCHANGE=-0.060000, CHNGCLOSE=0.000000, REALVMPRICE=0.000000, CLOSEYIELD=0.000000, TIME=183957.000000, MARG=0.000000, AUCTPRICE=1728.500000, STEPPRICE=0.000000, NUMBIDS=318.000000, SETTLECODE=8.000000, OPENVAL=0.000000, OPTIONTYPE=0.000000, BGOP=0.000000, NEGNUMTRADES=0.000000, PRICEMINUSPREVWAPRICE=0.000000, CHNGOPEN=0.000000}
2019-11-14T18:40:33.597393 - BANEP[TQBR]
#   Total      Size       Bid       Ask      Size     Total
        0                                                 8 
       10        10   1729.00   1671.00         7        15
      473       463   1728.50   1729.00        10        25
      656       183   1727.00   1729.50        57        82
      884       228   1726.50   1730.00       188       270
     1006       122   1725.50   1730.50         5       275
     3506      2500   1725.00   1731.00         1       276
     4530      1024   1724.50   1731.50       155       431
     4537         7   1724.00   1732.00       197       628
     4540         3   1723.50   1732.50        50       678
     4542         2   1723.00   1733.00       116       794
     4545         3   1722.50   1733.50        10       804
     4559        14   1722.00   1734.00         2       806
     4561         2   1721.50   1734.50       490      1296
     4563         2   1721.00   1735.00      1041      2337
     4590        27   1720.50   1736.00        22      2359
     4755       165   1720.00   1736.50        45      2404
     4756         1   1719.50   1737.00       121      2525
     4758         2   1719.00   1738.00       118      2643
     4759         1   1718.50   1738.50        11      2654
     4762         3   1718.00   1739.00        54      2708
Calculation info: Price   1729.00; Imbalance: -93; Total bids: 10, Total asks: 103; 
               Field               SERVER               TOP-20
    AuctionPrice,RUB              1728.50             1729.00
       AuctionVolume                   93                  10
       LastPrice,RUB              1728.50             1728.50
          MarketBids                    0                   0
          MarketAsks                   86                  86
         Imbalance,%                                  -930.00
        MarketBids:%                0.000               0.000
        MarketAsks:%               92.473             860.000
      TotalValue:RUB           160750.500           17290.000
  AuctionPriceDiff,%                0.000               0.029
{OPENPERIODPRICE=1731.000000, CLSTATE=0.000000, PRICEMAX=2035.500000, ENDTIME=0.000000, STEPPRICET=0.000000, PREVPRICE=1729.500000, OPTIONBASE=0.000000, starttime=184001.000000, MIN_CURR_LAST=1728.500000, ISSUESIZE=29788012.000000, STEPPRICECL=0.000000, PRICEMIN=1422.500000, PREVLOTSIZE=0.000000, MARKETPRICETODAY=0.000000, BUYBACKPRICE=0.000000, MARKETPRICE2=0.000000, CLPRICE=0.000000, PREVSETTLEPRICE=0.000000, THEORPRICE=0.000000, plannedtime=184001.000000, MARKETPRICE=1730.000000, WAPRICE=1729.000000, ICHANGE=0.000000, OFFERDEPTH=93.000000, PRIMARYDIST=0.000000, LASTVALUE=0.000000, BGONP=0.000000, NEGVALTODAY=0.000000, STARTTIME=184001.000000, LOW=1725.000000, BASEPRICE=0.000000, IOPEN=0.000000, LCURRENTPRICE=1728.500000, MONSTARTTIME=0.000000, QUOTEBASIS=0.000000, BUYBACKDATE=0.000000, LCLOSEPRICE=0.000000, NEXTCOUPON=0.000000, MONENDTIME=0.000000, HIGHVAL=0.000000, ADMITTEDQUOTE=0.000000, OFFER=1671.000000, YIELDATPREVWAPRICE=0.000000, VALTODAY=33298414.000000, SETTLEPRICE=0.000000, PCHANGE=0.000000, LOTSIZE=1.000000, LOWOFFER=1620.500000, ISPERCENT=0.000000, YIELD=0.000000, VOLTODAY=19260.000000, endtime=0.000000, MAXOUTVOLUME=0.000000, OPEN=1731.000000, CROSSRATE=0.000000, CURRENTVALUE=0.000000, NUMCONTRACTS=0.000000, PREVADMITTEDQUOT=1729.500000, COUPONVALUE=0.000000, BIDDEPTH=10.000000, LASTBID=1728.500000, DURATION=0.000000, LOWVAL=0.000000, imbalance=0.000000, HIGH=1738.000000, YIELDATWAPRICE=0.000000, STEPPRICEPRCL=0.000000, OFFERDEPTHT=14403.000000, VALUE=70868.500000, marketvolb=0.000000, PERCENTRATE=0.000000, MIN_CURR_LAST_TI=184000.000000, auctvalue=160750.500000, EXPDATE=0.000000, LASTOFFER=1729.000000, QTY=41.000000, COUPONPERIOD=0.000000, CHANGETIME=0.000000, CURSTEPPRICE=0.000000, marketvols=86.000000, SELLDEPO=0.000000, EVNSTARTTIME=0.000000, LOTSIZECHANGEDAT=0.000000, NUMTRADES=842.000000, CLOSEPRICE=0.000000, HIGHBID=1769.000000, FACEVALUE=0.000000, PRICEMVTLIMITT1=0.000000, PRICEMVTLIMIT=0.000000, LOPENPRICE=0.000000, LAST=1728.500000, BUYPROFIT=0.000000, SELLPROFIT=0.000000, VOLATILITY=0.000000, CLOSETIME=0.000000, PREVWAPRICE=1730.000000, PREVLEGALCLOSEPR=1729.500000, BUYDEPO=0.000000, TRADECHANGE=0.000000, LASTTOPREVSTLPRC=0.000000, BIDDEPTHT=10267.000000, auctvolume=93.000000, PREVDATE=20191113.000000, ACCRUEDINT=0.000000, NUMOFFERS=303.000000, CHANGE=-1.000000, STRIKE=0.000000, EVNENDTIME=0.000000, BID=1729.000000, auctnumtrades=0.000000, TRADINGSTATUS=4.000000, LASTCHANGE=-0.060000, CHNGCLOSE=0.000000, REALVMPRICE=0.000000, CLOSEYIELD=0.000000, TIME=183957.000000, MARG=0.000000, AUCTPRICE=1728.500000, STEPPRICE=0.000000, NUMBIDS=318.000000, SETTLECODE=8.000000, OPENVAL=0.000000, OPTIONTYPE=0.000000, BGOP=0.000000, NEGNUMTRADES=0.000000, PRICEMINUSPREVWAPRICE=0.000000, CHNGOPEN=0.000000}
2019-11-14T18:40:39.581768 - BANEP[TQBR]
#   Total      Size       Bid       Ask      Size     Total
        0                                                 8 
       10        10   1729.00   1671.00         7        15
      473       463   1728.50   1677.00        84        99
      656       183   1727.00   1729.00        10       109
      884       228   1726.50   1729.50        57       166
     1006       122   1725.50   1730.00       188       354
     3506      2500   1725.00   1730.50         5       359
     4530      1024   1724.50   1731.00         1       360
     4537         7   1724.00   1731.50       155       515
     4540         3   1723.50   1732.00       197       712
     4542         2   1723.00   1732.50        50       762
     4545         3   1722.50   1733.00       116       878
     4559        14   1722.00   1733.50        10       888
     4561         2   1721.50   1734.00         2       890
     4563         2   1721.00   1734.50       490      1380
     4590        27   1720.50   1735.00      1041      2421
     4755       165   1720.00   1736.00        22      2443
     4756         1   1719.50   1736.50        45      2488
     4758         2   1719.00   1737.00       121      2609
     4759         1   1718.50   1738.00       118      2727
     4762         3   1718.00   1738.50        11      2738
Calculation info: Price   1729.00; Imbalance: -177; Total bids: 10, Total asks: 187; 
               Field               SERVER               TOP-20
    AuctionPrice,RUB              1728.50             1729.00
       AuctionVolume                   93                  10
       LastPrice,RUB              1728.50             1728.50
          MarketBids                    0                   0
          MarketAsks                   86                  86
         Imbalance,%                                 -1770.00
        MarketBids:%                0.000               0.000
        MarketAsks:%               92.473             860.000
      TotalValue:RUB           160750.500           17290.000
  AuctionPriceDiff,%                0.000               0.029
{OPENPERIODPRICE=1731.000000, CLSTATE=0.000000, PRICEMAX=2035.500000, ENDTIME=0.000000, STEPPRICET=0.000000, PREVPRICE=1729.500000, OPTIONBASE=0.000000, starttime=184001.000000, MIN_CURR_LAST=1728.500000, ISSUESIZE=29788012.000000, STEPPRICECL=0.000000, PRICEMIN=1422.500000, PREVLOTSIZE=0.000000, MARKETPRICETODAY=0.000000, BUYBACKPRICE=0.000000, MARKETPRICE2=0.000000, CLPRICE=0.000000, PREVSETTLEPRICE=0.000000, THEORPRICE=0.000000, plannedtime=184001.000000, MARKETPRICE=1730.000000, WAPRICE=1729.000000, ICHANGE=0.000000, OFFERDEPTH=93.000000, PRIMARYDIST=0.000000, LASTVALUE=0.000000, BGONP=0.000000, NEGVALTODAY=0.000000, STARTTIME=184001.000000, LOW=1725.000000, BASEPRICE=0.000000, IOPEN=0.000000, LCURRENTPRICE=1728.500000, MONSTARTTIME=0.000000, QUOTEBASIS=0.000000, BUYBACKDATE=0.000000, LCLOSEPRICE=0.000000, NEXTCOUPON=0.000000, MONENDTIME=0.000000, HIGHVAL=0.000000, ADMITTEDQUOTE=0.000000, OFFER=1671.000000, YIELDATPREVWAPRICE=0.000000, VALTODAY=33298414.000000, SETTLEPRICE=0.000000, PCHANGE=0.000000, LOTSIZE=1.000000, LOWOFFER=1620.500000, ISPERCENT=0.000000, YIELD=0.000000, VOLTODAY=19260.000000, endtime=0.000000, MAXOUTVOLUME=0.000000, OPEN=1731.000000, CROSSRATE=0.000000, CURRENTVALUE=0.000000, NUMCONTRACTS=0.000000, PREVADMITTEDQUOT=1729.500000, COUPONVALUE=0.000000, BIDDEPTH=10.000000, LASTBID=1728.500000, DURATION=0.000000, LOWVAL=0.000000, imbalance=0.000000, HIGH=1738.000000, YIELDATWAPRICE=0.000000, STEPPRICEPRCL=0.000000, OFFERDEPTHT=14354.000000, VALUE=70868.500000, marketvolb=0.000000, PERCENTRATE=0.000000, MIN_CURR_LAST_TI=184000.000000, auctvalue=160750.500000, EXPDATE=0.000000, LASTOFFER=1729.000000, QTY=41.000000, COUPONPERIOD=0.000000, CHANGETIME=0.000000, CURSTEPPRICE=0.000000, marketvols=86.000000, SELLDEPO=0.000000, EVNSTARTTIME=0.000000, LOTSIZECHANGEDAT=0.000000, NUMTRADES=842.000000, CLOSEPRICE=0.000000, HIGHBID=1769.000000, FACEVALUE=0.000000, PRICEMVTLIMITT1=0.000000, PRICEMVTLIMIT=0.000000, LOPENPRICE=0.000000, LAST=1728.500000, BUYPROFIT=0.000000, SELLPROFIT=0.000000, VOLATILITY=0.000000, CLOSETIME=0.000000, PREVWAPRICE=1730.000000, PREVLEGALCLOSEPR=1729.500000, BUYDEPO=0.000000, TRADECHANGE=0.000000, LASTTOPREVSTLPRC=0.000000, BIDDEPTHT=10219.000000, auctvolume=177.000000, PREVDATE=20191113.000000, ACCRUEDINT=0.000000, NUMOFFERS=302.000000, CHANGE=-1.000000, STRIKE=0.000000, EVNENDTIME=0.000000, BID=1729.000000, auctnumtrades=0.000000, TRADINGSTATUS=4.000000, LASTCHANGE=-0.060000, CHNGCLOSE=0.000000, REALVMPRICE=0.000000, CLOSEYIELD=0.000000, TIME=183957.000000, MARG=0.000000, AUCTPRICE=1728.500000, STEPPRICE=0.000000, NUMBIDS=317.000000, SETTLECODE=8.000000, OPENVAL=0.000000, OPTIONTYPE=0.000000, BGOP=0.000000, NEGNUMTRADES=0.000000, PRICEMINUSPREVWAPRICE=0.000000, CHNGOPEN=0.000000}
2019-11-14T18:40:39.800518 - BANEP[TQBR]
#   Total      Size       Bid       Ask      Size     Total
        0                                                 8 
       10        10   1729.00   1671.00         7        15
      473       463   1728.50   1677.00        84        99
      656       183   1727.00   1729.00        10       109
      884       228   1726.50   1729.50        57       166
     1006       122   1725.50   1730.00       188       354
     3506      2500   1725.00   1730.50         5       359
     4530      1024   1724.50   1731.00         1       360
     4537         7   1724.00   1731.50       155       515
     4540         3   1723.50   1732.00       197       712
     4542         2   1723.00   1732.50        50       762
     4545         3   1722.50   1733.00       117       879
     4559        14   1722.00   1733.50        10       889
     4561         2   1721.50   1734.00         1       890
     4563         2   1721.00   1734.50       490      1380
     4590        27   1720.50   1735.00      1041      2421
     4755       165   1720.00   1736.00        22      2443
     4756         1   1719.50   1736.50        45      2488
     4758         2   1719.00   1737.00       121      2609
     4759         1   1718.50   1738.00       118      2727
     4762         3   1718.00   1738.50        11      2738
Calculation info: Price   1729.00; Imbalance: -177; Total bids: 10, Total asks: 187; 
               Field               SERVER               TOP-20
    AuctionPrice,RUB              1728.50             1729.00
       AuctionVolume                  177                  10
       LastPrice,RUB              1728.50             1728.50
          MarketBids                    0                   0
          MarketAsks                   86                  86
         Imbalance,%                                 -1770.00
        MarketBids:%                0.000               0.000
        MarketAsks:%               48.588             860.000
      TotalValue:RUB           305944.500           17290.000
  AuctionPriceDiff,%                0.000               0.029
{OPENPERIODPRICE=1731.000000, CLSTATE=0.000000, PRICEMAX=2035.500000, ENDTIME=0.000000, STEPPRICET=0.000000, PREVPRICE=1729.500000, OPTIONBASE=0.000000, starttime=184001.000000, MIN_CURR_LAST=1728.500000, ISSUESIZE=29788012.000000, STEPPRICECL=0.000000, PRICEMIN=1422.500000, PREVLOTSIZE=0.000000, MARKETPRICETODAY=0.000000, BUYBACKPRICE=0.000000, MARKETPRICE2=0.000000, CLPRICE=0.000000, PREVSETTLEPRICE=0.000000, THEORPRICE=0.000000, plannedtime=184001.000000, MARKETPRICE=1730.000000, WAPRICE=1729.000000, ICHANGE=0.000000, OFFERDEPTH=93.000000, PRIMARYDIST=0.000000, LASTVALUE=0.000000, BGONP=0.000000, NEGVALTODAY=0.000000, STARTTIME=184001.000000, LOW=1725.000000, BASEPRICE=0.000000, IOPEN=0.000000, LCURRENTPRICE=1728.500000, MONSTARTTIME=0.000000, QUOTEBASIS=0.000000, BUYBACKDATE=0.000000, LCLOSEPRICE=0.000000, NEXTCOUPON=0.000000, MONENDTIME=0.000000, HIGHVAL=0.000000, ADMITTEDQUOTE=0.000000, OFFER=1671.000000, YIELDATPREVWAPRICE=0.000000, VALTODAY=33298414.000000, SETTLEPRICE=0.000000, PCHANGE=0.000000, LOTSIZE=1.000000, LOWOFFER=1620.500000, ISPERCENT=0.000000, YIELD=0.000000, VOLTODAY=19260.000000, endtime=0.000000, MAXOUTVOLUME=0.000000, OPEN=1731.000000, CROSSRATE=0.000000, CURRENTVALUE=0.000000, NUMCONTRACTS=0.000000, PREVADMITTEDQUOT=1729.500000, COUPONVALUE=0.000000, BIDDEPTH=10.000000, LASTBID=1728.500000, DURATION=0.000000, LOWVAL=0.000000, imbalance=0.000000, HIGH=1738.000000, YIELDATWAPRICE=0.000000, STEPPRICEPRCL=0.000000, OFFERDEPTHT=14354.000000, VALUE=70868.500000, marketvolb=0.000000, PERCENTRATE=0.000000, MIN_CURR_LAST_TI=184000.000000, auctvalue=305944.500000, EXPDATE=0.000000, LASTOFFER=1729.000000, QTY=41.000000, COUPONPERIOD=0.000000, CHANGETIME=0.000000, CURSTEPPRICE=0.000000, marketvols=86.000000, SELLDEPO=0.000000, EVNSTARTTIME=0.000000, LOTSIZECHANGEDAT=0.000000, NUMTRADES=842.000000, CLOSEPRICE=0.000000, HIGHBID=1769.000000, FACEVALUE=0.000000, PRICEMVTLIMITT1=0.000000, PRICEMVTLIMIT=0.000000, LOPENPRICE=0.000000, LAST=1728.500000, BUYPROFIT=0.000000, SELLPROFIT=0.000000, VOLATILITY=0.000000, CLOSETIME=0.000000, PREVWAPRICE=1730.000000, PREVLEGALCLOSEPR=1729.500000, BUYDEPO=0.000000, TRADECHANGE=0.000000, LASTTOPREVSTLPRC=0.000000, BIDDEPTHT=10219.000000, auctvolume=177.000000, PREVDATE=20191113.000000, ACCRUEDINT=0.000000, NUMOFFERS=302.000000, CHANGE=-1.000000, STRIKE=0.000000, EVNENDTIME=0.000000, BID=1729.000000, auctnumtrades=0.000000, TRADINGSTATUS=4.000000, LASTCHANGE=-0.060000, CHNGCLOSE=0.000000, REALVMPRICE=0.000000, CLOSEYIELD=0.000000, TIME=183957.000000, MARG=0.000000, AUCTPRICE=1728.500000, STEPPRICE=0.000000, NUMBIDS=317.000000, SETTLECODE=8.000000, OPENVAL=0.000000, OPTIONTYPE=0.000000, BGOP=0.000000, NEGNUMTRADES=0.000000, PRICEMINUSPREVWAPRICE=0.000000, CHNGOPEN=0.000000}
2019-11-14T18:41:01.628643 - BANEP[TQBR]
#   Total      Size       Bid       Ask      Size     Total
        0                                                 8 
       10        10   1729.00   1671.00         7        15
      473       463   1728.50   1677.00        84        99
      656       183   1727.00   1729.00        10       109
      884       228   1726.50   1729.50        57       166
     1006       122   1725.50   1730.00       188       354
     3506      2500   1725.00   1730.50         5       359
     4530      1024   1724.50   1731.00         1       360
     4537         7   1724.00   1731.50       155       515
     4602        65   1723.50   1732.00       197       712
     4604         2   1723.00   1732.50        50       762
     4607         3   1722.50   1733.00       117       879
     4621        14   1722.00   1733.50        10       889
     4623         2   1721.50   1734.00         1       890
     4625         2   1721.00   1734.50       490      1380
     4652        27   1720.50   1735.00      1041      2421
     4817       165   1720.00   1736.00        22      2443
     4818         1   1719.50   1736.50        45      2488
     4820         2   1719.00   1737.00       121      2609
     4821         1   1718.50   1738.00       118      2727
     4824         3   1718.00   1738.50        11      2738
Calculation info: Price   1729.00; Imbalance: -177; Total bids: 10, Total asks: 187; 
               Field               SERVER               TOP-20
    AuctionPrice,RUB              1728.50             1729.00
       AuctionVolume                  177                  10
       LastPrice,RUB              1728.50             1728.50
          MarketBids                    0                   0
          MarketAsks                   86                  86
         Imbalance,%                                 -1770.00
        MarketBids:%                0.000               0.000
        MarketAsks:%               48.588             860.000
      TotalValue:RUB           305944.500           17290.000
  AuctionPriceDiff,%                0.000               0.029
{OPENPERIODPRICE=1731.000000, CLSTATE=0.000000, PRICEMAX=2035.500000, ENDTIME=0.000000, STEPPRICET=0.000000, PREVPRICE=1729.500000, OPTIONBASE=0.000000, starttime=184001.000000, MIN_CURR_LAST=1728.500000, ISSUESIZE=29788012.000000, STEPPRICECL=0.000000, PRICEMIN=1422.500000, PREVLOTSIZE=0.000000, MARKETPRICETODAY=0.000000, BUYBACKPRICE=0.000000, MARKETPRICE2=0.000000, CLPRICE=0.000000, PREVSETTLEPRICE=0.000000, THEORPRICE=0.000000, plannedtime=184001.000000, MARKETPRICE=1730.000000, WAPRICE=1729.000000, ICHANGE=0.000000, OFFERDEPTH=93.000000, PRIMARYDIST=0.000000, LASTVALUE=0.000000, BGONP=0.000000, NEGVALTODAY=0.000000, STARTTIME=184001.000000, LOW=1725.000000, BASEPRICE=0.000000, IOPEN=0.000000, LCURRENTPRICE=1728.500000, MONSTARTTIME=0.000000, QUOTEBASIS=0.000000, BUYBACKDATE=0.000000, LCLOSEPRICE=0.000000, NEXTCOUPON=0.000000, MONENDTIME=0.000000, HIGHVAL=0.000000, ADMITTEDQUOTE=0.000000, OFFER=1671.000000, YIELDATPREVWAPRICE=0.000000, VALTODAY=33298414.000000, SETTLEPRICE=0.000000, PCHANGE=0.000000, LOTSIZE=1.000000, LOWOFFER=1620.500000, ISPERCENT=0.000000, YIELD=0.000000, VOLTODAY=19260.000000, endtime=0.000000, MAXOUTVOLUME=0.000000, OPEN=1731.000000, CROSSRATE=0.000000, CURRENTVALUE=0.000000, NUMCONTRACTS=0.000000, PREVADMITTEDQUOT=1729.500000, COUPONVALUE=0.000000, BIDDEPTH=10.000000, LASTBID=1728.500000, DURATION=0.000000, LOWVAL=0.000000, imbalance=0.000000, HIGH=1738.000000, YIELDATWAPRICE=0.000000, STEPPRICEPRCL=0.000000, OFFERDEPTHT=14438.000000, VALUE=70868.500000, marketvolb=0.000000, PERCENTRATE=0.000000, MIN_CURR_LAST_TI=184000.000000, auctvalue=305944.500000, EXPDATE=0.000000, LASTOFFER=1729.000000, QTY=41.000000, COUPONPERIOD=0.000000, CHANGETIME=0.000000, CURSTEPPRICE=0.000000, marketvols=86.000000, SELLDEPO=0.000000, EVNSTARTTIME=0.000000, LOTSIZECHANGEDAT=0.000000, NUMTRADES=842.000000, CLOSEPRICE=0.000000, HIGHBID=1769.000000, FACEVALUE=0.000000, PRICEMVTLIMITT1=0.000000, PRICEMVTLIMIT=0.000000, LOPENPRICE=0.000000, LAST=1728.500000, BUYPROFIT=0.000000, SELLPROFIT=0.000000, VOLATILITY=0.000000, CLOSETIME=0.000000, PREVWAPRICE=1730.000000, PREVLEGALCLOSEPR=1729.500000, BUYDEPO=0.000000, TRADECHANGE=0.000000, LASTTOPREVSTLPRC=0.000000, BIDDEPTHT=10162.000000, auctvolume=177.000000, PREVDATE=20191113.000000, ACCRUEDINT=0.000000, NUMOFFERS=303.000000, CHANGE=-1.000000, STRIKE=0.000000, EVNENDTIME=0.000000, BID=1729.000000, auctnumtrades=0.000000, TRADINGSTATUS=4.000000, LASTCHANGE=-0.060000, CHNGCLOSE=0.000000, REALVMPRICE=0.000000, CLOSEYIELD=0.000000, TIME=183957.000000, MARG=0.000000, AUCTPRICE=1728.500000, STEPPRICE=0.000000, NUMBIDS=317.000000, SETTLECODE=8.000000, OPENVAL=0.000000, OPTIONTYPE=0.000000, BGOP=0.000000, NEGNUMTRADES=0.000000, PRICEMINUSPREVWAPRICE=0.000000, CHNGOPEN=0.000000}
2019-11-14T18:41:06.363018 - BANEP[TQBR]
#   Total      Size       Bid       Ask      Size     Total
        0                                                 8 
       10        10   1729.00   1671.00         7        15
      473       463   1728.50   1677.00        84        99
      656       183   1727.00   1729.00        10       109
      884       228   1726.50   1729.50        57       166
     1006       122   1725.50   1730.00       188       354
     3506      2500   1725.00   1730.50         5       359
     4530      1024   1724.50   1731.00         1       360
     4537         7   1724.00   1731.50       155       515
     4602        65   1723.50   1732.00       197       712
     4604         2   1723.00   1732.50        50       762
     4607         3   1722.50   1733.00       117       879
     4621        14   1722.00   1733.50        10       889
     4623         2   1721.50   1734.00         1       890
     4625         2   1721.00   1734.50       490      1380
     4652        27   1720.50   1735.00      1041      2421
     4817       165   1720.00   1736.00        22      2443
     4818         1   1719.50   1736.50       445      2888
     5220       402   1719.00   1737.00       121      3009
     5221         1   1718.50   1738.00       118      3127
     5224         3   1718.00   1738.50        11      3138
Calculation info: Price   1729.00; Imbalance: -177; Total bids: 10, Total asks: 187; 
               Field               SERVER               TOP-20
    AuctionPrice,RUB              1728.50             1729.00
       AuctionVolume                  177                  10
       LastPrice,RUB              1728.50             1728.50
          MarketBids                    0                   0
          MarketAsks                   86                  86
         Imbalance,%                                 -1770.00
        MarketBids:%                0.000               0.000
        MarketAsks:%               48.588             860.000
      TotalValue:RUB           305944.500           17290.000
  AuctionPriceDiff,%                0.000               0.029
{OPENPERIODPRICE=1731.000000, CLSTATE=0.000000, PRICEMAX=2035.500000, ENDTIME=0.000000, STEPPRICET=0.000000, PREVPRICE=1729.500000, OPTIONBASE=0.000000, starttime=184001.000000, MIN_CURR_LAST=1728.500000, ISSUESIZE=29788012.000000, STEPPRICECL=0.000000, PRICEMIN=1422.500000, PREVLOTSIZE=0.000000, MARKETPRICETODAY=0.000000, BUYBACKPRICE=0.000000, MARKETPRICE2=0.000000, CLPRICE=0.000000, PREVSETTLEPRICE=0.000000, THEORPRICE=0.000000, plannedtime=184001.000000, MARKETPRICE=1730.000000, WAPRICE=1729.000000, ICHANGE=0.000000, OFFERDEPTH=93.000000, PRIMARYDIST=0.000000, LASTVALUE=0.000000, BGONP=0.000000, NEGVALTODAY=0.000000, STARTTIME=184001.000000, LOW=1725.000000, BASEPRICE=0.000000, IOPEN=0.000000, LCURRENTPRICE=1728.500000, MONSTARTTIME=0.000000, QUOTEBASIS=0.000000, BUYBACKDATE=0.000000, LCLOSEPRICE=0.000000, NEXTCOUPON=0.000000, MONENDTIME=0.000000, HIGHVAL=0.000000, ADMITTEDQUOTE=0.000000, OFFER=1671.000000, YIELDATPREVWAPRICE=0.000000, VALTODAY=33298414.000000, SETTLEPRICE=0.000000, PCHANGE=0.000000, LOTSIZE=1.000000, LOWOFFER=1620.500000, ISPERCENT=0.000000, YIELD=0.000000, VOLTODAY=19260.000000, endtime=0.000000, MAXOUTVOLUME=0.000000, OPEN=1731.000000, CROSSRATE=0.000000, CURRENTVALUE=0.000000, NUMCONTRACTS=0.000000, PREVADMITTEDQUOT=1729.500000, COUPONVALUE=0.000000, BIDDEPTH=10.000000, LASTBID=1728.500000, DURATION=0.000000, LOWVAL=0.000000, imbalance=0.000000, HIGH=1738.000000, YIELDATWAPRICE=0.000000, STEPPRICEPRCL=0.000000, OFFERDEPTHT=14438.000000, VALUE=70868.500000, marketvolb=0.000000, PERCENTRATE=0.000000, MIN_CURR_LAST_TI=184000.000000, auctvalue=305944.500000, EXPDATE=0.000000, LASTOFFER=1729.000000, QTY=41.000000, COUPONPERIOD=0.000000, CHANGETIME=0.000000, CURSTEPPRICE=0.000000, marketvols=86.000000, SELLDEPO=0.000000, EVNSTARTTIME=0.000000, LOTSIZECHANGEDAT=0.000000, NUMTRADES=842.000000, CLOSEPRICE=0.000000, HIGHBID=1769.000000, FACEVALUE=0.000000, PRICEMVTLIMITT1=0.000000, PRICEMVTLIMIT=0.000000, LOPENPRICE=0.000000, LAST=1728.500000, BUYPROFIT=0.000000, SELLPROFIT=0.000000, VOLATILITY=0.000000, CLOSETIME=0.000000, PREVWAPRICE=1730.000000, PREVLEGALCLOSEPR=1729.500000, BUYDEPO=0.000000, TRADECHANGE=0.000000, LASTTOPREVSTLPRC=0.000000, BIDDEPTHT=10224.000000, auctvolume=177.000000, PREVDATE=20191113.000000, ACCRUEDINT=0.000000, NUMOFFERS=303.000000, CHANGE=-1.000000, STRIKE=0.000000, EVNENDTIME=0.000000, BID=1729.000000, auctnumtrades=0.000000, TRADINGSTATUS=4.000000, LASTCHANGE=-0.060000, CHNGCLOSE=0.000000, REALVMPRICE=0.000000, CLOSEYIELD=0.000000, TIME=183957.000000, MARG=0.000000, AUCTPRICE=1728.500000, STEPPRICE=0.000000, NUMBIDS=318.000000, SETTLECODE=8.000000, OPENVAL=0.000000, OPTIONTYPE=0.000000, BGOP=0.000000, NEGNUMTRADES=0.000000, PRICEMINUSPREVWAPRICE=0.000000, CHNGOPEN=0.000000}
2019-11-14T18:41:09.691143 - BANEP[TQBR]
#   Total      Size       Bid       Ask      Size     Total
        0                                                 8 
       10        10   1729.00   1671.00         7        15
      473       463   1728.50   1677.00        84        99
      656       183   1727.00   1729.00        10       109
      884       228   1726.50   1729.50        57       166
     1006       122   1725.50   1730.00       188       354
     3506      2500   1725.00   1730.50         5       359
     4530      1024   1724.50   1731.00         1       360
     4537         7   1724.00   1731.50       155       515
     4602        65   1723.50   1732.00       197       712
     4604         2   1723.00   1732.50        50       762
     4607         3   1722.50   1733.00       117       879
     4621        14   1722.00   1733.50        10       889
     4623         2   1721.50   1734.00         1       890
     4625         2   1721.00   1734.50       490      1380
     4652        27   1720.50   1735.00      1041      2421
     4817       165   1720.00   1736.00        22      2443
     4818         1   1719.50   1736.50       445      2888
     5220       402   1719.00   1737.00       120      3008
     5221         1   1718.50   1738.00       118      3126
     5224         3   1718.00   1738.50        11      3137
Calculation info: Price   1729.00; Imbalance: -177; Total bids: 10, Total asks: 187; 
               Field               SERVER               TOP-20
    AuctionPrice,RUB              1728.50             1729.00
       AuctionVolume                  177                  10
       LastPrice,RUB              1728.50             1728.50
          MarketBids                    0                   0
          MarketAsks                   86                  86
         Imbalance,%                                 -1770.00
        MarketBids:%                0.000               0.000
        MarketAsks:%               48.588             860.000
      TotalValue:RUB           305944.500           17290.000
  AuctionPriceDiff,%                0.000               0.029
{OPENPERIODPRICE=1731.000000, CLSTATE=0.000000, PRICEMAX=2035.500000, ENDTIME=0.000000, STEPPRICET=0.000000, PREVPRICE=1729.500000, OPTIONBASE=0.000000, starttime=184001.000000, MIN_CURR_LAST=1728.500000, ISSUESIZE=29788012.000000, STEPPRICECL=0.000000, PRICEMIN=1422.500000, PREVLOTSIZE=0.000000, MARKETPRICETODAY=0.000000, BUYBACKPRICE=0.000000, MARKETPRICE2=0.000000, CLPRICE=0.000000, PREVSETTLEPRICE=0.000000, THEORPRICE=0.000000, plannedtime=184001.000000, MARKETPRICE=1730.000000, WAPRICE=1729.000000, ICHANGE=0.000000, OFFERDEPTH=93.000000, PRIMARYDIST=0.000000, LASTVALUE=0.000000, BGONP=0.000000, NEGVALTODAY=0.000000, STARTTIME=184001.000000, LOW=1725.000000, BASEPRICE=0.000000, IOPEN=0.000000, LCURRENTPRICE=1728.500000, MONSTARTTIME=0.000000, QUOTEBASIS=0.000000, BUYBACKDATE=0.000000, LCLOSEPRICE=0.000000, NEXTCOUPON=0.000000, MONENDTIME=0.000000, HIGHVAL=0.000000, ADMITTEDQUOTE=0.000000, OFFER=1671.000000, YIELDATPREVWAPRICE=0.000000, VALTODAY=33298414.000000, SETTLEPRICE=0.000000, PCHANGE=0.000000, LOTSIZE=1.000000, LOWOFFER=1620.500000, ISPERCENT=0.000000, YIELD=0.000000, VOLTODAY=19260.000000, endtime=0.000000, MAXOUTVOLUME=0.000000, OPEN=1731.000000, CROSSRATE=0.000000, CURRENTVALUE=0.000000, NUMCONTRACTS=0.000000, PREVADMITTEDQUOT=1729.500000, COUPONVALUE=0.000000, BIDDEPTH=10.000000, LASTBID=1728.500000, DURATION=0.000000, LOWVAL=0.000000, imbalance=0.000000, HIGH=1738.000000, YIELDATWAPRICE=0.000000, STEPPRICEPRCL=0.000000, OFFERDEPTHT=15238.000000, VALUE=70868.500000, marketvolb=0.000000, PERCENTRATE=0.000000, MIN_CURR_LAST_TI=184000.000000, auctvalue=305944.500000, EXPDATE=0.000000, LASTOFFER=1729.000000, QTY=41.000000, COUPONPERIOD=0.000000, CHANGETIME=0.000000, CURSTEPPRICE=0.000000, marketvols=86.000000, SELLDEPO=0.000000, EVNSTARTTIME=0.000000, LOTSIZECHANGEDAT=0.000000, NUMTRADES=842.000000, CLOSEPRICE=0.000000, HIGHBID=1769.000000, FACEVALUE=0.000000, PRICEMVTLIMITT1=0.000000, PRICEMVTLIMIT=0.000000, LOPENPRICE=0.000000, LAST=1728.500000, BUYPROFIT=0.000000, SELLPROFIT=0.000000, VOLATILITY=0.000000, CLOSETIME=0.000000, PREVWAPRICE=1730.000000, PREVLEGALCLOSEPR=1729.500000, BUYDEPO=0.000000, TRADECHANGE=0.000000, LASTTOPREVSTLPRC=0.000000, BIDDEPTHT=11024.000000, auctvolume=177.000000, PREVDATE=20191113.000000, ACCRUEDINT=0.000000, NUMOFFERS=305.000000, CHANGE=-1.000000, STRIKE=0.000000, EVNENDTIME=0.000000, BID=1729.000000, auctnumtrades=0.000000, TRADINGSTATUS=4.000000, LASTCHANGE=-0.060000, CHNGCLOSE=0.000000, REALVMPRICE=0.000000, CLOSEYIELD=0.000000, TIME=183957.000000, MARG=0.000000, AUCTPRICE=1728.500000, STEPPRICE=0.000000, NUMBIDS=320.000000, SETTLECODE=8.000000, OPENVAL=0.000000, OPTIONTYPE=0.000000, BGOP=0.000000, NEGNUMTRADES=0.000000, PRICEMINUSPREVWAPRICE=0.000000, CHNGOPEN=0.000000}
2019-11-14T18:42:22.378643 - BANEP[TQBR]
#   Total      Size       Bid       Ask      Size     Total
        0                                                 8 
       10        10   1729.00   1671.00         7        15
      473       463   1728.50   1677.00        84        99
      656       183   1727.00   1729.00        10       109
      884       228   1726.50   1729.50        57       166
     1006       122   1725.50   1730.00       188       354
     3506      2500   1725.00   1730.50         5       359
     4530      1024   1724.50   1731.00         1       360
     4537         7   1724.00   1731.50       155       515
     4602        65   1723.50   1732.00       197       712
     4604         2   1723.00   1732.50        50       762
     4607         3   1722.50   1733.00       117       879
     4621        14   1722.00   1733.50        10       889
     4623         2   1721.50   1734.00         1       890
     4625         2   1721.00   1734.50       490      1380
     4652        27   1720.50   1735.00      1041      2421
     4777       125   1720.00   1736.00        22      2443
     4778         1   1719.50   1736.50       445      2888
     5180       402   1719.00   1737.00       120      3008
     5181         1   1718.50   1738.00       118      3126
     5184         3   1718.00   1738.50        11      3137
Calculation info: Price   1729.00; Imbalance: -177; Total bids: 10, Total asks: 187; 
               Field               SERVER               TOP-20
    AuctionPrice,RUB              1728.50             1729.00
       AuctionVolume                  177                  10
       LastPrice,RUB              1728.50             1728.50
          MarketBids                    0                   0
          MarketAsks                   86                  86
         Imbalance,%                                 -1770.00
        MarketBids:%                0.000               0.000
        MarketAsks:%               48.588             860.000
      TotalValue:RUB           305944.500           17290.000
  AuctionPriceDiff,%                0.000               0.029
{OPENPERIODPRICE=1731.000000, CLSTATE=0.000000, PRICEMAX=2035.500000, ENDTIME=0.000000, STEPPRICET=0.000000, PREVPRICE=1729.500000, OPTIONBASE=0.000000, starttime=184001.000000, MIN_CURR_LAST=1728.500000, ISSUESIZE=29788012.000000, STEPPRICECL=0.000000, PRICEMIN=1422.500000, PREVLOTSIZE=0.000000, MARKETPRICETODAY=0.000000, BUYBACKPRICE=0.000000, MARKETPRICE2=0.000000, CLPRICE=0.000000, PREVSETTLEPRICE=0.000000, THEORPRICE=0.000000, plannedtime=184001.000000, MARKETPRICE=1730.000000, WAPRICE=1729.000000, ICHANGE=0.000000, OFFERDEPTH=93.000000, PRIMARYDIST=0.000000, LASTVALUE=0.000000, BGONP=0.000000, NEGVALTODAY=0.000000, STARTTIME=184001.000000, LOW=1725.000000, BASEPRICE=0.000000, IOPEN=0.000000, LCURRENTPRICE=1728.500000, MONSTARTTIME=0.000000, QUOTEBASIS=0.000000, BUYBACKDATE=0.000000, LCLOSEPRICE=0.000000, NEXTCOUPON=0.000000, MONENDTIME=0.000000, HIGHVAL=0.000000, ADMITTEDQUOTE=0.000000, OFFER=1671.000000, YIELDATPREVWAPRICE=0.000000, VALTODAY=33298414.000000, SETTLEPRICE=0.000000, PCHANGE=0.000000, LOTSIZE=1.000000, LOWOFFER=1620.500000, ISPERCENT=0.000000, YIELD=0.000000, VOLTODAY=19260.000000, endtime=0.000000, MAXOUTVOLUME=0.000000, OPEN=1731.000000, CROSSRATE=0.000000, CURRENTVALUE=0.000000, NUMCONTRACTS=0.000000, PREVADMITTEDQUOT=1729.500000, COUPONVALUE=0.000000, BIDDEPTH=10.000000, LASTBID=1728.500000, DURATION=0.000000, LOWVAL=0.000000, imbalance=0.000000, HIGH=1738.000000, YIELDATWAPRICE=0.000000, STEPPRICEPRCL=0.000000, OFFERDEPTHT=15237.000000, VALUE=70868.500000, marketvolb=0.000000, PERCENTRATE=0.000000, MIN_CURR_LAST_TI=184000.000000, auctvalue=305944.500000, EXPDATE=0.000000, LASTOFFER=1729.000000, QTY=41.000000, COUPONPERIOD=0.000000, CHANGETIME=0.000000, CURSTEPPRICE=0.000000, marketvols=86.000000, SELLDEPO=0.000000, EVNSTARTTIME=0.000000, LOTSIZECHANGEDAT=0.000000, NUMTRADES=842.000000, CLOSEPRICE=0.000000, HIGHBID=1769.000000, FACEVALUE=0.000000, PRICEMVTLIMITT1=0.000000, PRICEMVTLIMIT=0.000000, LOPENPRICE=0.000000, LAST=1728.500000, BUYPROFIT=0.000000, SELLPROFIT=0.000000, VOLATILITY=0.000000, CLOSETIME=0.000000, PREVWAPRICE=1730.000000, PREVLEGALCLOSEPR=1729.500000, BUYDEPO=0.000000, TRADECHANGE=0.000000, LASTTOPREVSTLPRC=0.000000, BIDDEPTHT=10925.000000, auctvolume=177.000000, PREVDATE=20191113.000000, ACCRUEDINT=0.000000, NUMOFFERS=304.000000, CHANGE=-1.000000, STRIKE=0.000000, EVNENDTIME=0.000000, BID=1729.000000, auctnumtrades=0.000000, TRADINGSTATUS=4.000000, LASTCHANGE=-0.060000, CHNGCLOSE=0.000000, REALVMPRICE=0.000000, CLOSEYIELD=0.000000, TIME=183957.000000, MARG=0.000000, AUCTPRICE=1728.500000, STEPPRICE=0.000000, NUMBIDS=320.000000, SETTLECODE=8.000000, OPENVAL=0.000000, OPTIONTYPE=0.000000, BGOP=0.000000, NEGNUMTRADES=0.000000, PRICEMINUSPREVWAPRICE=0.000000, CHNGOPEN=0.000000}
2019-11-14T18:42:50.784893 - BANEP[TQBR]
#   Total      Size       Bid       Ask      Size     Total
        0                                                 8 
       10        10   1729.00   1671.00         7        15
      473       463   1728.50   1677.00        84        99
      656       183   1727.00   1729.00        10       109
      884       228   1726.50   1729.50        57       166
     1006       122   1725.50   1730.00       188       354
     3506      2500   1725.00   1730.50         5       359
     4530      1024   1724.50   1731.00         1       360
     4537         7   1724.00   1731.50       155       515
     4602        65   1723.50   1732.00       197       712
     4604         2   1723.00   1732.50        50       762
     4607         3   1722.50   1733.00       117       879
     4621        14   1722.00   1733.50        10       889
     4623         2   1721.50   1734.00         1       890
     4625         2   1721.00   1734.50       490      1380
     4652        27   1720.50   1735.00      1041      2421
     4777       125   1720.00   1736.00        22      2443
     4778         1   1719.50   1736.50       445      2888
     5180       402   1719.00   1737.00       308      3196
     5181         1   1718.50   1738.00       118      3314
     5184         3   1718.00   1738.50        11      3325
Calculation info: Price   1729.00; Imbalance: -177; Total bids: 10, Total asks: 187; 
               Field               SERVER               TOP-20
    AuctionPrice,RUB              1728.50             1729.00
       AuctionVolume                  177                  10
       LastPrice,RUB              1728.50             1728.50
          MarketBids                    0                   0
          MarketAsks                   86                  86
         Imbalance,%                                 -1770.00
        MarketBids:%                0.000               0.000
        MarketAsks:%               48.588             860.000
      TotalValue:RUB           305944.500           17290.000
  AuctionPriceDiff,%                0.000               0.029
{OPENPERIODPRICE=1731.000000, CLSTATE=0.000000, PRICEMAX=2035.500000, ENDTIME=0.000000, STEPPRICET=0.000000, PREVPRICE=1729.500000, OPTIONBASE=0.000000, starttime=184001.000000, MIN_CURR_LAST=1728.500000, ISSUESIZE=29788012.000000, STEPPRICECL=0.000000, PRICEMIN=1422.500000, PREVLOTSIZE=0.000000, MARKETPRICETODAY=0.000000, BUYBACKPRICE=0.000000, MARKETPRICE2=0.000000, CLPRICE=0.000000, PREVSETTLEPRICE=0.000000, THEORPRICE=0.000000, plannedtime=184001.000000, MARKETPRICE=1730.000000, WAPRICE=1729.000000, ICHANGE=0.000000, OFFERDEPTH=93.000000, PRIMARYDIST=0.000000, LASTVALUE=0.000000, BGONP=0.000000, NEGVALTODAY=0.000000, STARTTIME=184001.000000, LOW=1725.000000, BASEPRICE=0.000000, IOPEN=0.000000, LCURRENTPRICE=1728.500000, MONSTARTTIME=0.000000, QUOTEBASIS=0.000000, BUYBACKDATE=0.000000, LCLOSEPRICE=0.000000, NEXTCOUPON=0.000000, MONENDTIME=0.000000, HIGHVAL=0.000000, ADMITTEDQUOTE=0.000000, OFFER=1671.000000, YIELDATPREVWAPRICE=0.000000, VALTODAY=33298414.000000, SETTLEPRICE=0.000000, PCHANGE=0.000000, LOTSIZE=1.000000, LOWOFFER=1620.500000, ISPERCENT=0.000000, YIELD=0.000000, VOLTODAY=19260.000000, endtime=0.000000, MAXOUTVOLUME=0.000000, OPEN=1731.000000, CROSSRATE=0.000000, CURRENTVALUE=0.000000, NUMCONTRACTS=0.000000, PREVADMITTEDQUOT=1729.500000, COUPONVALUE=0.000000, BIDDEPTH=10.000000, LASTBID=1728.500000, DURATION=0.000000, LOWVAL=0.000000, imbalance=0.000000, HIGH=1738.000000, YIELDATWAPRICE=0.000000, STEPPRICEPRCL=0.000000, OFFERDEPTHT=15049.000000, VALUE=70868.500000, marketvolb=0.000000, PERCENTRATE=0.000000, MIN_CURR_LAST_TI=184000.000000, auctvalue=305944.500000, EXPDATE=0.000000, LASTOFFER=1729.000000, QTY=41.000000, COUPONPERIOD=0.000000, CHANGETIME=0.000000, CURSTEPPRICE=0.000000, marketvols=86.000000, SELLDEPO=0.000000, EVNSTARTTIME=0.000000, LOTSIZECHANGEDAT=0.000000, NUMTRADES=842.000000, CLOSEPRICE=0.000000, HIGHBID=1769.000000, FACEVALUE=0.000000, PRICEMVTLIMITT1=0.000000, PRICEMVTLIMIT=0.000000, LOPENPRICE=0.000000, LAST=1728.500000, BUYPROFIT=0.000000, SELLPROFIT=0.000000, VOLATILITY=0.000000, CLOSETIME=0.000000, PREVWAPRICE=1730.000000, PREVLEGALCLOSEPR=1729.500000, BUYDEPO=0.000000, TRADECHANGE=0.000000, LASTTOPREVSTLPRC=0.000000, BIDDEPTHT=11385.000000, auctvolume=177.000000, PREVDATE=20191113.000000, ACCRUEDINT=0.000000, NUMOFFERS=303.000000, CHANGE=-1.000000, STRIKE=0.000000, EVNENDTIME=0.000000, BID=1729.000000, auctnumtrades=0.000000, TRADINGSTATUS=4.000000, LASTCHANGE=-0.060000, CHNGCLOSE=0.000000, REALVMPRICE=0.000000, CLOSEYIELD=0.000000, TIME=183957.000000, MARG=0.000000, AUCTPRICE=1728.500000, STEPPRICE=0.000000, NUMBIDS=320.000000, SETTLECODE=8.000000, OPENVAL=0.000000, OPTIONTYPE=0.000000, BGOP=0.000000, NEGNUMTRADES=0.000000, PRICEMINUSPREVWAPRICE=0.000000, CHNGOPEN=0.000000}
2019-11-14T18:43:08.816143 - BANEP[TQBR]
#   Total      Size       Bid       Ask      Size     Total
        0                                                 8 
       10        10   1729.00   1671.00         7        15
      473       463   1728.50   1677.00       113       128
      656       183   1727.00   1729.00        10       138
      884       228   1726.50   1729.50        57       195
     1006       122   1725.50   1730.00       188       383
     3506      2500   1725.00   1730.50         5       388
     4530      1024   1724.50   1731.00         1       389
     4537         7   1724.00   1731.50       155       544
     4602        65   1723.50   1732.00       197       741
     4604         2   1723.00   1732.50        50       791
     4607         3   1722.50   1733.00       117       908
     4621        14   1722.00   1733.50        10       918
     4623         2   1721.50   1734.00         1       919
     4625         2   1721.00   1734.50       490      1409
     4652        27   1720.50   1735.00      1041      2450
     4777       125   1720.00   1736.00        22      2472
     4778         1   1719.50   1736.50       445      2917
     5180       402   1719.00   1737.00       308      3225
     5181         1   1718.50   1738.00       118      3343
     5184         3   1718.00   1738.50        11      3354
Calculation info: Price   1729.00; Imbalance: -206; Total bids: 10, Total asks: 216; 
               Field               SERVER               TOP-20
    AuctionPrice,RUB              1728.50             1729.00
       AuctionVolume                  206                  10
       LastPrice,RUB              1728.50             1728.50
          MarketBids                    0                   0
          MarketAsks                   86                  86
         Imbalance,%                                 -2060.00
        MarketBids:%                0.000               0.000
        MarketAsks:%               41.748             860.000
      TotalValue:RUB           356071.000           17290.000
  AuctionPriceDiff,%                0.000               0.029
{OPENPERIODPRICE=1731.000000, CLSTATE=0.000000, PRICEMAX=2035.500000, ENDTIME=0.000000, STEPPRICET=0.000000, PREVPRICE=1729.500000, OPTIONBASE=0.000000, starttime=184001.000000, MIN_CURR_LAST=1728.500000, ISSUESIZE=29788012.000000, STEPPRICECL=0.000000, PRICEMIN=1422.500000, PREVLOTSIZE=0.000000, MARKETPRICETODAY=0.000000, BUYBACKPRICE=0.000000, MARKETPRICE2=0.000000, CLPRICE=0.000000, PREVSETTLEPRICE=0.000000, THEORPRICE=0.000000, plannedtime=184001.000000, MARKETPRICE=1730.000000, WAPRICE=1729.000000, ICHANGE=0.000000, OFFERDEPTH=93.000000, PRIMARYDIST=0.000000, LASTVALUE=0.000000, BGONP=0.000000, NEGVALTODAY=0.000000, STARTTIME=184001.000000, LOW=1725.000000, BASEPRICE=0.000000, IOPEN=0.000000, LCURRENTPRICE=1728.500000, MONSTARTTIME=0.000000, QUOTEBASIS=0.000000, BUYBACKDATE=0.000000, LCLOSEPRICE=0.000000, NEXTCOUPON=0.000000, MONENDTIME=0.000000, HIGHVAL=0.000000, ADMITTEDQUOTE=0.000000, OFFER=1671.000000, YIELDATPREVWAPRICE=0.000000, VALTODAY=33298414.000000, SETTLEPRICE=0.000000, PCHANGE=0.000000, LOTSIZE=1.000000, LOWOFFER=1620.500000, ISPERCENT=0.000000, YIELD=0.000000, VOLTODAY=19260.000000, endtime=0.000000, MAXOUTVOLUME=0.000000, OPEN=1731.000000, CROSSRATE=0.000000, CURRENTVALUE=0.000000, NUMCONTRACTS=0.000000, PREVADMITTEDQUOT=1729.500000, COUPONVALUE=0.000000, BIDDEPTH=10.000000, LASTBID=1728.500000, DURATION=0.000000, LOWVAL=0.000000, imbalance=0.000000, HIGH=1738.000000, YIELDATWAPRICE=0.000000, STEPPRICEPRCL=0.000000, OFFERDEPTHT=15237.000000, VALUE=70868.500000, marketvolb=0.000000, PERCENTRATE=0.000000, MIN_CURR_LAST_TI=184000.000000, auctvalue=356071.000000, EXPDATE=0.000000, LASTOFFER=1729.000000, QTY=41.000000, COUPONPERIOD=0.000000, CHANGETIME=0.000000, CURSTEPPRICE=0.000000, marketvols=86.000000, SELLDEPO=0.000000, EVNSTARTTIME=0.000000, LOTSIZECHANGEDAT=0.000000, NUMTRADES=842.000000, CLOSEPRICE=0.000000, HIGHBID=1769.000000, FACEVALUE=0.000000, PRICEMVTLIMITT1=0.000000, PRICEMVTLIMIT=0.000000, LOPENPRICE=0.000000, LAST=1728.500000, BUYPROFIT=0.000000, SELLPROFIT=0.000000, VOLATILITY=0.000000, CLOSETIME=0.000000, PREVWAPRICE=1730.000000, PREVLEGALCLOSEPR=1729.500000, BUYDEPO=0.000000, TRADECHANGE=0.000000, LASTTOPREVSTLPRC=0.000000, BIDDEPTHT=11385.000000, auctvolume=206.000000, PREVDATE=20191113.000000, ACCRUEDINT=0.000000, NUMOFFERS=304.000000, CHANGE=-1.000000, STRIKE=0.000000, EVNENDTIME=0.000000, BID=1729.000000, auctnumtrades=0.000000, TRADINGSTATUS=4.000000, LASTCHANGE=-0.060000, CHNGCLOSE=0.000000, REALVMPRICE=0.000000, CLOSEYIELD=0.000000, TIME=183957.000000, MARG=0.000000, AUCTPRICE=1728.500000, STEPPRICE=0.000000, NUMBIDS=320.000000, SETTLECODE=8.000000, OPENVAL=0.000000, OPTIONTYPE=0.000000, BGOP=0.000000, NEGNUMTRADES=0.000000, PRICEMINUSPREVWAPRICE=0.000000, CHNGOPEN=0.000000}
2019-11-14T18:44:57.503643 - BANEP[TQBR]
#   Total      Size       Bid       Ask      Size     Total
        0                                                 8 
       10        10   1729.00   1671.00         7        15
      473       463   1728.50   1677.00       113       128
      656       183   1727.00   1729.00        10       138
      869       213   1726.50   1729.50        57       195
      991       122   1725.50   1730.00       188       383
     3491      2500   1725.00   1730.50         5       388
     4515      1024   1724.50   1731.00         1       389
     4522         7   1724.00   1731.50       155       544
     4587        65   1723.50   1732.00       197       741
     4589         2   1723.00   1732.50        50       791
     4592         3   1722.50   1733.00       117       908
     4606        14   1722.00   1733.50        10       918
     4608         2   1721.50   1734.00         1       919
     4610         2   1721.00   1734.50       490      1409
     4637        27   1720.50   1735.00      1041      2450
     4762       125   1720.00   1736.00        22      2472
     4763         1   1719.50   1736.50       445      2917
     5165       402   1719.00   1737.00       308      3225
     5166         1   1718.50   1738.00       118      3343
     5169         3   1718.00   1738.50        11      3354
Calculation info: Price   1729.00; Imbalance: -206; Total bids: 10, Total asks: 216; 
               Field               SERVER               TOP-20
    AuctionPrice,RUB              1728.50             1729.00
       AuctionVolume                  206                  10
       LastPrice,RUB              1728.50             1728.50
          MarketBids                    0                   0
          MarketAsks                   86                  86
         Imbalance,%                                 -2060.00
        MarketBids:%                0.000               0.000
        MarketAsks:%               41.748             860.000
      TotalValue:RUB           356071.000           17290.000
  AuctionPriceDiff,%                0.000               0.029
{OPENPERIODPRICE=1731.000000, CLSTATE=0.000000, PRICEMAX=2035.500000, ENDTIME=0.000000, STEPPRICET=0.000000, PREVPRICE=1729.500000, OPTIONBASE=0.000000, starttime=184001.000000, MIN_CURR_LAST=1728.500000, ISSUESIZE=29788012.000000, STEPPRICECL=0.000000, PRICEMIN=1422.500000, PREVLOTSIZE=0.000000, MARKETPRICETODAY=0.000000, BUYBACKPRICE=0.000000, MARKETPRICE2=0.000000, CLPRICE=0.000000, PREVSETTLEPRICE=0.000000, THEORPRICE=0.000000, plannedtime=184001.000000, MARKETPRICE=1730.000000, WAPRICE=1729.000000, ICHANGE=0.000000, OFFERDEPTH=93.000000, PRIMARYDIST=0.000000, LASTVALUE=0.000000, BGONP=0.000000, NEGVALTODAY=0.000000, STARTTIME=184001.000000, LOW=1725.000000, BASEPRICE=0.000000, IOPEN=0.000000, LCURRENTPRICE=1728.500000, MONSTARTTIME=0.000000, QUOTEBASIS=0.000000, BUYBACKDATE=0.000000, LCLOSEPRICE=0.000000, NEXTCOUPON=0.000000, MONENDTIME=0.000000, HIGHVAL=0.000000, ADMITTEDQUOTE=0.000000, OFFER=1671.000000, YIELDATPREVWAPRICE=0.000000, VALTODAY=33298414.000000, SETTLEPRICE=0.000000, PCHANGE=0.000000, LOTSIZE=1.000000, LOWOFFER=1620.500000, ISPERCENT=0.000000, YIELD=0.000000, VOLTODAY=19260.000000, endtime=0.000000, MAXOUTVOLUME=0.000000, OPEN=1731.000000, CROSSRATE=0.000000, CURRENTVALUE=0.000000, NUMCONTRACTS=0.000000, PREVADMITTEDQUOT=1729.500000, COUPONVALUE=0.000000, BIDDEPTH=10.000000, LASTBID=1728.500000, DURATION=0.000000, LOWVAL=0.000000, imbalance=0.000000, HIGH=1738.000000, YIELDATWAPRICE=0.000000, STEPPRICEPRCL=0.000000, OFFERDEPTHT=15405.000000, VALUE=70868.500000, marketvolb=0.000000, PERCENTRATE=0.000000, MIN_CURR_LAST_TI=184000.000000, auctvalue=356071.000000, EXPDATE=0.000000, LASTOFFER=1729.000000, QTY=41.000000, COUPONPERIOD=0.000000, CHANGETIME=0.000000, CURSTEPPRICE=0.000000, marketvols=86.000000, SELLDEPO=0.000000, EVNSTARTTIME=0.000000, LOTSIZECHANGEDAT=0.000000, NUMTRADES=842.000000, CLOSEPRICE=0.000000, HIGHBID=1769.000000, FACEVALUE=0.000000, PRICEMVTLIMITT1=0.000000, PRICEMVTLIMIT=0.000000, LOPENPRICE=0.000000, LAST=1728.500000, BUYPROFIT=0.000000, SELLPROFIT=0.000000, VOLATILITY=0.000000, CLOSETIME=0.000000, PREVWAPRICE=1730.000000, PREVLEGALCLOSEPR=1729.500000, BUYDEPO=0.000000, TRADECHANGE=0.000000, LASTTOPREVSTLPRC=0.000000, BIDDEPTHT=11385.000000, auctvolume=206.000000, PREVDATE=20191113.000000, ACCRUEDINT=0.000000, NUMOFFERS=307.000000, CHANGE=-1.000000, STRIKE=0.000000, EVNENDTIME=0.000000, BID=1729.000000, auctnumtrades=0.000000, TRADINGSTATUS=4.000000, LASTCHANGE=-0.060000, CHNGCLOSE=0.000000, REALVMPRICE=0.000000, CLOSEYIELD=0.000000, TIME=183957.000000, MARG=0.000000, AUCTPRICE=1728.500000, STEPPRICE=0.000000, NUMBIDS=320.000000, SETTLECODE=8.000000, OPENVAL=0.000000, OPTIONTYPE=0.000000, BGOP=0.000000, NEGNUMTRADES=0.000000, PRICEMINUSPREVWAPRICE=0.000000, CHNGOPEN=0.000000}
2019-11-14T18:45:12.784893 - BANEP[TQBR]
#   Total      Size       Bid       Ask      Size     Total
        0                                                 8 
      267       267   1728.50                                
{OPENPERIODPRICE=1731.000000, CLSTATE=0.000000, PRICEMAX=2035.500000, ENDTIME=0.000000, STEPPRICET=0.000000, PREVPRICE=1729.500000, OPTIONBASE=0.000000, starttime=184001.000000, MIN_CURR_LAST=1728.500000, ISSUESIZE=29788012.000000, STEPPRICECL=0.000000, PRICEMIN=1422.500000, PREVLOTSIZE=0.000000, MARKETPRICETODAY=0.000000, BUYBACKPRICE=0.000000, MARKETPRICE2=0.000000, CLPRICE=0.000000, PREVSETTLEPRICE=0.000000, THEORPRICE=0.000000, plannedtime=184001.000000, MARKETPRICE=1730.000000, WAPRICE=1729.000000, ICHANGE=0.000000, OFFERDEPTH=0.000000, PRIMARYDIST=0.000000, LASTVALUE=0.000000, BGONP=0.000000, NEGVALTODAY=0.000000, STARTTIME=184001.000000, LOW=1725.000000, BASEPRICE=0.000000, IOPEN=0.000000, LCURRENTPRICE=1728.500000, MONSTARTTIME=0.000000, QUOTEBASIS=0.000000, BUYBACKDATE=0.000000, LCLOSEPRICE=0.000000, NEXTCOUPON=0.000000, MONENDTIME=0.000000, HIGHVAL=0.000000, ADMITTEDQUOTE=0.000000, OFFER=0.000000, YIELDATPREVWAPRICE=0.000000, VALTODAY=33654485.000000, SETTLEPRICE=0.000000, PCHANGE=0.000000, LOTSIZE=1.000000, LOWOFFER=1620.500000, ISPERCENT=0.000000, YIELD=0.000000, VOLTODAY=19466.000000, endtime=0.000000, MAXOUTVOLUME=0.000000, OPEN=1731.000000, CROSSRATE=0.000000, CURRENTVALUE=0.000000, NUMCONTRACTS=0.000000, PREVADMITTEDQUOT=1729.500000, COUPONVALUE=0.000000, BIDDEPTH=267.000000, LASTBID=1728.500000, DURATION=0.000000, LOWVAL=0.000000, imbalance=0.000000, HIGH=1738.000000, YIELDATWAPRICE=0.000000, STEPPRICEPRCL=0.000000, OFFERDEPTHT=15405.000000, VALUE=50126.500000, marketvolb=0.000000, PERCENTRATE=0.000000, MIN_CURR_LAST_TI=184000.000000, auctvalue=356071.000000, EXPDATE=0.000000, LASTOFFER=1729.000000, QTY=29.000000, COUPONPERIOD=0.000000, CHANGETIME=0.000000, CURSTEPPRICE=0.000000, marketvols=86.000000, SELLDEPO=0.000000, EVNSTARTTIME=0.000000, LOTSIZECHANGEDAT=0.000000, NUMTRADES=848.000000, CLOSEPRICE=0.000000, HIGHBID=1769.000000, FACEVALUE=0.000000, PRICEMVTLIMITT1=0.000000, PRICEMVTLIMIT=0.000000, LOPENPRICE=0.000000, LAST=1728.500000, BUYPROFIT=0.000000, SELLPROFIT=0.000000, VOLATILITY=0.000000, CLOSETIME=0.000000, PREVWAPRICE=1730.000000, PREVLEGALCLOSEPR=1729.500000, BUYDEPO=0.000000, TRADECHANGE=0.000000, LASTTOPREVSTLPRC=0.000000, BIDDEPTHT=11370.000000, auctvolume=206.000000, PREVDATE=20191113.000000, ACCRUEDINT=0.000000, NUMOFFERS=307.000000, CHANGE=-1.000000, STRIKE=0.000000, EVNENDTIME=0.000000, BID=1728.500000, auctnumtrades=0.000000, TRADINGSTATUS=5.000000, LASTCHANGE=-0.060000, CHNGCLOSE=0.000000, REALVMPRICE=0.000000, CLOSEYIELD=0.000000, TIME=184511.000000, MARG=0.000000, AUCTPRICE=1728.500000, STEPPRICE=0.000000, NUMBIDS=318.000000, SETTLECODE=8.000000, OPENVAL=0.000000, OPTIONTYPE=0.000000, BGOP=0.000000, NEGNUMTRADES=0.000000, PRICEMINUSPREVWAPRICE=0.000000, CHNGOPEN=0.000000}
2019-11-14T18:46:27.253643 - BANEP[TQBR]
#   Total      Size       Bid       Ask      Size     Total
        0                                                 0 
      269       269   1728.50                                
{OPENPERIODPRICE=1731.000000, CLSTATE=0.000000, PRICEMAX=2035.500000, ENDTIME=0.000000, STEPPRICET=0.000000, PREVPRICE=1729.500000, OPTIONBASE=0.000000, starttime=184511.000000, MIN_CURR_LAST=1728.500000, ISSUESIZE=29788012.000000, STEPPRICECL=0.000000, PRICEMIN=1422.500000, PREVLOTSIZE=0.000000, MARKETPRICETODAY=0.000000, BUYBACKPRICE=0.000000, MARKETPRICE2=0.000000, CLPRICE=0.000000, PREVSETTLEPRICE=0.000000, THEORPRICE=0.000000, plannedtime=184511.000000, MARKETPRICE=1730.000000, WAPRICE=1729.000000, ICHANGE=0.000000, OFFERDEPTH=0.000000, PRIMARYDIST=0.000000, LASTVALUE=0.000000, BGONP=0.000000, NEGVALTODAY=0.000000, STARTTIME=184511.000000, LOW=1725.000000, BASEPRICE=0.000000, IOPEN=0.000000, LCURRENTPRICE=1728.500000, MONSTARTTIME=0.000000, QUOTEBASIS=0.000000, BUYBACKDATE=0.000000, LCLOSEPRICE=0.000000, NEXTCOUPON=0.000000, MONENDTIME=0.000000, HIGHVAL=0.000000, ADMITTEDQUOTE=0.000000, OFFER=0.000000, YIELDATPREVWAPRICE=0.000000, VALTODAY=33654485.000000, SETTLEPRICE=0.000000, PCHANGE=0.000000, LOTSIZE=1.000000, LOWOFFER=1620.500000, ISPERCENT=0.000000, YIELD=0.000000, VOLTODAY=19466.000000, endtime=0.000000, MAXOUTVOLUME=0.000000, OPEN=1731.000000, CROSSRATE=0.000000, CURRENTVALUE=0.000000, NUMCONTRACTS=0.000000, PREVADMITTEDQUOT=1729.500000, COUPONVALUE=0.000000, BIDDEPTH=269.000000, LASTBID=1728.500000, DURATION=0.000000, LOWVAL=0.000000, imbalance=0.000000, HIGH=1738.000000, YIELDATWAPRICE=0.000000, STEPPRICEPRCL=0.000000, OFFERDEPTHT=0.000000, VALUE=50126.500000, marketvolb=0.000000, PERCENTRATE=0.000000, MIN_CURR_LAST_TI=184000.000000, auctvalue=0.000000, EXPDATE=0.000000, LASTOFFER=1729.000000, QTY=29.000000, COUPONPERIOD=0.000000, CHANGETIME=0.000000, CURSTEPPRICE=0.000000, marketvols=0.000000, SELLDEPO=0.000000, EVNSTARTTIME=0.000000, LOTSIZECHANGEDAT=0.000000, NUMTRADES=848.000000, CLOSEPRICE=0.000000, HIGHBID=1769.000000, FACEVALUE=0.000000, PRICEMVTLIMITT1=0.000000, PRICEMVTLIMIT=0.000000, LOPENPRICE=0.000000, LAST=1728.500000, BUYPROFIT=0.000000, SELLPROFIT=0.000000, VOLATILITY=0.000000, CLOSETIME=0.000000, PREVWAPRICE=1730.000000, PREVLEGALCLOSEPR=1729.500000, BUYDEPO=0.000000, TRADECHANGE=0.000000, LASTTOPREVSTLPRC=0.000000, BIDDEPTHT=267.000000, auctvolume=0.000000, PREVDATE=20191113.000000, ACCRUEDINT=0.000000, NUMOFFERS=0.000000, CHANGE=-1.000000, STRIKE=0.000000, EVNENDTIME=0.000000, BID=1728.500000, auctnumtrades=0.000000, TRADINGSTATUS=5.000000, LASTCHANGE=-0.060000, CHNGCLOSE=0.000000, REALVMPRICE=0.000000, CLOSEYIELD=0.000000, TIME=184511.000000, MARG=0.000000, AUCTPRICE=1728.500000, STEPPRICE=0.000000, NUMBIDS=3.000000, SETTLECODE=8.000000, OPENVAL=0.000000, OPTIONTYPE=0.000000, BGOP=0.000000, NEGNUMTRADES=0.000000, PRICEMINUSPREVWAPRICE=0.000000, CHNGOPEN=0.000000}
