2019-11-14T18:40:00.128643 - ENRU[TQBR]
#   Total      Size       Bid       Ask      Size     Total
        0                                                 0 
       37        37      0.93      0.94        58        58
       77        40      0.93      0.94       108       166
       89        12      0.93      0.94         1       167
      154        65      0.93      0.94       100       267
      159         5      0.93      0.94        63       330
      487       328      0.93      0.94       423       753
      502        15      0.93      0.94       448      1201
      608       106      0.93      0.94        76      1277
     1074       466      0.93      0.94         3      1280
     1718       644      0.93      0.94         1      1281
     1863       145      0.93      0.94         5      1286
     2103       240      0.93      0.94       180      1466
     2257       154      0.93      0.94      1876      3342
     2706       449      0.93      0.94         5      3347
     3088       382      0.93      0.94         6      3353
     3090         2      0.92      0.95        25      3378
     3121        31      0.92      0.95       115      3493
     3186        65      0.92      0.95        14      3507
     3187         1      0.92      0.95       501      4008
     3219        32      0.92      0.95       565      4573
{OPENPERIODPRICE=0.000000, CLSTATE=0.000000, PRICEMAX=1.111000, ENDTIME=95937.000000, STEPPRICET=0.000000, PREVPRICE=0.944000, OPTIONBASE=0.000000, starttime=95000.000000, MIN_CURR_LAST=0.932500, ISSUESIZE=35371898370.000000, STEPPRICECL=0.000000, PRICEMIN=0.776500, PREVLOTSIZE=0.000000, MARKETPRICETODAY=0.000000, BUYBACKPRICE=0.000000, MARKETPRICE2=0.000000, CLPRICE=0.000000, PREVSETTLEPRICE=0.000000, THEORPRICE=0.000000, plannedtime=95000.000000, MARKETPRICE=0.945000, WAPRICE=0.942500, ICHANGE=0.000000, OFFERDEPTH=58.000000, PRIMARYDIST=0.000000, LASTVALUE=0.000000, BGONP=0.000000, NEGVALTODAY=0.000000, STARTTIME=95000.000000, LOW=0.930000, BASEPRICE=0.000000, IOPEN=0.000000, LCURRENTPRICE=0.933000, MONSTARTTIME=0.000000, QUOTEBASIS=0.000000, BUYBACKDATE=0.000000, LCLOSEPRICE=0.000000, NEXTCOUPON=0.000000, MONENDTIME=0.000000, HIGHVAL=0.000000, ADMITTEDQUOTE=0.000000, OFFER=0.934500, YIELDATPREVWAPRICE=0.000000, VALTODAY=26872642.000000, SETTLEPRICE=0.000000, PCHANGE=0.000000, LOTSIZE=1000.000000, LOWOFFER=0.918000, ISPERCENT=0.000000, YIELD=0.000000, VOLTODAY=28513000.000000, endtime=95937.000000, MAXOUTVOLUME=0.000000, OPEN=0.941000, CROSSRATE=0.000000, CURRENTVALUE=0.000000, NUMCONTRACTS=0.000000, PREVADMITTEDQUOT=0.944000, COUPONVALUE=0.000000, BIDDEPTH=37.000000, LASTBID=0.933000, DURATION=0.000000, LOWVAL=0.000000, imbalance=0.000000, HIGH=0.950000, YIELDATWAPRICE=0.000000, STEPPRICEPRCL=0.000000, OFFERDEPTHT=21163.000000, VALUE=934.500000, marketvolb=0.000000, PERCENTRATE=0.000000, MIN_CURR_LAST_TI=183900.000000, auctvalue=0.000000, EXPDATE=0.000000, LASTOFFER=0.934500, QTY=1.000000, COUPONPERIOD=0.000000, CHANGETIME=0.000000, CURSTEPPRICE=0.000000, marketvols=0.000000, SELLDEPO=0.000000, EVNSTARTTIME=0.000000, LOTSIZECHANGEDAT=0.000000, NUMTRADES=1412.000000, CLOSEPRICE=0.000000, HIGHBID=0.992000, FACEVALUE=0.000000, PRICEMVTLIMITT1=0.000000, PRICEMVTLIMIT=0.000000, LOPENPRICE=0.000000, LAST=0.934500, BUYPROFIT=0.000000, SELLPROFIT=0.000000, VOLATILITY=0.000000, CLOSETIME=0.000000, PREVWAPRICE=0.945000, PREVLEGALCLOSEPR=0.944000, BUYDEPO=0.000000, TRADECHANGE=0.000000, LASTTOPREVSTLPRC=0.000000, BIDDEPTHT=21221.000000, auctvolume=0.000000, PREVDATE=20191113.000000, ACCRUEDINT=0.000000, NUMOFFERS=456.000000, CHANGE=-0.009500, STRIKE=0.000000, EVNENDTIME=0.000000, BID=0.933000, auctnumtrades=0.000000, TRADINGSTATUS=1.000000, LASTCHANGE=-1.010000, CHNGCLOSE=0.000000, REALVMPRICE=0.000000, CLOSEYIELD=0.000000, TIME=183917.000000, MARG=0.000000, AUCTPRICE=0.000000, STEPPRICE=0.000000, NUMBIDS=358.000000, SETTLECODE=8.000000, OPENVAL=0.000000, OPTIONTYPE=0.000000, BGOP=0.000000, NEGNUMTRADES=0.000000, PRICEMINUSPREVWAPRICE=0.000000, CHNGOPEN=0.000000}
2019-11-14T18:40:00.269268 - ENRU[TQBR]
#   Total      Size       Bid       Ask      Size     Total
        0                                                 0 
       37        37      0.93      0.94        58        58
       77        40      0.93      0.94       108       166
       89        12      0.93      0.94        90       256
      154        65      0.93      0.94        40       296
      159         5      0.93      0.94       100       396
      487       328      0.93      0.94        63       459
      502        15      0.93      0.94       423       882
      608       106      0.93      0.94       448      1330
     1074       466      0.93      0.94        76      1406
     1718       644      0.93      0.94         3      1409
     1863       145      0.93      0.94         1      1410
     2103       240      0.93      0.94         5      1415
     2257       154      0.93      0.94       180      1595
     2706       449      0.93      0.94      1876      3471
     3088       382      0.93      0.94         5      3476
     3090         2      0.92      0.94         6      3482
     3121        31      0.92      0.95        25      3507
     3186        65      0.92      0.95       115      3622
     3187         1      0.92      0.95        14      3636
     3219        32      0.92      0.95       501      4137
{OPENPERIODPRICE=0.000000, CLSTATE=0.000000, PRICEMAX=1.111000, ENDTIME=95937.000000, STEPPRICET=0.000000, PREVPRICE=0.944000, OPTIONBASE=0.000000, starttime=95000.000000, MIN_CURR_LAST=0.932500, ISSUESIZE=35371898370.000000, STEPPRICECL=0.000000, PRICEMIN=0.776500, PREVLOTSIZE=0.000000, MARKETPRICETODAY=0.000000, BUYBACKPRICE=0.000000, MARKETPRICE2=0.000000, CLPRICE=0.000000, PREVSETTLEPRICE=0.000000, THEORPRICE=0.000000, plannedtime=95000.000000, MARKETPRICE=0.945000, WAPRICE=0.942500, ICHANGE=0.000000, OFFERDEPTH=58.000000, PRIMARYDIST=0.000000, LASTVALUE=0.000000, BGONP=0.000000, NEGVALTODAY=0.000000, STARTTIME=95000.000000, LOW=0.930000, BASEPRICE=0.000000, IOPEN=0.000000, LCURRENTPRICE=0.933000, MONSTARTTIME=0.000000, QUOTEBASIS=0.000000, BUYBACKDATE=0.000000, LCLOSEPRICE=0.000000, NEXTCOUPON=0.000000, MONENDTIME=0.000000, HIGHVAL=0.000000, ADMITTEDQUOTE=0.000000, OFFER=0.934500, YIELDATPREVWAPRICE=0.000000, VALTODAY=26872642.000000, SETTLEPRICE=0.000000, PCHANGE=0.000000, LOTSIZE=1000.000000, LOWOFFER=0.918000, ISPERCENT=0.000000, YIELD=0.000000, VOLTODAY=28513000.000000, endtime=95937.000000, MAXOUTVOLUME=0.000000, OPEN=0.941000, CROSSRATE=0.000000, CURRENTVALUE=0.000000, NUMCONTRACTS=0.000000, PREVADMITTEDQUOT=0.944000, COUPONVALUE=0.000000, BIDDEPTH=37.000000, LASTBID=0.933000, DURATION=0.000000, LOWVAL=0.000000, imbalance=0.000000, HIGH=0.950000, YIELDATWAPRICE=0.000000, STEPPRICEPRCL=0.000000, OFFERDEPTHT=21163.000000, VALUE=934.500000, marketvolb=0.000000, PERCENTRATE=0.000000, MIN_CURR_LAST_TI=183900.000000, auctvalue=0.000000, EXPDATE=0.000000, LASTOFFER=0.934500, QTY=1.000000, COUPONPERIOD=0.000000, CHANGETIME=0.000000, CURSTEPPRICE=0.000000, marketvols=0.000000, SELLDEPO=0.000000, EVNSTARTTIME=0.000000, LOTSIZECHANGEDAT=0.000000, NUMTRADES=1412.000000, CLOSEPRICE=0.000000, HIGHBID=0.992000, FACEVALUE=0.000000, PRICEMVTLIMITT1=0.000000, PRICEMVTLIMIT=0.000000, LOPENPRICE=0.000000, LAST=0.934500, BUYPROFIT=0.000000, SELLPROFIT=0.000000, VOLATILITY=0.000000, CLOSETIME=0.000000, PREVWAPRICE=0.945000, PREVLEGALCLOSEPR=0.944000, BUYDEPO=0.000000, TRADECHANGE=0.000000, LASTTOPREVSTLPRC=0.000000, BIDDEPTHT=21221.000000, auctvolume=0.000000, PREVDATE=20191113.000000, ACCRUEDINT=0.000000, NUMOFFERS=456.000000, CHANGE=-0.009500, STRIKE=0.000000, EVNENDTIME=0.000000, BID=0.933000, auctnumtrades=0.000000, TRADINGSTATUS=1.000000, LASTCHANGE=-1.010000, CHNGCLOSE=0.000000, REALVMPRICE=0.000000, CLOSEYIELD=0.000000, TIME=183917.000000, MARG=0.000000, AUCTPRICE=0.000000, STEPPRICE=0.000000, NUMBIDS=358.000000, SETTLECODE=8.000000, OPENVAL=0.000000, OPTIONTYPE=0.000000, BGOP=0.000000, NEGNUMTRADES=0.000000, PRICEMINUSPREVWAPRICE=0.000000, CHNGOPEN=0.000000}
2019-11-14T18:40:02.753643 - ENRU[TQBR]
#   Total      Size       Bid       Ask      Size     Total
        0                                                 0 
       37        37      0.93      0.94        58        58
       77        40      0.93      0.94       108       166
       89        12      0.93      0.94        40       206
      114        25      0.93      0.94       100       306
      119         5      0.93      0.94        63       369
      447       328      0.93      0.94       423       792
      462        15      0.93      0.94       448      1240
      568       106      0.93      0.94        76      1316
     1034       466      0.93      0.94         3      1319
     1678       644      0.93      0.94         1      1320
     1823       145      0.93      0.94         5      1325
     2063       240      0.93      0.94       180      1505
     2217       154      0.93      0.94      1876      3381
     2666       449      0.93      0.94         5      3386
     3048       382      0.93      0.94         6      3392
     3050         2      0.92      0.95        25      3417
     3081        31      0.92      0.95       115      3532
     3146        65      0.92      0.95        14      3546
     3147         1      0.92      0.95       501      4047
     3179        32      0.92      0.95       565      4612
{OPENPERIODPRICE=0.000000, CLSTATE=0.000000, PRICEMAX=1.111000, ENDTIME=95937.000000, STEPPRICET=0.000000, PREVPRICE=0.944000, OPTIONBASE=0.000000, starttime=95000.000000, MIN_CURR_LAST=0.932500, ISSUESIZE=35371898370.000000, STEPPRICECL=0.000000, PRICEMIN=0.776500, PREVLOTSIZE=0.000000, MARKETPRICETODAY=0.000000, BUYBACKPRICE=0.000000, MARKETPRICE2=0.000000, CLPRICE=0.000000, PREVSETTLEPRICE=0.000000, THEORPRICE=0.000000, plannedtime=95000.000000, MARKETPRICE=0.945000, WAPRICE=0.942500, ICHANGE=0.000000, OFFERDEPTH=58.000000, PRIMARYDIST=0.000000, LASTVALUE=0.000000, BGONP=0.000000, NEGVALTODAY=0.000000, STARTTIME=95000.000000, LOW=0.930000, BASEPRICE=0.000000, IOPEN=0.000000, LCURRENTPRICE=0.933000, MONSTARTTIME=0.000000, QUOTEBASIS=0.000000, BUYBACKDATE=0.000000, LCLOSEPRICE=0.000000, NEXTCOUPON=0.000000, MONENDTIME=0.000000, HIGHVAL=0.000000, ADMITTEDQUOTE=0.000000, OFFER=0.934500, YIELDATPREVWAPRICE=0.000000, VALTODAY=26872642.000000, SETTLEPRICE=0.000000, PCHANGE=0.000000, LOTSIZE=1000.000000, LOWOFFER=0.918000, ISPERCENT=0.000000, YIELD=0.000000, VOLTODAY=28513000.000000, endtime=95937.000000, MAXOUTVOLUME=0.000000, OPEN=0.941000, CROSSRATE=0.000000, CURRENTVALUE=0.000000, NUMCONTRACTS=0.000000, PREVADMITTEDQUOT=0.944000, COUPONVALUE=0.000000, BIDDEPTH=37.000000, LASTBID=0.933000, DURATION=0.000000, LOWVAL=0.000000, imbalance=0.000000, HIGH=0.950000, YIELDATWAPRICE=0.000000, STEPPRICEPRCL=0.000000, OFFERDEPTHT=20942.000000, VALUE=934.500000, marketvolb=0.000000, PERCENTRATE=0.000000, MIN_CURR_LAST_TI=183900.000000, auctvalue=0.000000, EXPDATE=0.000000, LASTOFFER=0.934500, QTY=1.000000, COUPONPERIOD=0.000000, CHANGETIME=0.000000, CURSTEPPRICE=0.000000, marketvols=0.000000, SELLDEPO=0.000000, EVNSTARTTIME=0.000000, LOTSIZECHANGEDAT=0.000000, NUMTRADES=1412.000000, CLOSEPRICE=0.000000, HIGHBID=0.992000, FACEVALUE=0.000000, PRICEMVTLIMITT1=0.000000, PRICEMVTLIMIT=0.000000, LOPENPRICE=0.000000, LAST=0.934500, BUYPROFIT=0.000000, SELLPROFIT=0.000000, VOLATILITY=0.000000, CLOSETIME=0.000000, PREVWAPRICE=0.945000, PREVLEGALCLOSEPR=0.944000, BUYDEPO=0.000000, TRADECHANGE=0.000000, LASTTOPREVSTLPRC=0.000000, BIDDEPTHT=21011.000000, auctvolume=0.000000, PREVDATE=20191113.000000, ACCRUEDINT=0.000000, NUMOFFERS=455.000000, CHANGE=-0.009500, STRIKE=0.000000, EVNENDTIME=0.000000, BID=0.933000, auctnumtrades=0.000000, TRADINGSTATUS=1.000000, LASTCHANGE=-1.010000, CHNGCLOSE=0.000000, REALVMPRICE=0.000000, CLOSEYIELD=0.000000, TIME=183917.000000, MARG=0.000000, AUCTPRICE=0.000000, STEPPRICE=0.000000, NUMBIDS=356.000000, SETTLECODE=8.000000, OPENVAL=0.000000, OPTIONTYPE=0.000000, BGOP=0.000000, NEGNUMTRADES=0.000000, PRICEMINUSPREVWAPRICE=0.000000, CHNGOPEN=0.000000}
2019-11-14T18:40:03.300518 - ENRU[TQBR]
#   Total      Size       Bid       Ask      Size     Total
        0                                                 0 
       37        37      0.93      0.94        58        58
       77        40      0.93      0.94       108       166
       89        12      0.93      0.94        40       206
       94         5      0.93      0.94       100       306
      341       247      0.93      0.94         3       309
      356        15      0.93      0.94       423       732
      462       106      0.93      0.94       448      1180
      928       466      0.93      0.94        76      1256
     1572       644      0.93      0.94         3      1259
     1717       145      0.93      0.94         1      1260
     1957       240      0.93      0.94         5      1265
     2111       154      0.93      0.94       180      1445
     2560       449      0.93      0.94      1876      3321
     2942       382      0.93      0.94         5      3326
     2944         2      0.92      0.94         6      3332
     2975        31      0.92      0.95        25      3357
     3040        65      0.92      0.95       115      3472
     3041         1      0.92      0.95        14      3486
     3073        32      0.92      0.95       501      3987
     3211       138      0.92      0.95       565      4552
{OPENPERIODPRICE=0.000000, CLSTATE=0.000000, PRICEMAX=1.111000, ENDTIME=95937.000000, STEPPRICET=0.000000, PREVPRICE=0.944000, OPTIONBASE=0.000000, starttime=95000.000000, MIN_CURR_LAST=0.932500, ISSUESIZE=35371898370.000000, STEPPRICECL=0.000000, PRICEMIN=0.776500, PREVLOTSIZE=0.000000, MARKETPRICETODAY=0.000000, BUYBACKPRICE=0.000000, MARKETPRICE2=0.000000, CLPRICE=0.000000, PREVSETTLEPRICE=0.000000, THEORPRICE=0.000000, plannedtime=95000.000000, MARKETPRICE=0.945000, WAPRICE=0.942500, ICHANGE=0.000000, OFFERDEPTH=58.000000, PRIMARYDIST=0.000000, LASTVALUE=0.000000, BGONP=0.000000, NEGVALTODAY=0.000000, STARTTIME=95000.000000, LOW=0.930000, BASEPRICE=0.000000, IOPEN=0.000000, LCURRENTPRICE=0.933000, MONSTARTTIME=0.000000, QUOTEBASIS=0.000000, BUYBACKDATE=0.000000, LCLOSEPRICE=0.000000, NEXTCOUPON=0.000000, MONENDTIME=0.000000, HIGHVAL=0.000000, ADMITTEDQUOTE=0.000000, OFFER=0.934500, YIELDATPREVWAPRICE=0.000000, VALTODAY=26872642.000000, SETTLEPRICE=0.000000, PCHANGE=0.000000, LOTSIZE=1000.000000, LOWOFFER=0.918000, ISPERCENT=0.000000, YIELD=0.000000, VOLTODAY=28513000.000000, endtime=95937.000000, MAXOUTVOLUME=0.000000, OPEN=0.941000, CROSSRATE=0.000000, CURRENTVALUE=0.000000, NUMCONTRACTS=0.000000, PREVADMITTEDQUOT=0.944000, COUPONVALUE=0.000000, BIDDEPTH=37.000000, LASTBID=0.933000, DURATION=0.000000, LOWVAL=0.000000, imbalance=0.000000, HIGH=0.950000, YIELDATWAPRICE=0.000000, STEPPRICEPRCL=0.000000, OFFERDEPTHT=20942.000000, VALUE=934.500000, marketvolb=0.000000, PERCENTRATE=0.000000, MIN_CURR_LAST_TI=183900.000000, auctvalue=0.000000, EXPDATE=0.000000, LASTOFFER=0.934500, QTY=1.000000, COUPONPERIOD=0.000000, CHANGETIME=0.000000, CURSTEPPRICE=0.000000, marketvols=0.000000, SELLDEPO=0.000000, EVNSTARTTIME=0.000000, LOTSIZECHANGEDAT=0.000000, NUMTRADES=1412.000000, CLOSEPRICE=0.000000, HIGHBID=0.992000, FACEVALUE=0.000000, PRICEMVTLIMITT1=0.000000, PRICEMVTLIMIT=0.000000, LOPENPRICE=0.000000, LAST=0.934500, BUYPROFIT=0.000000, SELLPROFIT=0.000000, VOLATILITY=0.000000, CLOSETIME=0.000000, PREVWAPRICE=0.945000, PREVLEGALCLOSEPR=0.944000, BUYDEPO=0.000000, TRADECHANGE=0.000000, LASTTOPREVSTLPRC=0.000000, BIDDEPTHT=21011.000000, auctvolume=0.000000, PREVDATE=20191113.000000, ACCRUEDINT=0.000000, NUMOFFERS=455.000000, CHANGE=-0.009500, STRIKE=0.000000, EVNENDTIME=0.000000, BID=0.933000, auctnumtrades=0.000000, TRADINGSTATUS=1.000000, LASTCHANGE=-1.010000, CHNGCLOSE=0.000000, REALVMPRICE=0.000000, CLOSEYIELD=0.000000, TIME=183917.000000, MARG=0.000000, AUCTPRICE=0.000000, STEPPRICE=0.000000, NUMBIDS=356.000000, SETTLECODE=8.000000, OPENVAL=0.000000, OPTIONTYPE=0.000000, BGOP=0.000000, NEGNUMTRADES=0.000000, PRICEMINUSPREVWAPRICE=0.000000, CHNGOPEN=0.000000}
2019-11-14T18:40:04.269268 - ENRU[TQBR]
#   Total      Size       Bid       Ask      Size     Total
        0                                                 0 
       37        37      0.93      0.94        58        58
       77        40      0.93      0.94       108       166
       89        12      0.93      0.94       221       387
      269       180      0.93      0.94       100       487
      516       247      0.93      0.94         3       490
      531        15      0.93      0.94       423       913
      637       106      0.93      0.94       448      1361
     1103       466      0.93      0.94        76      1437
     1747       644      0.93      0.94         3      1440
     1892       145      0.93      0.94         1      1441
     2132       240      0.93      0.94         5      1446
     2286       154      0.93      0.94       180      1626
     2735       449      0.93      0.94      1876      3502
     3117       382      0.93      0.94         5      3507
     3119         2      0.92      0.94         6      3513
     3150        31      0.92      0.95        25      3538
     3215        65      0.92      0.95       115      3653
     3216         1      0.92      0.95        14      3667
     3248        32      0.92      0.95       501      4168
     3386       138      0.92      0.95       565      4733
{OPENPERIODPRICE=0.000000, CLSTATE=0.000000, PRICEMAX=1.111000, ENDTIME=95937.000000, STEPPRICET=0.000000, PREVPRICE=0.944000, OPTIONBASE=0.000000, starttime=95000.000000, MIN_CURR_LAST=0.932500, ISSUESIZE=35371898370.000000, STEPPRICECL=0.000000, PRICEMIN=0.776500, PREVLOTSIZE=0.000000, MARKETPRICETODAY=0.000000, BUYBACKPRICE=0.000000, MARKETPRICE2=0.000000, CLPRICE=0.000000, PREVSETTLEPRICE=0.000000, THEORPRICE=0.000000, plannedtime=95000.000000, MARKETPRICE=0.945000, WAPRICE=0.942500, ICHANGE=0.000000, OFFERDEPTH=58.000000, PRIMARYDIST=0.000000, LASTVALUE=0.000000, BGONP=0.000000, NEGVALTODAY=0.000000, STARTTIME=95000.000000, LOW=0.930000, BASEPRICE=0.000000, IOPEN=0.000000, LCURRENTPRICE=0.933000, MONSTARTTIME=0.000000, QUOTEBASIS=0.000000, BUYBACKDATE=0.000000, LCLOSEPRICE=0.000000, NEXTCOUPON=0.000000, MONENDTIME=0.000000, HIGHVAL=0.000000, ADMITTEDQUOTE=0.000000, OFFER=0.934500, YIELDATPREVWAPRICE=0.000000, VALTODAY=26872642.000000, SETTLEPRICE=0.000000, PCHANGE=0.000000, LOTSIZE=1000.000000, LOWOFFER=0.918000, ISPERCENT=0.000000, YIELD=0.000000, VOLTODAY=28513000.000000, endtime=95937.000000, MAXOUTVOLUME=0.000000, OPEN=0.941000, CROSSRATE=0.000000, CURRENTVALUE=0.000000, NUMCONTRACTS=0.000000, PREVADMITTEDQUOT=0.944000, COUPONVALUE=0.000000, BIDDEPTH=37.000000, LASTBID=0.933000, DURATION=0.000000, LOWVAL=0.000000, imbalance=0.000000, HIGH=0.950000, YIELDATWAPRICE=0.000000, STEPPRICEPRCL=0.000000, OFFERDEPTHT=20942.000000, VALUE=934.500000, marketvolb=0.000000, PERCENTRATE=0.000000, MIN_CURR_LAST_TI=183900.000000, auctvalue=0.000000, EXPDATE=0.000000, LASTOFFER=0.934500, QTY=1.000000, COUPONPERIOD=0.000000, CHANGETIME=0.000000, CURSTEPPRICE=0.000000, marketvols=0.000000, SELLDEPO=0.000000, EVNSTARTTIME=0.000000, LOTSIZECHANGEDAT=0.000000, NUMTRADES=1412.000000, CLOSEPRICE=0.000000, HIGHBID=0.992000, FACEVALUE=0.000000, PRICEMVTLIMITT1=0.000000, PRICEMVTLIMIT=0.000000, LOPENPRICE=0.000000, LAST=0.934500, BUYPROFIT=0.000000, SELLPROFIT=0.000000, VOLATILITY=0.000000, CLOSETIME=0.000000, PREVWAPRICE=0.945000, PREVLEGALCLOSEPR=0.944000, BUYDEPO=0.000000, TRADECHANGE=0.000000, LASTTOPREVSTLPRC=0.000000, BIDDEPTHT=21011.000000, auctvolume=0.000000, PREVDATE=20191113.000000, ACCRUEDINT=0.000000, NUMOFFERS=455.000000, CHANGE=-0.009500, STRIKE=0.000000, EVNENDTIME=0.000000, BID=0.933000, auctnumtrades=0.000000, TRADINGSTATUS=1.000000, LASTCHANGE=-1.010000, CHNGCLOSE=0.000000, REALVMPRICE=0.000000, CLOSEYIELD=0.000000, TIME=183917.000000, MARG=0.000000, AUCTPRICE=0.000000, STEPPRICE=0.000000, NUMBIDS=356.000000, SETTLECODE=8.000000, OPENVAL=0.000000, OPTIONTYPE=0.000000, BGOP=0.000000, NEGNUMTRADES=0.000000, PRICEMINUSPREVWAPRICE=0.000000, CHNGOPEN=0.000000}
2019-11-14T18:40:07.019268 - ENRU[TQBR]
#   Total      Size       Bid       Ask      Size     Total
        0                                                 0 
       32        32      0.93      0.94        58        58
       72        40      0.93      0.94       108       166
       84        12      0.93      0.94       221       387
      264       180      0.93      0.94       100       487
      511       247      0.93      0.94         3       490
      526        15      0.93      0.94       423       913
      632       106      0.93      0.94       448      1361
     1098       466      0.93      0.94        76      1437
     1742       644      0.93      0.94         3      1440
     1887       145      0.93      0.94         1      1441
     2127       240      0.93      0.94         5      1446
     2281       154      0.93      0.94       180      1626
     2730       449      0.93      0.94      1876      3502
     3112       382      0.93      0.94         5      3507
     3114         2      0.92      0.94         6      3513
     3145        31      0.92      0.95        25      3538
     3210        65      0.92      0.95       115      3653
     3211         1      0.92      0.95        14      3667
     3243        32      0.92      0.95       501      4168
     3381       138      0.92      0.95       565      4733
{OPENPERIODPRICE=0.000000, CLSTATE=0.000000, PRICEMAX=1.111000, ENDTIME=95937.000000, STEPPRICET=0.000000, PREVPRICE=0.944000, OPTIONBASE=0.000000, starttime=95000.000000, MIN_CURR_LAST=0.932500, ISSUESIZE=35371898370.000000, STEPPRICECL=0.000000, PRICEMIN=0.776500, PREVLOTSIZE=0.000000, MARKETPRICETODAY=0.000000, BUYBACKPRICE=0.000000, MARKETPRICE2=0.000000, CLPRICE=0.000000, PREVSETTLEPRICE=0.000000, THEORPRICE=0.000000, plannedtime=95000.000000, MARKETPRICE=0.945000, WAPRICE=0.942500, ICHANGE=0.000000, OFFERDEPTH=58.000000, PRIMARYDIST=0.000000, LASTVALUE=0.000000, BGONP=0.000000, NEGVALTODAY=0.000000, STARTTIME=95000.000000, LOW=0.930000, BASEPRICE=0.000000, IOPEN=0.000000, LCURRENTPRICE=0.933000, MONSTARTTIME=0.000000, QUOTEBASIS=0.000000, BUYBACKDATE=0.000000, LCLOSEPRICE=0.000000, NEXTCOUPON=0.000000, MONENDTIME=0.000000, HIGHVAL=0.000000, ADMITTEDQUOTE=0.000000, OFFER=0.934500, YIELDATPREVWAPRICE=0.000000, VALTODAY=26877307.000000, SETTLEPRICE=0.000000, PCHANGE=0.000000, LOTSIZE=1000.000000, LOWOFFER=0.918000, ISPERCENT=0.000000, YIELD=0.000000, VOLTODAY=28518000.000000, endtime=95937.000000, MAXOUTVOLUME=0.000000, OPEN=0.941000, CROSSRATE=0.000000, CURRENTVALUE=0.000000, NUMCONTRACTS=0.000000, PREVADMITTEDQUOT=0.944000, COUPONVALUE=0.000000, BIDDEPTH=32.000000, LASTBID=0.933000, DURATION=0.000000, LOWVAL=0.000000, imbalance=0.000000, HIGH=0.950000, YIELDATWAPRICE=0.000000, STEPPRICEPRCL=0.000000, OFFERDEPTHT=20942.000000, VALUE=4665.000000, marketvolb=0.000000, PERCENTRATE=0.000000, MIN_CURR_LAST_TI=183900.000000, auctvalue=0.000000, EXPDATE=0.000000, LASTOFFER=0.934500, QTY=5.000000, COUPONPERIOD=0.000000, CHANGETIME=0.000000, CURSTEPPRICE=0.000000, marketvols=0.000000, SELLDEPO=0.000000, EVNSTARTTIME=0.000000, LOTSIZECHANGEDAT=0.000000, NUMTRADES=1413.000000, CLOSEPRICE=0.000000, HIGHBID=0.992000, FACEVALUE=0.000000, PRICEMVTLIMITT1=0.000000, PRICEMVTLIMIT=0.000000, LOPENPRICE=0.000000, LAST=0.933000, BUYPROFIT=0.000000, SELLPROFIT=0.000000, VOLATILITY=0.000000, CLOSETIME=0.000000, PREVWAPRICE=0.945000, PREVLEGALCLOSEPR=0.944000, BUYDEPO=0.000000, TRADECHANGE=0.000000, LASTTOPREVSTLPRC=0.000000, BIDDEPTHT=21011.000000, auctvolume=0.000000, PREVDATE=20191113.000000, ACCRUEDINT=0.000000, NUMOFFERS=455.000000, CHANGE=-0.011000, STRIKE=0.000000, EVNENDTIME=0.000000, BID=0.933000, auctnumtrades=0.000000, TRADINGSTATUS=1.000000, LASTCHANGE=-1.170000, CHNGCLOSE=0.000000, REALVMPRICE=0.000000, CLOSEYIELD=0.000000, TIME=183944.000000, MARG=0.000000, AUCTPRICE=0.000000, STEPPRICE=0.000000, NUMBIDS=356.000000, SETTLECODE=8.000000, OPENVAL=0.000000, OPTIONTYPE=0.000000, BGOP=0.000000, NEGNUMTRADES=0.000000, PRICEMINUSPREVWAPRICE=0.000000, CHNGOPEN=0.000000}
2019-11-14T18:40:09.394268 - ENRU[TQBR]
#   Total      Size       Bid       Ask      Size     Total
        0                                                 0 
       32        32      0.93      0.94        58        58
       72        40      0.93      0.94       108       166
       84        12      0.93      0.94       221       387
      264       180      0.93      0.94       100       487
      511       247      0.93      0.94         3       490
      526        15      0.93      0.94       423       913
      632       106      0.93      0.94       424      1337
     1098       466      0.93      0.94         6      1343
     1742       644      0.93      0.94         3      1346
     1887       145      0.93      0.94         1      1347
     2127       240      0.93      0.94         5      1352
     2281       154      0.93      0.94       180      1532
     2730       449      0.93      0.94      1876      3408
     3112       382      0.93      0.94         5      3413
     3114         2      0.92      0.94         6      3419
     3145        31      0.92      0.95        25      3444
     3210        65      0.92      0.95       115      3559
     3211         1      0.92      0.95        14      3573
     3243        32      0.92      0.95       501      4074
     3381       138      0.92      0.95       565      4639
{OPENPERIODPRICE=0.000000, CLSTATE=0.000000, PRICEMAX=1.111000, ENDTIME=95937.000000, STEPPRICET=0.000000, PREVPRICE=0.944000, OPTIONBASE=0.000000, starttime=95000.000000, MIN_CURR_LAST=0.933000, ISSUESIZE=35371898370.000000, STEPPRICECL=0.000000, PRICEMIN=0.776500, PREVLOTSIZE=0.000000, MARKETPRICETODAY=0.000000, BUYBACKPRICE=0.000000, MARKETPRICE2=0.000000, CLPRICE=0.000000, PREVSETTLEPRICE=0.000000, THEORPRICE=0.000000, plannedtime=95000.000000, MARKETPRICE=0.945000, WAPRICE=0.942500, ICHANGE=0.000000, OFFERDEPTH=58.000000, PRIMARYDIST=0.000000, LASTVALUE=0.000000, BGONP=0.000000, NEGVALTODAY=0.000000, STARTTIME=95000.000000, LOW=0.930000, BASEPRICE=0.000000, IOPEN=0.000000, LCURRENTPRICE=0.933500, MONSTARTTIME=0.000000, QUOTEBASIS=0.000000, BUYBACKDATE=0.000000, LCLOSEPRICE=0.000000, NEXTCOUPON=0.000000, MONENDTIME=0.000000, HIGHVAL=0.000000, ADMITTEDQUOTE=0.000000, OFFER=0.934500, YIELDATPREVWAPRICE=0.000000, VALTODAY=26877307.000000, SETTLEPRICE=0.000000, PCHANGE=0.000000, LOTSIZE=1000.000000, LOWOFFER=0.918000, ISPERCENT=0.000000, YIELD=0.000000, VOLTODAY=28518000.000000, endtime=95937.000000, MAXOUTVOLUME=0.000000, OPEN=0.941000, CROSSRATE=0.000000, CURRENTVALUE=0.000000, NUMCONTRACTS=0.000000, PREVADMITTEDQUOT=0.944000, COUPONVALUE=0.000000, BIDDEPTH=32.000000, LASTBID=0.933000, DURATION=0.000000, LOWVAL=0.000000, imbalance=0.000000, HIGH=0.950000, YIELDATWAPRICE=0.000000, STEPPRICEPRCL=0.000000, OFFERDEPTHT=10614.000000, VALUE=4665.000000, marketvolb=0.000000, PERCENTRATE=0.000000, MIN_CURR_LAST_TI=184000.000000, auctvalue=0.000000, EXPDATE=0.000000, LASTOFFER=0.934500, QTY=5.000000, COUPONPERIOD=0.000000, CHANGETIME=0.000000, CURSTEPPRICE=0.000000, marketvols=0.000000, SELLDEPO=0.000000, EVNSTARTTIME=0.000000, LOTSIZECHANGEDAT=0.000000, NUMTRADES=1413.000000, CLOSEPRICE=0.000000, HIGHBID=0.992000, FACEVALUE=0.000000, PRICEMVTLIMITT1=0.000000, PRICEMVTLIMIT=0.000000, LOPENPRICE=0.000000, LAST=0.933000, BUYPROFIT=0.000000, SELLPROFIT=0.000000, VOLATILITY=0.000000, CLOSETIME=0.000000, PREVWAPRICE=0.945000, PREVLEGALCLOSEPR=0.944000, BUYDEPO=0.000000, TRADECHANGE=0.000000, LASTTOPREVSTLPRC=0.000000, BIDDEPTHT=10682.000000, auctvolume=0.000000, PREVDATE=20191113.000000, ACCRUEDINT=0.000000, NUMOFFERS=168.000000, CHANGE=-0.011000, STRIKE=0.000000, EVNENDTIME=0.000000, BID=0.933000, auctnumtrades=0.000000, TRADINGSTATUS=4.000000, LASTCHANGE=-1.170000, CHNGCLOSE=0.000000, REALVMPRICE=0.000000, CLOSEYIELD=0.000000, TIME=183944.000000, MARG=0.000000, AUCTPRICE=0.933500, STEPPRICE=0.000000, NUMBIDS=150.000000, SETTLECODE=8.000000, OPENVAL=0.000000, OPTIONTYPE=0.000000, BGOP=0.000000, NEGNUMTRADES=0.000000, PRICEMINUSPREVWAPRICE=0.000000, CHNGOPEN=0.000000}
2019-11-14T18:42:10.816143 - ENRU[TQBR]
#   Total      Size       Bid       Ask      Size     Total
        0                                                 0 
       32        32      0.93      0.94        58        58
       72        40      0.93      0.94       108       166
       84        12      0.93      0.94       221       387
      264       180      0.93      0.94       100       487
      512       248      0.93      0.94         3       490
      527        15      0.93      0.94       423       913
      633       106      0.93      0.94       424      1337
     1099       466      0.93      0.94         6      1343
     1743       644      0.93      0.94         3      1346
     1888       145      0.93      0.94         1      1347
     2128       240      0.93      0.94         5      1352
     2282       154      0.93      0.94       180      1532
     2731       449      0.93      0.94      1876      3408
     3113       382      0.93      0.94         5      3413
     3115         2      0.92      0.94         6      3419
     3146        31      0.92      0.95        25      3444
     3211        65      0.92      0.95       115      3559
     3212         1      0.92      0.95        14      3573
     3244        32      0.92      0.95       501      4074
     3382       138      0.92      0.95       565      4639
{OPENPERIODPRICE=0.000000, CLSTATE=0.000000, PRICEMAX=1.111000, ENDTIME=0.000000, STEPPRICET=0.000000, PREVPRICE=0.944000, OPTIONBASE=0.000000, starttime=184001.000000, MIN_CURR_LAST=0.933000, ISSUESIZE=35371898370.000000, STEPPRICECL=0.000000, PRICEMIN=0.776500, PREVLOTSIZE=0.000000, MARKETPRICETODAY=0.000000, BUYBACKPRICE=0.000000, MARKETPRICE2=0.000000, CLPRICE=0.000000, PREVSETTLEPRICE=0.000000, THEORPRICE=0.000000, plannedtime=184001.000000, MARKETPRICE=0.945000, WAPRICE=0.942500, ICHANGE=0.000000, OFFERDEPTH=58.000000, PRIMARYDIST=0.000000, LASTVALUE=0.000000, BGONP=0.000000, NEGVALTODAY=0.000000, STARTTIME=184001.000000, LOW=0.930000, BASEPRICE=0.000000, IOPEN=0.000000, LCURRENTPRICE=0.933500, MONSTARTTIME=0.000000, QUOTEBASIS=0.000000, BUYBACKDATE=0.000000, LCLOSEPRICE=0.000000, NEXTCOUPON=0.000000, MONENDTIME=0.000000, HIGHVAL=0.000000, ADMITTEDQUOTE=0.000000, OFFER=0.934500, YIELDATPREVWAPRICE=0.000000, VALTODAY=26877307.000000, SETTLEPRICE=0.000000, PCHANGE=0.000000, LOTSIZE=1000.000000, LOWOFFER=0.918000, ISPERCENT=0.000000, YIELD=0.000000, VOLTODAY=28518000.000000, endtime=0.000000, MAXOUTVOLUME=0.000000, OPEN=0.941000, CROSSRATE=0.000000, CURRENTVALUE=0.000000, NUMCONTRACTS=0.000000, PREVADMITTEDQUOT=0.944000, COUPONVALUE=0.000000, BIDDEPTH=32.000000, LASTBID=0.933000, DURATION=0.000000, LOWVAL=0.000000, imbalance=0.000000, HIGH=0.950000, YIELDATWAPRICE=0.000000, STEPPRICEPRCL=0.000000, OFFERDEPTHT=10663.000000, VALUE=4665.000000, marketvolb=0.000000, PERCENTRATE=0.000000, MIN_CURR_LAST_TI=184000.000000, auctvalue=0.000000, EXPDATE=0.000000, LASTOFFER=0.934500, QTY=5.000000, COUPONPERIOD=0.000000, CHANGETIME=0.000000, CURSTEPPRICE=0.000000, marketvols=0.000000, SELLDEPO=0.000000, EVNSTARTTIME=0.000000, LOTSIZECHANGEDAT=0.000000, NUMTRADES=1413.000000, CLOSEPRICE=0.000000, HIGHBID=0.992000, FACEVALUE=0.000000, PRICEMVTLIMITT1=0.000000, PRICEMVTLIMIT=0.000000, LOPENPRICE=0.000000, LAST=0.933000, BUYPROFIT=0.000000, SELLPROFIT=0.000000, VOLATILITY=0.000000, CLOSETIME=0.000000, PREVWAPRICE=0.945000, PREVLEGALCLOSEPR=0.944000, BUYDEPO=0.000000, TRADECHANGE=0.000000, LASTTOPREVSTLPRC=0.000000, BIDDEPTHT=11174.000000, auctvolume=0.000000, PREVDATE=20191113.000000, ACCRUEDINT=0.000000, NUMOFFERS=168.000000, CHANGE=-0.011000, STRIKE=0.000000, EVNENDTIME=0.000000, BID=0.933000, auctnumtrades=0.000000, TRADINGSTATUS=4.000000, LASTCHANGE=-1.170000, CHNGCLOSE=0.000000, REALVMPRICE=0.000000, CLOSEYIELD=0.000000, TIME=183944.000000, MARG=0.000000, AUCTPRICE=0.933500, STEPPRICE=0.000000, NUMBIDS=152.000000, SETTLECODE=8.000000, OPENVAL=0.000000, OPTIONTYPE=0.000000, BGOP=0.000000, NEGNUMTRADES=0.000000, PRICEMINUSPREVWAPRICE=0.000000, CHNGOPEN=0.000000}
2019-11-14T18:42:47.378643 - ENRU[TQBR]
#   Total      Size       Bid       Ask      Size     Total
        0                                                 0 
       32        32      0.93      0.94        58        58
       72        40      0.93      0.94       108       166
       84        12      0.93      0.94       221       387
      264       180      0.93      0.94       100       487
      512       248      0.93      0.94         3       490
      527        15      0.93      0.94       423       913
      633       106      0.93      0.94       424      1337
     1099       466      0.93      0.94         6      1343
     1743       644      0.93      0.94         3      1346
     1888       145      0.93      0.94         1      1347
     2128       240      0.93      0.94         5      1352
     2282       154      0.93      0.94       360      1712
     2731       449      0.93      0.94      1876      3588
     3113       382      0.93      0.94         5      3593
     3115         2      0.92      0.94         6      3599
     3146        31      0.92      0.95        25      3624
     3211        65      0.92      0.95       115      3739
     3212         1      0.92      0.95        14      3753
     3244        32      0.92      0.95       501      4254
     3382       138      0.92      0.95       565      4819
{OPENPERIODPRICE=0.000000, CLSTATE=0.000000, PRICEMAX=1.111000, ENDTIME=0.000000, STEPPRICET=0.000000, PREVPRICE=0.944000, OPTIONBASE=0.000000, starttime=184001.000000, MIN_CURR_LAST=0.933000, ISSUESIZE=35371898370.000000, STEPPRICECL=0.000000, PRICEMIN=0.776500, PREVLOTSIZE=0.000000, MARKETPRICETODAY=0.000000, BUYBACKPRICE=0.000000, MARKETPRICE2=0.000000, CLPRICE=0.000000, PREVSETTLEPRICE=0.000000, THEORPRICE=0.000000, plannedtime=184001.000000, MARKETPRICE=0.945000, WAPRICE=0.942500, ICHANGE=0.000000, OFFERDEPTH=58.000000, PRIMARYDIST=0.000000, LASTVALUE=0.000000, BGONP=0.000000, NEGVALTODAY=0.000000, STARTTIME=184001.000000, LOW=0.930000, BASEPRICE=0.000000, IOPEN=0.000000, LCURRENTPRICE=0.933500, MONSTARTTIME=0.000000, QUOTEBASIS=0.000000, BUYBACKDATE=0.000000, LCLOSEPRICE=0.000000, NEXTCOUPON=0.000000, MONENDTIME=0.000000, HIGHVAL=0.000000, ADMITTEDQUOTE=0.000000, OFFER=0.934500, YIELDATPREVWAPRICE=0.000000, VALTODAY=26877307.000000, SETTLEPRICE=0.000000, PCHANGE=0.000000, LOTSIZE=1000.000000, LOWOFFER=0.918000, ISPERCENT=0.000000, YIELD=0.000000, VOLTODAY=28518000.000000, endtime=0.000000, MAXOUTVOLUME=0.000000, OPEN=0.941000, CROSSRATE=0.000000, CURRENTVALUE=0.000000, NUMCONTRACTS=0.000000, PREVADMITTEDQUOT=0.944000, COUPONVALUE=0.000000, BIDDEPTH=32.000000, LASTBID=0.933000, DURATION=0.000000, LOWVAL=0.000000, imbalance=0.000000, HIGH=0.950000, YIELDATWAPRICE=0.000000, STEPPRICEPRCL=0.000000, OFFERDEPTHT=10663.000000, VALUE=4665.000000, marketvolb=0.000000, PERCENTRATE=0.000000, MIN_CURR_LAST_TI=184000.000000, auctvalue=0.000000, EXPDATE=0.000000, LASTOFFER=0.934500, QTY=5.000000, COUPONPERIOD=0.000000, CHANGETIME=0.000000, CURSTEPPRICE=0.000000, marketvols=0.000000, SELLDEPO=0.000000, EVNSTARTTIME=0.000000, LOTSIZECHANGEDAT=0.000000, NUMTRADES=1413.000000, CLOSEPRICE=0.000000, HIGHBID=0.992000, FACEVALUE=0.000000, PRICEMVTLIMITT1=0.000000, PRICEMVTLIMIT=0.000000, LOPENPRICE=0.000000, LAST=0.933000, BUYPROFIT=0.000000, SELLPROFIT=0.000000, VOLATILITY=0.000000, CLOSETIME=0.000000, PREVWAPRICE=0.945000, PREVLEGALCLOSEPR=0.944000, BUYDEPO=0.000000, TRADECHANGE=0.000000, LASTTOPREVSTLPRC=0.000000, BIDDEPTHT=11175.000000, auctvolume=0.000000, PREVDATE=20191113.000000, ACCRUEDINT=0.000000, NUMOFFERS=168.000000, CHANGE=-0.011000, STRIKE=0.000000, EVNENDTIME=0.000000, BID=0.933000, auctnumtrades=0.000000, TRADINGSTATUS=4.000000, LASTCHANGE=-1.170000, CHNGCLOSE=0.000000, REALVMPRICE=0.000000, CLOSEYIELD=0.000000, TIME=183944.000000, MARG=0.000000, AUCTPRICE=0.933500, STEPPRICE=0.000000, NUMBIDS=153.000000, SETTLECODE=8.000000, OPENVAL=0.000000, OPTIONTYPE=0.000000, BGOP=0.000000, NEGNUMTRADES=0.000000, PRICEMINUSPREVWAPRICE=0.000000, CHNGOPEN=0.000000}
2019-11-14T18:43:34.316143 - ENRU[TQBR]
#   Total      Size       Bid       Ask      Size     Total
        0                                                 0 
      100       100      0.94      0.94        58        58
      132        32      0.93      0.94       108       166
      172        40      0.93      0.94       221       387
      184        12      0.93      0.94       100       487
      364       180      0.93      0.94         3       490
      612       248      0.93      0.94       423       913
      627        15      0.93      0.94       424      1337
      733       106      0.93      0.94         6      1343
     1199       466      0.93      0.94         3      1346
     1843       644      0.93      0.94         1      1347
     1988       145      0.93      0.94         5      1352
     2228       240      0.93      0.94       360      1712
     2382       154      0.93      0.94      1876      3588
     2831       449      0.93      0.94         5      3593
     3213       382      0.93      0.94         6      3599
     3215         2      0.92      0.95        25      3624
     3246        31      0.92      0.95       115      3739
     3311        65      0.92      0.95        14      3753
     3312         1      0.92      0.95       501      4254
     3344        32      0.92      0.95       565      4819
Calculation info: Price      0.94; Imbalance: -66; Total bids: 100, Total asks: 166; 
               Field               SERVER               TOP-20
    AuctionPrice,RUB                 0.94                0.94
       AuctionVolume                  100                 100
       LastPrice,RUB                 0.93                0.93
          MarketBids                    0                   0
          MarketAsks                    0                   0
         Imbalance,%                                   -66.00
        MarketBids:%                0.000               0.000
        MarketAsks:%                0.000               0.000
      TotalValue:RUB            93500.000           93500.000
  AuctionPriceDiff,%                0.214               0.214
Matched calculation!
{OPENPERIODPRICE=0.000000, CLSTATE=0.000000, PRICEMAX=1.111000, ENDTIME=0.000000, STEPPRICET=0.000000, PREVPRICE=0.944000, OPTIONBASE=0.000000, starttime=184001.000000, MIN_CURR_LAST=0.933000, ISSUESIZE=35371898370.000000, STEPPRICECL=0.000000, PRICEMIN=0.776500, PREVLOTSIZE=0.000000, MARKETPRICETODAY=0.000000, BUYBACKPRICE=0.000000, MARKETPRICE2=0.000000, CLPRICE=0.000000, PREVSETTLEPRICE=0.000000, THEORPRICE=0.000000, plannedtime=184001.000000, MARKETPRICE=0.945000, WAPRICE=0.942500, ICHANGE=0.000000, OFFERDEPTH=84.000000, PRIMARYDIST=0.000000, LASTVALUE=0.000000, BGONP=0.000000, NEGVALTODAY=0.000000, STARTTIME=184001.000000, LOW=0.930000, BASEPRICE=0.000000, IOPEN=0.000000, LCURRENTPRICE=0.933500, MONSTARTTIME=0.000000, QUOTEBASIS=0.000000, BUYBACKDATE=0.000000, LCLOSEPRICE=0.000000, NEXTCOUPON=0.000000, MONENDTIME=0.000000, HIGHVAL=0.000000, ADMITTEDQUOTE=0.000000, OFFER=0.934500, YIELDATPREVWAPRICE=0.000000, VALTODAY=26877307.000000, SETTLEPRICE=0.000000, PCHANGE=0.000000, LOTSIZE=1000.000000, LOWOFFER=0.918000, ISPERCENT=0.000000, YIELD=0.000000, VOLTODAY=28518000.000000, endtime=0.000000, MAXOUTVOLUME=0.000000, OPEN=0.941000, CROSSRATE=0.000000, CURRENTVALUE=0.000000, NUMCONTRACTS=0.000000, PREVADMITTEDQUOT=0.944000, COUPONVALUE=0.000000, BIDDEPTH=100.000000, LASTBID=0.933000, DURATION=0.000000, LOWVAL=0.000000, imbalance=0.000000, HIGH=0.950000, YIELDATWAPRICE=0.000000, STEPPRICEPRCL=0.000000, OFFERDEPTHT=10853.000000, VALUE=4665.000000, marketvolb=0.000000, PERCENTRATE=0.000000, MIN_CURR_LAST_TI=184000.000000, auctvalue=93500.000000, EXPDATE=0.000000, LASTOFFER=0.934500, QTY=5.000000, COUPONPERIOD=0.000000, CHANGETIME=0.000000, CURSTEPPRICE=0.000000, marketvols=0.000000, SELLDEPO=0.000000, EVNSTARTTIME=0.000000, LOTSIZECHANGEDAT=0.000000, NUMTRADES=1413.000000, CLOSEPRICE=0.000000, HIGHBID=0.992000, FACEVALUE=0.000000, PRICEMVTLIMITT1=0.000000, PRICEMVTLIMIT=0.000000, LOPENPRICE=0.000000, LAST=0.933000, BUYPROFIT=0.000000, SELLPROFIT=0.000000, VOLATILITY=0.000000, CLOSETIME=0.000000, PREVWAPRICE=0.945000, PREVLEGALCLOSEPR=0.944000, BUYDEPO=0.000000, TRADECHANGE=0.000000, LASTTOPREVSTLPRC=0.000000, BIDDEPTHT=11175.000000, auctvolume=100000.000000, PREVDATE=20191113.000000, ACCRUEDINT=0.000000, NUMOFFERS=170.000000, CHANGE=-0.011000, STRIKE=0.000000, EVNENDTIME=0.000000, BID=0.935000, auctnumtrades=0.000000, TRADINGSTATUS=4.000000, LASTCHANGE=-1.170000, CHNGCLOSE=0.000000, REALVMPRICE=0.000000, CLOSEYIELD=0.000000, TIME=183944.000000, MARG=0.000000, AUCTPRICE=0.935000, STEPPRICE=0.000000, NUMBIDS=153.000000, SETTLECODE=8.000000, OPENVAL=0.000000, OPTIONTYPE=0.000000, BGOP=0.000000, NEGNUMTRADES=0.000000, PRICEMINUSPREVWAPRICE=0.000000, CHNGOPEN=0.000000}
2019-11-14T18:43:34.878643 - ENRU[TQBR]
#   Total      Size       Bid       Ask      Size     Total
       26                                                26 
      126       100      0.94      0.94        58        84
      158        32      0.93      0.94       108       192
      198        40      0.93      0.94       220       412
      210        12      0.93      0.94       100       512
      390       180      0.93      0.94         4       516
      638       248      0.93      0.94       423       939
      653        15      0.93      0.94       424      1363
      759       106      0.93      0.94         6      1369
     1225       466      0.93      0.94         3      1372
     1869       644      0.93      0.94         1      1373
     2014       145      0.93      0.94         5      1378
     2254       240      0.93      0.94       360      1738
     2408       154      0.93      0.94      1876      3614
     2857       449      0.93      0.94         5      3619
     3239       382      0.93      0.94         6      3625
     3241         2      0.92      0.95        25      3650
     3272        31      0.92      0.95       115      3765
     3337        65      0.92      0.95        14      3779
     3338         1      0.92      0.95       501      4280
     3370        32      0.92      0.95       565      4845
Calculation info: Price      0.94; Imbalance: -66; Total bids: 126, Total asks: 192; 
               Field               SERVER               TOP-20
    AuctionPrice,RUB                 0.94                0.94
       AuctionVolume                  100                 126
       LastPrice,RUB                 0.93                0.93
          MarketBids                    0                   0
          MarketAsks                   26                  26
         Imbalance,%                                   -52.38
        MarketBids:%                0.000               0.000
        MarketAsks:%               26.000              20.635
      TotalValue:RUB            93500.000          117810.000
  AuctionPriceDiff,%                0.214               0.214
Matched calculation!
{OPENPERIODPRICE=0.000000, CLSTATE=0.000000, PRICEMAX=1.111000, ENDTIME=0.000000, STEPPRICET=0.000000, PREVPRICE=0.944000, OPTIONBASE=0.000000, starttime=184001.000000, MIN_CURR_LAST=0.933000, ISSUESIZE=35371898370.000000, STEPPRICECL=0.000000, PRICEMIN=0.776500, PREVLOTSIZE=0.000000, MARKETPRICETODAY=0.000000, BUYBACKPRICE=0.000000, MARKETPRICE2=0.000000, CLPRICE=0.000000, PREVSETTLEPRICE=0.000000, THEORPRICE=0.000000, plannedtime=184001.000000, MARKETPRICE=0.945000, WAPRICE=0.942500, ICHANGE=0.000000, OFFERDEPTH=84.000000, PRIMARYDIST=0.000000, LASTVALUE=0.000000, BGONP=0.000000, NEGVALTODAY=0.000000, STARTTIME=184001.000000, LOW=0.930000, BASEPRICE=0.000000, IOPEN=0.000000, LCURRENTPRICE=0.933500, MONSTARTTIME=0.000000, QUOTEBASIS=0.000000, BUYBACKDATE=0.000000, LCLOSEPRICE=0.000000, NEXTCOUPON=0.000000, MONENDTIME=0.000000, HIGHVAL=0.000000, ADMITTEDQUOTE=0.000000, OFFER=0.934500, YIELDATPREVWAPRICE=0.000000, VALTODAY=26877307.000000, SETTLEPRICE=0.000000, PCHANGE=0.000000, LOTSIZE=1000.000000, LOWOFFER=0.918000, ISPERCENT=0.000000, YIELD=0.000000, VOLTODAY=28518000.000000, endtime=0.000000, MAXOUTVOLUME=0.000000, OPEN=0.941000, CROSSRATE=0.000000, CURRENTVALUE=0.000000, NUMCONTRACTS=0.000000, PREVADMITTEDQUOT=0.944000, COUPONVALUE=0.000000, BIDDEPTH=100.000000, LASTBID=0.933000, DURATION=0.000000, LOWVAL=0.000000, imbalance=0.000000, HIGH=0.950000, YIELDATWAPRICE=0.000000, STEPPRICEPRCL=0.000000, OFFERDEPTHT=10853.000000, VALUE=4665.000000, marketvolb=0.000000, PERCENTRATE=0.000000, MIN_CURR_LAST_TI=184000.000000, auctvalue=93500.000000, EXPDATE=0.000000, LASTOFFER=0.934500, QTY=5.000000, COUPONPERIOD=0.000000, CHANGETIME=0.000000, CURSTEPPRICE=0.000000, marketvols=26000.000000, SELLDEPO=0.000000, EVNSTARTTIME=0.000000, LOTSIZECHANGEDAT=0.000000, NUMTRADES=1413.000000, CLOSEPRICE=0.000000, HIGHBID=0.992000, FACEVALUE=0.000000, PRICEMVTLIMITT1=0.000000, PRICEMVTLIMIT=0.000000, LOPENPRICE=0.000000, LAST=0.933000, BUYPROFIT=0.000000, SELLPROFIT=0.000000, VOLATILITY=0.000000, CLOSETIME=0.000000, PREVWAPRICE=0.945000, PREVLEGALCLOSEPR=0.944000, BUYDEPO=0.000000, TRADECHANGE=0.000000, LASTTOPREVSTLPRC=0.000000, BIDDEPTHT=11175.000000, auctvolume=100000.000000, PREVDATE=20191113.000000, ACCRUEDINT=0.000000, NUMOFFERS=170.000000, CHANGE=-0.011000, STRIKE=0.000000, EVNENDTIME=0.000000, BID=0.935000, auctnumtrades=0.000000, TRADINGSTATUS=4.000000, LASTCHANGE=-1.170000, CHNGCLOSE=0.000000, REALVMPRICE=0.000000, CLOSEYIELD=0.000000, TIME=183944.000000, MARG=0.000000, AUCTPRICE=0.935000, STEPPRICE=0.000000, NUMBIDS=153.000000, SETTLECODE=8.000000, OPENVAL=0.000000, OPTIONTYPE=0.000000, BGOP=0.000000, NEGNUMTRADES=0.000000, PRICEMINUSPREVWAPRICE=0.000000, CHNGOPEN=0.000000}
2019-11-14T18:44:29.238018 - ENRU[TQBR]
#   Total      Size       Bid       Ask      Size     Total
        6                                                 6 
      106       100      0.94      0.94        58        64
      138        32      0.93      0.94       108       172
      178        40      0.93      0.94       220       392
      190        12      0.93      0.94       100       492
      191         1      0.93      0.94         4       496
      371       180      0.93      0.94       423       919
      619       248      0.93      0.94       424      1343
      634        15      0.93      0.94         6      1349
      740       106      0.93      0.94         3      1352
     1206       466      0.93      0.94         1      1353
     1850       644      0.93      0.94         5      1358
     1995       145      0.93      0.94       360      1718
     2235       240      0.93      0.94      1876      3594
     2389       154      0.93      0.94         5      3599
     2838       449      0.93      0.94         6      3605
     3220       382      0.93      0.95        25      3630
     3222         2      0.92      0.95       115      3745
     3253        31      0.92      0.95        14      3759
     3318        65      0.92      0.95       501      4260
     3319         1      0.92      0.95       565      4825
Calculation info: Price      0.94; Imbalance: -66; Total bids: 106, Total asks: 172; 
               Field               SERVER               TOP-20
    AuctionPrice,RUB                 0.94                0.94
       AuctionVolume                  100                 106
       LastPrice,RUB                 0.93                0.93
          MarketBids                    0                   0
          MarketAsks                    6                   6
         Imbalance,%                                   -62.26
        MarketBids:%                0.000               0.000
        MarketAsks:%                6.000               5.660
      TotalValue:RUB            93500.000           99110.000
  AuctionPriceDiff,%                0.214               0.214
Matched calculation!
{OPENPERIODPRICE=0.000000, CLSTATE=0.000000, PRICEMAX=1.111000, ENDTIME=0.000000, STEPPRICET=0.000000, PREVPRICE=0.944000, OPTIONBASE=0.000000, starttime=184001.000000, MIN_CURR_LAST=0.933000, ISSUESIZE=35371898370.000000, STEPPRICECL=0.000000, PRICEMIN=0.776500, PREVLOTSIZE=0.000000, MARKETPRICETODAY=0.000000, BUYBACKPRICE=0.000000, MARKETPRICE2=0.000000, CLPRICE=0.000000, PREVSETTLEPRICE=0.000000, THEORPRICE=0.000000, plannedtime=184001.000000, MARKETPRICE=0.945000, WAPRICE=0.942500, ICHANGE=0.000000, OFFERDEPTH=64.000000, PRIMARYDIST=0.000000, LASTVALUE=0.000000, BGONP=0.000000, NEGVALTODAY=0.000000, STARTTIME=184001.000000, LOW=0.930000, BASEPRICE=0.000000, IOPEN=0.000000, LCURRENTPRICE=0.933500, MONSTARTTIME=0.000000, QUOTEBASIS=0.000000, BUYBACKDATE=0.000000, LCLOSEPRICE=0.000000, NEXTCOUPON=0.000000, MONENDTIME=0.000000, HIGHVAL=0.000000, ADMITTEDQUOTE=0.000000, OFFER=0.934500, YIELDATPREVWAPRICE=0.000000, VALTODAY=26877307.000000, SETTLEPRICE=0.000000, PCHANGE=0.000000, LOTSIZE=1000.000000, LOWOFFER=0.918000, ISPERCENT=0.000000, YIELD=0.000000, VOLTODAY=28518000.000000, endtime=0.000000, MAXOUTVOLUME=0.000000, OPEN=0.941000, CROSSRATE=0.000000, CURRENTVALUE=0.000000, NUMCONTRACTS=0.000000, PREVADMITTEDQUOT=0.944000, COUPONVALUE=0.000000, BIDDEPTH=100.000000, LASTBID=0.933000, DURATION=0.000000, LOWVAL=0.000000, imbalance=0.000000, HIGH=0.950000, YIELDATWAPRICE=0.000000, STEPPRICEPRCL=0.000000, OFFERDEPTHT=10859.000000, VALUE=4665.000000, marketvolb=0.000000, PERCENTRATE=0.000000, MIN_CURR_LAST_TI=184000.000000, auctvalue=93500.000000, EXPDATE=0.000000, LASTOFFER=0.934500, QTY=5.000000, COUPONPERIOD=0.000000, CHANGETIME=0.000000, CURSTEPPRICE=0.000000, marketvols=6000.000000, SELLDEPO=0.000000, EVNSTARTTIME=0.000000, LOTSIZECHANGEDAT=0.000000, NUMTRADES=1413.000000, CLOSEPRICE=0.000000, HIGHBID=0.992000, FACEVALUE=0.000000, PRICEMVTLIMITT1=0.000000, PRICEMVTLIMIT=0.000000, LOPENPRICE=0.000000, LAST=0.933000, BUYPROFIT=0.000000, SELLPROFIT=0.000000, VOLATILITY=0.000000, CLOSETIME=0.000000, PREVWAPRICE=0.945000, PREVLEGALCLOSEPR=0.944000, BUYDEPO=0.000000, TRADECHANGE=0.000000, LASTTOPREVSTLPRC=0.000000, BIDDEPTHT=11275.000000, auctvolume=100000.000000, PREVDATE=20191113.000000, ACCRUEDINT=0.000000, NUMOFFERS=171.000000, CHANGE=-0.011000, STRIKE=0.000000, EVNENDTIME=0.000000, BID=0.935000, auctnumtrades=0.000000, TRADINGSTATUS=4.000000, LASTCHANGE=-1.170000, CHNGCLOSE=0.000000, REALVMPRICE=0.000000, CLOSEYIELD=0.000000, TIME=183944.000000, MARG=0.000000, AUCTPRICE=0.935000, STEPPRICE=0.000000, NUMBIDS=154.000000, SETTLECODE=8.000000, OPENVAL=0.000000, OPTIONTYPE=0.000000, BGOP=0.000000, NEGNUMTRADES=0.000000, PRICEMINUSPREVWAPRICE=0.000000, CHNGOPEN=0.000000}
2019-11-14T18:44:50.644268 - ENRU[TQBR]
#   Total      Size       Bid       Ask      Size     Total
        8                                                 8 
      108       100      0.94      0.94        58        66
      140        32      0.93      0.94       108       174
      181        41      0.93      0.94       220       394
      193        12      0.93      0.94       100       494
      194         1      0.93      0.94         4       498
      374       180      0.93      0.94       423       921
      622       248      0.93      0.94       424      1345
      637        15      0.93      0.94         6      1351
      743       106      0.93      0.94         3      1354
     1209       466      0.93      0.94         1      1355
     1853       644      0.93      0.94         5      1360
     1998       145      0.93      0.94       360      1720
     2238       240      0.93      0.94      1876      3596
     2392       154      0.93      0.94         5      3601
     2841       449      0.93      0.94         6      3607
     3223       382      0.93      0.95        25      3632
     3225         2      0.92      0.95       115      3747
     3256        31      0.92      0.95        14      3761
     3321        65      0.92      0.95       501      4262
     3322         1      0.92      0.95       565      4827
Calculation info: Price      0.94; Imbalance: -66; Total bids: 108, Total asks: 174; 
               Field               SERVER               TOP-20
    AuctionPrice,RUB                 0.94                0.94
       AuctionVolume                  100                 108
       LastPrice,RUB                 0.93                0.93
          MarketBids                    0                   0
          MarketAsks                    8                   8
         Imbalance,%                                   -61.11
        MarketBids:%                0.000               0.000
        MarketAsks:%                8.000               7.407
      TotalValue:RUB            93500.000          100980.000
  AuctionPriceDiff,%                0.214               0.214
Matched calculation!
{OPENPERIODPRICE=0.000000, CLSTATE=0.000000, PRICEMAX=1.111000, ENDTIME=0.000000, STEPPRICET=0.000000, PREVPRICE=0.944000, OPTIONBASE=0.000000, starttime=184001.000000, MIN_CURR_LAST=0.933000, ISSUESIZE=35371898370.000000, STEPPRICECL=0.000000, PRICEMIN=0.776500, PREVLOTSIZE=0.000000, MARKETPRICETODAY=0.000000, BUYBACKPRICE=0.000000, MARKETPRICE2=0.000000, CLPRICE=0.000000, PREVSETTLEPRICE=0.000000, THEORPRICE=0.000000, plannedtime=184001.000000, MARKETPRICE=0.945000, WAPRICE=0.942500, ICHANGE=0.000000, OFFERDEPTH=66.000000, PRIMARYDIST=0.000000, LASTVALUE=0.000000, BGONP=0.000000, NEGVALTODAY=0.000000, STARTTIME=184001.000000, LOW=0.930000, BASEPRICE=0.000000, IOPEN=0.000000, LCURRENTPRICE=0.933500, MONSTARTTIME=0.000000, QUOTEBASIS=0.000000, BUYBACKDATE=0.000000, LCLOSEPRICE=0.000000, NEXTCOUPON=0.000000, MONENDTIME=0.000000, HIGHVAL=0.000000, ADMITTEDQUOTE=0.000000, OFFER=0.934500, YIELDATPREVWAPRICE=0.000000, VALTODAY=26877307.000000, SETTLEPRICE=0.000000, PCHANGE=0.000000, LOTSIZE=1000.000000, LOWOFFER=0.918000, ISPERCENT=0.000000, YIELD=0.000000, VOLTODAY=28518000.000000, endtime=0.000000, MAXOUTVOLUME=0.000000, OPEN=0.941000, CROSSRATE=0.000000, CURRENTVALUE=0.000000, NUMCONTRACTS=0.000000, PREVADMITTEDQUOT=0.944000, COUPONVALUE=0.000000, BIDDEPTH=100.000000, LASTBID=0.933000, DURATION=0.000000, LOWVAL=0.000000, imbalance=0.000000, HIGH=0.950000, YIELDATWAPRICE=0.000000, STEPPRICEPRCL=0.000000, OFFERDEPTHT=10861.000000, VALUE=4665.000000, marketvolb=0.000000, PERCENTRATE=0.000000, MIN_CURR_LAST_TI=184000.000000, auctvalue=93500.000000, EXPDATE=0.000000, LASTOFFER=0.934500, QTY=5.000000, COUPONPERIOD=0.000000, CHANGETIME=0.000000, CURSTEPPRICE=0.000000, marketvols=8000.000000, SELLDEPO=0.000000, EVNSTARTTIME=0.000000, LOTSIZECHANGEDAT=0.000000, NUMTRADES=1413.000000, CLOSEPRICE=0.000000, HIGHBID=0.992000, FACEVALUE=0.000000, PRICEMVTLIMITT1=0.000000, PRICEMVTLIMIT=0.000000, LOPENPRICE=0.000000, LAST=0.933000, BUYPROFIT=0.000000, SELLPROFIT=0.000000, VOLATILITY=0.000000, CLOSETIME=0.000000, PREVWAPRICE=0.945000, PREVLEGALCLOSEPR=0.944000, BUYDEPO=0.000000, TRADECHANGE=0.000000, LASTTOPREVSTLPRC=0.000000, BIDDEPTHT=11276.000000, auctvolume=100000.000000, PREVDATE=20191113.000000, ACCRUEDINT=0.000000, NUMOFFERS=172.000000, CHANGE=-0.011000, STRIKE=0.000000, EVNENDTIME=0.000000, BID=0.935000, auctnumtrades=0.000000, TRADINGSTATUS=4.000000, LASTCHANGE=-1.170000, CHNGCLOSE=0.000000, REALVMPRICE=0.000000, CLOSEYIELD=0.000000, TIME=183944.000000, MARG=0.000000, AUCTPRICE=0.935000, STEPPRICE=0.000000, NUMBIDS=155.000000, SETTLECODE=8.000000, OPENVAL=0.000000, OPTIONTYPE=0.000000, BGOP=0.000000, NEGNUMTRADES=0.000000, PRICEMINUSPREVWAPRICE=0.000000, CHNGOPEN=0.000000}
2019-11-14T18:44:54.034893 - ENRU[TQBR]
#   Total      Size       Bid       Ask      Size     Total
        8                                                 8 
      108       100      0.94      0.94        58        66
      140        32      0.93      0.94       108       174
      185        45      0.93      0.94       220       394
      197        12      0.93      0.94       100       494
      198         1      0.93      0.94         4       498
      378       180      0.93      0.94       423       921
      626       248      0.93      0.94       424      1345
      641        15      0.93      0.94         6      1351
      747       106      0.93      0.94         3      1354
     1213       466      0.93      0.94         1      1355
     1857       644      0.93      0.94         5      1360
     2002       145      0.93      0.94       360      1720
     2242       240      0.93      0.94      1876      3596
     2396       154      0.93      0.94         5      3601
     2845       449      0.93      0.94         6      3607
     3227       382      0.93      0.95        25      3632
     3229         2      0.92      0.95       115      3747
     3260        31      0.92      0.95        14      3761
     3325        65      0.92      0.95       501      4262
     3326         1      0.92      0.95       565      4827
Calculation info: Price      0.94; Imbalance: -66; Total bids: 108, Total asks: 174; 
               Field               SERVER               TOP-20
    AuctionPrice,RUB                 0.94                0.94
       AuctionVolume                  100                 108
       LastPrice,RUB                 0.93                0.93
          MarketBids                    0                   0
          MarketAsks                    8                   8
         Imbalance,%                                   -61.11
        MarketBids:%                0.000               0.000
        MarketAsks:%                8.000               7.407
      TotalValue:RUB            93500.000          100980.000
  AuctionPriceDiff,%                0.214               0.214
Matched calculation!
{OPENPERIODPRICE=0.000000, CLSTATE=0.000000, PRICEMAX=1.111000, ENDTIME=0.000000, STEPPRICET=0.000000, PREVPRICE=0.944000, OPTIONBASE=0.000000, starttime=184001.000000, MIN_CURR_LAST=0.933000, ISSUESIZE=35371898370.000000, STEPPRICECL=0.000000, PRICEMIN=0.776500, PREVLOTSIZE=0.000000, MARKETPRICETODAY=0.000000, BUYBACKPRICE=0.000000, MARKETPRICE2=0.000000, CLPRICE=0.000000, PREVSETTLEPRICE=0.000000, THEORPRICE=0.000000, plannedtime=184001.000000, MARKETPRICE=0.945000, WAPRICE=0.942500, ICHANGE=0.000000, OFFERDEPTH=66.000000, PRIMARYDIST=0.000000, LASTVALUE=0.000000, BGONP=0.000000, NEGVALTODAY=0.000000, STARTTIME=184001.000000, LOW=0.930000, BASEPRICE=0.000000, IOPEN=0.000000, LCURRENTPRICE=0.933500, MONSTARTTIME=0.000000, QUOTEBASIS=0.000000, BUYBACKDATE=0.000000, LCLOSEPRICE=0.000000, NEXTCOUPON=0.000000, MONENDTIME=0.000000, HIGHVAL=0.000000, ADMITTEDQUOTE=0.000000, OFFER=0.934500, YIELDATPREVWAPRICE=0.000000, VALTODAY=26877307.000000, SETTLEPRICE=0.000000, PCHANGE=0.000000, LOTSIZE=1000.000000, LOWOFFER=0.918000, ISPERCENT=0.000000, YIELD=0.000000, VOLTODAY=28518000.000000, endtime=0.000000, MAXOUTVOLUME=0.000000, OPEN=0.941000, CROSSRATE=0.000000, CURRENTVALUE=0.000000, NUMCONTRACTS=0.000000, PREVADMITTEDQUOT=0.944000, COUPONVALUE=0.000000, BIDDEPTH=100.000000, LASTBID=0.933000, DURATION=0.000000, LOWVAL=0.000000, imbalance=0.000000, HIGH=0.950000, YIELDATWAPRICE=0.000000, STEPPRICEPRCL=0.000000, OFFERDEPTHT=10861.000000, VALUE=4665.000000, marketvolb=0.000000, PERCENTRATE=0.000000, MIN_CURR_LAST_TI=184000.000000, auctvalue=93500.000000, EXPDATE=0.000000, LASTOFFER=0.934500, QTY=5.000000, COUPONPERIOD=0.000000, CHANGETIME=0.000000, CURSTEPPRICE=0.000000, marketvols=8000.000000, SELLDEPO=0.000000, EVNSTARTTIME=0.000000, LOTSIZECHANGEDAT=0.000000, NUMTRADES=1413.000000, CLOSEPRICE=0.000000, HIGHBID=0.992000, FACEVALUE=0.000000, PRICEMVTLIMITT1=0.000000, PRICEMVTLIMIT=0.000000, LOPENPRICE=0.000000, LAST=0.933000, BUYPROFIT=0.000000, SELLPROFIT=0.000000, VOLATILITY=0.000000, CLOSETIME=0.000000, PREVWAPRICE=0.945000, PREVLEGALCLOSEPR=0.944000, BUYDEPO=0.000000, TRADECHANGE=0.000000, LASTTOPREVSTLPRC=0.000000, BIDDEPTHT=11277.000000, auctvolume=100000.000000, PREVDATE=20191113.000000, ACCRUEDINT=0.000000, NUMOFFERS=172.000000, CHANGE=-0.011000, STRIKE=0.000000, EVNENDTIME=0.000000, BID=0.935000, auctnumtrades=0.000000, TRADINGSTATUS=4.000000, LASTCHANGE=-1.170000, CHNGCLOSE=0.000000, REALVMPRICE=0.000000, CLOSEYIELD=0.000000, TIME=183944.000000, MARG=0.000000, AUCTPRICE=0.935000, STEPPRICE=0.000000, NUMBIDS=156.000000, SETTLECODE=8.000000, OPENVAL=0.000000, OPTIONTYPE=0.000000, BGOP=0.000000, NEGNUMTRADES=0.000000, PRICEMINUSPREVWAPRICE=0.000000, CHNGOPEN=0.000000}
2019-11-14T18:45:12.644268 - ENRU[TQBR]
#   Total      Size       Bid       Ask      Size     Total
        8                                                 8 
      108       100      0.94      0.94        58        66
      140        32      0.93      0.94       108       174
      175        35      0.93      0.94       220       394
      187        12      0.93      0.94       100       494
      188         1      0.93      0.94         4       498
      368       180      0.93      0.94       423       921
      616       248      0.93      0.94       424      1345
      631        15      0.93      0.94         6      1351
      737       106      0.93      0.94         3      1354
     1203       466      0.93      0.94         1      1355
     1847       644      0.93      0.94         5      1360
     1992       145      0.93      0.94       360      1720
     2232       240      0.93      0.94      1876      3596
     2386       154      0.93      0.94         5      3601
     2835       449      0.93      0.94         6      3607
     3217       382      0.93      0.95        25      3632
     3219         2      0.92      0.95       115      3747
     3250        31      0.92      0.95        14      3761
     3315        65      0.92      0.95       501      4262
     3316         1      0.92      0.95       565      4827
Calculation info: Price      0.94; Imbalance: -66; Total bids: 108, Total asks: 174; 
               Field               SERVER               TOP-20
    AuctionPrice,RUB                 0.94                0.94
       AuctionVolume                  100                 108
       LastPrice,RUB                 0.93                0.93
          MarketBids                    0                   0
          MarketAsks                    8                   8
         Imbalance,%                                   -61.11
        MarketBids:%                0.000               0.000
        MarketAsks:%                8.000               7.407
      TotalValue:RUB            93500.000          100980.000
  AuctionPriceDiff,%                0.214               0.214
Matched calculation!
{OPENPERIODPRICE=0.000000, CLSTATE=0.000000, PRICEMAX=1.111000, ENDTIME=0.000000, STEPPRICET=0.000000, PREVPRICE=0.944000, OPTIONBASE=0.000000, starttime=184001.000000, MIN_CURR_LAST=0.933000, ISSUESIZE=35371898370.000000, STEPPRICECL=0.000000, PRICEMIN=0.776500, PREVLOTSIZE=0.000000, MARKETPRICETODAY=0.000000, BUYBACKPRICE=0.000000, MARKETPRICE2=0.000000, CLPRICE=0.000000, PREVSETTLEPRICE=0.000000, THEORPRICE=0.000000, plannedtime=184001.000000, MARKETPRICE=0.945000, WAPRICE=0.942500, ICHANGE=0.000000, OFFERDEPTH=66.000000, PRIMARYDIST=0.000000, LASTVALUE=0.000000, BGONP=0.000000, NEGVALTODAY=0.000000, STARTTIME=184001.000000, LOW=0.930000, BASEPRICE=0.000000, IOPEN=0.000000, LCURRENTPRICE=0.933500, MONSTARTTIME=0.000000, QUOTEBASIS=0.000000, BUYBACKDATE=0.000000, LCLOSEPRICE=0.000000, NEXTCOUPON=0.000000, MONENDTIME=0.000000, HIGHVAL=0.000000, ADMITTEDQUOTE=0.000000, OFFER=0.934500, YIELDATPREVWAPRICE=0.000000, VALTODAY=26877307.000000, SETTLEPRICE=0.000000, PCHANGE=0.000000, LOTSIZE=1000.000000, LOWOFFER=0.918000, ISPERCENT=0.000000, YIELD=0.000000, VOLTODAY=28518000.000000, endtime=0.000000, MAXOUTVOLUME=0.000000, OPEN=0.941000, CROSSRATE=0.000000, CURRENTVALUE=0.000000, NUMCONTRACTS=0.000000, PREVADMITTEDQUOT=0.944000, COUPONVALUE=0.000000, BIDDEPTH=100.000000, LASTBID=0.933000, DURATION=0.000000, LOWVAL=0.000000, imbalance=0.000000, HIGH=0.950000, YIELDATWAPRICE=0.000000, STEPPRICEPRCL=0.000000, OFFERDEPTHT=10861.000000, VALUE=4665.000000, marketvolb=0.000000, PERCENTRATE=0.000000, MIN_CURR_LAST_TI=184000.000000, auctvalue=93500.000000, EXPDATE=0.000000, LASTOFFER=0.934500, QTY=5.000000, COUPONPERIOD=0.000000, CHANGETIME=0.000000, CURSTEPPRICE=0.000000, marketvols=8000.000000, SELLDEPO=0.000000, EVNSTARTTIME=0.000000, LOTSIZECHANGEDAT=0.000000, NUMTRADES=1413.000000, CLOSEPRICE=0.000000, HIGHBID=0.992000, FACEVALUE=0.000000, PRICEMVTLIMITT1=0.000000, PRICEMVTLIMIT=0.000000, LOPENPRICE=0.000000, LAST=0.933000, BUYPROFIT=0.000000, SELLPROFIT=0.000000, VOLATILITY=0.000000, CLOSETIME=0.000000, PREVWAPRICE=0.945000, PREVLEGALCLOSEPR=0.944000, BUYDEPO=0.000000, TRADECHANGE=0.000000, LASTTOPREVSTLPRC=0.000000, BIDDEPTHT=11306.000000, auctvolume=100000.000000, PREVDATE=20191113.000000, ACCRUEDINT=0.000000, NUMOFFERS=172.000000, CHANGE=-0.011000, STRIKE=0.000000, EVNENDTIME=0.000000, BID=0.935000, auctnumtrades=0.000000, TRADINGSTATUS=4.000000, LASTCHANGE=-1.170000, CHNGCLOSE=0.000000, REALVMPRICE=0.000000, CLOSEYIELD=0.000000, TIME=183944.000000, MARG=0.000000, AUCTPRICE=0.935000, STEPPRICE=0.000000, NUMBIDS=158.000000, SETTLECODE=8.000000, OPENVAL=0.000000, OPTIONTYPE=0.000000, BGOP=0.000000, NEGNUMTRADES=0.000000, PRICEMINUSPREVWAPRICE=0.000000, CHNGOPEN=0.000000}
2019-11-14T18:45:16.347393 - ENRU[TQBR]
#   Total      Size       Bid       Ask      Size     Total
        8                                                 8 
                                    0.94        74        82
{OPENPERIODPRICE=0.000000, CLSTATE=0.000000, PRICEMAX=1.111000, ENDTIME=0.000000, STEPPRICET=0.000000, PREVPRICE=0.944000, OPTIONBASE=0.000000, starttime=184001.000000, MIN_CURR_LAST=0.933000, ISSUESIZE=35371898370.000000, STEPPRICECL=0.000000, PRICEMIN=0.776500, PREVLOTSIZE=0.000000, MARKETPRICETODAY=0.000000, BUYBACKPRICE=0.000000, MARKETPRICE2=0.000000, CLPRICE=0.000000, PREVSETTLEPRICE=0.000000, THEORPRICE=0.000000, plannedtime=184001.000000, MARKETPRICE=0.945000, WAPRICE=0.942500, ICHANGE=0.000000, OFFERDEPTH=74.000000, PRIMARYDIST=0.000000, LASTVALUE=0.000000, BGONP=0.000000, NEGVALTODAY=0.000000, STARTTIME=184001.000000, LOW=0.930000, BASEPRICE=0.000000, IOPEN=0.000000, LCURRENTPRICE=0.933500, MONSTARTTIME=0.000000, QUOTEBASIS=0.000000, BUYBACKDATE=0.000000, LCLOSEPRICE=0.000000, NEXTCOUPON=0.000000, MONENDTIME=0.000000, HIGHVAL=0.000000, ADMITTEDQUOTE=0.000000, OFFER=0.935000, YIELDATPREVWAPRICE=0.000000, VALTODAY=26970807.000000, SETTLEPRICE=0.000000, PCHANGE=0.000000, LOTSIZE=1000.000000, LOWOFFER=0.918000, ISPERCENT=0.000000, YIELD=0.000000, VOLTODAY=28618000.000000, endtime=0.000000, MAXOUTVOLUME=0.000000, OPEN=0.941000, CROSSRATE=0.000000, CURRENTVALUE=0.000000, NUMCONTRACTS=0.000000, PREVADMITTEDQUOT=0.944000, COUPONVALUE=0.000000, BIDDEPTH=0.000000, LASTBID=0.933000, DURATION=0.000000, LOWVAL=0.000000, imbalance=0.000000, HIGH=0.950000, YIELDATWAPRICE=0.000000, STEPPRICEPRCL=0.000000, OFFERDEPTHT=10861.000000, VALUE=31790.000000, marketvolb=0.000000, PERCENTRATE=0.000000, MIN_CURR_LAST_TI=184000.000000, auctvalue=93500.000000, EXPDATE=0.000000, LASTOFFER=0.934500, QTY=34.000000, COUPONPERIOD=0.000000, CHANGETIME=0.000000, CURSTEPPRICE=0.000000, marketvols=8000.000000, SELLDEPO=0.000000, EVNSTARTTIME=0.000000, LOTSIZECHANGEDAT=0.000000, NUMTRADES=1417.000000, CLOSEPRICE=0.000000, HIGHBID=0.992000, FACEVALUE=0.000000, PRICEMVTLIMITT1=0.000000, PRICEMVTLIMIT=0.000000, LOPENPRICE=0.000000, LAST=0.935000, BUYPROFIT=0.000000, SELLPROFIT=0.000000, VOLATILITY=0.000000, CLOSETIME=0.000000, PREVWAPRICE=0.945000, PREVLEGALCLOSEPR=0.944000, BUYDEPO=0.000000, TRADECHANGE=0.000000, LASTTOPREVSTLPRC=0.000000, BIDDEPTHT=11296.000000, auctvolume=100000.000000, PREVDATE=20191113.000000, ACCRUEDINT=0.000000, NUMOFFERS=172.000000, CHANGE=-0.009000, STRIKE=0.000000, EVNENDTIME=0.000000, BID=0.000000, auctnumtrades=0.000000, TRADINGSTATUS=5.000000, LASTCHANGE=-0.950000, CHNGCLOSE=0.000000, REALVMPRICE=0.000000, CLOSEYIELD=0.000000, TIME=184516.000000, MARG=0.000000, AUCTPRICE=0.935000, STEPPRICE=0.000000, NUMBIDS=157.000000, SETTLECODE=8.000000, OPENVAL=0.000000, OPTIONTYPE=0.000000, BGOP=0.000000, NEGNUMTRADES=0.000000, PRICEMINUSPREVWAPRICE=0.000000, CHNGOPEN=0.000000}
2019-11-14T18:46:02.394268 - ENRU[TQBR]
#   Total      Size       Bid       Ask      Size     Total
        0                                                 0 
                                    0.94        44        44
{OPENPERIODPRICE=0.000000, CLSTATE=0.000000, PRICEMAX=1.111000, ENDTIME=0.000000, STEPPRICET=0.000000, PREVPRICE=0.944000, OPTIONBASE=0.000000, starttime=184516.000000, MIN_CURR_LAST=0.934500, ISSUESIZE=35371898370.000000, STEPPRICECL=0.000000, PRICEMIN=0.776500, PREVLOTSIZE=0.000000, MARKETPRICETODAY=0.000000, BUYBACKPRICE=0.000000, MARKETPRICE2=0.000000, CLPRICE=0.000000, PREVSETTLEPRICE=0.000000, THEORPRICE=0.000000, plannedtime=184516.000000, MARKETPRICE=0.945000, WAPRICE=0.942500, ICHANGE=0.000000, OFFERDEPTH=44.000000, PRIMARYDIST=0.000000, LASTVALUE=0.000000, BGONP=0.000000, NEGVALTODAY=0.000000, STARTTIME=184516.000000, LOW=0.930000, BASEPRICE=0.000000, IOPEN=0.000000, LCURRENTPRICE=0.934500, MONSTARTTIME=0.000000, QUOTEBASIS=0.000000, BUYBACKDATE=0.000000, LCLOSEPRICE=0.000000, NEXTCOUPON=0.000000, MONENDTIME=0.000000, HIGHVAL=0.000000, ADMITTEDQUOTE=0.000000, OFFER=0.935000, YIELDATPREVWAPRICE=0.000000, VALTODAY=26998857.000000, SETTLEPRICE=0.000000, PCHANGE=0.000000, LOTSIZE=1000.000000, LOWOFFER=0.918000, ISPERCENT=0.000000, YIELD=0.000000, VOLTODAY=28648000.000000, endtime=0.000000, MAXOUTVOLUME=0.000000, OPEN=0.941000, CROSSRATE=0.000000, CURRENTVALUE=0.000000, NUMCONTRACTS=0.000000, PREVADMITTEDQUOT=0.944000, COUPONVALUE=0.000000, BIDDEPTH=0.000000, LASTBID=0.933000, DURATION=0.000000, LOWVAL=0.000000, imbalance=0.000000, HIGH=0.950000, YIELDATWAPRICE=0.000000, STEPPRICEPRCL=0.000000, OFFERDEPTHT=74.000000, VALUE=28050.000000, marketvolb=0.000000, PERCENTRATE=0.000000, MIN_CURR_LAST_TI=184600.000000, auctvalue=28050.000000, EXPDATE=0.000000, LASTOFFER=0.934500, QTY=30.000000, COUPONPERIOD=0.000000, CHANGETIME=0.000000, CURSTEPPRICE=0.000000, marketvols=0.000000, SELLDEPO=0.000000, EVNSTARTTIME=0.000000, LOTSIZECHANGEDAT=0.000000, NUMTRADES=1418.000000, CLOSEPRICE=0.000000, HIGHBID=0.992000, FACEVALUE=0.000000, PRICEMVTLIMITT1=0.000000, PRICEMVTLIMIT=0.000000, LOPENPRICE=0.000000, LAST=0.935000, BUYPROFIT=0.000000, SELLPROFIT=0.000000, VOLATILITY=0.000000, CLOSETIME=0.000000, PREVWAPRICE=0.945000, PREVLEGALCLOSEPR=0.944000, BUYDEPO=0.000000, TRADECHANGE=0.000000, LASTTOPREVSTLPRC=0.000000, BIDDEPTHT=0.000000, auctvolume=30000.000000, PREVDATE=20191113.000000, ACCRUEDINT=0.000000, NUMOFFERS=1.000000, CHANGE=-0.009000, STRIKE=0.000000, EVNENDTIME=0.000000, BID=0.000000, auctnumtrades=1.000000, TRADINGSTATUS=5.000000, LASTCHANGE=-0.950000, CHNGCLOSE=0.000000, REALVMPRICE=0.000000, CLOSEYIELD=0.000000, TIME=184602.000000, MARG=0.000000, AUCTPRICE=0.935000, STEPPRICE=0.000000, NUMBIDS=0.000000, SETTLECODE=8.000000, OPENVAL=0.000000, OPTIONTYPE=0.000000, BGOP=0.000000, NEGNUMTRADES=0.000000, PRICEMINUSPREVWAPRICE=0.000000, CHNGOPEN=0.000000}
2019-11-14T18:49:24.503643 - ENRU[TQBR]
#   Total      Size       Bid       Ask      Size     Total
        0                                                 0 
                                    0.94        43        43
{OPENPERIODPRICE=0.000000, CLSTATE=0.000000, PRICEMAX=1.111000, ENDTIME=0.000000, STEPPRICET=0.000000, PREVPRICE=0.944000, OPTIONBASE=0.000000, starttime=184516.000000, MIN_CURR_LAST=0.934500, ISSUESIZE=35371898370.000000, STEPPRICECL=0.000000, PRICEMIN=0.776500, PREVLOTSIZE=0.000000, MARKETPRICETODAY=0.000000, BUYBACKPRICE=0.000000, MARKETPRICE2=0.000000, CLPRICE=0.000000, PREVSETTLEPRICE=0.000000, THEORPRICE=0.000000, plannedtime=184516.000000, MARKETPRICE=0.945000, WAPRICE=0.942500, ICHANGE=0.000000, OFFERDEPTH=43.000000, PRIMARYDIST=0.000000, LASTVALUE=0.000000, BGONP=0.000000, NEGVALTODAY=0.000000, STARTTIME=184516.000000, LOW=0.930000, BASEPRICE=0.000000, IOPEN=0.000000, LCURRENTPRICE=0.934500, MONSTARTTIME=0.000000, QUOTEBASIS=0.000000, BUYBACKDATE=0.000000, LCLOSEPRICE=0.000000, NEXTCOUPON=0.000000, MONENDTIME=0.000000, HIGHVAL=0.000000, ADMITTEDQUOTE=0.000000, OFFER=0.935000, YIELDATPREVWAPRICE=0.000000, VALTODAY=26999792.000000, SETTLEPRICE=0.000000, PCHANGE=0.000000, LOTSIZE=1000.000000, LOWOFFER=0.918000, ISPERCENT=0.000000, YIELD=0.000000, VOLTODAY=28649000.000000, endtime=0.000000, MAXOUTVOLUME=0.000000, OPEN=0.941000, CROSSRATE=0.000000, CURRENTVALUE=0.000000, NUMCONTRACTS=0.000000, PREVADMITTEDQUOT=0.944000, COUPONVALUE=0.000000, BIDDEPTH=0.000000, LASTBID=0.933000, DURATION=0.000000, LOWVAL=0.000000, imbalance=0.000000, HIGH=0.950000, YIELDATWAPRICE=0.000000, STEPPRICEPRCL=0.000000, OFFERDEPTHT=44.000000, VALUE=935.000000, marketvolb=0.000000, PERCENTRATE=0.000000, MIN_CURR_LAST_TI=184600.000000, auctvalue=28985.000000, EXPDATE=0.000000, LASTOFFER=0.934500, QTY=1.000000, COUPONPERIOD=0.000000, CHANGETIME=0.000000, CURSTEPPRICE=0.000000, marketvols=0.000000, SELLDEPO=0.000000, EVNSTARTTIME=0.000000, LOTSIZECHANGEDAT=0.000000, NUMTRADES=1419.000000, CLOSEPRICE=0.000000, HIGHBID=0.992000, FACEVALUE=0.000000, PRICEMVTLIMITT1=0.000000, PRICEMVTLIMIT=0.000000, LOPENPRICE=0.000000, LAST=0.935000, BUYPROFIT=0.000000, SELLPROFIT=0.000000, VOLATILITY=0.000000, CLOSETIME=0.000000, PREVWAPRICE=0.945000, PREVLEGALCLOSEPR=0.944000, BUYDEPO=0.000000, TRADECHANGE=0.000000, LASTTOPREVSTLPRC=0.000000, BIDDEPTHT=0.000000, auctvolume=31000.000000, PREVDATE=20191113.000000, ACCRUEDINT=0.000000, NUMOFFERS=1.000000, CHANGE=-0.009000, STRIKE=0.000000, EVNENDTIME=0.000000, BID=0.000000, auctnumtrades=2.000000, TRADINGSTATUS=5.000000, LASTCHANGE=-0.950000, CHNGCLOSE=0.000000, REALVMPRICE=0.000000, CLOSEYIELD=0.000000, TIME=184924.000000, MARG=0.000000, AUCTPRICE=0.935000, STEPPRICE=0.000000, NUMBIDS=0.000000, SETTLECODE=8.000000, OPENVAL=0.000000, OPTIONTYPE=0.000000, BGOP=0.000000, NEGNUMTRADES=0.000000, PRICEMINUSPREVWAPRICE=0.000000, CHNGOPEN=0.000000}
