2019-11-15T18:40:04.871539 - ENRU[TQBR]
#   Total      Size       Bid       Ask      Size     Total
        0                                                 0 
       29        29      0.93      0.93       149       149
      376       347      0.93      0.93      1515      1664
      399        23      0.93      0.93      1063      2727
      428        29      0.93      0.93        25      2752
      442        14      0.93      0.93       500      3252
      506        64      0.93      0.93        99      3351
      694       188      0.93      0.93        35      3386
     1371       677      0.93      0.93         1      3387
     2265       894      0.93      0.93       411      3798
     2904       639      0.93      0.94       416      4214
     2905         1      0.92      0.94         1      4215
     2908         3      0.92      0.94       126      4341
     3167       259      0.92      0.94       100      4441
     3302       135      0.92      0.94         1      4442
     3303         1      0.92      0.94         4      4446
     3410       107      0.92      0.94         1      4447
     3671       261      0.92      0.94        76      4523
     3873       202      0.92      0.94        10      4533
     4395       522      0.92      0.94         1      4534
     4802       407      0.92      0.94         7      4541
{OPENPERIODPRICE=0.000000, CLSTATE=0.000000, PRICEMAX=1.099500, ENDTIME=95957.000000, STEPPRICET=0.000000, PREVPRICE=0.935000, OPTIONBASE=0.000000, starttime=95000.000000, MIN_CURR_LAST=0.929500, ISSUESIZE=35371898370.000000, STEPPRICECL=0.000000, PRICEMIN=0.768500, PREVLOTSIZE=0.000000, MARKETPRICETODAY=0.000000, BUYBACKPRICE=0.000000, MARKETPRICE2=0.000000, CLPRICE=0.000000, PREVSETTLEPRICE=0.000000, THEORPRICE=0.000000, plannedtime=95000.000000, MARKETPRICE=0.942500, WAPRICE=0.930500, ICHANGE=0.000000, OFFERDEPTH=149.000000, PRIMARYDIST=0.000000, LASTVALUE=0.000000, BGONP=0.000000, NEGVALTODAY=0.000000, STARTTIME=95000.000000, LOW=0.926500, BASEPRICE=0.000000, IOPEN=0.000000, LCURRENTPRICE=0.929500, MONSTARTTIME=0.000000, QUOTEBASIS=0.000000, BUYBACKDATE=0.000000, LCLOSEPRICE=0.000000, NEXTCOUPON=0.000000, MONENDTIME=0.000000, HIGHVAL=0.000000, ADMITTEDQUOTE=0.000000, OFFER=0.930000, YIELDATPREVWAPRICE=0.000000, VALTODAY=16930808.000000, SETTLEPRICE=0.000000, PCHANGE=0.000000, LOTSIZE=1000.000000, LOWOFFER=0.884000, ISPERCENT=0.000000, YIELD=0.000000, VOLTODAY=18200000.000000, endtime=95957.000000, MAXOUTVOLUME=0.000000, OPEN=0.930500, CROSSRATE=0.000000, CURRENTVALUE=0.000000, NUMCONTRACTS=0.000000, PREVADMITTEDQUOT=0.935000, COUPONVALUE=0.000000, BIDDEPTH=29.000000, LASTBID=0.929500, DURATION=0.000000, LOWVAL=0.000000, imbalance=0.000000, HIGH=0.935000, YIELDATWAPRICE=0.000000, STEPPRICEPRCL=0.000000, OFFERDEPTHT=17973.000000, VALUE=56730.000000, marketvolb=0.000000, PERCENTRATE=0.000000, MIN_CURR_LAST_TI=183600.000000, auctvalue=0.000000, EXPDATE=0.000000, LASTOFFER=0.930000, QTY=61.000000, COUPONPERIOD=0.000000, CHANGETIME=0.000000, CURSTEPPRICE=0.000000, marketvols=0.000000, SELLDEPO=0.000000, EVNSTARTTIME=0.000000, LOTSIZECHANGEDAT=0.000000, NUMTRADES=775.000000, CLOSEPRICE=0.000000, HIGHBID=0.980000, FACEVALUE=0.000000, PRICEMVTLIMITT1=0.000000, PRICEMVTLIMIT=0.000000, LOPENPRICE=0.000000, LAST=0.930000, BUYPROFIT=0.000000, SELLPROFIT=0.000000, VOLATILITY=0.000000, CLOSETIME=0.000000, PREVWAPRICE=0.942500, PREVLEGALCLOSEPR=0.935000, BUYDEPO=0.000000, TRADECHANGE=0.000000, LASTTOPREVSTLPRC=0.000000, BIDDEPTHT=24858.000000, auctvolume=0.000000, PREVDATE=20191114.000000, ACCRUEDINT=0.000000, NUMOFFERS=364.000000, CHANGE=-0.005000, STRIKE=0.000000, EVNENDTIME=0.000000, BID=0.929500, auctnumtrades=0.000000, TRADINGSTATUS=0.000000, LASTCHANGE=-0.530000, CHNGCLOSE=0.000000, REALVMPRICE=0.000000, CLOSEYIELD=0.000000, TIME=183941.000000, MARG=0.000000, AUCTPRICE=0.000000, STEPPRICE=0.000000, NUMBIDS=556.000000, SETTLECODE=8.000000, OPENVAL=0.000000, OPTIONTYPE=0.000000, BGOP=0.000000, NEGNUMTRADES=0.000000, PRICEMINUSPREVWAPRICE=0.000000, CHNGOPEN=0.000000}
2019-11-15T18:40:07.983484 - ENRU[TQBR]
#   Total      Size       Bid       Ask      Size     Total
        0                                                 0 
        1         1      0.93      0.93        10        10
      348       347      0.93      0.93      1515      1525
      371        23      0.93      0.93      1063      2588
      400        29      0.93      0.93        25      2613
      414        14      0.93      0.93       500      3113
      478        64      0.93      0.93        99      3212
      666       188      0.93      0.93        35      3247
     1343       677      0.93      0.93         1      3248
     2237       894      0.93      0.93       411      3659
     2876       639      0.93      0.94       416      4075
     2877         1      0.92      0.94         1      4076
     2879         2      0.92      0.94       126      4202
     3138       259      0.92      0.94       100      4302
     3273       135      0.92      0.94         1      4303
     3274         1      0.92      0.94         4      4307
     3381       107      0.92      0.94         1      4308
     3642       261      0.92      0.94        76      4384
     3844       202      0.92      0.94        10      4394
     4366       522      0.92      0.94         1      4395
     4773       407      0.92      0.94         7      4402
{OPENPERIODPRICE=0.000000, CLSTATE=0.000000, PRICEMAX=1.099500, ENDTIME=95957.000000, STEPPRICET=0.000000, PREVPRICE=0.935000, OPTIONBASE=0.000000, starttime=95000.000000, MIN_CURR_LAST=0.930000, ISSUESIZE=35371898370.000000, STEPPRICECL=0.000000, PRICEMIN=0.768500, PREVLOTSIZE=0.000000, MARKETPRICETODAY=0.000000, BUYBACKPRICE=0.000000, MARKETPRICE2=0.000000, CLPRICE=0.000000, PREVSETTLEPRICE=0.000000, THEORPRICE=0.000000, plannedtime=95000.000000, MARKETPRICE=0.942500, WAPRICE=0.930500, ICHANGE=0.000000, OFFERDEPTH=10.000000, PRIMARYDIST=0.000000, LASTVALUE=0.000000, BGONP=0.000000, NEGVALTODAY=0.000000, STARTTIME=95000.000000, LOW=0.926500, BASEPRICE=0.000000, IOPEN=0.000000, LCURRENTPRICE=0.930000, MONSTARTTIME=0.000000, QUOTEBASIS=0.000000, BUYBACKDATE=0.000000, LCLOSEPRICE=0.000000, NEXTCOUPON=0.000000, MONENDTIME=0.000000, HIGHVAL=0.000000, ADMITTEDQUOTE=0.000000, OFFER=0.930000, YIELDATPREVWAPRICE=0.000000, VALTODAY=16930808.000000, SETTLEPRICE=0.000000, PCHANGE=0.000000, LOTSIZE=1000.000000, LOWOFFER=0.884000, ISPERCENT=0.000000, YIELD=0.000000, VOLTODAY=18200000.000000, endtime=95957.000000, MAXOUTVOLUME=0.000000, OPEN=0.930500, CROSSRATE=0.000000, CURRENTVALUE=0.000000, NUMCONTRACTS=0.000000, PREVADMITTEDQUOT=0.935000, COUPONVALUE=0.000000, BIDDEPTH=1.000000, LASTBID=0.929500, DURATION=0.000000, LOWVAL=0.000000, imbalance=0.000000, HIGH=0.935000, YIELDATWAPRICE=0.000000, STEPPRICEPRCL=0.000000, OFFERDEPTHT=8084.000000, VALUE=56730.000000, marketvolb=0.000000, PERCENTRATE=0.000000, MIN_CURR_LAST_TI=184000.000000, auctvalue=0.000000, EXPDATE=0.000000, LASTOFFER=0.930000, QTY=61.000000, COUPONPERIOD=0.000000, CHANGETIME=0.000000, CURSTEPPRICE=0.000000, marketvols=0.000000, SELLDEPO=0.000000, EVNSTARTTIME=0.000000, LOTSIZECHANGEDAT=0.000000, NUMTRADES=775.000000, CLOSEPRICE=0.000000, HIGHBID=0.980000, FACEVALUE=0.000000, PRICEMVTLIMITT1=0.000000, PRICEMVTLIMIT=0.000000, LOPENPRICE=0.000000, LAST=0.930000, BUYPROFIT=0.000000, SELLPROFIT=0.000000, VOLATILITY=0.000000, CLOSETIME=0.000000, PREVWAPRICE=0.942500, PREVLEGALCLOSEPR=0.935000, BUYDEPO=0.000000, TRADECHANGE=0.000000, LASTTOPREVSTLPRC=0.000000, BIDDEPTHT=24858.000000, auctvolume=0.000000, PREVDATE=20191114.000000, ACCRUEDINT=0.000000, NUMOFFERS=128.000000, CHANGE=-0.005000, STRIKE=0.000000, EVNENDTIME=0.000000, BID=0.929500, auctnumtrades=0.000000, TRADINGSTATUS=4.000000, LASTCHANGE=-0.530000, CHNGCLOSE=0.000000, REALVMPRICE=0.000000, CLOSEYIELD=0.000000, TIME=183941.000000, MARG=0.000000, AUCTPRICE=0.930000, STEPPRICE=0.000000, NUMBIDS=556.000000, SETTLECODE=8.000000, OPENVAL=0.000000, OPTIONTYPE=0.000000, BGOP=0.000000, NEGNUMTRADES=0.000000, PRICEMINUSPREVWAPRICE=0.000000, CHNGOPEN=0.000000}
2019-11-15T18:40:11.198021 - ENRU[TQBR]
#   Total      Size       Bid       Ask      Size     Total
        0                                                 0 
        1         1      0.93      0.93        10        10
      348       347      0.93      0.93      1515      1525
      371        23      0.93      0.93      1063      2588
      400        29      0.93      0.93        25      2613
      414        14      0.93      0.93       500      3113
      478        64      0.93      0.93       100      3213
      666       188      0.93      0.93        35      3248
     1343       677      0.93      0.93       411      3659
     2237       894      0.93      0.94       416      4075
     2876       639      0.93      0.94         1      4076
     2877         1      0.92      0.94       126      4202
     2879         2      0.92      0.94       100      4302
     3138       259      0.92      0.94         1      4303
     3273       135      0.92      0.94         4      4307
     3274         1      0.92      0.94         1      4308
     3381       107      0.92      0.94        76      4384
     3642       261      0.92      0.94        10      4394
     3844       202      0.92      0.94         1      4395
     4366       522      0.92      0.94         7      4402
     4773       407      0.92      0.94        91      4493
{OPENPERIODPRICE=0.000000, CLSTATE=0.000000, PRICEMAX=1.099500, ENDTIME=95957.000000, STEPPRICET=0.000000, PREVPRICE=0.935000, OPTIONBASE=0.000000, starttime=95000.000000, MIN_CURR_LAST=0.930000, ISSUESIZE=35371898370.000000, STEPPRICECL=0.000000, PRICEMIN=0.768500, PREVLOTSIZE=0.000000, MARKETPRICETODAY=0.000000, BUYBACKPRICE=0.000000, MARKETPRICE2=0.000000, CLPRICE=0.000000, PREVSETTLEPRICE=0.000000, THEORPRICE=0.000000, plannedtime=95000.000000, MARKETPRICE=0.942500, WAPRICE=0.930500, ICHANGE=0.000000, OFFERDEPTH=10.000000, PRIMARYDIST=0.000000, LASTVALUE=0.000000, BGONP=0.000000, NEGVALTODAY=0.000000, STARTTIME=95000.000000, LOW=0.926500, BASEPRICE=0.000000, IOPEN=0.000000, LCURRENTPRICE=0.930000, MONSTARTTIME=0.000000, QUOTEBASIS=0.000000, BUYBACKDATE=0.000000, LCLOSEPRICE=0.000000, NEXTCOUPON=0.000000, MONENDTIME=0.000000, HIGHVAL=0.000000, ADMITTEDQUOTE=0.000000, OFFER=0.930000, YIELDATPREVWAPRICE=0.000000, VALTODAY=16930808.000000, SETTLEPRICE=0.000000, PCHANGE=0.000000, LOTSIZE=1000.000000, LOWOFFER=0.884000, ISPERCENT=0.000000, YIELD=0.000000, VOLTODAY=18200000.000000, endtime=95957.000000, MAXOUTVOLUME=0.000000, OPEN=0.930500, CROSSRATE=0.000000, CURRENTVALUE=0.000000, NUMCONTRACTS=0.000000, PREVADMITTEDQUOT=0.935000, COUPONVALUE=0.000000, BIDDEPTH=1.000000, LASTBID=0.929500, DURATION=0.000000, LOWVAL=0.000000, imbalance=0.000000, HIGH=0.935000, YIELDATWAPRICE=0.000000, STEPPRICEPRCL=0.000000, OFFERDEPTHT=8084.000000, VALUE=56730.000000, marketvolb=0.000000, PERCENTRATE=0.000000, MIN_CURR_LAST_TI=184000.000000, auctvalue=0.000000, EXPDATE=0.000000, LASTOFFER=0.930000, QTY=61.000000, COUPONPERIOD=0.000000, CHANGETIME=0.000000, CURSTEPPRICE=0.000000, marketvols=0.000000, SELLDEPO=0.000000, EVNSTARTTIME=0.000000, LOTSIZECHANGEDAT=0.000000, NUMTRADES=775.000000, CLOSEPRICE=0.000000, HIGHBID=0.980000, FACEVALUE=0.000000, PRICEMVTLIMITT1=0.000000, PRICEMVTLIMIT=0.000000, LOPENPRICE=0.000000, LAST=0.930000, BUYPROFIT=0.000000, SELLPROFIT=0.000000, VOLATILITY=0.000000, CLOSETIME=0.000000, PREVWAPRICE=0.942500, PREVLEGALCLOSEPR=0.935000, BUYDEPO=0.000000, TRADECHANGE=0.000000, LASTTOPREVSTLPRC=0.000000, BIDDEPTHT=14971.000000, auctvolume=0.000000, PREVDATE=20191114.000000, ACCRUEDINT=0.000000, NUMOFFERS=128.000000, CHANGE=-0.005000, STRIKE=0.000000, EVNENDTIME=0.000000, BID=0.929500, auctnumtrades=0.000000, TRADINGSTATUS=4.000000, LASTCHANGE=-0.530000, CHNGCLOSE=0.000000, REALVMPRICE=0.000000, CLOSEYIELD=0.000000, TIME=183941.000000, MARG=0.000000, AUCTPRICE=0.930000, STEPPRICE=0.000000, NUMBIDS=304.000000, SETTLECODE=8.000000, OPENVAL=0.000000, OPTIONTYPE=0.000000, BGOP=0.000000, NEGNUMTRADES=0.000000, PRICEMINUSPREVWAPRICE=0.000000, CHNGOPEN=0.000000}
2019-11-15T18:40:13.814107 - ENRU[TQBR]
#   Total      Size       Bid       Ask      Size     Total
        0                                                 0 
        9         9      0.96      0.93        10        10
       10         1      0.93      0.93      1515      1525
      357       347      0.93      0.93      1063      2588
      380        23      0.93      0.93        25      2613
      409        29      0.93      0.93       500      3113
      423        14      0.93      0.93        99      3212
      487        64      0.93      0.93        35      3247
      675       188      0.93      0.93         1      3248
     1352       677      0.93      0.93       411      3659
     2246       894      0.93      0.94       416      4075
     2885       639      0.93      0.94         1      4076
     2886         1      0.92      0.94       126      4202
     2888         2      0.92      0.94       100      4302
     3147       259      0.92      0.94         1      4303
     3282       135      0.92      0.94         4      4307
     3283         1      0.92      0.94         1      4308
     3390       107      0.92      0.94        76      4384
     3651       261      0.92      0.94        10      4394
     3853       202      0.92      0.94         1      4395
     4375       522      0.92      0.94         7      4402
Calculation info: Price      0.94; Imbalance: -4393; Total bids: 9, Total asks: 4402; 
               Field               SERVER               TOP-20
    AuctionPrice,RUB                 0.93                0.94
       AuctionVolume                    9                   9
       LastPrice,RUB                 0.93                0.93
          MarketBids                    0                   0
          MarketAsks                    0                   0
         Imbalance,%                                -48811.11
        MarketBids:%                0.000               0.000
        MarketAsks:%                0.000               0.000
      TotalValue:RUB             8370.000            8478.000
  AuctionPriceDiff,%                0.000               1.290
{OPENPERIODPRICE=0.000000, CLSTATE=0.000000, PRICEMAX=1.099500, ENDTIME=0.000000, STEPPRICET=0.000000, PREVPRICE=0.935000, OPTIONBASE=0.000000, starttime=184001.000000, MIN_CURR_LAST=0.930000, ISSUESIZE=35371898370.000000, STEPPRICECL=0.000000, PRICEMIN=0.768500, PREVLOTSIZE=0.000000, MARKETPRICETODAY=0.000000, BUYBACKPRICE=0.000000, MARKETPRICE2=0.000000, CLPRICE=0.000000, PREVSETTLEPRICE=0.000000, THEORPRICE=0.000000, plannedtime=184001.000000, MARKETPRICE=0.942500, WAPRICE=0.930500, ICHANGE=0.000000, OFFERDEPTH=10.000000, PRIMARYDIST=0.000000, LASTVALUE=0.000000, BGONP=0.000000, NEGVALTODAY=0.000000, STARTTIME=184001.000000, LOW=0.926500, BASEPRICE=0.000000, IOPEN=0.000000, LCURRENTPRICE=0.930000, MONSTARTTIME=0.000000, QUOTEBASIS=0.000000, BUYBACKDATE=0.000000, LCLOSEPRICE=0.000000, NEXTCOUPON=0.000000, MONENDTIME=0.000000, HIGHVAL=0.000000, ADMITTEDQUOTE=0.000000, OFFER=0.930000, YIELDATPREVWAPRICE=0.000000, VALTODAY=16930808.000000, SETTLEPRICE=0.000000, PCHANGE=0.000000, LOTSIZE=1000.000000, LOWOFFER=0.884000, ISPERCENT=0.000000, YIELD=0.000000, VOLTODAY=18200000.000000, endtime=0.000000, MAXOUTVOLUME=0.000000, OPEN=0.930500, CROSSRATE=0.000000, CURRENTVALUE=0.000000, NUMCONTRACTS=0.000000, PREVADMITTEDQUOT=0.935000, COUPONVALUE=0.000000, BIDDEPTH=9.000000, LASTBID=0.929500, DURATION=0.000000, LOWVAL=0.000000, imbalance=0.000000, HIGH=0.935000, YIELDATWAPRICE=0.000000, STEPPRICEPRCL=0.000000, OFFERDEPTHT=8084.000000, VALUE=56730.000000, marketvolb=0.000000, PERCENTRATE=0.000000, MIN_CURR_LAST_TI=184000.000000, auctvalue=8370.000000, EXPDATE=0.000000, LASTOFFER=0.930000, QTY=61.000000, COUPONPERIOD=0.000000, CHANGETIME=0.000000, CURSTEPPRICE=0.000000, marketvols=0.000000, SELLDEPO=0.000000, EVNSTARTTIME=0.000000, LOTSIZECHANGEDAT=0.000000, NUMTRADES=775.000000, CLOSEPRICE=0.000000, HIGHBID=0.980000, FACEVALUE=0.000000, PRICEMVTLIMITT1=0.000000, PRICEMVTLIMIT=0.000000, LOPENPRICE=0.000000, LAST=0.930000, BUYPROFIT=0.000000, SELLPROFIT=0.000000, VOLATILITY=0.000000, CLOSETIME=0.000000, PREVWAPRICE=0.942500, PREVLEGALCLOSEPR=0.935000, BUYDEPO=0.000000, TRADECHANGE=0.000000, LASTTOPREVSTLPRC=0.000000, BIDDEPTHT=14980.000000, auctvolume=9000.000000, PREVDATE=20191114.000000, ACCRUEDINT=0.000000, NUMOFFERS=128.000000, CHANGE=-0.005000, STRIKE=0.000000, EVNENDTIME=0.000000, BID=0.962000, auctnumtrades=0.000000, TRADINGSTATUS=4.000000, LASTCHANGE=-0.530000, CHNGCLOSE=0.000000, REALVMPRICE=0.000000, CLOSEYIELD=0.000000, TIME=183941.000000, MARG=0.000000, AUCTPRICE=0.930000, STEPPRICE=0.000000, NUMBIDS=305.000000, SETTLECODE=8.000000, OPENVAL=0.000000, OPTIONTYPE=0.000000, BGOP=0.000000, NEGNUMTRADES=0.000000, PRICEMINUSPREVWAPRICE=0.000000, CHNGOPEN=0.000000}
2019-11-15T18:40:35.205265 - ENRU[TQBR]
#   Total      Size       Bid       Ask      Size     Total
        0                                                 0 
        9         9      0.96      0.93       182       182
       10         1      0.93      0.93      1515      1697
      357       347      0.93      0.93      1063      2760
      380        23      0.93      0.93        25      2785
      409        29      0.93      0.93       500      3285
      423        14      0.93      0.93        99      3384
      487        64      0.93      0.93        35      3419
      675       188      0.93      0.93         1      3420
     1352       677      0.93      0.93       411      3831
     2246       894      0.93      0.94       416      4247
     2885       639      0.93      0.94         1      4248
     2886         1      0.92      0.94       126      4374
     2888         2      0.92      0.94       100      4474
     3147       259      0.92      0.94         1      4475
     3282       135      0.92      0.94         4      4479
     3283         1      0.92      0.94         1      4480
     3390       107      0.92      0.94        76      4556
     3651       261      0.92      0.94        10      4566
     3853       202      0.92      0.94         1      4567
     4375       522      0.92      0.94         7      4574
Calculation info: Price      0.94; Imbalance: -4565; Total bids: 9, Total asks: 4574; 
               Field               SERVER               TOP-20
    AuctionPrice,RUB                 0.93                0.94
       AuctionVolume                    9                   9
       LastPrice,RUB                 0.93                0.93
          MarketBids                    0                   0
          MarketAsks                    0                   0
         Imbalance,%                                -50722.22
        MarketBids:%                0.000               0.000
        MarketAsks:%                0.000               0.000
      TotalValue:RUB             8370.000            8478.000
  AuctionPriceDiff,%                0.000               1.290
{OPENPERIODPRICE=0.000000, CLSTATE=0.000000, PRICEMAX=1.099500, ENDTIME=0.000000, STEPPRICET=0.000000, PREVPRICE=0.935000, OPTIONBASE=0.000000, starttime=184001.000000, MIN_CURR_LAST=0.930000, ISSUESIZE=35371898370.000000, STEPPRICECL=0.000000, PRICEMIN=0.768500, PREVLOTSIZE=0.000000, MARKETPRICETODAY=0.000000, BUYBACKPRICE=0.000000, MARKETPRICE2=0.000000, CLPRICE=0.000000, PREVSETTLEPRICE=0.000000, THEORPRICE=0.000000, plannedtime=184001.000000, MARKETPRICE=0.942500, WAPRICE=0.930500, ICHANGE=0.000000, OFFERDEPTH=182.000000, PRIMARYDIST=0.000000, LASTVALUE=0.000000, BGONP=0.000000, NEGVALTODAY=0.000000, STARTTIME=184001.000000, LOW=0.926500, BASEPRICE=0.000000, IOPEN=0.000000, LCURRENTPRICE=0.930000, MONSTARTTIME=0.000000, QUOTEBASIS=0.000000, BUYBACKDATE=0.000000, LCLOSEPRICE=0.000000, NEXTCOUPON=0.000000, MONENDTIME=0.000000, HIGHVAL=0.000000, ADMITTEDQUOTE=0.000000, OFFER=0.930000, YIELDATPREVWAPRICE=0.000000, VALTODAY=16930808.000000, SETTLEPRICE=0.000000, PCHANGE=0.000000, LOTSIZE=1000.000000, LOWOFFER=0.884000, ISPERCENT=0.000000, YIELD=0.000000, VOLTODAY=18200000.000000, endtime=0.000000, MAXOUTVOLUME=0.000000, OPEN=0.930500, CROSSRATE=0.000000, CURRENTVALUE=0.000000, NUMCONTRACTS=0.000000, PREVADMITTEDQUOT=0.935000, COUPONVALUE=0.000000, BIDDEPTH=9.000000, LASTBID=0.929500, DURATION=0.000000, LOWVAL=0.000000, imbalance=0.000000, HIGH=0.935000, YIELDATWAPRICE=0.000000, STEPPRICEPRCL=0.000000, OFFERDEPTHT=8084.000000, VALUE=56730.000000, marketvolb=0.000000, PERCENTRATE=0.000000, MIN_CURR_LAST_TI=184000.000000, auctvalue=8370.000000, EXPDATE=0.000000, LASTOFFER=0.930000, QTY=61.000000, COUPONPERIOD=0.000000, CHANGETIME=0.000000, CURSTEPPRICE=0.000000, marketvols=0.000000, SELLDEPO=0.000000, EVNSTARTTIME=0.000000, LOTSIZECHANGEDAT=0.000000, NUMTRADES=775.000000, CLOSEPRICE=0.000000, HIGHBID=0.980000, FACEVALUE=0.000000, PRICEMVTLIMITT1=0.000000, PRICEMVTLIMIT=0.000000, LOPENPRICE=0.000000, LAST=0.930000, BUYPROFIT=0.000000, SELLPROFIT=0.000000, VOLATILITY=0.000000, CLOSETIME=0.000000, PREVWAPRICE=0.942500, PREVLEGALCLOSEPR=0.935000, BUYDEPO=0.000000, TRADECHANGE=0.000000, LASTTOPREVSTLPRC=0.000000, BIDDEPTHT=14980.000000, auctvolume=9000.000000, PREVDATE=20191114.000000, ACCRUEDINT=0.000000, NUMOFFERS=128.000000, CHANGE=-0.005000, STRIKE=0.000000, EVNENDTIME=0.000000, BID=0.962000, auctnumtrades=0.000000, TRADINGSTATUS=4.000000, LASTCHANGE=-0.530000, CHNGCLOSE=0.000000, REALVMPRICE=0.000000, CLOSEYIELD=0.000000, TIME=183941.000000, MARG=0.000000, AUCTPRICE=0.930000, STEPPRICE=0.000000, NUMBIDS=305.000000, SETTLECODE=8.000000, OPENVAL=0.000000, OPTIONTYPE=0.000000, BGOP=0.000000, NEGNUMTRADES=0.000000, PRICEMINUSPREVWAPRICE=0.000000, CHNGOPEN=0.000000}
2019-11-15T18:40:40.508693 - ENRU[TQBR]
#   Total      Size       Bid       Ask      Size     Total
        0                                                 0 
        9         9      0.96      0.93       172       172
       10         1      0.93      0.93      1515      1687
      357       347      0.93      0.93      1063      2750
      380        23      0.93      0.93        25      2775
      409        29      0.93      0.93       500      3275
      423        14      0.93      0.93        99      3374
      487        64      0.93      0.93        35      3409
      675       188      0.93      0.93         1      3410
     1352       677      0.93      0.93       411      3821
     2246       894      0.93      0.94       416      4237
     2885       639      0.93      0.94         1      4238
     2886         1      0.92      0.94       126      4364
     2888         2      0.92      0.94       100      4464
     3147       259      0.92      0.94         1      4465
     3282       135      0.92      0.94         4      4469
     3283         1      0.92      0.94         1      4470
     3390       107      0.92      0.94        76      4546
     3651       261      0.92      0.94        10      4556
     3853       202      0.92      0.94         1      4557
     4375       522      0.92      0.94         7      4564
Calculation info: Price      0.94; Imbalance: -4555; Total bids: 9, Total asks: 4564; 
               Field               SERVER               TOP-20
    AuctionPrice,RUB                 0.93                0.94
       AuctionVolume                    9                   9
       LastPrice,RUB                 0.93                0.93
          MarketBids                    0                   0
          MarketAsks                    0                   0
         Imbalance,%                                -50611.11
        MarketBids:%                0.000               0.000
        MarketAsks:%                0.000               0.000
      TotalValue:RUB             8370.000            8478.000
  AuctionPriceDiff,%                0.000               1.290
{OPENPERIODPRICE=0.000000, CLSTATE=0.000000, PRICEMAX=1.099500, ENDTIME=0.000000, STEPPRICET=0.000000, PREVPRICE=0.935000, OPTIONBASE=0.000000, starttime=184001.000000, MIN_CURR_LAST=0.930000, ISSUESIZE=35371898370.000000, STEPPRICECL=0.000000, PRICEMIN=0.768500, PREVLOTSIZE=0.000000, MARKETPRICETODAY=0.000000, BUYBACKPRICE=0.000000, MARKETPRICE2=0.000000, CLPRICE=0.000000, PREVSETTLEPRICE=0.000000, THEORPRICE=0.000000, plannedtime=184001.000000, MARKETPRICE=0.942500, WAPRICE=0.930500, ICHANGE=0.000000, OFFERDEPTH=172.000000, PRIMARYDIST=0.000000, LASTVALUE=0.000000, BGONP=0.000000, NEGVALTODAY=0.000000, STARTTIME=184001.000000, LOW=0.926500, BASEPRICE=0.000000, IOPEN=0.000000, LCURRENTPRICE=0.930000, MONSTARTTIME=0.000000, QUOTEBASIS=0.000000, BUYBACKDATE=0.000000, LCLOSEPRICE=0.000000, NEXTCOUPON=0.000000, MONENDTIME=0.000000, HIGHVAL=0.000000, ADMITTEDQUOTE=0.000000, OFFER=0.930000, YIELDATPREVWAPRICE=0.000000, VALTODAY=16930808.000000, SETTLEPRICE=0.000000, PCHANGE=0.000000, LOTSIZE=1000.000000, LOWOFFER=0.884000, ISPERCENT=0.000000, YIELD=0.000000, VOLTODAY=18200000.000000, endtime=0.000000, MAXOUTVOLUME=0.000000, OPEN=0.930500, CROSSRATE=0.000000, CURRENTVALUE=0.000000, NUMCONTRACTS=0.000000, PREVADMITTEDQUOT=0.935000, COUPONVALUE=0.000000, BIDDEPTH=9.000000, LASTBID=0.929500, DURATION=0.000000, LOWVAL=0.000000, imbalance=0.000000, HIGH=0.935000, YIELDATWAPRICE=0.000000, STEPPRICEPRCL=0.000000, OFFERDEPTHT=8256.000000, VALUE=56730.000000, marketvolb=0.000000, PERCENTRATE=0.000000, MIN_CURR_LAST_TI=184000.000000, auctvalue=8370.000000, EXPDATE=0.000000, LASTOFFER=0.930000, QTY=61.000000, COUPONPERIOD=0.000000, CHANGETIME=0.000000, CURSTEPPRICE=0.000000, marketvols=0.000000, SELLDEPO=0.000000, EVNSTARTTIME=0.000000, LOTSIZECHANGEDAT=0.000000, NUMTRADES=775.000000, CLOSEPRICE=0.000000, HIGHBID=0.980000, FACEVALUE=0.000000, PRICEMVTLIMITT1=0.000000, PRICEMVTLIMIT=0.000000, LOPENPRICE=0.000000, LAST=0.930000, BUYPROFIT=0.000000, SELLPROFIT=0.000000, VOLATILITY=0.000000, CLOSETIME=0.000000, PREVWAPRICE=0.942500, PREVLEGALCLOSEPR=0.935000, BUYDEPO=0.000000, TRADECHANGE=0.000000, LASTTOPREVSTLPRC=0.000000, BIDDEPTHT=14980.000000, auctvolume=9000.000000, PREVDATE=20191114.000000, ACCRUEDINT=0.000000, NUMOFFERS=129.000000, CHANGE=-0.005000, STRIKE=0.000000, EVNENDTIME=0.000000, BID=0.962000, auctnumtrades=0.000000, TRADINGSTATUS=4.000000, LASTCHANGE=-0.530000, CHNGCLOSE=0.000000, REALVMPRICE=0.000000, CLOSEYIELD=0.000000, TIME=183941.000000, MARG=0.000000, AUCTPRICE=0.930000, STEPPRICE=0.000000, NUMBIDS=305.000000, SETTLECODE=8.000000, OPENVAL=0.000000, OPTIONTYPE=0.000000, BGOP=0.000000, NEGNUMTRADES=0.000000, PRICEMINUSPREVWAPRICE=0.000000, CHNGOPEN=0.000000}
2019-11-15T18:41:30.681860 - ENRU[TQBR]
#   Total      Size       Bid       Ask      Size     Total
        0                                                 0 
        9         9      0.96      0.93       172       172
       10         1      0.93      0.93      1515      1687
      357       347      0.93      0.93      1063      2750
      380        23      0.93      0.93        25      2775
      409        29      0.93      0.93       500      3275
      423        14      0.93      0.93        99      3374
      487        64      0.93      0.93        35      3409
      675       188      0.93      0.93         1      3410
     1351       676      0.93      0.93       411      3821
     2245       894      0.93      0.94       416      4237
     2884       639      0.93      0.94         1      4238
     2885         1      0.92      0.94       126      4364
     2887         2      0.92      0.94       100      4464
     3146       259      0.92      0.94         1      4465
     3281       135      0.92      0.94         4      4469
     3282         1      0.92      0.94         1      4470
     3389       107      0.92      0.94        76      4546
     3650       261      0.92      0.94        10      4556
     3852       202      0.92      0.94         1      4557
     4374       522      0.92      0.94         7      4564
Calculation info: Price      0.94; Imbalance: -4555; Total bids: 9, Total asks: 4564; 
               Field               SERVER               TOP-20
    AuctionPrice,RUB                 0.93                0.94
       AuctionVolume                    9                   9
       LastPrice,RUB                 0.93                0.93
          MarketBids                    0                   0
          MarketAsks                    0                   0
         Imbalance,%                                -50611.11
        MarketBids:%                0.000               0.000
        MarketAsks:%                0.000               0.000
      TotalValue:RUB             8370.000            8478.000
  AuctionPriceDiff,%                0.000               1.290
{OPENPERIODPRICE=0.000000, CLSTATE=0.000000, PRICEMAX=1.099500, ENDTIME=0.000000, STEPPRICET=0.000000, PREVPRICE=0.935000, OPTIONBASE=0.000000, starttime=184001.000000, MIN_CURR_LAST=0.930000, ISSUESIZE=35371898370.000000, STEPPRICECL=0.000000, PRICEMIN=0.768500, PREVLOTSIZE=0.000000, MARKETPRICETODAY=0.000000, BUYBACKPRICE=0.000000, MARKETPRICE2=0.000000, CLPRICE=0.000000, PREVSETTLEPRICE=0.000000, THEORPRICE=0.000000, plannedtime=184001.000000, MARKETPRICE=0.942500, WAPRICE=0.930500, ICHANGE=0.000000, OFFERDEPTH=172.000000, PRIMARYDIST=0.000000, LASTVALUE=0.000000, BGONP=0.000000, NEGVALTODAY=0.000000, STARTTIME=184001.000000, LOW=0.926500, BASEPRICE=0.000000, IOPEN=0.000000, LCURRENTPRICE=0.930000, MONSTARTTIME=0.000000, QUOTEBASIS=0.000000, BUYBACKDATE=0.000000, LCLOSEPRICE=0.000000, NEXTCOUPON=0.000000, MONENDTIME=0.000000, HIGHVAL=0.000000, ADMITTEDQUOTE=0.000000, OFFER=0.930000, YIELDATPREVWAPRICE=0.000000, VALTODAY=16930808.000000, SETTLEPRICE=0.000000, PCHANGE=0.000000, LOTSIZE=1000.000000, LOWOFFER=0.884000, ISPERCENT=0.000000, YIELD=0.000000, VOLTODAY=18200000.000000, endtime=0.000000, MAXOUTVOLUME=0.000000, OPEN=0.930500, CROSSRATE=0.000000, CURRENTVALUE=0.000000, NUMCONTRACTS=0.000000, PREVADMITTEDQUOT=0.935000, COUPONVALUE=0.000000, BIDDEPTH=9.000000, LASTBID=0.929500, DURATION=0.000000, LOWVAL=0.000000, imbalance=0.000000, HIGH=0.935000, YIELDATWAPRICE=0.000000, STEPPRICEPRCL=0.000000, OFFERDEPTHT=8246.000000, VALUE=56730.000000, marketvolb=0.000000, PERCENTRATE=0.000000, MIN_CURR_LAST_TI=184000.000000, auctvalue=8370.000000, EXPDATE=0.000000, LASTOFFER=0.930000, QTY=61.000000, COUPONPERIOD=0.000000, CHANGETIME=0.000000, CURSTEPPRICE=0.000000, marketvols=0.000000, SELLDEPO=0.000000, EVNSTARTTIME=0.000000, LOTSIZECHANGEDAT=0.000000, NUMTRADES=775.000000, CLOSEPRICE=0.000000, HIGHBID=0.980000, FACEVALUE=0.000000, PRICEMVTLIMITT1=0.000000, PRICEMVTLIMIT=0.000000, LOPENPRICE=0.000000, LAST=0.930000, BUYPROFIT=0.000000, SELLPROFIT=0.000000, VOLATILITY=0.000000, CLOSETIME=0.000000, PREVWAPRICE=0.942500, PREVLEGALCLOSEPR=0.935000, BUYDEPO=0.000000, TRADECHANGE=0.000000, LASTTOPREVSTLPRC=0.000000, BIDDEPTHT=14980.000000, auctvolume=9000.000000, PREVDATE=20191114.000000, ACCRUEDINT=0.000000, NUMOFFERS=128.000000, CHANGE=-0.005000, STRIKE=0.000000, EVNENDTIME=0.000000, BID=0.962000, auctnumtrades=0.000000, TRADINGSTATUS=4.000000, LASTCHANGE=-0.530000, CHNGCLOSE=0.000000, REALVMPRICE=0.000000, CLOSEYIELD=0.000000, TIME=183941.000000, MARG=0.000000, AUCTPRICE=0.930000, STEPPRICE=0.000000, NUMBIDS=305.000000, SETTLECODE=8.000000, OPENVAL=0.000000, OPTIONTYPE=0.000000, BGOP=0.000000, NEGNUMTRADES=0.000000, PRICEMINUSPREVWAPRICE=0.000000, CHNGOPEN=0.000000}
2019-11-15T18:41:49.775550 - ENRU[TQBR]
#   Total      Size       Bid       Ask      Size     Total
        0                                                 0 
        9         9      0.96      0.93       172       172
       11         2      0.93      0.93      1515      1687
      358       347      0.93      0.93      1063      2750
      381        23      0.93      0.93        25      2775
      410        29      0.93      0.93       500      3275
      424        14      0.93      0.93        99      3374
      488        64      0.93      0.93        35      3409
      676       188      0.93      0.93         1      3410
     1352       676      0.93      0.93       411      3821
     2246       894      0.93      0.94       416      4237
     2885       639      0.93      0.94         1      4238
     2886         1      0.92      0.94       126      4364
     2888         2      0.92      0.94       100      4464
     3147       259      0.92      0.94         1      4465
     3282       135      0.92      0.94         4      4469
     3283         1      0.92      0.94         1      4470
     3390       107      0.92      0.94        76      4546
     3651       261      0.92      0.94        10      4556
     3853       202      0.92      0.94         1      4557
     4375       522      0.92      0.94         7      4564
Calculation info: Price      0.94; Imbalance: -4555; Total bids: 9, Total asks: 4564; 
               Field               SERVER               TOP-20
    AuctionPrice,RUB                 0.93                0.94
       AuctionVolume                    9                   9
       LastPrice,RUB                 0.93                0.93
          MarketBids                    0                   0
          MarketAsks                    0                   0
         Imbalance,%                                -50611.11
        MarketBids:%                0.000               0.000
        MarketAsks:%                0.000               0.000
      TotalValue:RUB             8370.000            8478.000
  AuctionPriceDiff,%                0.000               1.290
{OPENPERIODPRICE=0.000000, CLSTATE=0.000000, PRICEMAX=1.099500, ENDTIME=0.000000, STEPPRICET=0.000000, PREVPRICE=0.935000, OPTIONBASE=0.000000, starttime=184001.000000, MIN_CURR_LAST=0.930000, ISSUESIZE=35371898370.000000, STEPPRICECL=0.000000, PRICEMIN=0.768500, PREVLOTSIZE=0.000000, MARKETPRICETODAY=0.000000, BUYBACKPRICE=0.000000, MARKETPRICE2=0.000000, CLPRICE=0.000000, PREVSETTLEPRICE=0.000000, THEORPRICE=0.000000, plannedtime=184001.000000, MARKETPRICE=0.942500, WAPRICE=0.930500, ICHANGE=0.000000, OFFERDEPTH=172.000000, PRIMARYDIST=0.000000, LASTVALUE=0.000000, BGONP=0.000000, NEGVALTODAY=0.000000, STARTTIME=184001.000000, LOW=0.926500, BASEPRICE=0.000000, IOPEN=0.000000, LCURRENTPRICE=0.930000, MONSTARTTIME=0.000000, QUOTEBASIS=0.000000, BUYBACKDATE=0.000000, LCLOSEPRICE=0.000000, NEXTCOUPON=0.000000, MONENDTIME=0.000000, HIGHVAL=0.000000, ADMITTEDQUOTE=0.000000, OFFER=0.930000, YIELDATPREVWAPRICE=0.000000, VALTODAY=16930808.000000, SETTLEPRICE=0.000000, PCHANGE=0.000000, LOTSIZE=1000.000000, LOWOFFER=0.884000, ISPERCENT=0.000000, YIELD=0.000000, VOLTODAY=18200000.000000, endtime=0.000000, MAXOUTVOLUME=0.000000, OPEN=0.930500, CROSSRATE=0.000000, CURRENTVALUE=0.000000, NUMCONTRACTS=0.000000, PREVADMITTEDQUOT=0.935000, COUPONVALUE=0.000000, BIDDEPTH=9.000000, LASTBID=0.929500, DURATION=0.000000, LOWVAL=0.000000, imbalance=0.000000, HIGH=0.935000, YIELDATWAPRICE=0.000000, STEPPRICEPRCL=0.000000, OFFERDEPTHT=8246.000000, VALUE=56730.000000, marketvolb=0.000000, PERCENTRATE=0.000000, MIN_CURR_LAST_TI=184000.000000, auctvalue=8370.000000, EXPDATE=0.000000, LASTOFFER=0.930000, QTY=61.000000, COUPONPERIOD=0.000000, CHANGETIME=0.000000, CURSTEPPRICE=0.000000, marketvols=0.000000, SELLDEPO=0.000000, EVNSTARTTIME=0.000000, LOTSIZECHANGEDAT=0.000000, NUMTRADES=775.000000, CLOSEPRICE=0.000000, HIGHBID=0.980000, FACEVALUE=0.000000, PRICEMVTLIMITT1=0.000000, PRICEMVTLIMIT=0.000000, LOPENPRICE=0.000000, LAST=0.930000, BUYPROFIT=0.000000, SELLPROFIT=0.000000, VOLATILITY=0.000000, CLOSETIME=0.000000, PREVWAPRICE=0.942500, PREVLEGALCLOSEPR=0.935000, BUYDEPO=0.000000, TRADECHANGE=0.000000, LASTTOPREVSTLPRC=0.000000, BIDDEPTHT=14949.000000, auctvolume=9000.000000, PREVDATE=20191114.000000, ACCRUEDINT=0.000000, NUMOFFERS=128.000000, CHANGE=-0.005000, STRIKE=0.000000, EVNENDTIME=0.000000, BID=0.962000, auctnumtrades=0.000000, TRADINGSTATUS=4.000000, LASTCHANGE=-0.530000, CHNGCLOSE=0.000000, REALVMPRICE=0.000000, CLOSEYIELD=0.000000, TIME=183941.000000, MARG=0.000000, AUCTPRICE=0.930000, STEPPRICE=0.000000, NUMBIDS=303.000000, SETTLECODE=8.000000, OPENVAL=0.000000, OPTIONTYPE=0.000000, BGOP=0.000000, NEGNUMTRADES=0.000000, PRICEMINUSPREVWAPRICE=0.000000, CHNGOPEN=0.000000}
2019-11-15T18:42:15.759838 - ENRU[TQBR]
#   Total      Size       Bid       Ask      Size     Total
        0                                                 0 
        9         9      0.96      0.93       172       172
       11         2      0.93      0.93      1515      1687
      358       347      0.93      0.93      1063      2750
      381        23      0.93      0.93        25      2775
      410        29      0.93      0.93       500      3275
      424        14      0.93      0.93        99      3374
      488        64      0.93      0.93        35      3409
      676       188      0.93      0.93         1      3410
     1350       674      0.93      0.93       411      3821
     2244       894      0.93      0.94       416      4237
     2883       639      0.93      0.94         1      4238
     2884         1      0.92      0.94       126      4364
     2886         2      0.92      0.94       100      4464
     3145       259      0.92      0.94         1      4465
     3280       135      0.92      0.94         4      4469
     3281         1      0.92      0.94         1      4470
     3388       107      0.92      0.94        76      4546
     3649       261      0.92      0.94        10      4556
     3851       202      0.92      0.94         1      4557
     4373       522      0.92      0.94         7      4564
Calculation info: Price      0.94; Imbalance: -4555; Total bids: 9, Total asks: 4564; 
               Field               SERVER               TOP-20
    AuctionPrice,RUB                 0.93                0.94
       AuctionVolume                    9                   9
       LastPrice,RUB                 0.93                0.93
          MarketBids                    0                   0
          MarketAsks                    0                   0
         Imbalance,%                                -50611.11
        MarketBids:%                0.000               0.000
        MarketAsks:%                0.000               0.000
      TotalValue:RUB             8370.000            8478.000
  AuctionPriceDiff,%                0.000               1.290
{OPENPERIODPRICE=0.000000, CLSTATE=0.000000, PRICEMAX=1.099500, ENDTIME=0.000000, STEPPRICET=0.000000, PREVPRICE=0.935000, OPTIONBASE=0.000000, starttime=184001.000000, MIN_CURR_LAST=0.930000, ISSUESIZE=35371898370.000000, STEPPRICECL=0.000000, PRICEMIN=0.768500, PREVLOTSIZE=0.000000, MARKETPRICETODAY=0.000000, BUYBACKPRICE=0.000000, MARKETPRICE2=0.000000, CLPRICE=0.000000, PREVSETTLEPRICE=0.000000, THEORPRICE=0.000000, plannedtime=184001.000000, MARKETPRICE=0.942500, WAPRICE=0.930500, ICHANGE=0.000000, OFFERDEPTH=172.000000, PRIMARYDIST=0.000000, LASTVALUE=0.000000, BGONP=0.000000, NEGVALTODAY=0.000000, STARTTIME=184001.000000, LOW=0.926500, BASEPRICE=0.000000, IOPEN=0.000000, LCURRENTPRICE=0.930000, MONSTARTTIME=0.000000, QUOTEBASIS=0.000000, BUYBACKDATE=0.000000, LCLOSEPRICE=0.000000, NEXTCOUPON=0.000000, MONENDTIME=0.000000, HIGHVAL=0.000000, ADMITTEDQUOTE=0.000000, OFFER=0.930000, YIELDATPREVWAPRICE=0.000000, VALTODAY=16930808.000000, SETTLEPRICE=0.000000, PCHANGE=0.000000, LOTSIZE=1000.000000, LOWOFFER=0.884000, ISPERCENT=0.000000, YIELD=0.000000, VOLTODAY=18200000.000000, endtime=0.000000, MAXOUTVOLUME=0.000000, OPEN=0.930500, CROSSRATE=0.000000, CURRENTVALUE=0.000000, NUMCONTRACTS=0.000000, PREVADMITTEDQUOT=0.935000, COUPONVALUE=0.000000, BIDDEPTH=9.000000, LASTBID=0.929500, DURATION=0.000000, LOWVAL=0.000000, imbalance=0.000000, HIGH=0.935000, YIELDATWAPRICE=0.000000, STEPPRICEPRCL=0.000000, OFFERDEPTHT=8249.000000, VALUE=56730.000000, marketvolb=0.000000, PERCENTRATE=0.000000, MIN_CURR_LAST_TI=184000.000000, auctvalue=8370.000000, EXPDATE=0.000000, LASTOFFER=0.930000, QTY=61.000000, COUPONPERIOD=0.000000, CHANGETIME=0.000000, CURSTEPPRICE=0.000000, marketvols=0.000000, SELLDEPO=0.000000, EVNSTARTTIME=0.000000, LOTSIZECHANGEDAT=0.000000, NUMTRADES=775.000000, CLOSEPRICE=0.000000, HIGHBID=0.980000, FACEVALUE=0.000000, PRICEMVTLIMITT1=0.000000, PRICEMVTLIMIT=0.000000, LOPENPRICE=0.000000, LAST=0.930000, BUYPROFIT=0.000000, SELLPROFIT=0.000000, VOLATILITY=0.000000, CLOSETIME=0.000000, PREVWAPRICE=0.942500, PREVLEGALCLOSEPR=0.935000, BUYDEPO=0.000000, TRADECHANGE=0.000000, LASTTOPREVSTLPRC=0.000000, BIDDEPTHT=14950.000000, auctvolume=9000.000000, PREVDATE=20191114.000000, ACCRUEDINT=0.000000, NUMOFFERS=129.000000, CHANGE=-0.005000, STRIKE=0.000000, EVNENDTIME=0.000000, BID=0.962000, auctnumtrades=0.000000, TRADINGSTATUS=4.000000, LASTCHANGE=-0.530000, CHNGCLOSE=0.000000, REALVMPRICE=0.000000, CLOSEYIELD=0.000000, TIME=183941.000000, MARG=0.000000, AUCTPRICE=0.930000, STEPPRICE=0.000000, NUMBIDS=304.000000, SETTLECODE=8.000000, OPENVAL=0.000000, OPTIONTYPE=0.000000, BGOP=0.000000, NEGNUMTRADES=0.000000, PRICEMINUSPREVWAPRICE=0.000000, CHNGOPEN=0.000000}
2019-11-15T18:42:51.140191 - ENRU[TQBR]
#   Total      Size       Bid       Ask      Size     Total
        0                                                 0 
        9         9      0.96      0.93       172       172
      109       100      0.93      0.93      1515      1687
      111         2      0.93      0.93      1063      2750
      458       347      0.93      0.93        25      2775
      481        23      0.93      0.93       500      3275
      510        29      0.93      0.93        99      3374
      524        14      0.93      0.93        35      3409
      588        64      0.93      0.93         1      3410
      776       188      0.93      0.93       411      3821
     1450       674      0.93      0.94       416      4237
     2344       894      0.93      0.94         1      4238
     2983       639      0.93      0.94       126      4364
     2984         1      0.92      0.94       100      4464
     2986         2      0.92      0.94         1      4465
     3245       259      0.92      0.94         4      4469
     3380       135      0.92      0.94         1      4470
     3381         1      0.92      0.94        76      4546
     3488       107      0.92      0.94        10      4556
     3749       261      0.92      0.94         1      4557
     3951       202      0.92      0.94         7      4564
Calculation info: Price      0.93; Imbalance: -1578; Total bids: 109, Total asks: 1687; 
               Field               SERVER               TOP-20
    AuctionPrice,RUB                 0.93                0.93
       AuctionVolume                    9                 109
       LastPrice,RUB                 0.93                0.93
          MarketBids                    0                   0
          MarketAsks                    0                   0
         Imbalance,%                                 -1447.71
        MarketBids:%                0.000               0.000
        MarketAsks:%                0.000               0.000
      TotalValue:RUB             8370.000          101370.000
  AuctionPriceDiff,%                0.000               0.000
Matched calculation!
{OPENPERIODPRICE=0.000000, CLSTATE=0.000000, PRICEMAX=1.099500, ENDTIME=0.000000, STEPPRICET=0.000000, PREVPRICE=0.935000, OPTIONBASE=0.000000, starttime=184001.000000, MIN_CURR_LAST=0.930000, ISSUESIZE=35371898370.000000, STEPPRICECL=0.000000, PRICEMIN=0.768500, PREVLOTSIZE=0.000000, MARKETPRICETODAY=0.000000, BUYBACKPRICE=0.000000, MARKETPRICE2=0.000000, CLPRICE=0.000000, PREVSETTLEPRICE=0.000000, THEORPRICE=0.000000, plannedtime=184001.000000, MARKETPRICE=0.942500, WAPRICE=0.930500, ICHANGE=0.000000, OFFERDEPTH=172.000000, PRIMARYDIST=0.000000, LASTVALUE=0.000000, BGONP=0.000000, NEGVALTODAY=0.000000, STARTTIME=184001.000000, LOW=0.926500, BASEPRICE=0.000000, IOPEN=0.000000, LCURRENTPRICE=0.930000, MONSTARTTIME=0.000000, QUOTEBASIS=0.000000, BUYBACKDATE=0.000000, LCLOSEPRICE=0.000000, NEXTCOUPON=0.000000, MONENDTIME=0.000000, HIGHVAL=0.000000, ADMITTEDQUOTE=0.000000, OFFER=0.930000, YIELDATPREVWAPRICE=0.000000, VALTODAY=16930808.000000, SETTLEPRICE=0.000000, PCHANGE=0.000000, LOTSIZE=1000.000000, LOWOFFER=0.884000, ISPERCENT=0.000000, YIELD=0.000000, VOLTODAY=18200000.000000, endtime=0.000000, MAXOUTVOLUME=0.000000, OPEN=0.930500, CROSSRATE=0.000000, CURRENTVALUE=0.000000, NUMCONTRACTS=0.000000, PREVADMITTEDQUOT=0.935000, COUPONVALUE=0.000000, BIDDEPTH=9.000000, LASTBID=0.929500, DURATION=0.000000, LOWVAL=0.000000, imbalance=0.000000, HIGH=0.935000, YIELDATWAPRICE=0.000000, STEPPRICEPRCL=0.000000, OFFERDEPTHT=8249.000000, VALUE=56730.000000, marketvolb=0.000000, PERCENTRATE=0.000000, MIN_CURR_LAST_TI=184000.000000, auctvalue=8370.000000, EXPDATE=0.000000, LASTOFFER=0.930000, QTY=61.000000, COUPONPERIOD=0.000000, CHANGETIME=0.000000, CURSTEPPRICE=0.000000, marketvols=0.000000, SELLDEPO=0.000000, EVNSTARTTIME=0.000000, LOTSIZECHANGEDAT=0.000000, NUMTRADES=775.000000, CLOSEPRICE=0.000000, HIGHBID=0.980000, FACEVALUE=0.000000, PRICEMVTLIMITT1=0.000000, PRICEMVTLIMIT=0.000000, LOPENPRICE=0.000000, LAST=0.930000, BUYPROFIT=0.000000, SELLPROFIT=0.000000, VOLATILITY=0.000000, CLOSETIME=0.000000, PREVWAPRICE=0.942500, PREVLEGALCLOSEPR=0.935000, BUYDEPO=0.000000, TRADECHANGE=0.000000, LASTTOPREVSTLPRC=0.000000, BIDDEPTHT=14948.000000, auctvolume=109000.000000, PREVDATE=20191114.000000, ACCRUEDINT=0.000000, NUMOFFERS=129.000000, CHANGE=-0.005000, STRIKE=0.000000, EVNENDTIME=0.000000, BID=0.962000, auctnumtrades=0.000000, TRADINGSTATUS=4.000000, LASTCHANGE=-0.530000, CHNGCLOSE=0.000000, REALVMPRICE=0.000000, CLOSEYIELD=0.000000, TIME=183941.000000, MARG=0.000000, AUCTPRICE=0.930000, STEPPRICE=0.000000, NUMBIDS=303.000000, SETTLECODE=8.000000, OPENVAL=0.000000, OPTIONTYPE=0.000000, BGOP=0.000000, NEGNUMTRADES=0.000000, PRICEMINUSPREVWAPRICE=0.000000, CHNGOPEN=0.000000}
2019-11-15T18:43:42.906478 - ENRU[TQBR]
#   Total      Size       Bid       Ask      Size     Total
        0                                                 0 
        9         9      0.96      0.93       172       172
       11         2      0.93      0.93      1515      1687
      358       347      0.93      0.93      1063      2750
      381        23      0.93      0.93        25      2775
      410        29      0.93      0.93       500      3275
      424        14      0.93      0.93        99      3374
      488        64      0.93      0.93        35      3409
      676       188      0.93      0.93         1      3410
     1350       674      0.93      0.93       411      3821
     2244       894      0.93      0.94       416      4237
     2883       639      0.93      0.94         1      4238
     2884         1      0.92      0.94       126      4364
     2886         2      0.92      0.94       100      4464
     3145       259      0.92      0.94         1      4465
     3280       135      0.92      0.94         4      4469
     3281         1      0.92      0.94         1      4470
     3388       107      0.92      0.94        76      4546
     3649       261      0.92      0.94        10      4556
     3851       202      0.92      0.94         1      4557
     4373       522      0.92      0.94         7      4564
Calculation info: Price      0.94; Imbalance: -4555; Total bids: 9, Total asks: 4564; 
               Field               SERVER               TOP-20
    AuctionPrice,RUB                 0.93                0.94
       AuctionVolume                    9                   9
       LastPrice,RUB                 0.93                0.93
          MarketBids                    0                   0
          MarketAsks                    0                   0
         Imbalance,%                                -50611.11
        MarketBids:%                0.000               0.000
        MarketAsks:%                0.000               0.000
      TotalValue:RUB             8370.000            8478.000
  AuctionPriceDiff,%                0.000               1.290
{OPENPERIODPRICE=0.000000, CLSTATE=0.000000, PRICEMAX=1.099500, ENDTIME=0.000000, STEPPRICET=0.000000, PREVPRICE=0.935000, OPTIONBASE=0.000000, starttime=184001.000000, MIN_CURR_LAST=0.930000, ISSUESIZE=35371898370.000000, STEPPRICECL=0.000000, PRICEMIN=0.768500, PREVLOTSIZE=0.000000, MARKETPRICETODAY=0.000000, BUYBACKPRICE=0.000000, MARKETPRICE2=0.000000, CLPRICE=0.000000, PREVSETTLEPRICE=0.000000, THEORPRICE=0.000000, plannedtime=184001.000000, MARKETPRICE=0.942500, WAPRICE=0.930500, ICHANGE=0.000000, OFFERDEPTH=172.000000, PRIMARYDIST=0.000000, LASTVALUE=0.000000, BGONP=0.000000, NEGVALTODAY=0.000000, STARTTIME=184001.000000, LOW=0.926500, BASEPRICE=0.000000, IOPEN=0.000000, LCURRENTPRICE=0.930000, MONSTARTTIME=0.000000, QUOTEBASIS=0.000000, BUYBACKDATE=0.000000, LCLOSEPRICE=0.000000, NEXTCOUPON=0.000000, MONENDTIME=0.000000, HIGHVAL=0.000000, ADMITTEDQUOTE=0.000000, OFFER=0.930000, YIELDATPREVWAPRICE=0.000000, VALTODAY=16930808.000000, SETTLEPRICE=0.000000, PCHANGE=0.000000, LOTSIZE=1000.000000, LOWOFFER=0.884000, ISPERCENT=0.000000, YIELD=0.000000, VOLTODAY=18200000.000000, endtime=0.000000, MAXOUTVOLUME=0.000000, OPEN=0.930500, CROSSRATE=0.000000, CURRENTVALUE=0.000000, NUMCONTRACTS=0.000000, PREVADMITTEDQUOT=0.935000, COUPONVALUE=0.000000, BIDDEPTH=9.000000, LASTBID=0.929500, DURATION=0.000000, LOWVAL=0.000000, imbalance=0.000000, HIGH=0.935000, YIELDATWAPRICE=0.000000, STEPPRICEPRCL=0.000000, OFFERDEPTHT=8272.000000, VALUE=56730.000000, marketvolb=0.000000, PERCENTRATE=0.000000, MIN_CURR_LAST_TI=184000.000000, auctvalue=8370.000000, EXPDATE=0.000000, LASTOFFER=0.930000, QTY=61.000000, COUPONPERIOD=0.000000, CHANGETIME=0.000000, CURSTEPPRICE=0.000000, marketvols=0.000000, SELLDEPO=0.000000, EVNSTARTTIME=0.000000, LOTSIZECHANGEDAT=0.000000, NUMTRADES=775.000000, CLOSEPRICE=0.000000, HIGHBID=0.980000, FACEVALUE=0.000000, PRICEMVTLIMITT1=0.000000, PRICEMVTLIMIT=0.000000, LOPENPRICE=0.000000, LAST=0.930000, BUYPROFIT=0.000000, SELLPROFIT=0.000000, VOLATILITY=0.000000, CLOSETIME=0.000000, PREVWAPRICE=0.942500, PREVLEGALCLOSEPR=0.935000, BUYDEPO=0.000000, TRADECHANGE=0.000000, LASTTOPREVSTLPRC=0.000000, BIDDEPTHT=15048.000000, auctvolume=9000.000000, PREVDATE=20191114.000000, ACCRUEDINT=0.000000, NUMOFFERS=130.000000, CHANGE=-0.005000, STRIKE=0.000000, EVNENDTIME=0.000000, BID=0.962000, auctnumtrades=0.000000, TRADINGSTATUS=4.000000, LASTCHANGE=-0.530000, CHNGCLOSE=0.000000, REALVMPRICE=0.000000, CLOSEYIELD=0.000000, TIME=183941.000000, MARG=0.000000, AUCTPRICE=0.930000, STEPPRICE=0.000000, NUMBIDS=304.000000, SETTLECODE=8.000000, OPENVAL=0.000000, OPTIONTYPE=0.000000, BGOP=0.000000, NEGNUMTRADES=0.000000, PRICEMINUSPREVWAPRICE=0.000000, CHNGOPEN=0.000000}
2019-11-15T18:43:46.066512 - ENRU[TQBR]
#   Total      Size       Bid       Ask      Size     Total
        0                                                 0 
        9         9      0.96      0.93       172       172
       10         1      0.93      0.93      1515      1687
       12         2      0.93      0.93      1063      2750
      359       347      0.93      0.93        25      2775
      382        23      0.93      0.93       500      3275
      411        29      0.93      0.93        99      3374
      425        14      0.93      0.93        35      3409
      489        64      0.93      0.93         1      3410
      677       188      0.93      0.93       411      3821
     1351       674      0.93      0.94       416      4237
     2245       894      0.93      0.94         1      4238
     2884       639      0.93      0.94       126      4364
     2885         1      0.92      0.94       100      4464
     2887         2      0.92      0.94         1      4465
     3146       259      0.92      0.94         4      4469
     3281       135      0.92      0.94         1      4470
     3282         1      0.92      0.94        76      4546
     3389       107      0.92      0.94        10      4556
     3650       261      0.92      0.94         1      4557
     3852       202      0.92      0.94         7      4564
Calculation info: Price      0.93; Imbalance: -1677; Total bids: 10, Total asks: 1687; 
               Field               SERVER               TOP-20
    AuctionPrice,RUB                 0.93                0.93
       AuctionVolume                   10                  10
       LastPrice,RUB                 0.93                0.93
          MarketBids                    0                   0
          MarketAsks                    0                   0
         Imbalance,%                                -16770.00
        MarketBids:%                0.000               0.000
        MarketAsks:%                0.000               0.000
      TotalValue:RUB             9300.000            9300.000
  AuctionPriceDiff,%                0.000               0.000
Matched calculation!
{OPENPERIODPRICE=0.000000, CLSTATE=0.000000, PRICEMAX=1.099500, ENDTIME=0.000000, STEPPRICET=0.000000, PREVPRICE=0.935000, OPTIONBASE=0.000000, starttime=184001.000000, MIN_CURR_LAST=0.930000, ISSUESIZE=35371898370.000000, STEPPRICECL=0.000000, PRICEMIN=0.768500, PREVLOTSIZE=0.000000, MARKETPRICETODAY=0.000000, BUYBACKPRICE=0.000000, MARKETPRICE2=0.000000, CLPRICE=0.000000, PREVSETTLEPRICE=0.000000, THEORPRICE=0.000000, plannedtime=184001.000000, MARKETPRICE=0.942500, WAPRICE=0.930500, ICHANGE=0.000000, OFFERDEPTH=172.000000, PRIMARYDIST=0.000000, LASTVALUE=0.000000, BGONP=0.000000, NEGVALTODAY=0.000000, STARTTIME=184001.000000, LOW=0.926500, BASEPRICE=0.000000, IOPEN=0.000000, LCURRENTPRICE=0.930000, MONSTARTTIME=0.000000, QUOTEBASIS=0.000000, BUYBACKDATE=0.000000, LCLOSEPRICE=0.000000, NEXTCOUPON=0.000000, MONENDTIME=0.000000, HIGHVAL=0.000000, ADMITTEDQUOTE=0.000000, OFFER=0.930000, YIELDATPREVWAPRICE=0.000000, VALTODAY=16930808.000000, SETTLEPRICE=0.000000, PCHANGE=0.000000, LOTSIZE=1000.000000, LOWOFFER=0.884000, ISPERCENT=0.000000, YIELD=0.000000, VOLTODAY=18200000.000000, endtime=0.000000, MAXOUTVOLUME=0.000000, OPEN=0.930500, CROSSRATE=0.000000, CURRENTVALUE=0.000000, NUMCONTRACTS=0.000000, PREVADMITTEDQUOT=0.935000, COUPONVALUE=0.000000, BIDDEPTH=9.000000, LASTBID=0.929500, DURATION=0.000000, LOWVAL=0.000000, imbalance=0.000000, HIGH=0.935000, YIELDATWAPRICE=0.000000, STEPPRICEPRCL=0.000000, OFFERDEPTHT=8272.000000, VALUE=56730.000000, marketvolb=0.000000, PERCENTRATE=0.000000, MIN_CURR_LAST_TI=184000.000000, auctvalue=9300.000000, EXPDATE=0.000000, LASTOFFER=0.930000, QTY=61.000000, COUPONPERIOD=0.000000, CHANGETIME=0.000000, CURSTEPPRICE=0.000000, marketvols=0.000000, SELLDEPO=0.000000, EVNSTARTTIME=0.000000, LOTSIZECHANGEDAT=0.000000, NUMTRADES=775.000000, CLOSEPRICE=0.000000, HIGHBID=0.980000, FACEVALUE=0.000000, PRICEMVTLIMITT1=0.000000, PRICEMVTLIMIT=0.000000, LOPENPRICE=0.000000, LAST=0.930000, BUYPROFIT=0.000000, SELLPROFIT=0.000000, VOLATILITY=0.000000, CLOSETIME=0.000000, PREVWAPRICE=0.942500, PREVLEGALCLOSEPR=0.935000, BUYDEPO=0.000000, TRADECHANGE=0.000000, LASTTOPREVSTLPRC=0.000000, BIDDEPTHT=14948.000000, auctvolume=10000.000000, PREVDATE=20191114.000000, ACCRUEDINT=0.000000, NUMOFFERS=130.000000, CHANGE=-0.005000, STRIKE=0.000000, EVNENDTIME=0.000000, BID=0.962000, auctnumtrades=0.000000, TRADINGSTATUS=4.000000, LASTCHANGE=-0.530000, CHNGCLOSE=0.000000, REALVMPRICE=0.000000, CLOSEYIELD=0.000000, TIME=183941.000000, MARG=0.000000, AUCTPRICE=0.930000, STEPPRICE=0.000000, NUMBIDS=303.000000, SETTLECODE=8.000000, OPENVAL=0.000000, OPTIONTYPE=0.000000, BGOP=0.000000, NEGNUMTRADES=0.000000, PRICEMINUSPREVWAPRICE=0.000000, CHNGOPEN=0.000000}
2019-11-15T18:44:13.948885 - ENRU[TQBR]
#   Total      Size       Bid       Ask      Size     Total
        1                                                 0 
       10         9      0.96      0.93       172       173
       11         1      0.93      0.93      1515      1688
       13         2      0.93      0.93      1063      2751
      355       342      0.93      0.93        25      2776
      378        23      0.93      0.93       500      3276
      407        29      0.93      0.93        99      3375
      421        14      0.93      0.93        35      3410
      485        64      0.93      0.93         1      3411
      673       188      0.93      0.93       411      3822
     1347       674      0.93      0.94       416      4238
     2241       894      0.93      0.94         1      4239
     2880       639      0.93      0.94       126      4365
     2881         1      0.92      0.94       100      4465
     2883         2      0.92      0.94         1      4466
     3142       259      0.92      0.94         4      4470
     3277       135      0.92      0.94         1      4471
     3278         1      0.92      0.94        76      4547
     3385       107      0.92      0.94        10      4557
     3646       261      0.92      0.94         1      4558
     3848       202      0.92      0.94         7      4565
Calculation info: Price      0.93; Imbalance: -1677; Total bids: 11, Total asks: 1688; 
               Field               SERVER               TOP-20
    AuctionPrice,RUB                 0.93                0.93
       AuctionVolume                   11                  11
       LastPrice,RUB                 0.93                0.93
          MarketBids                    1                   1
          MarketAsks                    0                   0
         Imbalance,%                                -15245.45
        MarketBids:%                9.091               9.091
        MarketAsks:%                0.000               0.000
      TotalValue:RUB            10230.000           10230.000
  AuctionPriceDiff,%                0.000               0.000
Matched calculation!
{OPENPERIODPRICE=0.000000, CLSTATE=0.000000, PRICEMAX=1.099500, ENDTIME=0.000000, STEPPRICET=0.000000, PREVPRICE=0.935000, OPTIONBASE=0.000000, starttime=184001.000000, MIN_CURR_LAST=0.930000, ISSUESIZE=35371898370.000000, STEPPRICECL=0.000000, PRICEMIN=0.768500, PREVLOTSIZE=0.000000, MARKETPRICETODAY=0.000000, BUYBACKPRICE=0.000000, MARKETPRICE2=0.000000, CLPRICE=0.000000, PREVSETTLEPRICE=0.000000, THEORPRICE=0.000000, plannedtime=184001.000000, MARKETPRICE=0.942500, WAPRICE=0.930500, ICHANGE=0.000000, OFFERDEPTH=172.000000, PRIMARYDIST=0.000000, LASTVALUE=0.000000, BGONP=0.000000, NEGVALTODAY=0.000000, STARTTIME=184001.000000, LOW=0.926500, BASEPRICE=0.000000, IOPEN=0.000000, LCURRENTPRICE=0.930000, MONSTARTTIME=0.000000, QUOTEBASIS=0.000000, BUYBACKDATE=0.000000, LCLOSEPRICE=0.000000, NEXTCOUPON=0.000000, MONENDTIME=0.000000, HIGHVAL=0.000000, ADMITTEDQUOTE=0.000000, OFFER=0.930000, YIELDATPREVWAPRICE=0.000000, VALTODAY=16930808.000000, SETTLEPRICE=0.000000, PCHANGE=0.000000, LOTSIZE=1000.000000, LOWOFFER=0.884000, ISPERCENT=0.000000, YIELD=0.000000, VOLTODAY=18200000.000000, endtime=0.000000, MAXOUTVOLUME=0.000000, OPEN=0.930500, CROSSRATE=0.000000, CURRENTVALUE=0.000000, NUMCONTRACTS=0.000000, PREVADMITTEDQUOT=0.935000, COUPONVALUE=0.000000, BIDDEPTH=10.000000, LASTBID=0.929500, DURATION=0.000000, LOWVAL=0.000000, imbalance=0.000000, HIGH=0.935000, YIELDATWAPRICE=0.000000, STEPPRICEPRCL=0.000000, OFFERDEPTHT=8272.000000, VALUE=56730.000000, marketvolb=1000.000000, PERCENTRATE=0.000000, MIN_CURR_LAST_TI=184000.000000, auctvalue=10230.000000, EXPDATE=0.000000, LASTOFFER=0.930000, QTY=61.000000, COUPONPERIOD=0.000000, CHANGETIME=0.000000, CURSTEPPRICE=0.000000, marketvols=0.000000, SELLDEPO=0.000000, EVNSTARTTIME=0.000000, LOTSIZECHANGEDAT=0.000000, NUMTRADES=775.000000, CLOSEPRICE=0.000000, HIGHBID=0.980000, FACEVALUE=0.000000, PRICEMVTLIMITT1=0.000000, PRICEMVTLIMIT=0.000000, LOPENPRICE=0.000000, LAST=0.930000, BUYPROFIT=0.000000, SELLPROFIT=0.000000, VOLATILITY=0.000000, CLOSETIME=0.000000, PREVWAPRICE=0.942500, PREVLEGALCLOSEPR=0.935000, BUYDEPO=0.000000, TRADECHANGE=0.000000, LASTTOPREVSTLPRC=0.000000, BIDDEPTHT=14950.000000, auctvolume=11000.000000, PREVDATE=20191114.000000, ACCRUEDINT=0.000000, NUMOFFERS=130.000000, CHANGE=-0.005000, STRIKE=0.000000, EVNENDTIME=0.000000, BID=0.962000, auctnumtrades=0.000000, TRADINGSTATUS=4.000000, LASTCHANGE=-0.530000, CHNGCLOSE=0.000000, REALVMPRICE=0.000000, CLOSEYIELD=0.000000, TIME=183941.000000, MARG=0.000000, AUCTPRICE=0.930000, STEPPRICE=0.000000, NUMBIDS=305.000000, SETTLECODE=8.000000, OPENVAL=0.000000, OPTIONTYPE=0.000000, BGOP=0.000000, NEGNUMTRADES=0.000000, PRICEMINUSPREVWAPRICE=0.000000, CHNGOPEN=0.000000}
2019-11-15T18:44:18.465343 - ENRU[TQBR]
#   Total      Size       Bid       Ask      Size     Total
        1                                                 0 
       10         9      0.96      0.93       172       173
       12         2      0.93      0.93      1515      1688
      354       342      0.93      0.93      1063      2751
      377        23      0.93      0.93        25      2776
      406        29      0.93      0.93       500      3276
      420        14      0.93      0.93        99      3375
      484        64      0.93      0.93        35      3410
      672       188      0.93      0.93         1      3411
     1346       674      0.93      0.93       411      3822
     2240       894      0.93      0.94       416      4238
     2879       639      0.93      0.94         1      4239
     2880         1      0.92      0.94       126      4365
     2882         2      0.92      0.94       100      4465
     3141       259      0.92      0.94         1      4466
     3276       135      0.92      0.94         4      4470
     3277         1      0.92      0.94         1      4471
     3384       107      0.92      0.94        76      4547
     3645       261      0.92      0.94        10      4557
     3847       202      0.92      0.94         1      4558
     4369       522      0.92      0.94         7      4565
Calculation info: Price      0.94; Imbalance: -4555; Total bids: 10, Total asks: 4565; 
               Field               SERVER               TOP-20
    AuctionPrice,RUB                 0.93                0.94
       AuctionVolume                   10                  10
       LastPrice,RUB                 0.93                0.93
          MarketBids                    1                   1
          MarketAsks                    0                   0
         Imbalance,%                                -45550.00
        MarketBids:%               10.000              10.000
        MarketAsks:%                0.000               0.000
      TotalValue:RUB             9300.000            9420.000
  AuctionPriceDiff,%                0.000               1.290
{OPENPERIODPRICE=0.000000, CLSTATE=0.000000, PRICEMAX=1.099500, ENDTIME=0.000000, STEPPRICET=0.000000, PREVPRICE=0.935000, OPTIONBASE=0.000000, starttime=184001.000000, MIN_CURR_LAST=0.930000, ISSUESIZE=35371898370.000000, STEPPRICECL=0.000000, PRICEMIN=0.768500, PREVLOTSIZE=0.000000, MARKETPRICETODAY=0.000000, BUYBACKPRICE=0.000000, MARKETPRICE2=0.000000, CLPRICE=0.000000, PREVSETTLEPRICE=0.000000, THEORPRICE=0.000000, plannedtime=184001.000000, MARKETPRICE=0.942500, WAPRICE=0.930500, ICHANGE=0.000000, OFFERDEPTH=172.000000, PRIMARYDIST=0.000000, LASTVALUE=0.000000, BGONP=0.000000, NEGVALTODAY=0.000000, STARTTIME=184001.000000, LOW=0.926500, BASEPRICE=0.000000, IOPEN=0.000000, LCURRENTPRICE=0.930000, MONSTARTTIME=0.000000, QUOTEBASIS=0.000000, BUYBACKDATE=0.000000, LCLOSEPRICE=0.000000, NEXTCOUPON=0.000000, MONENDTIME=0.000000, HIGHVAL=0.000000, ADMITTEDQUOTE=0.000000, OFFER=0.930000, YIELDATPREVWAPRICE=0.000000, VALTODAY=16930808.000000, SETTLEPRICE=0.000000, PCHANGE=0.000000, LOTSIZE=1000.000000, LOWOFFER=0.884000, ISPERCENT=0.000000, YIELD=0.000000, VOLTODAY=18200000.000000, endtime=0.000000, MAXOUTVOLUME=0.000000, OPEN=0.930500, CROSSRATE=0.000000, CURRENTVALUE=0.000000, NUMCONTRACTS=0.000000, PREVADMITTEDQUOT=0.935000, COUPONVALUE=0.000000, BIDDEPTH=10.000000, LASTBID=0.929500, DURATION=0.000000, LOWVAL=0.000000, imbalance=0.000000, HIGH=0.935000, YIELDATWAPRICE=0.000000, STEPPRICEPRCL=0.000000, OFFERDEPTHT=8272.000000, VALUE=56730.000000, marketvolb=1000.000000, PERCENTRATE=0.000000, MIN_CURR_LAST_TI=184000.000000, auctvalue=9300.000000, EXPDATE=0.000000, LASTOFFER=0.930000, QTY=61.000000, COUPONPERIOD=0.000000, CHANGETIME=0.000000, CURSTEPPRICE=0.000000, marketvols=0.000000, SELLDEPO=0.000000, EVNSTARTTIME=0.000000, LOTSIZECHANGEDAT=0.000000, NUMTRADES=775.000000, CLOSEPRICE=0.000000, HIGHBID=0.980000, FACEVALUE=0.000000, PRICEMVTLIMITT1=0.000000, PRICEMVTLIMIT=0.000000, LOPENPRICE=0.000000, LAST=0.930000, BUYPROFIT=0.000000, SELLPROFIT=0.000000, VOLATILITY=0.000000, CLOSETIME=0.000000, PREVWAPRICE=0.942500, PREVLEGALCLOSEPR=0.935000, BUYDEPO=0.000000, TRADECHANGE=0.000000, LASTTOPREVSTLPRC=0.000000, BIDDEPTHT=14945.000000, auctvolume=10000.000000, PREVDATE=20191114.000000, ACCRUEDINT=0.000000, NUMOFFERS=130.000000, CHANGE=-0.005000, STRIKE=0.000000, EVNENDTIME=0.000000, BID=0.962000, auctnumtrades=0.000000, TRADINGSTATUS=4.000000, LASTCHANGE=-0.530000, CHNGCLOSE=0.000000, REALVMPRICE=0.000000, CLOSEYIELD=0.000000, TIME=183941.000000, MARG=0.000000, AUCTPRICE=0.930000, STEPPRICE=0.000000, NUMBIDS=304.000000, SETTLECODE=8.000000, OPENVAL=0.000000, OPTIONTYPE=0.000000, BGOP=0.000000, NEGNUMTRADES=0.000000, PRICEMINUSPREVWAPRICE=0.000000, CHNGOPEN=0.000000}
2019-11-15T18:44:46.530896 - ENRU[TQBR]
#   Total      Size       Bid       Ask      Size     Total
        1                                                 0 
       10         9      0.96      0.93       172       173
       12         2      0.93      0.93      1515      1688
      354       342      0.93      0.93      1063      2751
      377        23      0.93      0.93        25      2776
      406        29      0.93      0.93       500      3276
      420        14      0.93      0.93        99      3375
      485        65      0.93      0.93        35      3410
      673       188      0.93      0.93         1      3411
     1347       674      0.93      0.93       411      3822
     2241       894      0.93      0.94       416      4238
     2880       639      0.93      0.94         1      4239
     2881         1      0.92      0.94       126      4365
     2883         2      0.92      0.94       100      4465
     3142       259      0.92      0.94         1      4466
     3277       135      0.92      0.94         4      4470
     3278         1      0.92      0.94         1      4471
     3385       107      0.92      0.94        76      4547
     3646       261      0.92      0.94        10      4557
     3848       202      0.92      0.94         1      4558
     4370       522      0.92      0.94         7      4565
Calculation info: Price      0.94; Imbalance: -4555; Total bids: 10, Total asks: 4565; 
               Field               SERVER               TOP-20
    AuctionPrice,RUB                 0.93                0.94
       AuctionVolume                   10                  10
       LastPrice,RUB                 0.93                0.93
          MarketBids                    1                   1
          MarketAsks                    0                   0
         Imbalance,%                                -45550.00
        MarketBids:%               10.000              10.000
        MarketAsks:%                0.000               0.000
      TotalValue:RUB             9300.000            9420.000
  AuctionPriceDiff,%                0.000               1.290
{OPENPERIODPRICE=0.000000, CLSTATE=0.000000, PRICEMAX=1.099500, ENDTIME=0.000000, STEPPRICET=0.000000, PREVPRICE=0.935000, OPTIONBASE=0.000000, starttime=184001.000000, MIN_CURR_LAST=0.930000, ISSUESIZE=35371898370.000000, STEPPRICECL=0.000000, PRICEMIN=0.768500, PREVLOTSIZE=0.000000, MARKETPRICETODAY=0.000000, BUYBACKPRICE=0.000000, MARKETPRICE2=0.000000, CLPRICE=0.000000, PREVSETTLEPRICE=0.000000, THEORPRICE=0.000000, plannedtime=184001.000000, MARKETPRICE=0.942500, WAPRICE=0.930500, ICHANGE=0.000000, OFFERDEPTH=172.000000, PRIMARYDIST=0.000000, LASTVALUE=0.000000, BGONP=0.000000, NEGVALTODAY=0.000000, STARTTIME=184001.000000, LOW=0.926500, BASEPRICE=0.000000, IOPEN=0.000000, LCURRENTPRICE=0.930000, MONSTARTTIME=0.000000, QUOTEBASIS=0.000000, BUYBACKDATE=0.000000, LCLOSEPRICE=0.000000, NEXTCOUPON=0.000000, MONENDTIME=0.000000, HIGHVAL=0.000000, ADMITTEDQUOTE=0.000000, OFFER=0.930000, YIELDATPREVWAPRICE=0.000000, VALTODAY=16930808.000000, SETTLEPRICE=0.000000, PCHANGE=0.000000, LOTSIZE=1000.000000, LOWOFFER=0.884000, ISPERCENT=0.000000, YIELD=0.000000, VOLTODAY=18200000.000000, endtime=0.000000, MAXOUTVOLUME=0.000000, OPEN=0.930500, CROSSRATE=0.000000, CURRENTVALUE=0.000000, NUMCONTRACTS=0.000000, PREVADMITTEDQUOT=0.935000, COUPONVALUE=0.000000, BIDDEPTH=10.000000, LASTBID=0.929500, DURATION=0.000000, LOWVAL=0.000000, imbalance=0.000000, HIGH=0.935000, YIELDATWAPRICE=0.000000, STEPPRICEPRCL=0.000000, OFFERDEPTHT=8272.000000, VALUE=56730.000000, marketvolb=1000.000000, PERCENTRATE=0.000000, MIN_CURR_LAST_TI=184000.000000, auctvalue=9300.000000, EXPDATE=0.000000, LASTOFFER=0.930000, QTY=61.000000, COUPONPERIOD=0.000000, CHANGETIME=0.000000, CURSTEPPRICE=0.000000, marketvols=0.000000, SELLDEPO=0.000000, EVNSTARTTIME=0.000000, LOTSIZECHANGEDAT=0.000000, NUMTRADES=775.000000, CLOSEPRICE=0.000000, HIGHBID=0.980000, FACEVALUE=0.000000, PRICEMVTLIMITT1=0.000000, PRICEMVTLIMIT=0.000000, LOPENPRICE=0.000000, LAST=0.930000, BUYPROFIT=0.000000, SELLPROFIT=0.000000, VOLATILITY=0.000000, CLOSETIME=0.000000, PREVWAPRICE=0.942500, PREVLEGALCLOSEPR=0.935000, BUYDEPO=0.000000, TRADECHANGE=0.000000, LASTTOPREVSTLPRC=0.000000, BIDDEPTHT=14944.000000, auctvolume=10000.000000, PREVDATE=20191114.000000, ACCRUEDINT=0.000000, NUMOFFERS=130.000000, CHANGE=-0.005000, STRIKE=0.000000, EVNENDTIME=0.000000, BID=0.962000, auctnumtrades=0.000000, TRADINGSTATUS=4.000000, LASTCHANGE=-0.530000, CHNGCLOSE=0.000000, REALVMPRICE=0.000000, CLOSEYIELD=0.000000, TIME=183941.000000, MARG=0.000000, AUCTPRICE=0.930000, STEPPRICE=0.000000, NUMBIDS=303.000000, SETTLECODE=8.000000, OPENVAL=0.000000, OPTIONTYPE=0.000000, BGOP=0.000000, NEGNUMTRADES=0.000000, PRICEMINUSPREVWAPRICE=0.000000, CHNGOPEN=0.000000}
2019-11-15T18:44:53.584837 - ENRU[TQBR]
#   Total      Size       Bid       Ask      Size     Total
        1                                                 0 
       10         9      0.96      0.93       172       173
       12         2      0.93      0.93      1515      1688
      291       279      0.93      0.93      1063      2751
      314        23      0.93      0.93        25      2776
      343        29      0.93      0.93       500      3276
      357        14      0.93      0.93        99      3375
      422        65      0.93      0.93        35      3410
      610       188      0.93      0.93         1      3411
     1284       674      0.93      0.93       411      3822
     2178       894      0.93      0.94       416      4238
     2817       639      0.93      0.94         1      4239
     2818         1      0.92      0.94       126      4365
     2820         2      0.92      0.94       100      4465
     3079       259      0.92      0.94         1      4466
     3214       135      0.92      0.94         4      4470
     3215         1      0.92      0.94         1      4471
     3322       107      0.92      0.94        76      4547
     3583       261      0.92      0.94        10      4557
     3785       202      0.92      0.94         1      4558
     4307       522      0.92      0.94         7      4565
Calculation info: Price      0.94; Imbalance: -4555; Total bids: 10, Total asks: 4565; 
               Field               SERVER               TOP-20
    AuctionPrice,RUB                 0.93                0.94
       AuctionVolume                   10                  10
       LastPrice,RUB                 0.93                0.93
          MarketBids                    1                   1
          MarketAsks                    0                   0
         Imbalance,%                                -45550.00
        MarketBids:%               10.000              10.000
        MarketAsks:%                0.000               0.000
      TotalValue:RUB             9300.000            9420.000
  AuctionPriceDiff,%                0.000               1.290
{OPENPERIODPRICE=0.000000, CLSTATE=0.000000, PRICEMAX=1.099500, ENDTIME=0.000000, STEPPRICET=0.000000, PREVPRICE=0.935000, OPTIONBASE=0.000000, starttime=184001.000000, MIN_CURR_LAST=0.930000, ISSUESIZE=35371898370.000000, STEPPRICECL=0.000000, PRICEMIN=0.768500, PREVLOTSIZE=0.000000, MARKETPRICETODAY=0.000000, BUYBACKPRICE=0.000000, MARKETPRICE2=0.000000, CLPRICE=0.000000, PREVSETTLEPRICE=0.000000, THEORPRICE=0.000000, plannedtime=184001.000000, MARKETPRICE=0.942500, WAPRICE=0.930500, ICHANGE=0.000000, OFFERDEPTH=172.000000, PRIMARYDIST=0.000000, LASTVALUE=0.000000, BGONP=0.000000, NEGVALTODAY=0.000000, STARTTIME=184001.000000, LOW=0.926500, BASEPRICE=0.000000, IOPEN=0.000000, LCURRENTPRICE=0.930000, MONSTARTTIME=0.000000, QUOTEBASIS=0.000000, BUYBACKDATE=0.000000, LCLOSEPRICE=0.000000, NEXTCOUPON=0.000000, MONENDTIME=0.000000, HIGHVAL=0.000000, ADMITTEDQUOTE=0.000000, OFFER=0.930000, YIELDATPREVWAPRICE=0.000000, VALTODAY=16930808.000000, SETTLEPRICE=0.000000, PCHANGE=0.000000, LOTSIZE=1000.000000, LOWOFFER=0.884000, ISPERCENT=0.000000, YIELD=0.000000, VOLTODAY=18200000.000000, endtime=0.000000, MAXOUTVOLUME=0.000000, OPEN=0.930500, CROSSRATE=0.000000, CURRENTVALUE=0.000000, NUMCONTRACTS=0.000000, PREVADMITTEDQUOT=0.935000, COUPONVALUE=0.000000, BIDDEPTH=10.000000, LASTBID=0.929500, DURATION=0.000000, LOWVAL=0.000000, imbalance=0.000000, HIGH=0.935000, YIELDATWAPRICE=0.000000, STEPPRICEPRCL=0.000000, OFFERDEPTHT=8272.000000, VALUE=56730.000000, marketvolb=1000.000000, PERCENTRATE=0.000000, MIN_CURR_LAST_TI=184000.000000, auctvalue=9300.000000, EXPDATE=0.000000, LASTOFFER=0.930000, QTY=61.000000, COUPONPERIOD=0.000000, CHANGETIME=0.000000, CURSTEPPRICE=0.000000, marketvols=0.000000, SELLDEPO=0.000000, EVNSTARTTIME=0.000000, LOTSIZECHANGEDAT=0.000000, NUMTRADES=775.000000, CLOSEPRICE=0.000000, HIGHBID=0.980000, FACEVALUE=0.000000, PRICEMVTLIMITT1=0.000000, PRICEMVTLIMIT=0.000000, LOPENPRICE=0.000000, LAST=0.930000, BUYPROFIT=0.000000, SELLPROFIT=0.000000, VOLATILITY=0.000000, CLOSETIME=0.000000, PREVWAPRICE=0.942500, PREVLEGALCLOSEPR=0.935000, BUYDEPO=0.000000, TRADECHANGE=0.000000, LASTTOPREVSTLPRC=0.000000, BIDDEPTHT=14945.000000, auctvolume=10000.000000, PREVDATE=20191114.000000, ACCRUEDINT=0.000000, NUMOFFERS=130.000000, CHANGE=-0.005000, STRIKE=0.000000, EVNENDTIME=0.000000, BID=0.962000, auctnumtrades=0.000000, TRADINGSTATUS=4.000000, LASTCHANGE=-0.530000, CHNGCLOSE=0.000000, REALVMPRICE=0.000000, CLOSEYIELD=0.000000, TIME=183941.000000, MARG=0.000000, AUCTPRICE=0.930000, STEPPRICE=0.000000, NUMBIDS=304.000000, SETTLECODE=8.000000, OPENVAL=0.000000, OPTIONTYPE=0.000000, BGOP=0.000000, NEGNUMTRADES=0.000000, PRICEMINUSPREVWAPRICE=0.000000, CHNGOPEN=0.000000}
2019-11-15T18:45:01.877556 - ENRU[TQBR]
#   Total      Size       Bid       Ask      Size     Total
        1                                                 0 
        3         2      0.93      0.93       172       173
      282       279      0.93      0.93      1515      1688
      305        23      0.93      0.93      1063      2751
      334        29      0.93      0.93        25      2776
      348        14      0.93      0.93       500      3276
      413        65      0.93      0.93        99      3375
      601       188      0.93      0.93        35      3410
     1275       674      0.93      0.93         1      3411
     2169       894      0.93      0.93       411      3822
     2808       639      0.93      0.94       416      4238
     2809         1      0.92      0.94         1      4239
     2811         2      0.92      0.94       126      4365
     3070       259      0.92      0.94       100      4465
     3205       135      0.92      0.94         1      4466
     3206         1      0.92      0.94         4      4470
     3313       107      0.92      0.94         1      4471
     3574       261      0.92      0.94        76      4547
     3776       202      0.92      0.94        10      4557
     4298       522      0.92      0.94         1      4558
     4705       407      0.92      0.94         7      4565
{OPENPERIODPRICE=0.000000, CLSTATE=0.000000, PRICEMAX=1.099500, ENDTIME=0.000000, STEPPRICET=0.000000, PREVPRICE=0.935000, OPTIONBASE=0.000000, starttime=184001.000000, MIN_CURR_LAST=0.930000, ISSUESIZE=35371898370.000000, STEPPRICECL=0.000000, PRICEMIN=0.768500, PREVLOTSIZE=0.000000, MARKETPRICETODAY=0.000000, BUYBACKPRICE=0.000000, MARKETPRICE2=0.000000, CLPRICE=0.000000, PREVSETTLEPRICE=0.000000, THEORPRICE=0.000000, plannedtime=184001.000000, MARKETPRICE=0.942500, WAPRICE=0.930500, ICHANGE=0.000000, OFFERDEPTH=172.000000, PRIMARYDIST=0.000000, LASTVALUE=0.000000, BGONP=0.000000, NEGVALTODAY=0.000000, STARTTIME=184001.000000, LOW=0.926500, BASEPRICE=0.000000, IOPEN=0.000000, LCURRENTPRICE=0.930000, MONSTARTTIME=0.000000, QUOTEBASIS=0.000000, BUYBACKDATE=0.000000, LCLOSEPRICE=0.000000, NEXTCOUPON=0.000000, MONENDTIME=0.000000, HIGHVAL=0.000000, ADMITTEDQUOTE=0.000000, OFFER=0.930000, YIELDATPREVWAPRICE=0.000000, VALTODAY=16930808.000000, SETTLEPRICE=0.000000, PCHANGE=0.000000, LOTSIZE=1000.000000, LOWOFFER=0.884000, ISPERCENT=0.000000, YIELD=0.000000, VOLTODAY=18200000.000000, endtime=0.000000, MAXOUTVOLUME=0.000000, OPEN=0.930500, CROSSRATE=0.000000, CURRENTVALUE=0.000000, NUMCONTRACTS=0.000000, PREVADMITTEDQUOT=0.935000, COUPONVALUE=0.000000, BIDDEPTH=3.000000, LASTBID=0.929500, DURATION=0.000000, LOWVAL=0.000000, imbalance=0.000000, HIGH=0.935000, YIELDATWAPRICE=0.000000, STEPPRICEPRCL=0.000000, OFFERDEPTHT=8272.000000, VALUE=56730.000000, marketvolb=1000.000000, PERCENTRATE=0.000000, MIN_CURR_LAST_TI=184000.000000, auctvalue=9300.000000, EXPDATE=0.000000, LASTOFFER=0.930000, QTY=61.000000, COUPONPERIOD=0.000000, CHANGETIME=0.000000, CURSTEPPRICE=0.000000, marketvols=0.000000, SELLDEPO=0.000000, EVNSTARTTIME=0.000000, LOTSIZECHANGEDAT=0.000000, NUMTRADES=775.000000, CLOSEPRICE=0.000000, HIGHBID=0.980000, FACEVALUE=0.000000, PRICEMVTLIMITT1=0.000000, PRICEMVTLIMIT=0.000000, LOPENPRICE=0.000000, LAST=0.930000, BUYPROFIT=0.000000, SELLPROFIT=0.000000, VOLATILITY=0.000000, CLOSETIME=0.000000, PREVWAPRICE=0.942500, PREVLEGALCLOSEPR=0.935000, BUYDEPO=0.000000, TRADECHANGE=0.000000, LASTTOPREVSTLPRC=0.000000, BIDDEPTHT=14882.000000, auctvolume=1000.000000, PREVDATE=20191114.000000, ACCRUEDINT=0.000000, NUMOFFERS=130.000000, CHANGE=-0.005000, STRIKE=0.000000, EVNENDTIME=0.000000, BID=0.929500, auctnumtrades=0.000000, TRADINGSTATUS=4.000000, LASTCHANGE=-0.530000, CHNGCLOSE=0.000000, REALVMPRICE=0.000000, CLOSEYIELD=0.000000, TIME=183941.000000, MARG=0.000000, AUCTPRICE=0.930000, STEPPRICE=0.000000, NUMBIDS=303.000000, SETTLECODE=8.000000, OPENVAL=0.000000, OPTIONTYPE=0.000000, BGOP=0.000000, NEGNUMTRADES=0.000000, PRICEMINUSPREVWAPRICE=0.000000, CHNGOPEN=0.000000}
2019-11-15T18:45:03.877531 - ENRU[TQBR]
#   Total      Size       Bid       Ask      Size     Total
        1                                                 0 
        3         2      0.93      0.93       172       173
      282       279      0.93      0.93      1515      1688
      305        23      0.93      0.93      1063      2751
      334        29      0.93      0.93        25      2776
      348        14      0.93      0.93       500      3276
      413        65      0.93      0.93       100      3376
      601       188      0.93      0.93        35      3411
     1275       674      0.93      0.93       411      3822
     2169       894      0.93      0.94       416      4238
     2808       639      0.93      0.94         1      4239
     2809         1      0.92      0.94       126      4365
     2811         2      0.92      0.94       100      4465
     3070       259      0.92      0.94         1      4466
     3205       135      0.92      0.94         4      4470
     3206         1      0.92      0.94         1      4471
     3313       107      0.92      0.94        76      4547
     3574       261      0.92      0.94        10      4557
     3776       202      0.92      0.94         1      4558
     4298       522      0.92      0.94         7      4565
     4705       407      0.92      0.94        91      4656
{OPENPERIODPRICE=0.000000, CLSTATE=0.000000, PRICEMAX=1.099500, ENDTIME=0.000000, STEPPRICET=0.000000, PREVPRICE=0.935000, OPTIONBASE=0.000000, starttime=184001.000000, MIN_CURR_LAST=0.930000, ISSUESIZE=35371898370.000000, STEPPRICECL=0.000000, PRICEMIN=0.768500, PREVLOTSIZE=0.000000, MARKETPRICETODAY=0.000000, BUYBACKPRICE=0.000000, MARKETPRICE2=0.000000, CLPRICE=0.000000, PREVSETTLEPRICE=0.000000, THEORPRICE=0.000000, plannedtime=184001.000000, MARKETPRICE=0.942500, WAPRICE=0.930500, ICHANGE=0.000000, OFFERDEPTH=172.000000, PRIMARYDIST=0.000000, LASTVALUE=0.000000, BGONP=0.000000, NEGVALTODAY=0.000000, STARTTIME=184001.000000, LOW=0.926500, BASEPRICE=0.000000, IOPEN=0.000000, LCURRENTPRICE=0.930000, MONSTARTTIME=0.000000, QUOTEBASIS=0.000000, BUYBACKDATE=0.000000, LCLOSEPRICE=0.000000, NEXTCOUPON=0.000000, MONENDTIME=0.000000, HIGHVAL=0.000000, ADMITTEDQUOTE=0.000000, OFFER=0.930000, YIELDATPREVWAPRICE=0.000000, VALTODAY=16930808.000000, SETTLEPRICE=0.000000, PCHANGE=0.000000, LOTSIZE=1000.000000, LOWOFFER=0.884000, ISPERCENT=0.000000, YIELD=0.000000, VOLTODAY=18200000.000000, endtime=0.000000, MAXOUTVOLUME=0.000000, OPEN=0.930500, CROSSRATE=0.000000, CURRENTVALUE=0.000000, NUMCONTRACTS=0.000000, PREVADMITTEDQUOT=0.935000, COUPONVALUE=0.000000, BIDDEPTH=3.000000, LASTBID=0.929500, DURATION=0.000000, LOWVAL=0.000000, imbalance=0.000000, HIGH=0.935000, YIELDATWAPRICE=0.000000, STEPPRICEPRCL=0.000000, OFFERDEPTHT=8272.000000, VALUE=56730.000000, marketvolb=1000.000000, PERCENTRATE=0.000000, MIN_CURR_LAST_TI=184000.000000, auctvalue=930.000000, EXPDATE=0.000000, LASTOFFER=0.930000, QTY=61.000000, COUPONPERIOD=0.000000, CHANGETIME=0.000000, CURSTEPPRICE=0.000000, marketvols=0.000000, SELLDEPO=0.000000, EVNSTARTTIME=0.000000, LOTSIZECHANGEDAT=0.000000, NUMTRADES=775.000000, CLOSEPRICE=0.000000, HIGHBID=0.980000, FACEVALUE=0.000000, PRICEMVTLIMITT1=0.000000, PRICEMVTLIMIT=0.000000, LOPENPRICE=0.000000, LAST=0.930000, BUYPROFIT=0.000000, SELLPROFIT=0.000000, VOLATILITY=0.000000, CLOSETIME=0.000000, PREVWAPRICE=0.942500, PREVLEGALCLOSEPR=0.935000, BUYDEPO=0.000000, TRADECHANGE=0.000000, LASTTOPREVSTLPRC=0.000000, BIDDEPTHT=14873.000000, auctvolume=1000.000000, PREVDATE=20191114.000000, ACCRUEDINT=0.000000, NUMOFFERS=130.000000, CHANGE=-0.005000, STRIKE=0.000000, EVNENDTIME=0.000000, BID=0.929500, auctnumtrades=0.000000, TRADINGSTATUS=4.000000, LASTCHANGE=-0.530000, CHNGCLOSE=0.000000, REALVMPRICE=0.000000, CLOSEYIELD=0.000000, TIME=183941.000000, MARG=0.000000, AUCTPRICE=0.930000, STEPPRICE=0.000000, NUMBIDS=302.000000, SETTLECODE=8.000000, OPENVAL=0.000000, OPTIONTYPE=0.000000, BGOP=0.000000, NEGNUMTRADES=0.000000, PRICEMINUSPREVWAPRICE=0.000000, CHNGOPEN=0.000000}
2019-11-15T18:45:05.053987 - ENRU[TQBR]
#   Total      Size       Bid       Ask      Size     Total
        1                                                 0 
                                    0.93       171       172
{OPENPERIODPRICE=0.000000, CLSTATE=0.000000, PRICEMAX=1.099500, ENDTIME=0.000000, STEPPRICET=0.000000, PREVPRICE=0.935000, OPTIONBASE=0.000000, starttime=184001.000000, MIN_CURR_LAST=0.930000, ISSUESIZE=35371898370.000000, STEPPRICECL=0.000000, PRICEMIN=0.768500, PREVLOTSIZE=0.000000, MARKETPRICETODAY=0.000000, BUYBACKPRICE=0.000000, MARKETPRICE2=0.000000, CLPRICE=0.000000, PREVSETTLEPRICE=0.000000, THEORPRICE=0.000000, plannedtime=184001.000000, MARKETPRICE=0.942500, WAPRICE=0.930500, ICHANGE=0.000000, OFFERDEPTH=171.000000, PRIMARYDIST=0.000000, LASTVALUE=0.000000, BGONP=0.000000, NEGVALTODAY=0.000000, STARTTIME=184001.000000, LOW=0.926500, BASEPRICE=0.000000, IOPEN=0.000000, LCURRENTPRICE=0.930000, MONSTARTTIME=0.000000, QUOTEBASIS=0.000000, BUYBACKDATE=0.000000, LCLOSEPRICE=0.000000, NEXTCOUPON=0.000000, MONENDTIME=0.000000, HIGHVAL=0.000000, ADMITTEDQUOTE=0.000000, OFFER=0.930000, YIELDATPREVWAPRICE=0.000000, VALTODAY=16931738.000000, SETTLEPRICE=0.000000, PCHANGE=0.000000, LOTSIZE=1000.000000, LOWOFFER=0.884000, ISPERCENT=0.000000, YIELD=0.000000, VOLTODAY=18201000.000000, endtime=0.000000, MAXOUTVOLUME=0.000000, OPEN=0.930500, CROSSRATE=0.000000, CURRENTVALUE=0.000000, NUMCONTRACTS=0.000000, PREVADMITTEDQUOT=0.935000, COUPONVALUE=0.000000, BIDDEPTH=0.000000, LASTBID=0.929500, DURATION=0.000000, LOWVAL=0.000000, imbalance=0.000000, HIGH=0.935000, YIELDATWAPRICE=0.000000, STEPPRICEPRCL=0.000000, OFFERDEPTHT=8272.000000, VALUE=930.000000, marketvolb=1000.000000, PERCENTRATE=0.000000, MIN_CURR_LAST_TI=184000.000000, auctvalue=930.000000, EXPDATE=0.000000, LASTOFFER=0.930000, QTY=1.000000, COUPONPERIOD=0.000000, CHANGETIME=0.000000, CURSTEPPRICE=0.000000, marketvols=0.000000, SELLDEPO=0.000000, EVNSTARTTIME=0.000000, LOTSIZECHANGEDAT=0.000000, NUMTRADES=776.000000, CLOSEPRICE=0.000000, HIGHBID=0.980000, FACEVALUE=0.000000, PRICEMVTLIMITT1=0.000000, PRICEMVTLIMIT=0.000000, LOPENPRICE=0.000000, LAST=0.930000, BUYPROFIT=0.000000, SELLPROFIT=0.000000, VOLATILITY=0.000000, CLOSETIME=0.000000, PREVWAPRICE=0.942500, PREVLEGALCLOSEPR=0.935000, BUYDEPO=0.000000, TRADECHANGE=0.000000, LASTTOPREVSTLPRC=0.000000, BIDDEPTHT=14873.000000, auctvolume=1000.000000, PREVDATE=20191114.000000, ACCRUEDINT=0.000000, NUMOFFERS=130.000000, CHANGE=-0.005000, STRIKE=0.000000, EVNENDTIME=0.000000, BID=0.000000, auctnumtrades=0.000000, TRADINGSTATUS=5.000000, LASTCHANGE=-0.530000, CHNGCLOSE=0.000000, REALVMPRICE=0.000000, CLOSEYIELD=0.000000, TIME=184507.000000, MARG=0.000000, AUCTPRICE=0.930000, STEPPRICE=0.000000, NUMBIDS=302.000000, SETTLECODE=8.000000, OPENVAL=0.000000, OPTIONTYPE=0.000000, BGOP=0.000000, NEGNUMTRADES=0.000000, PRICEMINUSPREVWAPRICE=0.000000, CHNGOPEN=0.000000}
2019-11-15T18:47:43.627455 - ENRU[TQBR]
#   Total      Size       Bid       Ask      Size     Total
        0                                                 0 
                                    0.93       121       121
{OPENPERIODPRICE=0.000000, CLSTATE=0.000000, PRICEMAX=1.099500, ENDTIME=0.000000, STEPPRICET=0.000000, PREVPRICE=0.935000, OPTIONBASE=0.000000, starttime=184507.000000, MIN_CURR_LAST=0.930000, ISSUESIZE=35371898370.000000, STEPPRICECL=0.000000, PRICEMIN=0.768500, PREVLOTSIZE=0.000000, MARKETPRICETODAY=0.000000, BUYBACKPRICE=0.000000, MARKETPRICE2=0.000000, CLPRICE=0.000000, PREVSETTLEPRICE=0.000000, THEORPRICE=0.000000, plannedtime=184507.000000, MARKETPRICE=0.942500, WAPRICE=0.930500, ICHANGE=0.000000, OFFERDEPTH=171.000000, PRIMARYDIST=0.000000, LASTVALUE=0.000000, BGONP=0.000000, NEGVALTODAY=0.000000, STARTTIME=184507.000000, LOW=0.926500, BASEPRICE=0.000000, IOPEN=0.000000, LCURRENTPRICE=0.930000, MONSTARTTIME=0.000000, QUOTEBASIS=0.000000, BUYBACKDATE=0.000000, LCLOSEPRICE=0.000000, NEXTCOUPON=0.000000, MONENDTIME=0.000000, HIGHVAL=0.000000, ADMITTEDQUOTE=0.000000, OFFER=0.930000, YIELDATPREVWAPRICE=0.000000, VALTODAY=16931738.000000, SETTLEPRICE=0.000000, PCHANGE=0.000000, LOTSIZE=1000.000000, LOWOFFER=0.884000, ISPERCENT=0.000000, YIELD=0.000000, VOLTODAY=18201000.000000, endtime=0.000000, MAXOUTVOLUME=0.000000, OPEN=0.930500, CROSSRATE=0.000000, CURRENTVALUE=0.000000, NUMCONTRACTS=0.000000, PREVADMITTEDQUOT=0.935000, COUPONVALUE=0.000000, BIDDEPTH=0.000000, LASTBID=0.929500, DURATION=0.000000, LOWVAL=0.000000, imbalance=0.000000, HIGH=0.935000, YIELDATWAPRICE=0.000000, STEPPRICEPRCL=0.000000, OFFERDEPTHT=171.000000, VALUE=930.000000, marketvolb=0.000000, PERCENTRATE=0.000000, MIN_CURR_LAST_TI=184000.000000, auctvalue=0.000000, EXPDATE=0.000000, LASTOFFER=0.930000, QTY=1.000000, COUPONPERIOD=0.000000, CHANGETIME=0.000000, CURSTEPPRICE=0.000000, marketvols=0.000000, SELLDEPO=0.000000, EVNSTARTTIME=0.000000, LOTSIZECHANGEDAT=0.000000, NUMTRADES=776.000000, CLOSEPRICE=0.000000, HIGHBID=0.980000, FACEVALUE=0.000000, PRICEMVTLIMITT1=0.000000, PRICEMVTLIMIT=0.000000, LOPENPRICE=0.000000, LAST=0.930000, BUYPROFIT=0.000000, SELLPROFIT=0.000000, VOLATILITY=0.000000, CLOSETIME=0.000000, PREVWAPRICE=0.942500, PREVLEGALCLOSEPR=0.935000, BUYDEPO=0.000000, TRADECHANGE=0.000000, LASTTOPREVSTLPRC=0.000000, BIDDEPTHT=0.000000, auctvolume=0.000000, PREVDATE=20191114.000000, ACCRUEDINT=0.000000, NUMOFFERS=1.000000, CHANGE=-0.005000, STRIKE=0.000000, EVNENDTIME=0.000000, BID=0.000000, auctnumtrades=0.000000, TRADINGSTATUS=5.000000, LASTCHANGE=-0.530000, CHNGCLOSE=0.000000, REALVMPRICE=0.000000, CLOSEYIELD=0.000000, TIME=184507.000000, MARG=0.000000, AUCTPRICE=0.930000, STEPPRICE=0.000000, NUMBIDS=0.000000, SETTLECODE=8.000000, OPENVAL=0.000000, OPTIONTYPE=0.000000, BGOP=0.000000, NEGNUMTRADES=0.000000, PRICEMINUSPREVWAPRICE=0.000000, CHNGOPEN=0.000000}
