2019-11-15T18:40:08.530639 - RSTIP[TQBR]
#   Total      Size       Bid       Ask      Size     Total
        0                                                 0 
        8         8      1.45      1.45        41        41
       70        62      1.45      1.45        63       104
       81        11      1.44      1.45        10       114
       95        14      1.44      1.45        44       158
      327       232      1.44      1.46         2       160
      378        51      1.44      1.46        13       173
      510       132      1.44      1.46        11       184
      526        16      1.44      1.46        65       249
      547        21      1.44      1.46        41       290
      567        20      1.44      1.46        10       300
      591        24      1.44      1.46         1       301
      610        19      1.44      1.46        14       315
      632        22      1.43      1.47        71       386
      643        11      1.43      1.47        22       408
      744       101      1.43      1.47        54       462
      836        92      1.43      1.47        64       526
      839         3      1.43      1.47        51       577
      841         2      1.43      1.47         6       583
      852        11      1.43      1.48         8       591
      854         2      1.43      1.48        10       601
{OPENPERIODPRICE=0.000000, CLSTATE=0.000000, PRICEMAX=1.813000, ENDTIME=95953.000000, STEPPRICET=0.000000, PREVPRICE=1.449000, OPTIONBASE=0.000000, starttime=95000.000000, MIN_CURR_LAST=1.446000, ISSUESIZE=2075149384.000000, STEPPRICECL=0.000000, PRICEMIN=1.083000, PREVLOTSIZE=0.000000, MARKETPRICETODAY=0.000000, BUYBACKPRICE=0.000000, MARKETPRICE2=0.000000, CLPRICE=0.000000, PREVSETTLEPRICE=0.000000, THEORPRICE=0.000000, plannedtime=95000.000000, MARKETPRICE=1.447000, WAPRICE=1.448000, ICHANGE=0.000000, OFFERDEPTH=41.000000, PRIMARYDIST=0.000000, LASTVALUE=0.000000, BGONP=0.000000, NEGVALTODAY=0.000000, STARTTIME=95000.000000, LOW=1.440000, BASEPRICE=0.000000, IOPEN=0.000000, LCURRENTPRICE=1.448000, MONSTARTTIME=0.000000, QUOTEBASIS=0.000000, BUYBACKDATE=0.000000, LCLOSEPRICE=0.000000, NEXTCOUPON=0.000000, MONENDTIME=0.000000, HIGHVAL=0.000000, ADMITTEDQUOTE=0.000000, OFFER=1.450000, YIELDATPREVWAPRICE=0.000000, VALTODAY=5446969.000000, SETTLEPRICE=0.000000, PCHANGE=0.000000, LOTSIZE=1000.000000, LOWOFFER=1.436000, ISPERCENT=0.000000, YIELD=0.000000, VOLTODAY=3762000.000000, endtime=95953.000000, MAXOUTVOLUME=0.000000, OPEN=1.449000, CROSSRATE=0.000000, CURRENTVALUE=0.000000, NUMCONTRACTS=0.000000, PREVADMITTEDQUOT=1.448000, COUPONVALUE=0.000000, BIDDEPTH=8.000000, LASTBID=1.446000, DURATION=0.000000, LOWVAL=0.000000, imbalance=0.000000, HIGH=1.459000, YIELDATWAPRICE=0.000000, STEPPRICEPRCL=0.000000, OFFERDEPTHT=2234.000000, VALUE=1446.000000, marketvolb=0.000000, PERCENTRATE=0.000000, MIN_CURR_LAST_TI=183900.000000, auctvalue=0.000000, EXPDATE=0.000000, LASTOFFER=1.450000, QTY=1.000000, COUPONPERIOD=0.000000, CHANGETIME=0.000000, CURSTEPPRICE=0.000000, marketvols=0.000000, SELLDEPO=0.000000, EVNSTARTTIME=0.000000, LOTSIZECHANGEDAT=0.000000, NUMTRADES=473.000000, CLOSEPRICE=0.000000, HIGHBID=1.500000, FACEVALUE=0.000000, PRICEMVTLIMITT1=0.000000, PRICEMVTLIMIT=0.000000, LOPENPRICE=0.000000, LAST=1.446000, BUYPROFIT=0.000000, SELLPROFIT=0.000000, VOLATILITY=0.000000, CLOSETIME=0.000000, PREVWAPRICE=1.447000, PREVLEGALCLOSEPR=1.448000, BUYDEPO=0.000000, TRADECHANGE=0.000000, LASTTOPREVSTLPRC=0.000000, BIDDEPTHT=7755.000000, auctvolume=0.000000, PREVDATE=20191114.000000, ACCRUEDINT=0.000000, NUMOFFERS=107.000000, CHANGE=-0.003000, STRIKE=0.000000, EVNENDTIME=0.000000, BID=1.446000, auctnumtrades=0.000000, TRADINGSTATUS=4.000000, LASTCHANGE=-0.210000, CHNGCLOSE=0.000000, REALVMPRICE=0.000000, CLOSEYIELD=0.000000, TIME=183830.000000, MARG=0.000000, AUCTPRICE=1.448000, STEPPRICE=0.000000, NUMBIDS=260.000000, SETTLECODE=8.000000, OPENVAL=0.000000, OPTIONTYPE=0.000000, BGOP=0.000000, NEGNUMTRADES=0.000000, PRICEMINUSPREVWAPRICE=0.000000, CHNGOPEN=0.000000}
2019-11-15T18:40:31.481193 - RSTIP[TQBR]
#   Total      Size       Bid       Ask      Size     Total
        0                                                 0 
        8         8      1.45      1.45        41        41
       70        62      1.45      1.45        63       104
       81        11      1.44      1.45        10       114
       95        14      1.44      1.45        44       158
      327       232      1.44      1.46         2       160
      378        51      1.44      1.46        13       173
      510       132      1.44      1.46        11       184
      526        16      1.44      1.46        65       249
      547        21      1.44      1.46        41       290
      567        20      1.44      1.46        10       300
      591        24      1.44      1.46         1       301
      610        19      1.44      1.46        14       315
      632        22      1.43      1.47        71       386
      643        11      1.43      1.47        22       408
      744       101      1.43      1.47        54       462
      836        92      1.43      1.47        64       526
      839         3      1.43      1.47        50       576
      841         2      1.43      1.47         6       582
      852        11      1.43      1.48         8       590
      854         2      1.43      1.48        10       600
{OPENPERIODPRICE=0.000000, CLSTATE=0.000000, PRICEMAX=1.813000, ENDTIME=0.000000, STEPPRICET=0.000000, PREVPRICE=1.449000, OPTIONBASE=0.000000, starttime=184001.000000, MIN_CURR_LAST=1.446000, ISSUESIZE=2075149384.000000, STEPPRICECL=0.000000, PRICEMIN=1.083000, PREVLOTSIZE=0.000000, MARKETPRICETODAY=0.000000, BUYBACKPRICE=0.000000, MARKETPRICE2=0.000000, CLPRICE=0.000000, PREVSETTLEPRICE=0.000000, THEORPRICE=0.000000, plannedtime=184001.000000, MARKETPRICE=1.447000, WAPRICE=1.448000, ICHANGE=0.000000, OFFERDEPTH=41.000000, PRIMARYDIST=0.000000, LASTVALUE=0.000000, BGONP=0.000000, NEGVALTODAY=0.000000, STARTTIME=184001.000000, LOW=1.440000, BASEPRICE=0.000000, IOPEN=0.000000, LCURRENTPRICE=1.448000, MONSTARTTIME=0.000000, QUOTEBASIS=0.000000, BUYBACKDATE=0.000000, LCLOSEPRICE=0.000000, NEXTCOUPON=0.000000, MONENDTIME=0.000000, HIGHVAL=0.000000, ADMITTEDQUOTE=0.000000, OFFER=1.450000, YIELDATPREVWAPRICE=0.000000, VALTODAY=5446969.000000, SETTLEPRICE=0.000000, PCHANGE=0.000000, LOTSIZE=1000.000000, LOWOFFER=1.436000, ISPERCENT=0.000000, YIELD=0.000000, VOLTODAY=3762000.000000, endtime=0.000000, MAXOUTVOLUME=0.000000, OPEN=1.449000, CROSSRATE=0.000000, CURRENTVALUE=0.000000, NUMCONTRACTS=0.000000, PREVADMITTEDQUOT=1.448000, COUPONVALUE=0.000000, BIDDEPTH=8.000000, LASTBID=1.446000, DURATION=0.000000, LOWVAL=0.000000, imbalance=0.000000, HIGH=1.459000, YIELDATWAPRICE=0.000000, STEPPRICEPRCL=0.000000, OFFERDEPTHT=2232.000000, VALUE=1446.000000, marketvolb=0.000000, PERCENTRATE=0.000000, MIN_CURR_LAST_TI=183900.000000, auctvalue=0.000000, EXPDATE=0.000000, LASTOFFER=1.450000, QTY=1.000000, COUPONPERIOD=0.000000, CHANGETIME=0.000000, CURSTEPPRICE=0.000000, marketvols=0.000000, SELLDEPO=0.000000, EVNSTARTTIME=0.000000, LOTSIZECHANGEDAT=0.000000, NUMTRADES=473.000000, CLOSEPRICE=0.000000, HIGHBID=1.500000, FACEVALUE=0.000000, PRICEMVTLIMITT1=0.000000, PRICEMVTLIMIT=0.000000, LOPENPRICE=0.000000, LAST=1.446000, BUYPROFIT=0.000000, SELLPROFIT=0.000000, VOLATILITY=0.000000, CLOSETIME=0.000000, PREVWAPRICE=1.447000, PREVLEGALCLOSEPR=1.448000, BUYDEPO=0.000000, TRADECHANGE=0.000000, LASTTOPREVSTLPRC=0.000000, BIDDEPTHT=2502.000000, auctvolume=0.000000, PREVDATE=20191114.000000, ACCRUEDINT=0.000000, NUMOFFERS=105.000000, CHANGE=-0.003000, STRIKE=0.000000, EVNENDTIME=0.000000, BID=1.446000, auctnumtrades=0.000000, TRADINGSTATUS=4.000000, LASTCHANGE=-0.210000, CHNGCLOSE=0.000000, REALVMPRICE=0.000000, CLOSEYIELD=0.000000, TIME=183830.000000, MARG=0.000000, AUCTPRICE=1.448000, STEPPRICE=0.000000, NUMBIDS=159.000000, SETTLECODE=8.000000, OPENVAL=0.000000, OPTIONTYPE=0.000000, BGOP=0.000000, NEGNUMTRADES=0.000000, PRICEMINUSPREVWAPRICE=0.000000, CHNGOPEN=0.000000}
2019-11-15T18:40:32.124442 - RSTIP[TQBR]
#   Total      Size       Bid       Ask      Size     Total
        0                                                 0 
        8         8      1.45      1.45        41        41
       70        62      1.45      1.45        63       104
       81        11      1.44      1.45        10       114
       95        14      1.44      1.45        44       158
      327       232      1.44      1.46         2       160
      378        51      1.44      1.46        13       173
      510       132      1.44      1.46        11       184
      526        16      1.44      1.46        65       249
      547        21      1.44      1.46        41       290
      567        20      1.44      1.46        10       300
      591        24      1.44      1.46        14       314
      610        19      1.44      1.47        71       385
      632        22      1.43      1.47        22       407
      643        11      1.43      1.47        54       461
      744       101      1.43      1.47        64       525
      836        92      1.43      1.47        50       575
      839         3      1.43      1.47         6       581
      841         2      1.43      1.48         8       589
      852        11      1.43      1.48        10       599
      854         2      1.43      1.48       189       788
{OPENPERIODPRICE=0.000000, CLSTATE=0.000000, PRICEMAX=1.813000, ENDTIME=0.000000, STEPPRICET=0.000000, PREVPRICE=1.449000, OPTIONBASE=0.000000, starttime=184001.000000, MIN_CURR_LAST=1.446000, ISSUESIZE=2075149384.000000, STEPPRICECL=0.000000, PRICEMIN=1.083000, PREVLOTSIZE=0.000000, MARKETPRICETODAY=0.000000, BUYBACKPRICE=0.000000, MARKETPRICE2=0.000000, CLPRICE=0.000000, PREVSETTLEPRICE=0.000000, THEORPRICE=0.000000, plannedtime=184001.000000, MARKETPRICE=1.447000, WAPRICE=1.448000, ICHANGE=0.000000, OFFERDEPTH=41.000000, PRIMARYDIST=0.000000, LASTVALUE=0.000000, BGONP=0.000000, NEGVALTODAY=0.000000, STARTTIME=184001.000000, LOW=1.440000, BASEPRICE=0.000000, IOPEN=0.000000, LCURRENTPRICE=1.448000, MONSTARTTIME=0.000000, QUOTEBASIS=0.000000, BUYBACKDATE=0.000000, LCLOSEPRICE=0.000000, NEXTCOUPON=0.000000, MONENDTIME=0.000000, HIGHVAL=0.000000, ADMITTEDQUOTE=0.000000, OFFER=1.450000, YIELDATPREVWAPRICE=0.000000, VALTODAY=5446969.000000, SETTLEPRICE=0.000000, PCHANGE=0.000000, LOTSIZE=1000.000000, LOWOFFER=1.436000, ISPERCENT=0.000000, YIELD=0.000000, VOLTODAY=3762000.000000, endtime=0.000000, MAXOUTVOLUME=0.000000, OPEN=1.449000, CROSSRATE=0.000000, CURRENTVALUE=0.000000, NUMCONTRACTS=0.000000, PREVADMITTEDQUOT=1.448000, COUPONVALUE=0.000000, BIDDEPTH=8.000000, LASTBID=1.446000, DURATION=0.000000, LOWVAL=0.000000, imbalance=0.000000, HIGH=1.459000, YIELDATWAPRICE=0.000000, STEPPRICEPRCL=0.000000, OFFERDEPTHT=2232.000000, VALUE=1446.000000, marketvolb=0.000000, PERCENTRATE=0.000000, MIN_CURR_LAST_TI=183900.000000, auctvalue=0.000000, EXPDATE=0.000000, LASTOFFER=1.450000, QTY=1.000000, COUPONPERIOD=0.000000, CHANGETIME=0.000000, CURSTEPPRICE=0.000000, marketvols=0.000000, SELLDEPO=0.000000, EVNSTARTTIME=0.000000, LOTSIZECHANGEDAT=0.000000, NUMTRADES=473.000000, CLOSEPRICE=0.000000, HIGHBID=1.500000, FACEVALUE=0.000000, PRICEMVTLIMITT1=0.000000, PRICEMVTLIMIT=0.000000, LOPENPRICE=0.000000, LAST=1.446000, BUYPROFIT=0.000000, SELLPROFIT=0.000000, VOLATILITY=0.000000, CLOSETIME=0.000000, PREVWAPRICE=1.447000, PREVLEGALCLOSEPR=1.448000, BUYDEPO=0.000000, TRADECHANGE=0.000000, LASTTOPREVSTLPRC=0.000000, BIDDEPTHT=2502.000000, auctvolume=0.000000, PREVDATE=20191114.000000, ACCRUEDINT=0.000000, NUMOFFERS=105.000000, CHANGE=-0.003000, STRIKE=0.000000, EVNENDTIME=0.000000, BID=1.446000, auctnumtrades=0.000000, TRADINGSTATUS=4.000000, LASTCHANGE=-0.210000, CHNGCLOSE=0.000000, REALVMPRICE=0.000000, CLOSEYIELD=0.000000, TIME=183830.000000, MARG=0.000000, AUCTPRICE=1.448000, STEPPRICE=0.000000, NUMBIDS=159.000000, SETTLECODE=8.000000, OPENVAL=0.000000, OPTIONTYPE=0.000000, BGOP=0.000000, NEGNUMTRADES=0.000000, PRICEMINUSPREVWAPRICE=0.000000, CHNGOPEN=0.000000}
2019-11-15T18:40:33.461722 - RSTIP[TQBR]
#   Total      Size       Bid       Ask      Size     Total
        0                                                 0 
        8         8      1.45      1.45        41        41
       70        62      1.45      1.45        63       104
       81        11      1.44      1.45        10       114
       95        14      1.44      1.45        44       158
      327       232      1.44      1.46         2       160
      378        51      1.44      1.46        13       173
      510       132      1.44      1.46        11       184
      526        16      1.44      1.46        65       249
      547        21      1.44      1.46        41       290
      567        20      1.44      1.46        10       300
      591        24      1.44      1.46        14       314
      610        19      1.44      1.47        71       385
      632        22      1.43      1.47        21       406
      643        11      1.43      1.47        54       460
      744       101      1.43      1.47        64       524
      836        92      1.43      1.47        50       574
      839         3      1.43      1.47         6       580
      841         2      1.43      1.48         8       588
      852        11      1.43      1.48        10       598
      854         2      1.43      1.48       189       787
{OPENPERIODPRICE=0.000000, CLSTATE=0.000000, PRICEMAX=1.813000, ENDTIME=0.000000, STEPPRICET=0.000000, PREVPRICE=1.449000, OPTIONBASE=0.000000, starttime=184001.000000, MIN_CURR_LAST=1.446000, ISSUESIZE=2075149384.000000, STEPPRICECL=0.000000, PRICEMIN=1.083000, PREVLOTSIZE=0.000000, MARKETPRICETODAY=0.000000, BUYBACKPRICE=0.000000, MARKETPRICE2=0.000000, CLPRICE=0.000000, PREVSETTLEPRICE=0.000000, THEORPRICE=0.000000, plannedtime=184001.000000, MARKETPRICE=1.447000, WAPRICE=1.448000, ICHANGE=0.000000, OFFERDEPTH=41.000000, PRIMARYDIST=0.000000, LASTVALUE=0.000000, BGONP=0.000000, NEGVALTODAY=0.000000, STARTTIME=184001.000000, LOW=1.440000, BASEPRICE=0.000000, IOPEN=0.000000, LCURRENTPRICE=1.448000, MONSTARTTIME=0.000000, QUOTEBASIS=0.000000, BUYBACKDATE=0.000000, LCLOSEPRICE=0.000000, NEXTCOUPON=0.000000, MONENDTIME=0.000000, HIGHVAL=0.000000, ADMITTEDQUOTE=0.000000, OFFER=1.450000, YIELDATPREVWAPRICE=0.000000, VALTODAY=5446969.000000, SETTLEPRICE=0.000000, PCHANGE=0.000000, LOTSIZE=1000.000000, LOWOFFER=1.436000, ISPERCENT=0.000000, YIELD=0.000000, VOLTODAY=3762000.000000, endtime=0.000000, MAXOUTVOLUME=0.000000, OPEN=1.449000, CROSSRATE=0.000000, CURRENTVALUE=0.000000, NUMCONTRACTS=0.000000, PREVADMITTEDQUOT=1.448000, COUPONVALUE=0.000000, BIDDEPTH=8.000000, LASTBID=1.446000, DURATION=0.000000, LOWVAL=0.000000, imbalance=0.000000, HIGH=1.459000, YIELDATWAPRICE=0.000000, STEPPRICEPRCL=0.000000, OFFERDEPTHT=2229.000000, VALUE=1446.000000, marketvolb=0.000000, PERCENTRATE=0.000000, MIN_CURR_LAST_TI=183900.000000, auctvalue=0.000000, EXPDATE=0.000000, LASTOFFER=1.450000, QTY=1.000000, COUPONPERIOD=0.000000, CHANGETIME=0.000000, CURSTEPPRICE=0.000000, marketvols=0.000000, SELLDEPO=0.000000, EVNSTARTTIME=0.000000, LOTSIZECHANGEDAT=0.000000, NUMTRADES=473.000000, CLOSEPRICE=0.000000, HIGHBID=1.500000, FACEVALUE=0.000000, PRICEMVTLIMITT1=0.000000, PRICEMVTLIMIT=0.000000, LOPENPRICE=0.000000, LAST=1.446000, BUYPROFIT=0.000000, SELLPROFIT=0.000000, VOLATILITY=0.000000, CLOSETIME=0.000000, PREVWAPRICE=1.447000, PREVLEGALCLOSEPR=1.448000, BUYDEPO=0.000000, TRADECHANGE=0.000000, LASTTOPREVSTLPRC=0.000000, BIDDEPTHT=2502.000000, auctvolume=0.000000, PREVDATE=20191114.000000, ACCRUEDINT=0.000000, NUMOFFERS=102.000000, CHANGE=-0.003000, STRIKE=0.000000, EVNENDTIME=0.000000, BID=1.446000, auctnumtrades=0.000000, TRADINGSTATUS=4.000000, LASTCHANGE=-0.210000, CHNGCLOSE=0.000000, REALVMPRICE=0.000000, CLOSEYIELD=0.000000, TIME=183830.000000, MARG=0.000000, AUCTPRICE=1.448000, STEPPRICE=0.000000, NUMBIDS=159.000000, SETTLECODE=8.000000, OPENVAL=0.000000, OPTIONTYPE=0.000000, BGOP=0.000000, NEGNUMTRADES=0.000000, PRICEMINUSPREVWAPRICE=0.000000, CHNGOPEN=0.000000}
2019-11-15T18:40:42.626344 - RSTIP[TQBR]
#   Total      Size       Bid       Ask      Size     Total
        0                                                 0 
        8         8      1.45      1.45        41        41
       70        62      1.45      1.45        63       104
       81        11      1.44      1.45        10       114
       95        14      1.44      1.45        44       158
      327       232      1.44      1.46         2       160
      377        50      1.44      1.46        13       173
      509       132      1.44      1.46        11       184
      525        16      1.44      1.46        65       249
      546        21      1.44      1.46        41       290
      566        20      1.44      1.46        10       300
      590        24      1.44      1.46        14       314
      609        19      1.44      1.47        71       385
      631        22      1.43      1.47        21       406
      642        11      1.43      1.47        54       460
      743       101      1.43      1.47        64       524
      835        92      1.43      1.47        50       574
      838         3      1.43      1.47         6       580
      840         2      1.43      1.48         8       588
      851        11      1.43      1.48        10       598
      853         2      1.43      1.48       189       787
{OPENPERIODPRICE=0.000000, CLSTATE=0.000000, PRICEMAX=1.813000, ENDTIME=0.000000, STEPPRICET=0.000000, PREVPRICE=1.449000, OPTIONBASE=0.000000, starttime=184001.000000, MIN_CURR_LAST=1.446000, ISSUESIZE=2075149384.000000, STEPPRICECL=0.000000, PRICEMIN=1.083000, PREVLOTSIZE=0.000000, MARKETPRICETODAY=0.000000, BUYBACKPRICE=0.000000, MARKETPRICE2=0.000000, CLPRICE=0.000000, PREVSETTLEPRICE=0.000000, THEORPRICE=0.000000, plannedtime=184001.000000, MARKETPRICE=1.447000, WAPRICE=1.448000, ICHANGE=0.000000, OFFERDEPTH=41.000000, PRIMARYDIST=0.000000, LASTVALUE=0.000000, BGONP=0.000000, NEGVALTODAY=0.000000, STARTTIME=184001.000000, LOW=1.440000, BASEPRICE=0.000000, IOPEN=0.000000, LCURRENTPRICE=1.448000, MONSTARTTIME=0.000000, QUOTEBASIS=0.000000, BUYBACKDATE=0.000000, LCLOSEPRICE=0.000000, NEXTCOUPON=0.000000, MONENDTIME=0.000000, HIGHVAL=0.000000, ADMITTEDQUOTE=0.000000, OFFER=1.450000, YIELDATPREVWAPRICE=0.000000, VALTODAY=5446969.000000, SETTLEPRICE=0.000000, PCHANGE=0.000000, LOTSIZE=1000.000000, LOWOFFER=1.436000, ISPERCENT=0.000000, YIELD=0.000000, VOLTODAY=3762000.000000, endtime=0.000000, MAXOUTVOLUME=0.000000, OPEN=1.449000, CROSSRATE=0.000000, CURRENTVALUE=0.000000, NUMCONTRACTS=0.000000, PREVADMITTEDQUOT=1.448000, COUPONVALUE=0.000000, BIDDEPTH=8.000000, LASTBID=1.446000, DURATION=0.000000, LOWVAL=0.000000, imbalance=0.000000, HIGH=1.459000, YIELDATWAPRICE=0.000000, STEPPRICEPRCL=0.000000, OFFERDEPTHT=2227.000000, VALUE=1446.000000, marketvolb=0.000000, PERCENTRATE=0.000000, MIN_CURR_LAST_TI=183900.000000, auctvalue=0.000000, EXPDATE=0.000000, LASTOFFER=1.450000, QTY=1.000000, COUPONPERIOD=0.000000, CHANGETIME=0.000000, CURSTEPPRICE=0.000000, marketvols=0.000000, SELLDEPO=0.000000, EVNSTARTTIME=0.000000, LOTSIZECHANGEDAT=0.000000, NUMTRADES=473.000000, CLOSEPRICE=0.000000, HIGHBID=1.500000, FACEVALUE=0.000000, PRICEMVTLIMITT1=0.000000, PRICEMVTLIMIT=0.000000, LOPENPRICE=0.000000, LAST=1.446000, BUYPROFIT=0.000000, SELLPROFIT=0.000000, VOLATILITY=0.000000, CLOSETIME=0.000000, PREVWAPRICE=1.447000, PREVLEGALCLOSEPR=1.448000, BUYDEPO=0.000000, TRADECHANGE=0.000000, LASTTOPREVSTLPRC=0.000000, BIDDEPTHT=2502.000000, auctvolume=0.000000, PREVDATE=20191114.000000, ACCRUEDINT=0.000000, NUMOFFERS=100.000000, CHANGE=-0.003000, STRIKE=0.000000, EVNENDTIME=0.000000, BID=1.446000, auctnumtrades=0.000000, TRADINGSTATUS=4.000000, LASTCHANGE=-0.210000, CHNGCLOSE=0.000000, REALVMPRICE=0.000000, CLOSEYIELD=0.000000, TIME=183830.000000, MARG=0.000000, AUCTPRICE=1.448000, STEPPRICE=0.000000, NUMBIDS=159.000000, SETTLECODE=8.000000, OPENVAL=0.000000, OPTIONTYPE=0.000000, BGOP=0.000000, NEGNUMTRADES=0.000000, PRICEMINUSPREVWAPRICE=0.000000, CHNGOPEN=0.000000}
2019-11-15T18:43:36.149825 - RSTIP[TQBR]
#   Total      Size       Bid       Ask      Size     Total
        0                                                 0 
        8         8      1.45      1.45        41        41
       70        62      1.45      1.45        63       104
      181       111      1.44      1.45        10       114
      195        14      1.44      1.45        44       158
      427       232      1.44      1.46         2       160
      477        50      1.44      1.46        13       173
      509        32      1.44      1.46        11       184
      525        16      1.44      1.46        65       249
      546        21      1.44      1.46        41       290
      566        20      1.44      1.46        10       300
      590        24      1.44      1.46        14       314
      609        19      1.44      1.47        71       385
      631        22      1.43      1.47        21       406
      642        11      1.43      1.47        54       460
      743       101      1.43      1.47        64       524
      835        92      1.43      1.47        50       574
      838         3      1.43      1.47         6       580
      840         2      1.43      1.48         8       588
      851        11      1.43      1.48        10       598
      853         2      1.43      1.48       189       787
{OPENPERIODPRICE=0.000000, CLSTATE=0.000000, PRICEMAX=1.813000, ENDTIME=0.000000, STEPPRICET=0.000000, PREVPRICE=1.449000, OPTIONBASE=0.000000, starttime=184001.000000, MIN_CURR_LAST=1.446000, ISSUESIZE=2075149384.000000, STEPPRICECL=0.000000, PRICEMIN=1.083000, PREVLOTSIZE=0.000000, MARKETPRICETODAY=0.000000, BUYBACKPRICE=0.000000, MARKETPRICE2=0.000000, CLPRICE=0.000000, PREVSETTLEPRICE=0.000000, THEORPRICE=0.000000, plannedtime=184001.000000, MARKETPRICE=1.447000, WAPRICE=1.448000, ICHANGE=0.000000, OFFERDEPTH=41.000000, PRIMARYDIST=0.000000, LASTVALUE=0.000000, BGONP=0.000000, NEGVALTODAY=0.000000, STARTTIME=184001.000000, LOW=1.440000, BASEPRICE=0.000000, IOPEN=0.000000, LCURRENTPRICE=1.448000, MONSTARTTIME=0.000000, QUOTEBASIS=0.000000, BUYBACKDATE=0.000000, LCLOSEPRICE=0.000000, NEXTCOUPON=0.000000, MONENDTIME=0.000000, HIGHVAL=0.000000, ADMITTEDQUOTE=0.000000, OFFER=1.450000, YIELDATPREVWAPRICE=0.000000, VALTODAY=5446969.000000, SETTLEPRICE=0.000000, PCHANGE=0.000000, LOTSIZE=1000.000000, LOWOFFER=1.436000, ISPERCENT=0.000000, YIELD=0.000000, VOLTODAY=3762000.000000, endtime=0.000000, MAXOUTVOLUME=0.000000, OPEN=1.449000, CROSSRATE=0.000000, CURRENTVALUE=0.000000, NUMCONTRACTS=0.000000, PREVADMITTEDQUOT=1.448000, COUPONVALUE=0.000000, BIDDEPTH=8.000000, LASTBID=1.446000, DURATION=0.000000, LOWVAL=0.000000, imbalance=0.000000, HIGH=1.459000, YIELDATWAPRICE=0.000000, STEPPRICEPRCL=0.000000, OFFERDEPTHT=2227.000000, VALUE=1446.000000, marketvolb=0.000000, PERCENTRATE=0.000000, MIN_CURR_LAST_TI=183900.000000, auctvalue=0.000000, EXPDATE=0.000000, LASTOFFER=1.450000, QTY=1.000000, COUPONPERIOD=0.000000, CHANGETIME=0.000000, CURSTEPPRICE=0.000000, marketvols=0.000000, SELLDEPO=0.000000, EVNSTARTTIME=0.000000, LOTSIZECHANGEDAT=0.000000, NUMTRADES=473.000000, CLOSEPRICE=0.000000, HIGHBID=1.500000, FACEVALUE=0.000000, PRICEMVTLIMITT1=0.000000, PRICEMVTLIMIT=0.000000, LOPENPRICE=0.000000, LAST=1.446000, BUYPROFIT=0.000000, SELLPROFIT=0.000000, VOLATILITY=0.000000, CLOSETIME=0.000000, PREVWAPRICE=1.447000, PREVLEGALCLOSEPR=1.448000, BUYDEPO=0.000000, TRADECHANGE=0.000000, LASTTOPREVSTLPRC=0.000000, BIDDEPTHT=2501.000000, auctvolume=0.000000, PREVDATE=20191114.000000, ACCRUEDINT=0.000000, NUMOFFERS=100.000000, CHANGE=-0.003000, STRIKE=0.000000, EVNENDTIME=0.000000, BID=1.446000, auctnumtrades=0.000000, TRADINGSTATUS=4.000000, LASTCHANGE=-0.210000, CHNGCLOSE=0.000000, REALVMPRICE=0.000000, CLOSEYIELD=0.000000, TIME=183830.000000, MARG=0.000000, AUCTPRICE=1.448000, STEPPRICE=0.000000, NUMBIDS=158.000000, SETTLECODE=8.000000, OPENVAL=0.000000, OPTIONTYPE=0.000000, BGOP=0.000000, NEGNUMTRADES=0.000000, PRICEMINUSPREVWAPRICE=0.000000, CHNGOPEN=0.000000}
2019-11-15T18:43:36.170615 - RSTIP[TQBR]
#   Total      Size       Bid       Ask      Size     Total
        0                                                 0 
        8         8      1.45      1.45        41        41
       70        62      1.45      1.45        63       104
      181       111      1.44      1.45        10       114
      195        14      1.44      1.45        44       158
      427       232      1.44      1.46         2       160
      477        50      1.44      1.46        13       173
      509        32      1.44      1.46        11       184
      525        16      1.44      1.46        65       249
      546        21      1.44      1.46        41       290
      566        20      1.44      1.46        10       300
      591        25      1.44      1.46        14       314
      610        19      1.44      1.47        71       385
      632        22      1.43      1.47        21       406
      643        11      1.43      1.47        54       460
      744       101      1.43      1.47        64       524
      836        92      1.43      1.47        50       574
      839         3      1.43      1.47         6       580
      841         2      1.43      1.48         8       588
      852        11      1.43      1.48        10       598
      854         2      1.43      1.48       189       787
{OPENPERIODPRICE=0.000000, CLSTATE=0.000000, PRICEMAX=1.813000, ENDTIME=0.000000, STEPPRICET=0.000000, PREVPRICE=1.449000, OPTIONBASE=0.000000, starttime=184001.000000, MIN_CURR_LAST=1.446000, ISSUESIZE=2075149384.000000, STEPPRICECL=0.000000, PRICEMIN=1.083000, PREVLOTSIZE=0.000000, MARKETPRICETODAY=0.000000, BUYBACKPRICE=0.000000, MARKETPRICE2=0.000000, CLPRICE=0.000000, PREVSETTLEPRICE=0.000000, THEORPRICE=0.000000, plannedtime=184001.000000, MARKETPRICE=1.447000, WAPRICE=1.448000, ICHANGE=0.000000, OFFERDEPTH=41.000000, PRIMARYDIST=0.000000, LASTVALUE=0.000000, BGONP=0.000000, NEGVALTODAY=0.000000, STARTTIME=184001.000000, LOW=1.440000, BASEPRICE=0.000000, IOPEN=0.000000, LCURRENTPRICE=1.448000, MONSTARTTIME=0.000000, QUOTEBASIS=0.000000, BUYBACKDATE=0.000000, LCLOSEPRICE=0.000000, NEXTCOUPON=0.000000, MONENDTIME=0.000000, HIGHVAL=0.000000, ADMITTEDQUOTE=0.000000, OFFER=1.450000, YIELDATPREVWAPRICE=0.000000, VALTODAY=5446969.000000, SETTLEPRICE=0.000000, PCHANGE=0.000000, LOTSIZE=1000.000000, LOWOFFER=1.436000, ISPERCENT=0.000000, YIELD=0.000000, VOLTODAY=3762000.000000, endtime=0.000000, MAXOUTVOLUME=0.000000, OPEN=1.449000, CROSSRATE=0.000000, CURRENTVALUE=0.000000, NUMCONTRACTS=0.000000, PREVADMITTEDQUOT=1.448000, COUPONVALUE=0.000000, BIDDEPTH=8.000000, LASTBID=1.446000, DURATION=0.000000, LOWVAL=0.000000, imbalance=0.000000, HIGH=1.459000, YIELDATWAPRICE=0.000000, STEPPRICEPRCL=0.000000, OFFERDEPTHT=2227.000000, VALUE=1446.000000, marketvolb=0.000000, PERCENTRATE=0.000000, MIN_CURR_LAST_TI=183900.000000, auctvalue=0.000000, EXPDATE=0.000000, LASTOFFER=1.450000, QTY=1.000000, COUPONPERIOD=0.000000, CHANGETIME=0.000000, CURSTEPPRICE=0.000000, marketvols=0.000000, SELLDEPO=0.000000, EVNSTARTTIME=0.000000, LOTSIZECHANGEDAT=0.000000, NUMTRADES=473.000000, CLOSEPRICE=0.000000, HIGHBID=1.500000, FACEVALUE=0.000000, PRICEMVTLIMITT1=0.000000, PRICEMVTLIMIT=0.000000, LOPENPRICE=0.000000, LAST=1.446000, BUYPROFIT=0.000000, SELLPROFIT=0.000000, VOLATILITY=0.000000, CLOSETIME=0.000000, PREVWAPRICE=1.447000, PREVLEGALCLOSEPR=1.448000, BUYDEPO=0.000000, TRADECHANGE=0.000000, LASTTOPREVSTLPRC=0.000000, BIDDEPTHT=2501.000000, auctvolume=0.000000, PREVDATE=20191114.000000, ACCRUEDINT=0.000000, NUMOFFERS=100.000000, CHANGE=-0.003000, STRIKE=0.000000, EVNENDTIME=0.000000, BID=1.446000, auctnumtrades=0.000000, TRADINGSTATUS=4.000000, LASTCHANGE=-0.210000, CHNGCLOSE=0.000000, REALVMPRICE=0.000000, CLOSEYIELD=0.000000, TIME=183830.000000, MARG=0.000000, AUCTPRICE=1.448000, STEPPRICE=0.000000, NUMBIDS=158.000000, SETTLECODE=8.000000, OPENVAL=0.000000, OPTIONTYPE=0.000000, BGOP=0.000000, NEGNUMTRADES=0.000000, PRICEMINUSPREVWAPRICE=0.000000, CHNGOPEN=0.000000}
2019-11-15T18:45:37.667401 - RSTIP[TQBR]
#   Total      Size       Bid       Ask      Size     Total
        0                                                 0 
        8         8      1.45      1.45        41        41
       70        62      1.45      1.45        63       104
      181       111      1.44      1.45        10       114
      195        14      1.44      1.45        44       158
      417       222      1.44      1.46         2       160
      467        50      1.44      1.46        13       173
      499        32      1.44      1.46        11       184
      515        16      1.44      1.46        65       249
      536        21      1.44      1.46        41       290
      556        20      1.44      1.46        10       300
      581        25      1.44      1.46        14       314
      600        19      1.44      1.47        71       385
      622        22      1.43      1.47        21       406
      633        11      1.43      1.47        54       460
      734       101      1.43      1.47        64       524
      826        92      1.43      1.47        50       574
      829         3      1.43      1.47         6       580
      831         2      1.43      1.48         8       588
      842        11      1.43      1.48        10       598
      844         2      1.43      1.48       189       787
{OPENPERIODPRICE=0.000000, CLSTATE=0.000000, PRICEMAX=1.813000, ENDTIME=0.000000, STEPPRICET=0.000000, PREVPRICE=1.449000, OPTIONBASE=0.000000, starttime=184001.000000, MIN_CURR_LAST=1.446000, ISSUESIZE=2075149384.000000, STEPPRICECL=0.000000, PRICEMIN=1.083000, PREVLOTSIZE=0.000000, MARKETPRICETODAY=0.000000, BUYBACKPRICE=0.000000, MARKETPRICE2=0.000000, CLPRICE=0.000000, PREVSETTLEPRICE=0.000000, THEORPRICE=0.000000, plannedtime=184001.000000, MARKETPRICE=1.447000, WAPRICE=1.448000, ICHANGE=0.000000, OFFERDEPTH=41.000000, PRIMARYDIST=0.000000, LASTVALUE=0.000000, BGONP=0.000000, NEGVALTODAY=0.000000, STARTTIME=184001.000000, LOW=1.440000, BASEPRICE=0.000000, IOPEN=0.000000, LCURRENTPRICE=1.448000, MONSTARTTIME=0.000000, QUOTEBASIS=0.000000, BUYBACKDATE=0.000000, LCLOSEPRICE=0.000000, NEXTCOUPON=0.000000, MONENDTIME=0.000000, HIGHVAL=0.000000, ADMITTEDQUOTE=0.000000, OFFER=1.450000, YIELDATPREVWAPRICE=0.000000, VALTODAY=5446969.000000, SETTLEPRICE=0.000000, PCHANGE=0.000000, LOTSIZE=1000.000000, LOWOFFER=1.436000, ISPERCENT=0.000000, YIELD=0.000000, VOLTODAY=3762000.000000, endtime=0.000000, MAXOUTVOLUME=0.000000, OPEN=1.449000, CROSSRATE=0.000000, CURRENTVALUE=0.000000, NUMCONTRACTS=0.000000, PREVADMITTEDQUOT=1.448000, COUPONVALUE=0.000000, BIDDEPTH=8.000000, LASTBID=1.446000, DURATION=0.000000, LOWVAL=0.000000, imbalance=0.000000, HIGH=1.459000, YIELDATWAPRICE=0.000000, STEPPRICEPRCL=0.000000, OFFERDEPTHT=2227.000000, VALUE=1446.000000, marketvolb=0.000000, PERCENTRATE=0.000000, MIN_CURR_LAST_TI=183900.000000, auctvalue=0.000000, EXPDATE=0.000000, LASTOFFER=1.450000, QTY=1.000000, COUPONPERIOD=0.000000, CHANGETIME=0.000000, CURSTEPPRICE=0.000000, marketvols=0.000000, SELLDEPO=0.000000, EVNSTARTTIME=0.000000, LOTSIZECHANGEDAT=0.000000, NUMTRADES=473.000000, CLOSEPRICE=0.000000, HIGHBID=1.500000, FACEVALUE=0.000000, PRICEMVTLIMITT1=0.000000, PRICEMVTLIMIT=0.000000, LOPENPRICE=0.000000, LAST=1.446000, BUYPROFIT=0.000000, SELLPROFIT=0.000000, VOLATILITY=0.000000, CLOSETIME=0.000000, PREVWAPRICE=1.447000, PREVLEGALCLOSEPR=1.448000, BUYDEPO=0.000000, TRADECHANGE=0.000000, LASTTOPREVSTLPRC=0.000000, BIDDEPTHT=2492.000000, auctvolume=0.000000, PREVDATE=20191114.000000, ACCRUEDINT=0.000000, NUMOFFERS=100.000000, CHANGE=-0.003000, STRIKE=0.000000, EVNENDTIME=0.000000, BID=1.446000, auctnumtrades=0.000000, TRADINGSTATUS=4.000000, LASTCHANGE=-0.210000, CHNGCLOSE=0.000000, REALVMPRICE=0.000000, CLOSEYIELD=0.000000, TIME=183830.000000, MARG=0.000000, AUCTPRICE=1.448000, STEPPRICE=0.000000, NUMBIDS=158.000000, SETTLECODE=8.000000, OPENVAL=0.000000, OPTIONTYPE=0.000000, BGOP=0.000000, NEGNUMTRADES=0.000000, PRICEMINUSPREVWAPRICE=0.000000, CHNGOPEN=0.000000}
2019-11-15T18:47:21.192823 - RSTIP[TQBR]
#   Total      Size       Bid       Ask      Size     Total
        0                                                 0 
        8         8      1.45      1.45        41        41
       70        62      1.45      1.45        63       104
      181       111      1.44      1.45        10       114
      195        14      1.44      1.45        44       158
      417       222      1.44      1.46         2       160
      467        50      1.44      1.46        13       173
      499        32      1.44      1.46        11       184
      515        16      1.44      1.46        34       218
      536        21      1.44      1.46        41       259
      556        20      1.44      1.46        10       269
      581        25      1.44      1.46        14       283
      600        19      1.44      1.47        71       354
      622        22      1.43      1.47        21       375
      633        11      1.43      1.47        54       429
      734       101      1.43      1.47        64       493
      826        92      1.43      1.47        50       543
      829         3      1.43      1.47         6       549
      831         2      1.43      1.48         8       557
      842        11      1.43      1.48        10       567
      844         2      1.43      1.48       189       756
{OPENPERIODPRICE=0.000000, CLSTATE=0.000000, PRICEMAX=1.813000, ENDTIME=0.000000, STEPPRICET=0.000000, PREVPRICE=1.449000, OPTIONBASE=0.000000, starttime=184001.000000, MIN_CURR_LAST=1.446000, ISSUESIZE=2075149384.000000, STEPPRICECL=0.000000, PRICEMIN=1.083000, PREVLOTSIZE=0.000000, MARKETPRICETODAY=0.000000, BUYBACKPRICE=0.000000, MARKETPRICE2=0.000000, CLPRICE=0.000000, PREVSETTLEPRICE=0.000000, THEORPRICE=0.000000, plannedtime=184001.000000, MARKETPRICE=1.447000, WAPRICE=1.448000, ICHANGE=0.000000, OFFERDEPTH=41.000000, PRIMARYDIST=0.000000, LASTVALUE=0.000000, BGONP=0.000000, NEGVALTODAY=0.000000, STARTTIME=184001.000000, LOW=1.440000, BASEPRICE=0.000000, IOPEN=0.000000, LCURRENTPRICE=1.448000, MONSTARTTIME=0.000000, QUOTEBASIS=0.000000, BUYBACKDATE=0.000000, LCLOSEPRICE=0.000000, NEXTCOUPON=0.000000, MONENDTIME=0.000000, HIGHVAL=0.000000, ADMITTEDQUOTE=0.000000, OFFER=1.450000, YIELDATPREVWAPRICE=0.000000, VALTODAY=5446969.000000, SETTLEPRICE=0.000000, PCHANGE=0.000000, LOTSIZE=1000.000000, LOWOFFER=1.436000, ISPERCENT=0.000000, YIELD=0.000000, VOLTODAY=3762000.000000, endtime=0.000000, MAXOUTVOLUME=0.000000, OPEN=1.449000, CROSSRATE=0.000000, CURRENTVALUE=0.000000, NUMCONTRACTS=0.000000, PREVADMITTEDQUOT=1.448000, COUPONVALUE=0.000000, BIDDEPTH=8.000000, LASTBID=1.446000, DURATION=0.000000, LOWVAL=0.000000, imbalance=0.000000, HIGH=1.459000, YIELDATWAPRICE=0.000000, STEPPRICEPRCL=0.000000, OFFERDEPTHT=2227.000000, VALUE=1446.000000, marketvolb=0.000000, PERCENTRATE=0.000000, MIN_CURR_LAST_TI=183900.000000, auctvalue=0.000000, EXPDATE=0.000000, LASTOFFER=1.450000, QTY=1.000000, COUPONPERIOD=0.000000, CHANGETIME=0.000000, CURSTEPPRICE=0.000000, marketvols=0.000000, SELLDEPO=0.000000, EVNSTARTTIME=0.000000, LOTSIZECHANGEDAT=0.000000, NUMTRADES=473.000000, CLOSEPRICE=0.000000, HIGHBID=1.500000, FACEVALUE=0.000000, PRICEMVTLIMITT1=0.000000, PRICEMVTLIMIT=0.000000, LOPENPRICE=0.000000, LAST=1.446000, BUYPROFIT=0.000000, SELLPROFIT=0.000000, VOLATILITY=0.000000, CLOSETIME=0.000000, PREVWAPRICE=1.447000, PREVLEGALCLOSEPR=1.448000, BUYDEPO=0.000000, TRADECHANGE=0.000000, LASTTOPREVSTLPRC=0.000000, BIDDEPTHT=2489.000000, auctvolume=0.000000, PREVDATE=20191114.000000, ACCRUEDINT=0.000000, NUMOFFERS=100.000000, CHANGE=-0.003000, STRIKE=0.000000, EVNENDTIME=0.000000, BID=1.446000, auctnumtrades=0.000000, TRADINGSTATUS=4.000000, LASTCHANGE=-0.210000, CHNGCLOSE=0.000000, REALVMPRICE=0.000000, CLOSEYIELD=0.000000, TIME=183830.000000, MARG=0.000000, AUCTPRICE=1.448000, STEPPRICE=0.000000, NUMBIDS=157.000000, SETTLECODE=8.000000, OPENVAL=0.000000, OPTIONTYPE=0.000000, BGOP=0.000000, NEGNUMTRADES=0.000000, PRICEMINUSPREVWAPRICE=0.000000, CHNGOPEN=0.000000}
2019-11-15T18:47:29.279819 - RSTIP[TQBR]
#   Total      Size       Bid       Ask      Size     Total
        0                                                 0 
        8         8      1.45      1.45        31        31
       70        62      1.45      1.45        41        72
      181       111      1.44      1.45        63       135
      195        14      1.44      1.45        10       145
      417       222      1.44      1.45        44       189
      467        50      1.44      1.46         2       191
      499        32      1.44      1.46        13       204
      515        16      1.44      1.46        11       215
      536        21      1.44      1.46        34       249
      556        20      1.44      1.46        41       290
      581        25      1.44      1.46        10       300
      600        19      1.44      1.46        14       314
      622        22      1.43      1.47        71       385
      633        11      1.43      1.47        21       406
      734       101      1.43      1.47        54       460
      826        92      1.43      1.47        64       524
      829         3      1.43      1.47        50       574
      831         2      1.43      1.47         6       580
      842        11      1.43      1.48         8       588
      844         2      1.43      1.48        10       598
Calculation info: Price      1.45; Imbalance: -23; Total bids: 8, Total asks: 31; 
               Field               SERVER               TOP-20
    AuctionPrice,RUB                 1.45                1.45
       AuctionVolume                    8                   8
       LastPrice,RUB                 1.45                1.45
          MarketBids                    0                   0
          MarketAsks                    0                   0
         Imbalance,%                                  -287.50
        MarketBids:%                0.000               0.000
        MarketAsks:%                0.000               0.000
      TotalValue:RUB            11568.000           11568.000
  AuctionPriceDiff,%                0.000               0.000
Matched calculation!
{OPENPERIODPRICE=0.000000, CLSTATE=0.000000, PRICEMAX=1.813000, ENDTIME=0.000000, STEPPRICET=0.000000, PREVPRICE=1.449000, OPTIONBASE=0.000000, starttime=184001.000000, MIN_CURR_LAST=1.446000, ISSUESIZE=2075149384.000000, STEPPRICECL=0.000000, PRICEMIN=1.083000, PREVLOTSIZE=0.000000, MARKETPRICETODAY=0.000000, BUYBACKPRICE=0.000000, MARKETPRICE2=0.000000, CLPRICE=0.000000, PREVSETTLEPRICE=0.000000, THEORPRICE=0.000000, plannedtime=184001.000000, MARKETPRICE=1.447000, WAPRICE=1.448000, ICHANGE=0.000000, OFFERDEPTH=31.000000, PRIMARYDIST=0.000000, LASTVALUE=0.000000, BGONP=0.000000, NEGVALTODAY=0.000000, STARTTIME=184001.000000, LOW=1.440000, BASEPRICE=0.000000, IOPEN=0.000000, LCURRENTPRICE=1.448000, MONSTARTTIME=0.000000, QUOTEBASIS=0.000000, BUYBACKDATE=0.000000, LCLOSEPRICE=0.000000, NEXTCOUPON=0.000000, MONENDTIME=0.000000, HIGHVAL=0.000000, ADMITTEDQUOTE=0.000000, OFFER=1.446000, YIELDATPREVWAPRICE=0.000000, VALTODAY=5446969.000000, SETTLEPRICE=0.000000, PCHANGE=0.000000, LOTSIZE=1000.000000, LOWOFFER=1.436000, ISPERCENT=0.000000, YIELD=0.000000, VOLTODAY=3762000.000000, endtime=0.000000, MAXOUTVOLUME=0.000000, OPEN=1.449000, CROSSRATE=0.000000, CURRENTVALUE=0.000000, NUMCONTRACTS=0.000000, PREVADMITTEDQUOT=1.448000, COUPONVALUE=0.000000, BIDDEPTH=8.000000, LASTBID=1.446000, DURATION=0.000000, LOWVAL=0.000000, imbalance=0.000000, HIGH=1.459000, YIELDATWAPRICE=0.000000, STEPPRICEPRCL=0.000000, OFFERDEPTHT=2196.000000, VALUE=1446.000000, marketvolb=0.000000, PERCENTRATE=0.000000, MIN_CURR_LAST_TI=183900.000000, auctvalue=11568.000000, EXPDATE=0.000000, LASTOFFER=1.450000, QTY=1.000000, COUPONPERIOD=0.000000, CHANGETIME=0.000000, CURSTEPPRICE=0.000000, marketvols=0.000000, SELLDEPO=0.000000, EVNSTARTTIME=0.000000, LOTSIZECHANGEDAT=0.000000, NUMTRADES=473.000000, CLOSEPRICE=0.000000, HIGHBID=1.500000, FACEVALUE=0.000000, PRICEMVTLIMITT1=0.000000, PRICEMVTLIMIT=0.000000, LOPENPRICE=0.000000, LAST=1.446000, BUYPROFIT=0.000000, SELLPROFIT=0.000000, VOLATILITY=0.000000, CLOSETIME=0.000000, PREVWAPRICE=1.447000, PREVLEGALCLOSEPR=1.448000, BUYDEPO=0.000000, TRADECHANGE=0.000000, LASTTOPREVSTLPRC=0.000000, BIDDEPTHT=2489.000000, auctvolume=8000.000000, PREVDATE=20191114.000000, ACCRUEDINT=0.000000, NUMOFFERS=99.000000, CHANGE=-0.003000, STRIKE=0.000000, EVNENDTIME=0.000000, BID=1.446000, auctnumtrades=0.000000, TRADINGSTATUS=4.000000, LASTCHANGE=-0.210000, CHNGCLOSE=0.000000, REALVMPRICE=0.000000, CLOSEYIELD=0.000000, TIME=183830.000000, MARG=0.000000, AUCTPRICE=1.446000, STEPPRICE=0.000000, NUMBIDS=157.000000, SETTLECODE=8.000000, OPENVAL=0.000000, OPTIONTYPE=0.000000, BGOP=0.000000, NEGNUMTRADES=0.000000, PRICEMINUSPREVWAPRICE=0.000000, CHNGOPEN=0.000000}
2019-11-15T18:47:57.990145 - RSTIP[TQBR]
#   Total      Size       Bid       Ask      Size     Total
        0                                                 0 
                                    1.45        23        23
{OPENPERIODPRICE=0.000000, CLSTATE=0.000000, PRICEMAX=1.813000, ENDTIME=0.000000, STEPPRICET=0.000000, PREVPRICE=1.449000, OPTIONBASE=0.000000, starttime=184001.000000, MIN_CURR_LAST=1.446000, ISSUESIZE=2075149384.000000, STEPPRICECL=0.000000, PRICEMIN=1.083000, PREVLOTSIZE=0.000000, MARKETPRICETODAY=0.000000, BUYBACKPRICE=0.000000, MARKETPRICE2=0.000000, CLPRICE=0.000000, PREVSETTLEPRICE=0.000000, THEORPRICE=0.000000, plannedtime=184001.000000, MARKETPRICE=1.447000, WAPRICE=1.448000, ICHANGE=0.000000, OFFERDEPTH=31.000000, PRIMARYDIST=0.000000, LASTVALUE=0.000000, BGONP=0.000000, NEGVALTODAY=0.000000, STARTTIME=184001.000000, LOW=1.440000, BASEPRICE=0.000000, IOPEN=0.000000, LCURRENTPRICE=1.448000, MONSTARTTIME=0.000000, QUOTEBASIS=0.000000, BUYBACKDATE=0.000000, LCLOSEPRICE=0.000000, NEXTCOUPON=0.000000, MONENDTIME=0.000000, HIGHVAL=0.000000, ADMITTEDQUOTE=0.000000, OFFER=1.446000, YIELDATPREVWAPRICE=0.000000, VALTODAY=5446969.000000, SETTLEPRICE=0.000000, PCHANGE=0.000000, LOTSIZE=1000.000000, LOWOFFER=1.436000, ISPERCENT=0.000000, YIELD=0.000000, VOLTODAY=3762000.000000, endtime=0.000000, MAXOUTVOLUME=0.000000, OPEN=1.449000, CROSSRATE=0.000000, CURRENTVALUE=0.000000, NUMCONTRACTS=0.000000, PREVADMITTEDQUOT=1.448000, COUPONVALUE=0.000000, BIDDEPTH=8.000000, LASTBID=1.446000, DURATION=0.000000, LOWVAL=0.000000, imbalance=0.000000, HIGH=1.459000, YIELDATWAPRICE=0.000000, STEPPRICEPRCL=0.000000, OFFERDEPTHT=2227.000000, VALUE=1446.000000, marketvolb=0.000000, PERCENTRATE=0.000000, MIN_CURR_LAST_TI=183900.000000, auctvalue=11568.000000, EXPDATE=0.000000, LASTOFFER=1.450000, QTY=1.000000, COUPONPERIOD=0.000000, CHANGETIME=0.000000, CURSTEPPRICE=0.000000, marketvols=0.000000, SELLDEPO=0.000000, EVNSTARTTIME=0.000000, LOTSIZECHANGEDAT=0.000000, NUMTRADES=473.000000, CLOSEPRICE=0.000000, HIGHBID=1.500000, FACEVALUE=0.000000, PRICEMVTLIMITT1=0.000000, PRICEMVTLIMIT=0.000000, LOPENPRICE=0.000000, LAST=1.446000, BUYPROFIT=0.000000, SELLPROFIT=0.000000, VOLATILITY=0.000000, CLOSETIME=0.000000, PREVWAPRICE=1.447000, PREVLEGALCLOSEPR=1.448000, BUYDEPO=0.000000, TRADECHANGE=0.000000, LASTTOPREVSTLPRC=0.000000, BIDDEPTHT=2489.000000, auctvolume=8000.000000, PREVDATE=20191114.000000, ACCRUEDINT=0.000000, NUMOFFERS=100.000000, CHANGE=-0.003000, STRIKE=0.000000, EVNENDTIME=0.000000, BID=1.446000, auctnumtrades=0.000000, TRADINGSTATUS=4.000000, LASTCHANGE=-0.210000, CHNGCLOSE=0.000000, REALVMPRICE=0.000000, CLOSEYIELD=0.000000, TIME=183830.000000, MARG=0.000000, AUCTPRICE=1.446000, STEPPRICE=0.000000, NUMBIDS=157.000000, SETTLECODE=8.000000, OPENVAL=0.000000, OPTIONTYPE=0.000000, BGOP=0.000000, NEGNUMTRADES=0.000000, PRICEMINUSPREVWAPRICE=0.000000, CHNGOPEN=0.000000}
2019-11-15T18:49:26.777792 - RSTIP[TQBR]
#   Total      Size       Bid       Ask      Size     Total
        0                                                 0 
                                    1.45        22        22
{OPENPERIODPRICE=0.000000, CLSTATE=0.000000, PRICEMAX=1.813000, ENDTIME=0.000000, STEPPRICET=0.000000, PREVPRICE=1.449000, OPTIONBASE=0.000000, starttime=184805.000000, MIN_CURR_LAST=1.446000, ISSUESIZE=2075149384.000000, STEPPRICECL=0.000000, PRICEMIN=1.083000, PREVLOTSIZE=0.000000, MARKETPRICETODAY=0.000000, BUYBACKPRICE=0.000000, MARKETPRICE2=0.000000, CLPRICE=0.000000, PREVSETTLEPRICE=0.000000, THEORPRICE=0.000000, plannedtime=184805.000000, MARKETPRICE=1.447000, WAPRICE=1.448000, ICHANGE=0.000000, OFFERDEPTH=22.000000, PRIMARYDIST=0.000000, LASTVALUE=0.000000, BGONP=0.000000, NEGVALTODAY=0.000000, STARTTIME=184805.000000, LOW=1.440000, BASEPRICE=0.000000, IOPEN=0.000000, LCURRENTPRICE=1.446000, MONSTARTTIME=0.000000, QUOTEBASIS=0.000000, BUYBACKDATE=0.000000, LCLOSEPRICE=0.000000, NEXTCOUPON=0.000000, MONENDTIME=0.000000, HIGHVAL=0.000000, ADMITTEDQUOTE=0.000000, OFFER=1.446000, YIELDATPREVWAPRICE=0.000000, VALTODAY=5459983.000000, SETTLEPRICE=0.000000, PCHANGE=0.000000, LOTSIZE=1000.000000, LOWOFFER=1.436000, ISPERCENT=0.000000, YIELD=0.000000, VOLTODAY=3771000.000000, endtime=0.000000, MAXOUTVOLUME=0.000000, OPEN=1.449000, CROSSRATE=0.000000, CURRENTVALUE=0.000000, NUMCONTRACTS=0.000000, PREVADMITTEDQUOT=1.448000, COUPONVALUE=0.000000, BIDDEPTH=0.000000, LASTBID=1.446000, DURATION=0.000000, LOWVAL=0.000000, imbalance=0.000000, HIGH=1.459000, YIELDATWAPRICE=0.000000, STEPPRICEPRCL=0.000000, OFFERDEPTHT=23.000000, VALUE=1446.000000, marketvolb=0.000000, PERCENTRATE=0.000000, MIN_CURR_LAST_TI=183900.000000, auctvalue=1446.000000, EXPDATE=0.000000, LASTOFFER=1.450000, QTY=1.000000, COUPONPERIOD=0.000000, CHANGETIME=0.000000, CURSTEPPRICE=0.000000, marketvols=0.000000, SELLDEPO=0.000000, EVNSTARTTIME=0.000000, LOTSIZECHANGEDAT=0.000000, NUMTRADES=478.000000, CLOSEPRICE=0.000000, HIGHBID=1.500000, FACEVALUE=0.000000, PRICEMVTLIMITT1=0.000000, PRICEMVTLIMIT=0.000000, LOPENPRICE=0.000000, LAST=1.446000, BUYPROFIT=0.000000, SELLPROFIT=0.000000, VOLATILITY=0.000000, CLOSETIME=0.000000, PREVWAPRICE=1.447000, PREVLEGALCLOSEPR=1.448000, BUYDEPO=0.000000, TRADECHANGE=0.000000, LASTTOPREVSTLPRC=0.000000, BIDDEPTHT=0.000000, auctvolume=1000.000000, PREVDATE=20191114.000000, ACCRUEDINT=0.000000, NUMOFFERS=1.000000, CHANGE=-0.003000, STRIKE=0.000000, EVNENDTIME=0.000000, BID=0.000000, auctnumtrades=1.000000, TRADINGSTATUS=5.000000, LASTCHANGE=-0.210000, CHNGCLOSE=0.000000, REALVMPRICE=0.000000, CLOSEYIELD=0.000000, TIME=184915.000000, MARG=0.000000, AUCTPRICE=1.446000, STEPPRICE=0.000000, NUMBIDS=0.000000, SETTLECODE=8.000000, OPENVAL=0.000000, OPTIONTYPE=0.000000, BGOP=0.000000, NEGNUMTRADES=0.000000, PRICEMINUSPREVWAPRICE=0.000000, CHNGOPEN=0.000000}
2019-11-15T18:49:37.519026 - RSTIP[TQBR]
#   Total      Size       Bid       Ask      Size     Total
        0                                                 0 
                                    1.45        21        21
{OPENPERIODPRICE=0.000000, CLSTATE=0.000000, PRICEMAX=1.813000, ENDTIME=0.000000, STEPPRICET=0.000000, PREVPRICE=1.449000, OPTIONBASE=0.000000, starttime=184805.000000, MIN_CURR_LAST=1.446000, ISSUESIZE=2075149384.000000, STEPPRICECL=0.000000, PRICEMIN=1.083000, PREVLOTSIZE=0.000000, MARKETPRICETODAY=0.000000, BUYBACKPRICE=0.000000, MARKETPRICE2=0.000000, CLPRICE=0.000000, PREVSETTLEPRICE=0.000000, THEORPRICE=0.000000, plannedtime=184805.000000, MARKETPRICE=1.447000, WAPRICE=1.448000, ICHANGE=0.000000, OFFERDEPTH=21.000000, PRIMARYDIST=0.000000, LASTVALUE=0.000000, BGONP=0.000000, NEGVALTODAY=0.000000, STARTTIME=184805.000000, LOW=1.440000, BASEPRICE=0.000000, IOPEN=0.000000, LCURRENTPRICE=1.446000, MONSTARTTIME=0.000000, QUOTEBASIS=0.000000, BUYBACKDATE=0.000000, LCLOSEPRICE=0.000000, NEXTCOUPON=0.000000, MONENDTIME=0.000000, HIGHVAL=0.000000, ADMITTEDQUOTE=0.000000, OFFER=1.446000, YIELDATPREVWAPRICE=0.000000, VALTODAY=5461429.000000, SETTLEPRICE=0.000000, PCHANGE=0.000000, LOTSIZE=1000.000000, LOWOFFER=1.436000, ISPERCENT=0.000000, YIELD=0.000000, VOLTODAY=3772000.000000, endtime=0.000000, MAXOUTVOLUME=0.000000, OPEN=1.449000, CROSSRATE=0.000000, CURRENTVALUE=0.000000, NUMCONTRACTS=0.000000, PREVADMITTEDQUOT=1.448000, COUPONVALUE=0.000000, BIDDEPTH=0.000000, LASTBID=1.446000, DURATION=0.000000, LOWVAL=0.000000, imbalance=0.000000, HIGH=1.459000, YIELDATWAPRICE=0.000000, STEPPRICEPRCL=0.000000, OFFERDEPTHT=22.000000, VALUE=1446.000000, marketvolb=0.000000, PERCENTRATE=0.000000, MIN_CURR_LAST_TI=183900.000000, auctvalue=2892.000000, EXPDATE=0.000000, LASTOFFER=1.450000, QTY=1.000000, COUPONPERIOD=0.000000, CHANGETIME=0.000000, CURSTEPPRICE=0.000000, marketvols=0.000000, SELLDEPO=0.000000, EVNSTARTTIME=0.000000, LOTSIZECHANGEDAT=0.000000, NUMTRADES=479.000000, CLOSEPRICE=0.000000, HIGHBID=1.500000, FACEVALUE=0.000000, PRICEMVTLIMITT1=0.000000, PRICEMVTLIMIT=0.000000, LOPENPRICE=0.000000, LAST=1.446000, BUYPROFIT=0.000000, SELLPROFIT=0.000000, VOLATILITY=0.000000, CLOSETIME=0.000000, PREVWAPRICE=1.447000, PREVLEGALCLOSEPR=1.448000, BUYDEPO=0.000000, TRADECHANGE=0.000000, LASTTOPREVSTLPRC=0.000000, BIDDEPTHT=0.000000, auctvolume=2000.000000, PREVDATE=20191114.000000, ACCRUEDINT=0.000000, NUMOFFERS=1.000000, CHANGE=-0.003000, STRIKE=0.000000, EVNENDTIME=0.000000, BID=0.000000, auctnumtrades=2.000000, TRADINGSTATUS=5.000000, LASTCHANGE=-0.210000, CHNGCLOSE=0.000000, REALVMPRICE=0.000000, CLOSEYIELD=0.000000, TIME=184927.000000, MARG=0.000000, AUCTPRICE=1.446000, STEPPRICE=0.000000, NUMBIDS=0.000000, SETTLECODE=8.000000, OPENVAL=0.000000, OPTIONTYPE=0.000000, BGOP=0.000000, NEGNUMTRADES=0.000000, PRICEMINUSPREVWAPRICE=0.000000, CHNGOPEN=0.000000}
