2019-11-15T18:40:04.717651 - BANE[TQBR]
#   Total      Size       Bid       Ask      Size     Total
        0                                                 0 
       39        39   1933.00   1934.00        16        16
       53        14   1931.50   1936.00        25        41
       63        10   1931.00   1939.50        89       130
      113        50   1930.50   1940.00        20       150
      133        20   1930.00   1941.00         8       158
      183        50   1929.00   1942.00         4       162
      184         1   1928.00   1942.50        44       206
      185         1   1927.00   1943.50       101       307
      186         1   1926.50   1944.50        99       406
      192         6   1926.00   1945.00        20       426
      392       200   1925.50   1946.00        43       469
      444        52   1925.00   1946.50        24       493
      543        99   1924.50   1947.00        26       519
      594        51   1923.50   1948.00         1       520
      602         8   1922.00   1948.50        60       580
      608         6   1921.00   1949.50       106       686
      609         1   1920.50   1950.00       548      1234
      718       109   1920.00   1950.50         1      1235
      719         1   1919.50   1951.00        50      1285
      770        51   1919.00   1952.00        76      1361
{OPENPERIODPRICE=1960.000000, CLSTATE=0.000000, PRICEMAX=2297.500000, ENDTIME=95944.000000, STEPPRICET=0.000000, PREVPRICE=1952.500000, OPTIONBASE=0.000000, starttime=95000.000000, MIN_CURR_LAST=1933.000000, ISSUESIZE=147846489.000000, STEPPRICECL=0.000000, PRICEMIN=1605.500000, PREVLOTSIZE=0.000000, MARKETPRICETODAY=0.000000, BUYBACKPRICE=0.000000, MARKETPRICE2=0.000000, CLPRICE=0.000000, PREVSETTLEPRICE=0.000000, THEORPRICE=0.000000, plannedtime=95000.000000, MARKETPRICE=1948.000000, WAPRICE=1940.500000, ICHANGE=0.000000, OFFERDEPTH=16.000000, PRIMARYDIST=0.000000, LASTVALUE=0.000000, BGONP=0.000000, NEGVALTODAY=0.000000, STARTTIME=95000.000000, LOW=1920.000000, BASEPRICE=0.000000, IOPEN=0.000000, LCURRENTPRICE=1935.000000, MONSTARTTIME=0.000000, QUOTEBASIS=0.000000, BUYBACKDATE=0.000000, LCLOSEPRICE=0.000000, NEXTCOUPON=0.000000, MONENDTIME=0.000000, HIGHVAL=0.000000, ADMITTEDQUOTE=0.000000, OFFER=1934.000000, YIELDATPREVWAPRICE=0.000000, VALTODAY=8320402.000000, SETTLEPRICE=0.000000, PCHANGE=0.000000, LOTSIZE=1.000000, LOWOFFER=1820.000000, ISPERCENT=0.000000, YIELD=0.000000, VOLTODAY=4288.000000, endtime=95944.000000, MAXOUTVOLUME=0.000000, OPEN=1960.000000, CROSSRATE=0.000000, CURRENTVALUE=0.000000, NUMCONTRACTS=0.000000, PREVADMITTEDQUOT=1952.500000, COUPONVALUE=0.000000, BIDDEPTH=39.000000, LASTBID=1933.000000, DURATION=0.000000, LOWVAL=0.000000, imbalance=0.000000, HIGH=1960.000000, YIELDATWAPRICE=0.000000, STEPPRICEPRCL=0.000000, OFFERDEPTHT=9777.000000, VALUE=23208.000000, marketvolb=0.000000, PERCENTRATE=0.000000, MIN_CURR_LAST_TI=183400.000000, auctvalue=47040.000000, EXPDATE=0.000000, LASTOFFER=1934.000000, QTY=12.000000, COUPONPERIOD=0.000000, CHANGETIME=0.000000, CURSTEPPRICE=0.000000, marketvols=0.000000, SELLDEPO=0.000000, EVNSTARTTIME=0.000000, LOTSIZECHANGEDAT=0.000000, NUMTRADES=499.000000, CLOSEPRICE=0.000000, HIGHBID=1998.500000, FACEVALUE=0.000000, PRICEMVTLIMITT1=0.000000, PRICEMVTLIMIT=0.000000, LOPENPRICE=0.000000, LAST=1934.000000, BUYPROFIT=0.000000, SELLPROFIT=0.000000, VOLATILITY=0.000000, CLOSETIME=0.000000, PREVWAPRICE=1948.000000, PREVLEGALCLOSEPR=1952.500000, BUYDEPO=0.000000, TRADECHANGE=0.000000, LASTTOPREVSTLPRC=0.000000, BIDDEPTHT=7099.000000, auctvolume=24.000000, PREVDATE=20191114.000000, ACCRUEDINT=0.000000, NUMOFFERS=331.000000, CHANGE=-18.500000, STRIKE=0.000000, EVNENDTIME=0.000000, BID=1933.000000, auctnumtrades=5.000000, TRADINGSTATUS=0.000000, LASTCHANGE=-0.950000, CHNGCLOSE=0.000000, REALVMPRICE=0.000000, CLOSEYIELD=0.000000, TIME=183941.000000, MARG=0.000000, AUCTPRICE=1960.000000, STEPPRICE=0.000000, NUMBIDS=210.000000, SETTLECODE=8.000000, OPENVAL=0.000000, OPTIONTYPE=0.000000, BGOP=0.000000, NEGNUMTRADES=0.000000, PRICEMINUSPREVWAPRICE=0.000000, CHNGOPEN=0.000000}
2019-11-15T18:40:13.591825 - BANE[TQBR]
#   Total      Size       Bid       Ask      Size     Total
        0                                                 0 
        2         2   2001.00   1936.00        25        25
       41        39   1933.00   1939.50        89       114
       55        14   1931.50   1940.00        20       134
       65        10   1931.00   1941.00         8       142
      115        50   1930.50   1942.00         4       146
      135        20   1930.00   1942.50        44       190
      185        50   1929.00   1943.50       101       291
      186         1   1928.00   1944.50        99       390
      187         1   1927.00   1945.00        20       410
      188         1   1926.50   1946.00        43       453
      194         6   1926.00   1946.50        24       477
      394       200   1925.50   1947.00        26       503
      446        52   1925.00   1948.00         1       504
      545        99   1924.50   1948.50        60       564
      596        51   1923.50   1949.50       106       670
      604         8   1922.00   1950.00       548      1218
      610         6   1921.00   1950.50         1      1219
      611         1   1920.50   1951.00        50      1269
      720       109   1920.00   1952.00        76      1345
      721         1   1919.50   1953.00         5      1350
Calculation info: Price   1953.00; Imbalance: -1348; Total bids: 2, Total asks: 1350; 
               Field               SERVER               TOP-20
    AuctionPrice,RUB              1936.00             1953.00
       AuctionVolume                    2                   2
       LastPrice,RUB              1934.00             1934.00
          MarketBids                    0                   0
          MarketAsks                    0                   0
         Imbalance,%                                -67400.00
        MarketBids:%                0.000               0.000
        MarketAsks:%                0.000               0.000
      TotalValue:RUB             3872.000            3906.000
  AuctionPriceDiff,%                0.103               0.982
{OPENPERIODPRICE=1960.000000, CLSTATE=0.000000, PRICEMAX=2297.500000, ENDTIME=0.000000, STEPPRICET=0.000000, PREVPRICE=1952.500000, OPTIONBASE=0.000000, starttime=184001.000000, MIN_CURR_LAST=1934.000000, ISSUESIZE=147846489.000000, STEPPRICECL=0.000000, PRICEMIN=1605.500000, PREVLOTSIZE=0.000000, MARKETPRICETODAY=0.000000, BUYBACKPRICE=0.000000, MARKETPRICE2=0.000000, CLPRICE=0.000000, PREVSETTLEPRICE=0.000000, THEORPRICE=0.000000, plannedtime=184001.000000, MARKETPRICE=1948.000000, WAPRICE=1940.500000, ICHANGE=0.000000, OFFERDEPTH=25.000000, PRIMARYDIST=0.000000, LASTVALUE=0.000000, BGONP=0.000000, NEGVALTODAY=0.000000, STARTTIME=184001.000000, LOW=1920.000000, BASEPRICE=0.000000, IOPEN=0.000000, LCURRENTPRICE=1934.500000, MONSTARTTIME=0.000000, QUOTEBASIS=0.000000, BUYBACKDATE=0.000000, LCLOSEPRICE=0.000000, NEXTCOUPON=0.000000, MONENDTIME=0.000000, HIGHVAL=0.000000, ADMITTEDQUOTE=0.000000, OFFER=1936.000000, YIELDATPREVWAPRICE=0.000000, VALTODAY=8320402.000000, SETTLEPRICE=0.000000, PCHANGE=0.000000, LOTSIZE=1.000000, LOWOFFER=1820.000000, ISPERCENT=0.000000, YIELD=0.000000, VOLTODAY=4288.000000, endtime=0.000000, MAXOUTVOLUME=0.000000, OPEN=1960.000000, CROSSRATE=0.000000, CURRENTVALUE=0.000000, NUMCONTRACTS=0.000000, PREVADMITTEDQUOT=1952.500000, COUPONVALUE=0.000000, BIDDEPTH=2.000000, LASTBID=1933.000000, DURATION=0.000000, LOWVAL=0.000000, imbalance=0.000000, HIGH=1960.000000, YIELDATWAPRICE=0.000000, STEPPRICEPRCL=0.000000, OFFERDEPTHT=5563.000000, VALUE=23208.000000, marketvolb=0.000000, PERCENTRATE=0.000000, MIN_CURR_LAST_TI=184000.000000, auctvalue=3872.000000, EXPDATE=0.000000, LASTOFFER=1934.000000, QTY=12.000000, COUPONPERIOD=0.000000, CHANGETIME=0.000000, CURSTEPPRICE=0.000000, marketvols=0.000000, SELLDEPO=0.000000, EVNSTARTTIME=0.000000, LOTSIZECHANGEDAT=0.000000, NUMTRADES=499.000000, CLOSEPRICE=0.000000, HIGHBID=2001.000000, FACEVALUE=0.000000, PRICEMVTLIMITT1=0.000000, PRICEMVTLIMIT=0.000000, LOPENPRICE=0.000000, LAST=1934.000000, BUYPROFIT=0.000000, SELLPROFIT=0.000000, VOLATILITY=0.000000, CLOSETIME=0.000000, PREVWAPRICE=1948.000000, PREVLEGALCLOSEPR=1952.500000, BUYDEPO=0.000000, TRADECHANGE=0.000000, LASTTOPREVSTLPRC=0.000000, BIDDEPTHT=2329.000000, auctvolume=2.000000, PREVDATE=20191114.000000, ACCRUEDINT=0.000000, NUMOFFERS=201.000000, CHANGE=-18.500000, STRIKE=0.000000, EVNENDTIME=0.000000, BID=2001.000000, auctnumtrades=0.000000, TRADINGSTATUS=4.000000, LASTCHANGE=-0.950000, CHNGCLOSE=0.000000, REALVMPRICE=0.000000, CLOSEYIELD=0.000000, TIME=183941.000000, MARG=0.000000, AUCTPRICE=1936.000000, STEPPRICE=0.000000, NUMBIDS=129.000000, SETTLECODE=8.000000, OPENVAL=0.000000, OPTIONTYPE=0.000000, BGOP=0.000000, NEGNUMTRADES=0.000000, PRICEMINUSPREVWAPRICE=0.000000, CHNGOPEN=0.000000}
2019-11-15T18:40:19.133467 - BANE[TQBR]
#   Total      Size       Bid       Ask      Size     Total
        0                                                 0 
        2         2   2001.00   1936.00        25        25
       41        39   1933.00   1939.50        89       114
       55        14   1931.50   1940.00        20       134
       65        10   1931.00   1941.00         8       142
      115        50   1930.50   1942.00         4       146
      135        20   1930.00   1942.50        44       190
      185        50   1929.00   1943.50       101       291
      186         1   1928.00   1944.50        99       390
      187         1   1927.00   1945.00        20       410
      188         1   1926.50   1946.00        43       453
      194         6   1926.00   1946.50        24       477
      394       200   1925.50   1947.00        26       503
      446        52   1925.00   1948.00         1       504
      545        99   1924.50   1948.50        60       564
      546         1   1923.50   1949.50       106       670
      554         8   1922.00   1950.00       548      1218
      560         6   1921.00   1950.50         1      1219
      561         1   1920.50   1951.00        50      1269
      670       109   1920.00   1952.00        76      1345
      671         1   1919.50   1953.00         5      1350
Calculation info: Price   1953.00; Imbalance: -1348; Total bids: 2, Total asks: 1350; 
               Field               SERVER               TOP-20
    AuctionPrice,RUB              1936.00             1953.00
       AuctionVolume                    2                   2
       LastPrice,RUB              1934.00             1934.00
          MarketBids                    0                   0
          MarketAsks                    0                   0
         Imbalance,%                                -67400.00
        MarketBids:%                0.000               0.000
        MarketAsks:%                0.000               0.000
      TotalValue:RUB             3872.000            3906.000
  AuctionPriceDiff,%                0.103               0.982
{OPENPERIODPRICE=1960.000000, CLSTATE=0.000000, PRICEMAX=2297.500000, ENDTIME=0.000000, STEPPRICET=0.000000, PREVPRICE=1952.500000, OPTIONBASE=0.000000, starttime=184001.000000, MIN_CURR_LAST=1934.000000, ISSUESIZE=147846489.000000, STEPPRICECL=0.000000, PRICEMIN=1605.500000, PREVLOTSIZE=0.000000, MARKETPRICETODAY=0.000000, BUYBACKPRICE=0.000000, MARKETPRICE2=0.000000, CLPRICE=0.000000, PREVSETTLEPRICE=0.000000, THEORPRICE=0.000000, plannedtime=184001.000000, MARKETPRICE=1948.000000, WAPRICE=1940.500000, ICHANGE=0.000000, OFFERDEPTH=25.000000, PRIMARYDIST=0.000000, LASTVALUE=0.000000, BGONP=0.000000, NEGVALTODAY=0.000000, STARTTIME=184001.000000, LOW=1920.000000, BASEPRICE=0.000000, IOPEN=0.000000, LCURRENTPRICE=1934.500000, MONSTARTTIME=0.000000, QUOTEBASIS=0.000000, BUYBACKDATE=0.000000, LCLOSEPRICE=0.000000, NEXTCOUPON=0.000000, MONENDTIME=0.000000, HIGHVAL=0.000000, ADMITTEDQUOTE=0.000000, OFFER=1936.000000, YIELDATPREVWAPRICE=0.000000, VALTODAY=8320402.000000, SETTLEPRICE=0.000000, PCHANGE=0.000000, LOTSIZE=1.000000, LOWOFFER=1820.000000, ISPERCENT=0.000000, YIELD=0.000000, VOLTODAY=4288.000000, endtime=0.000000, MAXOUTVOLUME=0.000000, OPEN=1960.000000, CROSSRATE=0.000000, CURRENTVALUE=0.000000, NUMCONTRACTS=0.000000, PREVADMITTEDQUOT=1952.500000, COUPONVALUE=0.000000, BIDDEPTH=2.000000, LASTBID=1933.000000, DURATION=0.000000, LOWVAL=0.000000, imbalance=0.000000, HIGH=1960.000000, YIELDATWAPRICE=0.000000, STEPPRICEPRCL=0.000000, OFFERDEPTHT=5563.000000, VALUE=23208.000000, marketvolb=0.000000, PERCENTRATE=0.000000, MIN_CURR_LAST_TI=184000.000000, auctvalue=3872.000000, EXPDATE=0.000000, LASTOFFER=1934.000000, QTY=12.000000, COUPONPERIOD=0.000000, CHANGETIME=0.000000, CURSTEPPRICE=0.000000, marketvols=0.000000, SELLDEPO=0.000000, EVNSTARTTIME=0.000000, LOTSIZECHANGEDAT=0.000000, NUMTRADES=499.000000, CLOSEPRICE=0.000000, HIGHBID=2001.000000, FACEVALUE=0.000000, PRICEMVTLIMITT1=0.000000, PRICEMVTLIMIT=0.000000, LOPENPRICE=0.000000, LAST=1934.000000, BUYPROFIT=0.000000, SELLPROFIT=0.000000, VOLATILITY=0.000000, CLOSETIME=0.000000, PREVWAPRICE=1948.000000, PREVLEGALCLOSEPR=1952.500000, BUYDEPO=0.000000, TRADECHANGE=0.000000, LASTTOPREVSTLPRC=0.000000, BIDDEPTHT=2329.000000, auctvolume=2.000000, PREVDATE=20191114.000000, ACCRUEDINT=0.000000, NUMOFFERS=201.000000, CHANGE=-18.500000, STRIKE=0.000000, EVNENDTIME=0.000000, BID=2001.000000, auctnumtrades=0.000000, TRADINGSTATUS=4.000000, LASTCHANGE=-0.950000, CHNGCLOSE=0.000000, REALVMPRICE=0.000000, CLOSEYIELD=0.000000, TIME=183941.000000, MARG=0.000000, AUCTPRICE=1936.000000, STEPPRICE=0.000000, NUMBIDS=129.000000, SETTLECODE=8.000000, OPENVAL=0.000000, OPTIONTYPE=0.000000, BGOP=0.000000, NEGNUMTRADES=0.000000, PRICEMINUSPREVWAPRICE=0.000000, CHNGOPEN=0.000000}
2019-11-15T18:40:35.086772 - BANE[TQBR]
#   Total      Size       Bid       Ask      Size     Total
        0                                                 0 
        2         2   2001.00   1934.00        16        16
       41        39   1933.00   1936.00        25        41
       55        14   1931.50   1939.50        89       130
       65        10   1931.00   1940.00        20       150
      115        50   1930.50   1941.00         8       158
      135        20   1930.00   1942.00         4       162
      185        50   1929.00   1942.50        44       206
      186         1   1928.00   1943.50       101       307
      187         1   1927.00   1944.50        99       406
      188         1   1926.50   1945.00        20       426
      194         6   1926.00   1946.00        43       469
      394       200   1925.50   1946.50        24       493
      446        52   1925.00   1947.00        26       519
      545        99   1924.50   1948.00         1       520
      546         1   1923.50   1948.50        60       580
      554         8   1922.00   1949.50       106       686
      560         6   1921.00   1950.00       548      1234
      561         1   1920.50   1950.50         1      1235
      670       109   1920.00   1951.00        50      1285
      671         1   1919.50   1952.00        76      1361
Calculation info: Price   1952.00; Imbalance: -1359; Total bids: 2, Total asks: 1361; 
               Field               SERVER               TOP-20
    AuctionPrice,RUB              1934.00             1952.00
       AuctionVolume                    2                   2
       LastPrice,RUB              1934.00             1934.00
          MarketBids                    0                   0
          MarketAsks                    0                   0
         Imbalance,%                                -67950.00
        MarketBids:%                0.000               0.000
        MarketAsks:%                0.000               0.000
      TotalValue:RUB             3868.000            3904.000
  AuctionPriceDiff,%                0.000               0.931
{OPENPERIODPRICE=1960.000000, CLSTATE=0.000000, PRICEMAX=2297.500000, ENDTIME=0.000000, STEPPRICET=0.000000, PREVPRICE=1952.500000, OPTIONBASE=0.000000, starttime=184001.000000, MIN_CURR_LAST=1934.000000, ISSUESIZE=147846489.000000, STEPPRICECL=0.000000, PRICEMIN=1605.500000, PREVLOTSIZE=0.000000, MARKETPRICETODAY=0.000000, BUYBACKPRICE=0.000000, MARKETPRICE2=0.000000, CLPRICE=0.000000, PREVSETTLEPRICE=0.000000, THEORPRICE=0.000000, plannedtime=184001.000000, MARKETPRICE=1948.000000, WAPRICE=1940.500000, ICHANGE=0.000000, OFFERDEPTH=16.000000, PRIMARYDIST=0.000000, LASTVALUE=0.000000, BGONP=0.000000, NEGVALTODAY=0.000000, STARTTIME=184001.000000, LOW=1920.000000, BASEPRICE=0.000000, IOPEN=0.000000, LCURRENTPRICE=1934.500000, MONSTARTTIME=0.000000, QUOTEBASIS=0.000000, BUYBACKDATE=0.000000, LCLOSEPRICE=0.000000, NEXTCOUPON=0.000000, MONENDTIME=0.000000, HIGHVAL=0.000000, ADMITTEDQUOTE=0.000000, OFFER=1934.000000, YIELDATPREVWAPRICE=0.000000, VALTODAY=8320402.000000, SETTLEPRICE=0.000000, PCHANGE=0.000000, LOTSIZE=1.000000, LOWOFFER=1820.000000, ISPERCENT=0.000000, YIELD=0.000000, VOLTODAY=4288.000000, endtime=0.000000, MAXOUTVOLUME=0.000000, OPEN=1960.000000, CROSSRATE=0.000000, CURRENTVALUE=0.000000, NUMCONTRACTS=0.000000, PREVADMITTEDQUOT=1952.500000, COUPONVALUE=0.000000, BIDDEPTH=2.000000, LASTBID=1933.000000, DURATION=0.000000, LOWVAL=0.000000, imbalance=0.000000, HIGH=1960.000000, YIELDATWAPRICE=0.000000, STEPPRICEPRCL=0.000000, OFFERDEPTHT=5563.000000, VALUE=23208.000000, marketvolb=0.000000, PERCENTRATE=0.000000, MIN_CURR_LAST_TI=184000.000000, auctvalue=3868.000000, EXPDATE=0.000000, LASTOFFER=1934.000000, QTY=12.000000, COUPONPERIOD=0.000000, CHANGETIME=0.000000, CURSTEPPRICE=0.000000, marketvols=0.000000, SELLDEPO=0.000000, EVNSTARTTIME=0.000000, LOTSIZECHANGEDAT=0.000000, NUMTRADES=499.000000, CLOSEPRICE=0.000000, HIGHBID=2001.000000, FACEVALUE=0.000000, PRICEMVTLIMITT1=0.000000, PRICEMVTLIMIT=0.000000, LOPENPRICE=0.000000, LAST=1934.000000, BUYPROFIT=0.000000, SELLPROFIT=0.000000, VOLATILITY=0.000000, CLOSETIME=0.000000, PREVWAPRICE=1948.000000, PREVLEGALCLOSEPR=1952.500000, BUYDEPO=0.000000, TRADECHANGE=0.000000, LASTTOPREVSTLPRC=0.000000, BIDDEPTHT=2179.000000, auctvolume=2.000000, PREVDATE=20191114.000000, ACCRUEDINT=0.000000, NUMOFFERS=201.000000, CHANGE=-18.500000, STRIKE=0.000000, EVNENDTIME=0.000000, BID=2001.000000, auctnumtrades=0.000000, TRADINGSTATUS=4.000000, LASTCHANGE=-0.950000, CHNGCLOSE=0.000000, REALVMPRICE=0.000000, CLOSEYIELD=0.000000, TIME=183941.000000, MARG=0.000000, AUCTPRICE=1934.000000, STEPPRICE=0.000000, NUMBIDS=126.000000, SETTLECODE=8.000000, OPENVAL=0.000000, OPTIONTYPE=0.000000, BGOP=0.000000, NEGNUMTRADES=0.000000, PRICEMINUSPREVWAPRICE=0.000000, CHNGOPEN=0.000000}
2019-11-15T18:40:42.230237 - BANE[TQBR]
#   Total      Size       Bid       Ask      Size     Total
        0                                                 0 
       39        39   1933.00   1934.00        16        16
       53        14   1931.50   1936.00        25        41
       63        10   1931.00   1939.50        89       130
      113        50   1930.50   1940.00        20       150
      133        20   1930.00   1941.00         8       158
      183        50   1929.00   1942.00         4       162
      184         1   1928.00   1942.50        44       206
      185         1   1927.00   1943.50       101       307
      186         1   1926.50   1944.50        99       406
      192         6   1926.00   1945.00        20       426
      392       200   1925.50   1946.00        43       469
      444        52   1925.00   1946.50        24       493
      543        99   1924.50   1947.00        26       519
      544         1   1923.50   1948.00         1       520
      552         8   1922.00   1948.50        60       580
      558         6   1921.00   1949.50       106       686
      559         1   1920.50   1950.00       548      1234
      668       109   1920.00   1950.50         1      1235
      669         1   1919.50   1951.00        50      1285
      670         1   1919.00   1952.00        76      1361
{OPENPERIODPRICE=1960.000000, CLSTATE=0.000000, PRICEMAX=2297.500000, ENDTIME=0.000000, STEPPRICET=0.000000, PREVPRICE=1952.500000, OPTIONBASE=0.000000, starttime=184001.000000, MIN_CURR_LAST=1934.000000, ISSUESIZE=147846489.000000, STEPPRICECL=0.000000, PRICEMIN=1605.500000, PREVLOTSIZE=0.000000, MARKETPRICETODAY=0.000000, BUYBACKPRICE=0.000000, MARKETPRICE2=0.000000, CLPRICE=0.000000, PREVSETTLEPRICE=0.000000, THEORPRICE=0.000000, plannedtime=184001.000000, MARKETPRICE=1948.000000, WAPRICE=1940.500000, ICHANGE=0.000000, OFFERDEPTH=16.000000, PRIMARYDIST=0.000000, LASTVALUE=0.000000, BGONP=0.000000, NEGVALTODAY=0.000000, STARTTIME=184001.000000, LOW=1920.000000, BASEPRICE=0.000000, IOPEN=0.000000, LCURRENTPRICE=1934.500000, MONSTARTTIME=0.000000, QUOTEBASIS=0.000000, BUYBACKDATE=0.000000, LCLOSEPRICE=0.000000, NEXTCOUPON=0.000000, MONENDTIME=0.000000, HIGHVAL=0.000000, ADMITTEDQUOTE=0.000000, OFFER=1934.000000, YIELDATPREVWAPRICE=0.000000, VALTODAY=8320402.000000, SETTLEPRICE=0.000000, PCHANGE=0.000000, LOTSIZE=1.000000, LOWOFFER=1820.000000, ISPERCENT=0.000000, YIELD=0.000000, VOLTODAY=4288.000000, endtime=0.000000, MAXOUTVOLUME=0.000000, OPEN=1960.000000, CROSSRATE=0.000000, CURRENTVALUE=0.000000, NUMCONTRACTS=0.000000, PREVADMITTEDQUOT=1952.500000, COUPONVALUE=0.000000, BIDDEPTH=39.000000, LASTBID=1933.000000, DURATION=0.000000, LOWVAL=0.000000, imbalance=0.000000, HIGH=1960.000000, YIELDATWAPRICE=0.000000, STEPPRICEPRCL=0.000000, OFFERDEPTHT=5579.000000, VALUE=23208.000000, marketvolb=0.000000, PERCENTRATE=0.000000, MIN_CURR_LAST_TI=184000.000000, auctvalue=0.000000, EXPDATE=0.000000, LASTOFFER=1934.000000, QTY=12.000000, COUPONPERIOD=0.000000, CHANGETIME=0.000000, CURSTEPPRICE=0.000000, marketvols=0.000000, SELLDEPO=0.000000, EVNSTARTTIME=0.000000, LOTSIZECHANGEDAT=0.000000, NUMTRADES=499.000000, CLOSEPRICE=0.000000, HIGHBID=2001.000000, FACEVALUE=0.000000, PRICEMVTLIMITT1=0.000000, PRICEMVTLIMIT=0.000000, LOPENPRICE=0.000000, LAST=1934.000000, BUYPROFIT=0.000000, SELLPROFIT=0.000000, VOLATILITY=0.000000, CLOSETIME=0.000000, PREVWAPRICE=1948.000000, PREVLEGALCLOSEPR=1952.500000, BUYDEPO=0.000000, TRADECHANGE=0.000000, LASTTOPREVSTLPRC=0.000000, BIDDEPTHT=2179.000000, auctvolume=0.000000, PREVDATE=20191114.000000, ACCRUEDINT=0.000000, NUMOFFERS=202.000000, CHANGE=-18.500000, STRIKE=0.000000, EVNENDTIME=0.000000, BID=1933.000000, auctnumtrades=0.000000, TRADINGSTATUS=4.000000, LASTCHANGE=-0.950000, CHNGCLOSE=0.000000, REALVMPRICE=0.000000, CLOSEYIELD=0.000000, TIME=183941.000000, MARG=0.000000, AUCTPRICE=1934.500000, STEPPRICE=0.000000, NUMBIDS=126.000000, SETTLECODE=8.000000, OPENVAL=0.000000, OPTIONTYPE=0.000000, BGOP=0.000000, NEGNUMTRADES=0.000000, PRICEMINUSPREVWAPRICE=0.000000, CHNGOPEN=0.000000}
2019-11-15T18:41:05.332164 - BANE[TQBR]
#   Total      Size       Bid       Ask      Size     Total
        0                                                 0 
       39        39   1933.00   1934.00        16        16
       53        14   1931.50   1936.00        25        41
       63        10   1931.00   1939.50        89       130
      113        50   1930.50   1940.00        20       150
      133        20   1930.00   1941.00         8       158
      183        50   1929.00   1942.00         4       162
      184         1   1928.00   1942.50        44       206
      185         1   1927.00   1943.50       101       307
      186         1   1926.50   1944.50        99       406
      192         6   1926.00   1945.00        20       426
      392       200   1925.50   1946.00        43       469
      444        52   1925.00   1946.50        24       493
      543        99   1924.50   1947.00        26       519
      643       100   1924.00   1948.00         1       520
      644         1   1923.50   1948.50        60       580
      652         8   1922.00   1949.50       106       686
      658         6   1921.00   1950.00       548      1234
      659         1   1920.50   1950.50         1      1235
      768       109   1920.00   1951.00        50      1285
      769         1   1919.50   1952.00        76      1361
{OPENPERIODPRICE=1960.000000, CLSTATE=0.000000, PRICEMAX=2297.500000, ENDTIME=0.000000, STEPPRICET=0.000000, PREVPRICE=1952.500000, OPTIONBASE=0.000000, starttime=184001.000000, MIN_CURR_LAST=1934.000000, ISSUESIZE=147846489.000000, STEPPRICECL=0.000000, PRICEMIN=1605.500000, PREVLOTSIZE=0.000000, MARKETPRICETODAY=0.000000, BUYBACKPRICE=0.000000, MARKETPRICE2=0.000000, CLPRICE=0.000000, PREVSETTLEPRICE=0.000000, THEORPRICE=0.000000, plannedtime=184001.000000, MARKETPRICE=1948.000000, WAPRICE=1940.500000, ICHANGE=0.000000, OFFERDEPTH=16.000000, PRIMARYDIST=0.000000, LASTVALUE=0.000000, BGONP=0.000000, NEGVALTODAY=0.000000, STARTTIME=184001.000000, LOW=1920.000000, BASEPRICE=0.000000, IOPEN=0.000000, LCURRENTPRICE=1934.500000, MONSTARTTIME=0.000000, QUOTEBASIS=0.000000, BUYBACKDATE=0.000000, LCLOSEPRICE=0.000000, NEXTCOUPON=0.000000, MONENDTIME=0.000000, HIGHVAL=0.000000, ADMITTEDQUOTE=0.000000, OFFER=1934.000000, YIELDATPREVWAPRICE=0.000000, VALTODAY=8320402.000000, SETTLEPRICE=0.000000, PCHANGE=0.000000, LOTSIZE=1.000000, LOWOFFER=1820.000000, ISPERCENT=0.000000, YIELD=0.000000, VOLTODAY=4288.000000, endtime=0.000000, MAXOUTVOLUME=0.000000, OPEN=1960.000000, CROSSRATE=0.000000, CURRENTVALUE=0.000000, NUMCONTRACTS=0.000000, PREVADMITTEDQUOT=1952.500000, COUPONVALUE=0.000000, BIDDEPTH=39.000000, LASTBID=1933.000000, DURATION=0.000000, LOWVAL=0.000000, imbalance=0.000000, HIGH=1960.000000, YIELDATWAPRICE=0.000000, STEPPRICEPRCL=0.000000, OFFERDEPTHT=5579.000000, VALUE=23208.000000, marketvolb=0.000000, PERCENTRATE=0.000000, MIN_CURR_LAST_TI=184000.000000, auctvalue=0.000000, EXPDATE=0.000000, LASTOFFER=1934.000000, QTY=12.000000, COUPONPERIOD=0.000000, CHANGETIME=0.000000, CURSTEPPRICE=0.000000, marketvols=0.000000, SELLDEPO=0.000000, EVNSTARTTIME=0.000000, LOTSIZECHANGEDAT=0.000000, NUMTRADES=499.000000, CLOSEPRICE=0.000000, HIGHBID=2001.000000, FACEVALUE=0.000000, PRICEMVTLIMITT1=0.000000, PRICEMVTLIMIT=0.000000, LOPENPRICE=0.000000, LAST=1934.000000, BUYPROFIT=0.000000, SELLPROFIT=0.000000, VOLATILITY=0.000000, CLOSETIME=0.000000, PREVWAPRICE=1948.000000, PREVLEGALCLOSEPR=1952.500000, BUYDEPO=0.000000, TRADECHANGE=0.000000, LASTTOPREVSTLPRC=0.000000, BIDDEPTHT=2177.000000, auctvolume=0.000000, PREVDATE=20191114.000000, ACCRUEDINT=0.000000, NUMOFFERS=202.000000, CHANGE=-18.500000, STRIKE=0.000000, EVNENDTIME=0.000000, BID=1933.000000, auctnumtrades=0.000000, TRADINGSTATUS=4.000000, LASTCHANGE=-0.950000, CHNGCLOSE=0.000000, REALVMPRICE=0.000000, CLOSEYIELD=0.000000, TIME=183941.000000, MARG=0.000000, AUCTPRICE=1934.500000, STEPPRICE=0.000000, NUMBIDS=125.000000, SETTLECODE=8.000000, OPENVAL=0.000000, OPTIONTYPE=0.000000, BGOP=0.000000, NEGNUMTRADES=0.000000, PRICEMINUSPREVWAPRICE=0.000000, CHNGOPEN=0.000000}
2019-11-15T18:44:06.128464 - BANE[TQBR]
#   Total      Size       Bid       Ask      Size     Total
        0                                                 6 
       16        10   1934.00   1934.00        16        22
       55        39   1933.00   1936.00        25        47
       69        14   1931.50   1939.50        89       136
       79        10   1931.00   1940.00        20       156
      129        50   1930.50   1941.00         8       164
      149        20   1930.00   1942.00         4       168
      199        50   1929.00   1942.50        44       212
      200         1   1928.00   1943.50       101       313
      201         1   1927.00   1944.50        99       412
      202         1   1926.50   1945.00        20       432
      208         6   1926.00   1946.00        43       475
      408       200   1925.50   1946.50        24       499
      460        52   1925.00   1947.00        26       525
      559        99   1924.50   1948.00         1       526
      659       100   1924.00   1948.50        60       586
      660         1   1923.50   1949.50       106       692
      668         8   1922.00   1950.00       548      1240
      674         6   1921.00   1950.50         1      1241
      675         1   1920.50   1951.00        50      1291
      784       109   1920.00   1952.00        76      1367
Calculation info: Price   1934.00; Imbalance: -6; Total bids: 16, Total asks: 22; 
               Field               SERVER               TOP-20
    AuctionPrice,RUB              1934.00             1934.00
       AuctionVolume                   10                  16
       LastPrice,RUB              1934.00             1934.00
          MarketBids                    0                   0
          MarketAsks                    6                   6
         Imbalance,%                                   -37.50
        MarketBids:%                0.000               0.000
        MarketAsks:%               60.000              37.500
      TotalValue:RUB            19340.000           30944.000
  AuctionPriceDiff,%                0.000               0.000
Matched calculation!
{OPENPERIODPRICE=1960.000000, CLSTATE=0.000000, PRICEMAX=2297.500000, ENDTIME=0.000000, STEPPRICET=0.000000, PREVPRICE=1952.500000, OPTIONBASE=0.000000, starttime=184001.000000, MIN_CURR_LAST=1934.000000, ISSUESIZE=147846489.000000, STEPPRICECL=0.000000, PRICEMIN=1605.500000, PREVLOTSIZE=0.000000, MARKETPRICETODAY=0.000000, BUYBACKPRICE=0.000000, MARKETPRICE2=0.000000, CLPRICE=0.000000, PREVSETTLEPRICE=0.000000, THEORPRICE=0.000000, plannedtime=184001.000000, MARKETPRICE=1948.000000, WAPRICE=1940.500000, ICHANGE=0.000000, OFFERDEPTH=22.000000, PRIMARYDIST=0.000000, LASTVALUE=0.000000, BGONP=0.000000, NEGVALTODAY=0.000000, STARTTIME=184001.000000, LOW=1920.000000, BASEPRICE=0.000000, IOPEN=0.000000, LCURRENTPRICE=1934.500000, MONSTARTTIME=0.000000, QUOTEBASIS=0.000000, BUYBACKDATE=0.000000, LCLOSEPRICE=0.000000, NEXTCOUPON=0.000000, MONENDTIME=0.000000, HIGHVAL=0.000000, ADMITTEDQUOTE=0.000000, OFFER=1934.000000, YIELDATPREVWAPRICE=0.000000, VALTODAY=8320402.000000, SETTLEPRICE=0.000000, PCHANGE=0.000000, LOTSIZE=1.000000, LOWOFFER=1820.000000, ISPERCENT=0.000000, YIELD=0.000000, VOLTODAY=4288.000000, endtime=0.000000, MAXOUTVOLUME=0.000000, OPEN=1960.000000, CROSSRATE=0.000000, CURRENTVALUE=0.000000, NUMCONTRACTS=0.000000, PREVADMITTEDQUOT=1952.500000, COUPONVALUE=0.000000, BIDDEPTH=10.000000, LASTBID=1933.000000, DURATION=0.000000, LOWVAL=0.000000, imbalance=0.000000, HIGH=1960.000000, YIELDATWAPRICE=0.000000, STEPPRICEPRCL=0.000000, OFFERDEPTHT=5585.000000, VALUE=23208.000000, marketvolb=0.000000, PERCENTRATE=0.000000, MIN_CURR_LAST_TI=184000.000000, auctvalue=19340.000000, EXPDATE=0.000000, LASTOFFER=1934.000000, QTY=12.000000, COUPONPERIOD=0.000000, CHANGETIME=0.000000, CURSTEPPRICE=0.000000, marketvols=6.000000, SELLDEPO=0.000000, EVNSTARTTIME=0.000000, LOTSIZECHANGEDAT=0.000000, NUMTRADES=499.000000, CLOSEPRICE=0.000000, HIGHBID=2001.000000, FACEVALUE=0.000000, PRICEMVTLIMITT1=0.000000, PRICEMVTLIMIT=0.000000, LOPENPRICE=0.000000, LAST=1934.000000, BUYPROFIT=0.000000, SELLPROFIT=0.000000, VOLATILITY=0.000000, CLOSETIME=0.000000, PREVWAPRICE=1948.000000, PREVLEGALCLOSEPR=1952.500000, BUYDEPO=0.000000, TRADECHANGE=0.000000, LASTTOPREVSTLPRC=0.000000, BIDDEPTHT=2377.000000, auctvolume=10.000000, PREVDATE=20191114.000000, ACCRUEDINT=0.000000, NUMOFFERS=203.000000, CHANGE=-18.500000, STRIKE=0.000000, EVNENDTIME=0.000000, BID=1934.000000, auctnumtrades=0.000000, TRADINGSTATUS=4.000000, LASTCHANGE=-0.950000, CHNGCLOSE=0.000000, REALVMPRICE=0.000000, CLOSEYIELD=0.000000, TIME=183941.000000, MARG=0.000000, AUCTPRICE=1934.000000, STEPPRICE=0.000000, NUMBIDS=127.000000, SETTLECODE=8.000000, OPENVAL=0.000000, OPTIONTYPE=0.000000, BGOP=0.000000, NEGNUMTRADES=0.000000, PRICEMINUSPREVWAPRICE=0.000000, CHNGOPEN=0.000000}
2019-11-15T18:44:06.280022 - BANE[TQBR]
#   Total      Size       Bid       Ask      Size     Total
        0                                                 6 
        7         1   2001.00   1934.00        16        22
       17        10   1934.00   1936.00        25        47
       56        39   1933.00   1939.50        89       136
       70        14   1931.50   1940.00        20       156
       80        10   1931.00   1941.00         8       164
      130        50   1930.50   1942.00         4       168
      150        20   1930.00   1942.50        44       212
      200        50   1929.00   1943.50       101       313
      201         1   1928.00   1944.50        99       412
      202         1   1927.00   1945.00        20       432
      203         1   1926.50   1946.00        43       475
      209         6   1926.00   1946.50        24       499
      409       200   1925.50   1947.00        26       525
      461        52   1925.00   1948.00         1       526
      560        99   1924.50   1948.50        60       586
      660       100   1924.00   1949.50       106       692
      661         1   1923.50   1950.00       548      1240
      669         8   1922.00   1950.50         1      1241
      675         6   1921.00   1951.00        50      1291
      676         1   1920.50   1952.00        76      1367
Calculation info: Price   1934.00; Imbalance: -5; Total bids: 17, Total asks: 22; 
               Field               SERVER               TOP-20
    AuctionPrice,RUB              1934.00             1934.00
       AuctionVolume                   11                  17
       LastPrice,RUB              1934.00             1934.00
          MarketBids                    0                   0
          MarketAsks                    6                   6
         Imbalance,%                                   -29.41
        MarketBids:%                0.000               0.000
        MarketAsks:%               54.545              35.294
      TotalValue:RUB            21274.000           32878.000
  AuctionPriceDiff,%                0.000               0.000
Matched calculation!
{OPENPERIODPRICE=1960.000000, CLSTATE=0.000000, PRICEMAX=2297.500000, ENDTIME=0.000000, STEPPRICET=0.000000, PREVPRICE=1952.500000, OPTIONBASE=0.000000, starttime=184001.000000, MIN_CURR_LAST=1934.000000, ISSUESIZE=147846489.000000, STEPPRICECL=0.000000, PRICEMIN=1605.500000, PREVLOTSIZE=0.000000, MARKETPRICETODAY=0.000000, BUYBACKPRICE=0.000000, MARKETPRICE2=0.000000, CLPRICE=0.000000, PREVSETTLEPRICE=0.000000, THEORPRICE=0.000000, plannedtime=184001.000000, MARKETPRICE=1948.000000, WAPRICE=1940.500000, ICHANGE=0.000000, OFFERDEPTH=22.000000, PRIMARYDIST=0.000000, LASTVALUE=0.000000, BGONP=0.000000, NEGVALTODAY=0.000000, STARTTIME=184001.000000, LOW=1920.000000, BASEPRICE=0.000000, IOPEN=0.000000, LCURRENTPRICE=1934.500000, MONSTARTTIME=0.000000, QUOTEBASIS=0.000000, BUYBACKDATE=0.000000, LCLOSEPRICE=0.000000, NEXTCOUPON=0.000000, MONENDTIME=0.000000, HIGHVAL=0.000000, ADMITTEDQUOTE=0.000000, OFFER=1934.000000, YIELDATPREVWAPRICE=0.000000, VALTODAY=8320402.000000, SETTLEPRICE=0.000000, PCHANGE=0.000000, LOTSIZE=1.000000, LOWOFFER=1820.000000, ISPERCENT=0.000000, YIELD=0.000000, VOLTODAY=4288.000000, endtime=0.000000, MAXOUTVOLUME=0.000000, OPEN=1960.000000, CROSSRATE=0.000000, CURRENTVALUE=0.000000, NUMCONTRACTS=0.000000, PREVADMITTEDQUOT=1952.500000, COUPONVALUE=0.000000, BIDDEPTH=1.000000, LASTBID=1933.000000, DURATION=0.000000, LOWVAL=0.000000, imbalance=0.000000, HIGH=1960.000000, YIELDATWAPRICE=0.000000, STEPPRICEPRCL=0.000000, OFFERDEPTHT=5585.000000, VALUE=23208.000000, marketvolb=0.000000, PERCENTRATE=0.000000, MIN_CURR_LAST_TI=184000.000000, auctvalue=21274.000000, EXPDATE=0.000000, LASTOFFER=1934.000000, QTY=12.000000, COUPONPERIOD=0.000000, CHANGETIME=0.000000, CURSTEPPRICE=0.000000, marketvols=6.000000, SELLDEPO=0.000000, EVNSTARTTIME=0.000000, LOTSIZECHANGEDAT=0.000000, NUMTRADES=499.000000, CLOSEPRICE=0.000000, HIGHBID=2001.000000, FACEVALUE=0.000000, PRICEMVTLIMITT1=0.000000, PRICEMVTLIMIT=0.000000, LOPENPRICE=0.000000, LAST=1934.000000, BUYPROFIT=0.000000, SELLPROFIT=0.000000, VOLATILITY=0.000000, CLOSETIME=0.000000, PREVWAPRICE=1948.000000, PREVLEGALCLOSEPR=1952.500000, BUYDEPO=0.000000, TRADECHANGE=0.000000, LASTTOPREVSTLPRC=0.000000, BIDDEPTHT=2377.000000, auctvolume=11.000000, PREVDATE=20191114.000000, ACCRUEDINT=0.000000, NUMOFFERS=203.000000, CHANGE=-18.500000, STRIKE=0.000000, EVNENDTIME=0.000000, BID=2001.000000, auctnumtrades=0.000000, TRADINGSTATUS=4.000000, LASTCHANGE=-0.950000, CHNGCLOSE=0.000000, REALVMPRICE=0.000000, CLOSEYIELD=0.000000, TIME=183941.000000, MARG=0.000000, AUCTPRICE=1934.000000, STEPPRICE=0.000000, NUMBIDS=127.000000, SETTLECODE=8.000000, OPENVAL=0.000000, OPTIONTYPE=0.000000, BGOP=0.000000, NEGNUMTRADES=0.000000, PRICEMINUSPREVWAPRICE=0.000000, CHNGOPEN=0.000000}
2019-11-15T18:44:42.721288 - BANE[TQBR]
#   Total      Size       Bid       Ask      Size     Total
        0                                                 6 
        7         1   2001.00   1933.00         3         9
       17        10   1934.00   1934.00        16        25
       56        39   1933.00   1936.00        25        50
       70        14   1931.50   1939.50        89       139
       80        10   1931.00   1940.00        20       159
      130        50   1930.50   1941.00         8       167
      150        20   1930.00   1942.00         4       171
      200        50   1929.00   1942.50        44       215
      201         1   1928.00   1943.50       101       316
      202         1   1927.00   1944.50        99       415
      203         1   1926.50   1945.00        20       435
      209         6   1926.00   1946.00        43       478
      409       200   1925.50   1946.50        24       502
      461        52   1925.00   1947.00        26       528
      560        99   1924.50   1948.00         1       529
      660       100   1924.00   1948.50        60       589
      661         1   1923.50   1949.50       106       695
      669         8   1922.00   1950.00       548      1243
      675         6   1921.00   1950.50         1      1244
      676         1   1920.50   1951.00        50      1294
Calculation info: Price   1934.00; Imbalance: -8; Total bids: 17, Total asks: 25; 
               Field               SERVER               TOP-20
    AuctionPrice,RUB              1934.00             1934.00
       AuctionVolume                   11                  17
       LastPrice,RUB              1934.00             1934.00
          MarketBids                    0                   0
          MarketAsks                    6                   6
         Imbalance,%                                   -47.06
        MarketBids:%                0.000               0.000
        MarketAsks:%               54.545              35.294
      TotalValue:RUB            21274.000           32878.000
  AuctionPriceDiff,%                0.000               0.000
Matched calculation!
{OPENPERIODPRICE=1960.000000, CLSTATE=0.000000, PRICEMAX=2297.500000, ENDTIME=0.000000, STEPPRICET=0.000000, PREVPRICE=1952.500000, OPTIONBASE=0.000000, starttime=184001.000000, MIN_CURR_LAST=1934.000000, ISSUESIZE=147846489.000000, STEPPRICECL=0.000000, PRICEMIN=1605.500000, PREVLOTSIZE=0.000000, MARKETPRICETODAY=0.000000, BUYBACKPRICE=0.000000, MARKETPRICE2=0.000000, CLPRICE=0.000000, PREVSETTLEPRICE=0.000000, THEORPRICE=0.000000, plannedtime=184001.000000, MARKETPRICE=1948.000000, WAPRICE=1940.500000, ICHANGE=0.000000, OFFERDEPTH=9.000000, PRIMARYDIST=0.000000, LASTVALUE=0.000000, BGONP=0.000000, NEGVALTODAY=0.000000, STARTTIME=184001.000000, LOW=1920.000000, BASEPRICE=0.000000, IOPEN=0.000000, LCURRENTPRICE=1934.500000, MONSTARTTIME=0.000000, QUOTEBASIS=0.000000, BUYBACKDATE=0.000000, LCLOSEPRICE=0.000000, NEXTCOUPON=0.000000, MONENDTIME=0.000000, HIGHVAL=0.000000, ADMITTEDQUOTE=0.000000, OFFER=1933.000000, YIELDATPREVWAPRICE=0.000000, VALTODAY=8320402.000000, SETTLEPRICE=0.000000, PCHANGE=0.000000, LOTSIZE=1.000000, LOWOFFER=1820.000000, ISPERCENT=0.000000, YIELD=0.000000, VOLTODAY=4288.000000, endtime=0.000000, MAXOUTVOLUME=0.000000, OPEN=1960.000000, CROSSRATE=0.000000, CURRENTVALUE=0.000000, NUMCONTRACTS=0.000000, PREVADMITTEDQUOT=1952.500000, COUPONVALUE=0.000000, BIDDEPTH=1.000000, LASTBID=1933.000000, DURATION=0.000000, LOWVAL=0.000000, imbalance=0.000000, HIGH=1960.000000, YIELDATWAPRICE=0.000000, STEPPRICEPRCL=0.000000, OFFERDEPTHT=5585.000000, VALUE=23208.000000, marketvolb=0.000000, PERCENTRATE=0.000000, MIN_CURR_LAST_TI=184000.000000, auctvalue=21274.000000, EXPDATE=0.000000, LASTOFFER=1934.000000, QTY=12.000000, COUPONPERIOD=0.000000, CHANGETIME=0.000000, CURSTEPPRICE=0.000000, marketvols=6.000000, SELLDEPO=0.000000, EVNSTARTTIME=0.000000, LOTSIZECHANGEDAT=0.000000, NUMTRADES=499.000000, CLOSEPRICE=0.000000, HIGHBID=2001.000000, FACEVALUE=0.000000, PRICEMVTLIMITT1=0.000000, PRICEMVTLIMIT=0.000000, LOPENPRICE=0.000000, LAST=1934.000000, BUYPROFIT=0.000000, SELLPROFIT=0.000000, VOLATILITY=0.000000, CLOSETIME=0.000000, PREVWAPRICE=1948.000000, PREVLEGALCLOSEPR=1952.500000, BUYDEPO=0.000000, TRADECHANGE=0.000000, LASTTOPREVSTLPRC=0.000000, BIDDEPTHT=2388.000000, auctvolume=11.000000, PREVDATE=20191114.000000, ACCRUEDINT=0.000000, NUMOFFERS=203.000000, CHANGE=-18.500000, STRIKE=0.000000, EVNENDTIME=0.000000, BID=2001.000000, auctnumtrades=0.000000, TRADINGSTATUS=4.000000, LASTCHANGE=-0.950000, CHNGCLOSE=0.000000, REALVMPRICE=0.000000, CLOSEYIELD=0.000000, TIME=183941.000000, MARG=0.000000, AUCTPRICE=1934.000000, STEPPRICE=0.000000, NUMBIDS=129.000000, SETTLECODE=8.000000, OPENVAL=0.000000, OPTIONTYPE=0.000000, BGOP=0.000000, NEGNUMTRADES=0.000000, PRICEMINUSPREVWAPRICE=0.000000, CHNGOPEN=0.000000}
2019-11-15T18:45:23.590751 - BANE[TQBR]
#   Total      Size       Bid       Ask      Size     Total
        0                                                 6 
                                 1934.00        14        20
{OPENPERIODPRICE=1960.000000, CLSTATE=0.000000, PRICEMAX=2297.500000, ENDTIME=0.000000, STEPPRICET=0.000000, PREVPRICE=1952.500000, OPTIONBASE=0.000000, starttime=184001.000000, MIN_CURR_LAST=1934.000000, ISSUESIZE=147846489.000000, STEPPRICECL=0.000000, PRICEMIN=1605.500000, PREVLOTSIZE=0.000000, MARKETPRICETODAY=0.000000, BUYBACKPRICE=0.000000, MARKETPRICE2=0.000000, CLPRICE=0.000000, PREVSETTLEPRICE=0.000000, THEORPRICE=0.000000, plannedtime=184001.000000, MARKETPRICE=1948.000000, WAPRICE=1940.500000, ICHANGE=0.000000, OFFERDEPTH=14.000000, PRIMARYDIST=0.000000, LASTVALUE=0.000000, BGONP=0.000000, NEGVALTODAY=0.000000, STARTTIME=184001.000000, LOW=1920.000000, BASEPRICE=0.000000, IOPEN=0.000000, LCURRENTPRICE=1934.500000, MONSTARTTIME=0.000000, QUOTEBASIS=0.000000, BUYBACKDATE=0.000000, LCLOSEPRICE=0.000000, NEXTCOUPON=0.000000, MONENDTIME=0.000000, HIGHVAL=0.000000, ADMITTEDQUOTE=0.000000, OFFER=1934.000000, YIELDATPREVWAPRICE=0.000000, VALTODAY=8341676.000000, SETTLEPRICE=0.000000, PCHANGE=0.000000, LOTSIZE=1.000000, LOWOFFER=1820.000000, ISPERCENT=0.000000, YIELD=0.000000, VOLTODAY=4299.000000, endtime=0.000000, MAXOUTVOLUME=0.000000, OPEN=1960.000000, CROSSRATE=0.000000, CURRENTVALUE=0.000000, NUMCONTRACTS=0.000000, PREVADMITTEDQUOT=1952.500000, COUPONVALUE=0.000000, BIDDEPTH=0.000000, LASTBID=1933.000000, DURATION=0.000000, LOWVAL=0.000000, imbalance=0.000000, HIGH=1960.000000, YIELDATWAPRICE=0.000000, STEPPRICEPRCL=0.000000, OFFERDEPTHT=5588.000000, VALUE=3868.000000, marketvolb=0.000000, PERCENTRATE=0.000000, MIN_CURR_LAST_TI=184000.000000, auctvalue=21274.000000, EXPDATE=0.000000, LASTOFFER=1934.000000, QTY=2.000000, COUPONPERIOD=0.000000, CHANGETIME=0.000000, CURSTEPPRICE=0.000000, marketvols=6.000000, SELLDEPO=0.000000, EVNSTARTTIME=0.000000, LOTSIZECHANGEDAT=0.000000, NUMTRADES=503.000000, CLOSEPRICE=0.000000, HIGHBID=2001.000000, FACEVALUE=0.000000, PRICEMVTLIMITT1=0.000000, PRICEMVTLIMIT=0.000000, LOPENPRICE=0.000000, LAST=1934.000000, BUYPROFIT=0.000000, SELLPROFIT=0.000000, VOLATILITY=0.000000, CLOSETIME=0.000000, PREVWAPRICE=1948.000000, PREVLEGALCLOSEPR=1952.500000, BUYDEPO=0.000000, TRADECHANGE=0.000000, LASTTOPREVSTLPRC=0.000000, BIDDEPTHT=2388.000000, auctvolume=11.000000, PREVDATE=20191114.000000, ACCRUEDINT=0.000000, NUMOFFERS=204.000000, CHANGE=-18.500000, STRIKE=0.000000, EVNENDTIME=0.000000, BID=0.000000, auctnumtrades=0.000000, TRADINGSTATUS=5.000000, LASTCHANGE=-0.950000, CHNGCLOSE=0.000000, REALVMPRICE=0.000000, CLOSEYIELD=0.000000, TIME=184524.000000, MARG=0.000000, AUCTPRICE=1934.000000, STEPPRICE=0.000000, NUMBIDS=129.000000, SETTLECODE=8.000000, OPENVAL=0.000000, OPTIONTYPE=0.000000, BGOP=0.000000, NEGNUMTRADES=0.000000, PRICEMINUSPREVWAPRICE=0.000000, CHNGOPEN=0.000000}
2019-11-15T18:46:39.562817 - BANE[TQBR]
#   Total      Size       Bid       Ask      Size     Total
        0                                                 0 
                                 1934.00        12        12
{OPENPERIODPRICE=1960.000000, CLSTATE=0.000000, PRICEMAX=2297.500000, ENDTIME=0.000000, STEPPRICET=0.000000, PREVPRICE=1952.500000, OPTIONBASE=0.000000, starttime=184524.000000, MIN_CURR_LAST=1934.000000, ISSUESIZE=147846489.000000, STEPPRICECL=0.000000, PRICEMIN=1605.500000, PREVLOTSIZE=0.000000, MARKETPRICETODAY=0.000000, BUYBACKPRICE=0.000000, MARKETPRICE2=0.000000, CLPRICE=0.000000, PREVSETTLEPRICE=0.000000, THEORPRICE=0.000000, plannedtime=184524.000000, MARKETPRICE=1948.000000, WAPRICE=1940.500000, ICHANGE=0.000000, OFFERDEPTH=12.000000, PRIMARYDIST=0.000000, LASTVALUE=0.000000, BGONP=0.000000, NEGVALTODAY=0.000000, STARTTIME=184524.000000, LOW=1920.000000, BASEPRICE=0.000000, IOPEN=0.000000, LCURRENTPRICE=1934.000000, MONSTARTTIME=0.000000, QUOTEBASIS=0.000000, BUYBACKDATE=0.000000, LCLOSEPRICE=0.000000, NEXTCOUPON=0.000000, MONENDTIME=0.000000, HIGHVAL=0.000000, ADMITTEDQUOTE=0.000000, OFFER=1934.000000, YIELDATPREVWAPRICE=0.000000, VALTODAY=8345544.000000, SETTLEPRICE=0.000000, PCHANGE=0.000000, LOTSIZE=1.000000, LOWOFFER=1820.000000, ISPERCENT=0.000000, YIELD=0.000000, VOLTODAY=4301.000000, endtime=0.000000, MAXOUTVOLUME=0.000000, OPEN=1960.000000, CROSSRATE=0.000000, CURRENTVALUE=0.000000, NUMCONTRACTS=0.000000, PREVADMITTEDQUOT=1952.500000, COUPONVALUE=0.000000, BIDDEPTH=0.000000, LASTBID=1933.000000, DURATION=0.000000, LOWVAL=0.000000, imbalance=0.000000, HIGH=1960.000000, YIELDATWAPRICE=0.000000, STEPPRICEPRCL=0.000000, OFFERDEPTHT=14.000000, VALUE=3868.000000, marketvolb=0.000000, PERCENTRATE=0.000000, MIN_CURR_LAST_TI=184000.000000, auctvalue=3868.000000, EXPDATE=0.000000, LASTOFFER=1934.000000, QTY=2.000000, COUPONPERIOD=0.000000, CHANGETIME=0.000000, CURSTEPPRICE=0.000000, marketvols=0.000000, SELLDEPO=0.000000, EVNSTARTTIME=0.000000, LOTSIZECHANGEDAT=0.000000, NUMTRADES=504.000000, CLOSEPRICE=0.000000, HIGHBID=2001.000000, FACEVALUE=0.000000, PRICEMVTLIMITT1=0.000000, PRICEMVTLIMIT=0.000000, LOPENPRICE=0.000000, LAST=1934.000000, BUYPROFIT=0.000000, SELLPROFIT=0.000000, VOLATILITY=0.000000, CLOSETIME=0.000000, PREVWAPRICE=1948.000000, PREVLEGALCLOSEPR=1952.500000, BUYDEPO=0.000000, TRADECHANGE=0.000000, LASTTOPREVSTLPRC=0.000000, BIDDEPTHT=0.000000, auctvolume=2.000000, PREVDATE=20191114.000000, ACCRUEDINT=0.000000, NUMOFFERS=1.000000, CHANGE=-18.500000, STRIKE=0.000000, EVNENDTIME=0.000000, BID=0.000000, auctnumtrades=1.000000, TRADINGSTATUS=5.000000, LASTCHANGE=-0.950000, CHNGCLOSE=0.000000, REALVMPRICE=0.000000, CLOSEYIELD=0.000000, TIME=184634.000000, MARG=0.000000, AUCTPRICE=1934.000000, STEPPRICE=0.000000, NUMBIDS=0.000000, SETTLECODE=8.000000, OPENVAL=0.000000, OPTIONTYPE=0.000000, BGOP=0.000000, NEGNUMTRADES=0.000000, PRICEMINUSPREVWAPRICE=0.000000, CHNGOPEN=0.000000}
2019-11-15T18:47:46.082050 - BANE[TQBR]
#   Total      Size       Bid       Ask      Size     Total
        0                                                 0 
                                 1934.00         9         9
{OPENPERIODPRICE=1960.000000, CLSTATE=0.000000, PRICEMAX=2297.500000, ENDTIME=0.000000, STEPPRICET=0.000000, PREVPRICE=1952.500000, OPTIONBASE=0.000000, starttime=184524.000000, MIN_CURR_LAST=1934.000000, ISSUESIZE=147846489.000000, STEPPRICECL=0.000000, PRICEMIN=1605.500000, PREVLOTSIZE=0.000000, MARKETPRICETODAY=0.000000, BUYBACKPRICE=0.000000, MARKETPRICE2=0.000000, CLPRICE=0.000000, PREVSETTLEPRICE=0.000000, THEORPRICE=0.000000, plannedtime=184524.000000, MARKETPRICE=1948.000000, WAPRICE=1940.500000, ICHANGE=0.000000, OFFERDEPTH=9.000000, PRIMARYDIST=0.000000, LASTVALUE=0.000000, BGONP=0.000000, NEGVALTODAY=0.000000, STARTTIME=184524.000000, LOW=1920.000000, BASEPRICE=0.000000, IOPEN=0.000000, LCURRENTPRICE=1934.000000, MONSTARTTIME=0.000000, QUOTEBASIS=0.000000, BUYBACKDATE=0.000000, LCLOSEPRICE=0.000000, NEXTCOUPON=0.000000, MONENDTIME=0.000000, HIGHVAL=0.000000, ADMITTEDQUOTE=0.000000, OFFER=1934.000000, YIELDATPREVWAPRICE=0.000000, VALTODAY=8351346.000000, SETTLEPRICE=0.000000, PCHANGE=0.000000, LOTSIZE=1.000000, LOWOFFER=1820.000000, ISPERCENT=0.000000, YIELD=0.000000, VOLTODAY=4304.000000, endtime=0.000000, MAXOUTVOLUME=0.000000, OPEN=1960.000000, CROSSRATE=0.000000, CURRENTVALUE=0.000000, NUMCONTRACTS=0.000000, PREVADMITTEDQUOT=1952.500000, COUPONVALUE=0.000000, BIDDEPTH=0.000000, LASTBID=1933.000000, DURATION=0.000000, LOWVAL=0.000000, imbalance=0.000000, HIGH=1960.000000, YIELDATWAPRICE=0.000000, STEPPRICEPRCL=0.000000, OFFERDEPTHT=12.000000, VALUE=5802.000000, marketvolb=0.000000, PERCENTRATE=0.000000, MIN_CURR_LAST_TI=184000.000000, auctvalue=9670.000000, EXPDATE=0.000000, LASTOFFER=1934.000000, QTY=3.000000, COUPONPERIOD=0.000000, CHANGETIME=0.000000, CURSTEPPRICE=0.000000, marketvols=0.000000, SELLDEPO=0.000000, EVNSTARTTIME=0.000000, LOTSIZECHANGEDAT=0.000000, NUMTRADES=505.000000, CLOSEPRICE=0.000000, HIGHBID=2001.000000, FACEVALUE=0.000000, PRICEMVTLIMITT1=0.000000, PRICEMVTLIMIT=0.000000, LOPENPRICE=0.000000, LAST=1934.000000, BUYPROFIT=0.000000, SELLPROFIT=0.000000, VOLATILITY=0.000000, CLOSETIME=0.000000, PREVWAPRICE=1948.000000, PREVLEGALCLOSEPR=1952.500000, BUYDEPO=0.000000, TRADECHANGE=0.000000, LASTTOPREVSTLPRC=0.000000, BIDDEPTHT=0.000000, auctvolume=5.000000, PREVDATE=20191114.000000, ACCRUEDINT=0.000000, NUMOFFERS=1.000000, CHANGE=-18.500000, STRIKE=0.000000, EVNENDTIME=0.000000, BID=0.000000, auctnumtrades=2.000000, TRADINGSTATUS=5.000000, LASTCHANGE=-0.950000, CHNGCLOSE=0.000000, REALVMPRICE=0.000000, CLOSEYIELD=0.000000, TIME=184754.000000, MARG=0.000000, AUCTPRICE=1934.000000, STEPPRICE=0.000000, NUMBIDS=0.000000, SETTLECODE=8.000000, OPENVAL=0.000000, OPTIONTYPE=0.000000, BGOP=0.000000, NEGNUMTRADES=0.000000, PRICEMINUSPREVWAPRICE=0.000000, CHNGOPEN=0.000000}
2019-11-15T18:47:57.041478 - BANE[TQBR]
#   Total      Size       Bid       Ask      Size     Total
        0                                                 0 
                                 1934.00         8         8
{OPENPERIODPRICE=1960.000000, CLSTATE=0.000000, PRICEMAX=2297.500000, ENDTIME=0.000000, STEPPRICET=0.000000, PREVPRICE=1952.500000, OPTIONBASE=0.000000, starttime=184524.000000, MIN_CURR_LAST=1934.000000, ISSUESIZE=147846489.000000, STEPPRICECL=0.000000, PRICEMIN=1605.500000, PREVLOTSIZE=0.000000, MARKETPRICETODAY=0.000000, BUYBACKPRICE=0.000000, MARKETPRICE2=0.000000, CLPRICE=0.000000, PREVSETTLEPRICE=0.000000, THEORPRICE=0.000000, plannedtime=184524.000000, MARKETPRICE=1948.000000, WAPRICE=1940.500000, ICHANGE=0.000000, OFFERDEPTH=8.000000, PRIMARYDIST=0.000000, LASTVALUE=0.000000, BGONP=0.000000, NEGVALTODAY=0.000000, STARTTIME=184524.000000, LOW=1920.000000, BASEPRICE=0.000000, IOPEN=0.000000, LCURRENTPRICE=1934.000000, MONSTARTTIME=0.000000, QUOTEBASIS=0.000000, BUYBACKDATE=0.000000, LCLOSEPRICE=0.000000, NEXTCOUPON=0.000000, MONENDTIME=0.000000, HIGHVAL=0.000000, ADMITTEDQUOTE=0.000000, OFFER=1934.000000, YIELDATPREVWAPRICE=0.000000, VALTODAY=8353280.000000, SETTLEPRICE=0.000000, PCHANGE=0.000000, LOTSIZE=1.000000, LOWOFFER=1820.000000, ISPERCENT=0.000000, YIELD=0.000000, VOLTODAY=4305.000000, endtime=0.000000, MAXOUTVOLUME=0.000000, OPEN=1960.000000, CROSSRATE=0.000000, CURRENTVALUE=0.000000, NUMCONTRACTS=0.000000, PREVADMITTEDQUOT=1952.500000, COUPONVALUE=0.000000, BIDDEPTH=0.000000, LASTBID=1933.000000, DURATION=0.000000, LOWVAL=0.000000, imbalance=0.000000, HIGH=1960.000000, YIELDATWAPRICE=0.000000, STEPPRICEPRCL=0.000000, OFFERDEPTHT=9.000000, VALUE=1934.000000, marketvolb=0.000000, PERCENTRATE=0.000000, MIN_CURR_LAST_TI=184000.000000, auctvalue=11604.000000, EXPDATE=0.000000, LASTOFFER=1934.000000, QTY=1.000000, COUPONPERIOD=0.000000, CHANGETIME=0.000000, CURSTEPPRICE=0.000000, marketvols=0.000000, SELLDEPO=0.000000, EVNSTARTTIME=0.000000, LOTSIZECHANGEDAT=0.000000, NUMTRADES=506.000000, CLOSEPRICE=0.000000, HIGHBID=2001.000000, FACEVALUE=0.000000, PRICEMVTLIMITT1=0.000000, PRICEMVTLIMIT=0.000000, LOPENPRICE=0.000000, LAST=1934.000000, BUYPROFIT=0.000000, SELLPROFIT=0.000000, VOLATILITY=0.000000, CLOSETIME=0.000000, PREVWAPRICE=1948.000000, PREVLEGALCLOSEPR=1952.500000, BUYDEPO=0.000000, TRADECHANGE=0.000000, LASTTOPREVSTLPRC=0.000000, BIDDEPTHT=0.000000, auctvolume=6.000000, PREVDATE=20191114.000000, ACCRUEDINT=0.000000, NUMOFFERS=1.000000, CHANGE=-18.500000, STRIKE=0.000000, EVNENDTIME=0.000000, BID=0.000000, auctnumtrades=3.000000, TRADINGSTATUS=5.000000, LASTCHANGE=-0.950000, CHNGCLOSE=0.000000, REALVMPRICE=0.000000, CLOSEYIELD=0.000000, TIME=184804.000000, MARG=0.000000, AUCTPRICE=1934.000000, STEPPRICE=0.000000, NUMBIDS=0.000000, SETTLECODE=8.000000, OPENVAL=0.000000, OPTIONTYPE=0.000000, BGOP=0.000000, NEGNUMTRADES=0.000000, PRICEMINUSPREVWAPRICE=0.000000, CHNGOPEN=0.000000}
